INFO: [VRFC 10-2263] Analyzing Verilog file "C:/Users/Chris/Desktop/RiscV-NPU-DualCore/RISCV32I_ZYNQCORE/RISCV32I_ZYNQCORE.ip_user_files/bd/zynq_design/ip/zynq_design_processing_system7_0_0/sim/zynq_design_processing_system7_0_0.v" into library xil_defaultlib
INFO: [VRFC 10-311] analyzing module zynq_design_processing_system7_0_0
INFO: [VRFC 10-2263] Analyzing Verilog file "C:/Users/Chris/Desktop/RiscV-NPU-DualCore/RISCV32I_ZYNQCORE/RISCV32I_ZYNQCORE.ip_user_files/bd/zynq_design/ip/zynq_design_axi_smc_1/bd_0/sim/bd_375a.v" into library xil_defaultlib
INFO: [VRFC 10-311] analyzing module bd_375a
INFO: [VRFC 10-311] analyzing module clk_map_imp_V88RQ0
INFO: [VRFC 10-311] analyzing module i_nodes_imp_1D7VYK6
INFO: [VRFC 10-311] analyzing module m00_exit_pipeline_imp_11RSL8J
INFO: [VRFC 10-311] analyzing module m00_nodes_imp_1NYH773
INFO: [VRFC 10-311] analyzing module m01_exit_pipeline_imp_184M343
INFO: [VRFC 10-311] analyzing module m01_nodes_imp_J66H21
INFO: [VRFC 10-311] analyzing module m02_exit_pipeline_imp_1A6LS77
INFO: [VRFC 10-311] analyzing module m02_nodes_imp_FY3QPU
INFO: [VRFC 10-311] analyzing module m03_exit_pipeline_imp_1D7JGEB
INFO: [VRFC 10-311] analyzing module m03_nodes_imp_19MRKAC
INFO: [VRFC 10-311] analyzing module s00_entry_pipeline_imp_32C9KW
INFO: [VRFC 10-311] analyzing module s00_nodes_imp_8IMR2Y
INFO: [VRFC 10-311] analyzing module switchboards_imp_WJDN66
INFO: [VRFC 10-2263] Analyzing Verilog file "C:/Users/Chris/Desktop/RiscV-NPU-DualCore/RISCV32I_ZYNQCORE/RISCV32I_ZYNQCORE.ip_user_files/bd/zynq_design/ip/zynq_design_axi_smc_1/bd_0/ip/ip_0/sim/bd_375a_one_0.v" into library xil_defaultlib
INFO: [VRFC 10-311] analyzing module bd_375a_one_0
INFO: [VRFC 10-2263] Analyzing SystemVerilog file "C:/Users/Chris/Desktop/RiscV-NPU-DualCore/RISCV32I_ZYNQCORE/RISCV32I_ZYNQCORE.ip_user_files/bd/zynq_design/ip/zynq_design_axi_smc_1/bd_0/ip/ip_2/sim/bd_375a_arinsw_0.sv" into library xil_defaultlib
INFO: [VRFC 10-311] analyzing module bd_375a_arinsw_0
INFO: [VRFC 10-2263] Analyzing SystemVerilog file "C:/Users/Chris/Desktop/RiscV-NPU-DualCore/RISCV32I_ZYNQCORE/RISCV32I_ZYNQCORE.ip_user_files/bd/zynq_design/ip/zynq_design_axi_smc_1/bd_0/ip/ip_3/sim/bd_375a_rinsw_0.sv" into library xil_defaultlib
INFO: [VRFC 10-311] analyzing module bd_375a_rinsw_0
INFO: [VRFC 10-2263] Analyzing SystemVerilog file "C:/Users/Chris/Desktop/RiscV-NPU-DualCore/RISCV32I_ZYNQCORE/RISCV32I_ZYNQCORE.ip_user_files/bd/zynq_design/ip/zynq_design_axi_smc_1/bd_0/ip/ip_4/sim/bd_375a_awinsw_0.sv" into library xil_defaultlib
INFO: [VRFC 10-311] analyzing module bd_375a_awinsw_0
INFO: [VRFC 10-2263] Analyzing SystemVerilog file "C:/Users/Chris/Desktop/RiscV-NPU-DualCore/RISCV32I_ZYNQCORE/RISCV32I_ZYNQCORE.ip_user_files/bd/zynq_design/ip/zynq_design_axi_smc_1/bd_0/ip/ip_5/sim/bd_375a_winsw_0.sv" into library xil_defaultlib
INFO: [VRFC 10-311] analyzing module bd_375a_winsw_0
INFO: [VRFC 10-2263] Analyzing SystemVerilog file "C:/Users/Chris/Desktop/RiscV-NPU-DualCore/RISCV32I_ZYNQCORE/RISCV32I_ZYNQCORE.ip_user_files/bd/zynq_design/ip/zynq_design_axi_smc_1/bd_0/ip/ip_6/sim/bd_375a_binsw_0.sv" into library xil_defaultlib
INFO: [VRFC 10-311] analyzing module bd_375a_binsw_0
INFO: [VRFC 10-2263] Analyzing SystemVerilog file "C:/Users/Chris/Desktop/RiscV-NPU-DualCore/RISCV32I_ZYNQCORE/RISCV32I_ZYNQCORE.ip_user_files/bd/zynq_design/ip/zynq_design_axi_smc_1/bd_0/ip/ip_7/sim/bd_375a_aroutsw_0.sv" into library xil_defaultlib
INFO: [VRFC 10-311] analyzing module bd_375a_aroutsw_0
WARNING: [VRFC 10-8772] attribute 'X_INTERFACE_MODE' is already specified; last one will take precedence [C:/Users/Chris/Desktop/RiscV-NPU-DualCore/RISCV32I_ZYNQCORE/RISCV32I_ZYNQCORE.ip_user_files/bd/zynq_design/ip/zynq_design_axi_smc_1/bd_0/ip/ip_7/sim/bd_375a_aroutsw_0.sv:93]
WARNING: [VRFC 10-8772] attribute 'X_INTERFACE_MODE' is already specified; last one will take precedence [C:/Users/Chris/Desktop/RiscV-NPU-DualCore/RISCV32I_ZYNQCORE/RISCV32I_ZYNQCORE.ip_user_files/bd/zynq_design/ip/zynq_design_axi_smc_1/bd_0/ip/ip_7/sim/bd_375a_aroutsw_0.sv:94]
WARNING: [VRFC 10-8772] attribute 'X_INTERFACE_MODE' is already specified; last one will take precedence [C:/Users/Chris/Desktop/RiscV-NPU-DualCore/RISCV32I_ZYNQCORE/RISCV32I_ZYNQCORE.ip_user_files/bd/zynq_design/ip/zynq_design_axi_smc_1/bd_0/ip/ip_7/sim/bd_375a_aroutsw_0.sv:95]
INFO: [VRFC 10-2263] Analyzing SystemVerilog file "C:/Users/Chris/Desktop/RiscV-NPU-DualCore/RISCV32I_ZYNQCORE/RISCV32I_ZYNQCORE.ip_user_files/bd/zynq_design/ip/zynq_design_axi_smc_1/bd_0/ip/ip_8/sim/bd_375a_routsw_0.sv" into library xil_defaultlib
INFO: [VRFC 10-311] analyzing module bd_375a_routsw_0
WARNING: [VRFC 10-8772] attribute 'X_INTERFACE_MODE' is already specified; last one will take precedence [C:/Users/Chris/Desktop/RiscV-NPU-DualCore/RISCV32I_ZYNQCORE/RISCV32I_ZYNQCORE.ip_user_files/bd/zynq_design/ip/zynq_design_axi_smc_1/bd_0/ip/ip_8/sim/bd_375a_routsw_0.sv:82]
WARNING: [VRFC 10-8772] attribute 'X_INTERFACE_PARAMETER' is already specified; last one will take precedence [C:/Users/Chris/Desktop/RiscV-NPU-DualCore/RISCV32I_ZYNQCORE/RISCV32I_ZYNQCORE.ip_user_files/bd/zynq_design/ip/zynq_design_axi_smc_1/bd_0/ip/ip_8/sim/bd_375a_routsw_0.sv:83]
WARNING: [VRFC 10-8772] attribute 'X_INTERFACE_MODE' is already specified; last one will take precedence [C:/Users/Chris/Desktop/RiscV-NPU-DualCore/RISCV32I_ZYNQCORE/RISCV32I_ZYNQCORE.ip_user_files/bd/zynq_design/ip/zynq_design_axi_smc_1/bd_0/ip/ip_8/sim/bd_375a_routsw_0.sv:84]
WARNING: [VRFC 10-8772] attribute 'X_INTERFACE_PARAMETER' is already specified; last one will take precedence [C:/Users/Chris/Desktop/RiscV-NPU-DualCore/RISCV32I_ZYNQCORE/RISCV32I_ZYNQCORE.ip_user_files/bd/zynq_design/ip/zynq_design_axi_smc_1/bd_0/ip/ip_8/sim/bd_375a_routsw_0.sv:85]
WARNING: [VRFC 10-8772] attribute 'X_INTERFACE_MODE' is already specified; last one will take precedence [C:/Users/Chris/Desktop/RiscV-NPU-DualCore/RISCV32I_ZYNQCORE/RISCV32I_ZYNQCORE.ip_user_files/bd/zynq_design/ip/zynq_design_axi_smc_1/bd_0/ip/ip_8/sim/bd_375a_routsw_0.sv:86]
WARNING: [VRFC 10-8772] attribute 'X_INTERFACE_PARAMETER' is already specified; last one will take precedence [C:/Users/Chris/Desktop/RiscV-NPU-DualCore/RISCV32I_ZYNQCORE/RISCV32I_ZYNQCORE.ip_user_files/bd/zynq_design/ip/zynq_design_axi_smc_1/bd_0/ip/ip_8/sim/bd_375a_routsw_0.sv:87]
INFO: [VRFC 10-2263] Analyzing SystemVerilog file "C:/Users/Chris/Desktop/RiscV-NPU-DualCore/RISCV32I_ZYNQCORE/RISCV32I_ZYNQCORE.ip_user_files/bd/zynq_design/ip/zynq_design_axi_smc_1/bd_0/ip/ip_9/sim/bd_375a_awoutsw_0.sv" into library xil_defaultlib
INFO: [VRFC 10-311] analyzing module bd_375a_awoutsw_0
WARNING: [VRFC 10-8772] attribute 'X_INTERFACE_MODE' is already specified; last one will take precedence [C:/Users/Chris/Desktop/RiscV-NPU-DualCore/RISCV32I_ZYNQCORE/RISCV32I_ZYNQCORE.ip_user_files/bd/zynq_design/ip/zynq_design_axi_smc_1/bd_0/ip/ip_9/sim/bd_375a_awoutsw_0.sv:93]
WARNING: [VRFC 10-8772] attribute 'X_INTERFACE_MODE' is already specified; last one will take precedence [C:/Users/Chris/Desktop/RiscV-NPU-DualCore/RISCV32I_ZYNQCORE/RISCV32I_ZYNQCORE.ip_user_files/bd/zynq_design/ip/zynq_design_axi_smc_1/bd_0/ip/ip_9/sim/bd_375a_awoutsw_0.sv:94]
WARNING: [VRFC 10-8772] attribute 'X_INTERFACE_MODE' is already specified; last one will take precedence [C:/Users/Chris/Desktop/RiscV-NPU-DualCore/RISCV32I_ZYNQCORE/RISCV32I_ZYNQCORE.ip_user_files/bd/zynq_design/ip/zynq_design_axi_smc_1/bd_0/ip/ip_9/sim/bd_375a_awoutsw_0.sv:95]
INFO: [VRFC 10-2263] Analyzing SystemVerilog file "C:/Users/Chris/Desktop/RiscV-NPU-DualCore/RISCV32I_ZYNQCORE/RISCV32I_ZYNQCORE.ip_user_files/bd/zynq_design/ip/zynq_design_axi_smc_1/bd_0/ip/ip_10/sim/bd_375a_woutsw_0.sv" into library xil_defaultlib
INFO: [VRFC 10-311] analyzing module bd_375a_woutsw_0
WARNING: [VRFC 10-8772] attribute 'X_INTERFACE_MODE' is already specified; last one will take precedence [C:/Users/Chris/Desktop/RiscV-NPU-DualCore/RISCV32I_ZYNQCORE/RISCV32I_ZYNQCORE.ip_user_files/bd/zynq_design/ip/zynq_design_axi_smc_1/bd_0/ip/ip_10/sim/bd_375a_woutsw_0.sv:93]
WARNING: [VRFC 10-8772] attribute 'X_INTERFACE_MODE' is already specified; last one will take precedence [C:/Users/Chris/Desktop/RiscV-NPU-DualCore/RISCV32I_ZYNQCORE/RISCV32I_ZYNQCORE.ip_user_files/bd/zynq_design/ip/zynq_design_axi_smc_1/bd_0/ip/ip_10/sim/bd_375a_woutsw_0.sv:94]
WARNING: [VRFC 10-8772] attribute 'X_INTERFACE_MODE' is already specified; last one will take precedence [C:/Users/Chris/Desktop/RiscV-NPU-DualCore/RISCV32I_ZYNQCORE/RISCV32I_ZYNQCORE.ip_user_files/bd/zynq_design/ip/zynq_design_axi_smc_1/bd_0/ip/ip_10/sim/bd_375a_woutsw_0.sv:95]
INFO: [VRFC 10-2263] Analyzing SystemVerilog file "C:/Users/Chris/Desktop/RiscV-NPU-DualCore/RISCV32I_ZYNQCORE/RISCV32I_ZYNQCORE.ip_user_files/bd/zynq_design/ip/zynq_design_axi_smc_1/bd_0/ip/ip_11/sim/bd_375a_boutsw_0.sv" into library xil_defaultlib
INFO: [VRFC 10-311] analyzing module bd_375a_boutsw_0
WARNING: [VRFC 10-8772] attribute 'X_INTERFACE_MODE' is already specified; last one will take precedence [C:/Users/Chris/Desktop/RiscV-NPU-DualCore/RISCV32I_ZYNQCORE/RISCV32I_ZYNQCORE.ip_user_files/bd/zynq_design/ip/zynq_design_axi_smc_1/bd_0/ip/ip_11/sim/bd_375a_boutsw_0.sv:82]
WARNING: [VRFC 10-8772] attribute 'X_INTERFACE_PARAMETER' is already specified; last one will take precedence [C:/Users/Chris/Desktop/RiscV-NPU-DualCore/RISCV32I_ZYNQCORE/RISCV32I_ZYNQCORE.ip_user_files/bd/zynq_design/ip/zynq_design_axi_smc_1/bd_0/ip/ip_11/sim/bd_375a_boutsw_0.sv:83]
WARNING: [VRFC 10-8772] attribute 'X_INTERFACE_MODE' is already specified; last one will take precedence [C:/Users/Chris/Desktop/RiscV-NPU-DualCore/RISCV32I_ZYNQCORE/RISCV32I_ZYNQCORE.ip_user_files/bd/zynq_design/ip/zynq_design_axi_smc_1/bd_0/ip/ip_11/sim/bd_375a_boutsw_0.sv:84]
WARNING: [VRFC 10-8772] attribute 'X_INTERFACE_PARAMETER' is already specified; last one will take precedence [C:/Users/Chris/Desktop/RiscV-NPU-DualCore/RISCV32I_ZYNQCORE/RISCV32I_ZYNQCORE.ip_user_files/bd/zynq_design/ip/zynq_design_axi_smc_1/bd_0/ip/ip_11/sim/bd_375a_boutsw_0.sv:85]
WARNING: [VRFC 10-8772] attribute 'X_INTERFACE_MODE' is already specified; last one will take precedence [C:/Users/Chris/Desktop/RiscV-NPU-DualCore/RISCV32I_ZYNQCORE/RISCV32I_ZYNQCORE.ip_user_files/bd/zynq_design/ip/zynq_design_axi_smc_1/bd_0/ip/ip_11/sim/bd_375a_boutsw_0.sv:86]
WARNING: [VRFC 10-8772] attribute 'X_INTERFACE_PARAMETER' is already specified; last one will take precedence [C:/Users/Chris/Desktop/RiscV-NPU-DualCore/RISCV32I_ZYNQCORE/RISCV32I_ZYNQCORE.ip_user_files/bd/zynq_design/ip/zynq_design_axi_smc_1/bd_0/ip/ip_11/sim/bd_375a_boutsw_0.sv:87]
INFO: [VRFC 10-2263] Analyzing SystemVerilog file "C:/Users/Chris/Desktop/RiscV-NPU-DualCore/RISCV32I_ZYNQCORE/RISCV32I_ZYNQCORE.ip_user_files/bd/zynq_design/ip/zynq_design_axi_smc_1/bd_0/ip/ip_12/sim/bd_375a_arni_0.sv" into library xil_defaultlib
INFO: [VRFC 10-311] analyzing module bd_375a_arni_0
INFO: [VRFC 10-2263] Analyzing SystemVerilog file "C:/Users/Chris/Desktop/RiscV-NPU-DualCore/RISCV32I_ZYNQCORE/RISCV32I_ZYNQCORE.ip_user_files/bd/zynq_design/ip/zynq_design_axi_smc_1/bd_0/ip/ip_13/sim/bd_375a_rni_0.sv" into library xil_defaultlib
INFO: [VRFC 10-311] analyzing module bd_375a_rni_0
INFO: [VRFC 10-2263] Analyzing SystemVerilog file "C:/Users/Chris/Desktop/RiscV-NPU-DualCore/RISCV32I_ZYNQCORE/RISCV32I_ZYNQCORE.ip_user_files/bd/zynq_design/ip/zynq_design_axi_smc_1/bd_0/ip/ip_14/sim/bd_375a_awni_0.sv" into library xil_defaultlib
INFO: [VRFC 10-311] analyzing module bd_375a_awni_0
INFO: [VRFC 10-2263] Analyzing SystemVerilog file "C:/Users/Chris/Desktop/RiscV-NPU-DualCore/RISCV32I_ZYNQCORE/RISCV32I_ZYNQCORE.ip_user_files/bd/zynq_design/ip/zynq_design_axi_smc_1/bd_0/ip/ip_15/sim/bd_375a_wni_0.sv" into library xil_defaultlib
INFO: [VRFC 10-311] analyzing module bd_375a_wni_0
INFO: [VRFC 10-2263] Analyzing SystemVerilog file "C:/Users/Chris/Desktop/RiscV-NPU-DualCore/RISCV32I_ZYNQCORE/RISCV32I_ZYNQCORE.ip_user_files/bd/zynq_design/ip/zynq_design_axi_smc_1/bd_0/ip/ip_16/sim/bd_375a_bni_0.sv" into library xil_defaultlib
INFO: [VRFC 10-311] analyzing module bd_375a_bni_0
INFO: [VRFC 10-2263] Analyzing SystemVerilog file "C:/Users/Chris/Desktop/RiscV-NPU-DualCore/RISCV32I_ZYNQCORE/RISCV32I_ZYNQCORE.ip_user_files/bd/zynq_design/ip/zynq_design_axi_smc_1/bd_0/ip/ip_17/sim/bd_375a_s00mmu_0.sv" into library xil_defaultlib
INFO: [VRFC 10-311] analyzing module bd_375a_s00mmu_0
INFO: [VRFC 10-2263] Analyzing SystemVerilog file "C:/Users/Chris/Desktop/RiscV-NPU-DualCore/RISCV32I_ZYNQCORE/RISCV32I_ZYNQCORE.ip_user_files/bd/zynq_design/ip/zynq_design_axi_smc_1/bd_0/ip/ip_18/sim/bd_375a_s00tr_0.sv" into library xil_defaultlib
INFO: [VRFC 10-311] analyzing module bd_375a_s00tr_0
INFO: [VRFC 10-2263] Analyzing SystemVerilog file "C:/Users/Chris/Desktop/RiscV-NPU-DualCore/RISCV32I_ZYNQCORE/RISCV32I_ZYNQCORE.ip_user_files/bd/zynq_design/ip/zynq_design_axi_smc_1/bd_0/ip/ip_19/sim/bd_375a_s00sic_0.sv" into library xil_defaultlib
INFO: [VRFC 10-311] analyzing module bd_375a_s00sic_0
INFO: [VRFC 10-2263] Analyzing SystemVerilog file "C:/Users/Chris/Desktop/RiscV-NPU-DualCore/RISCV32I_ZYNQCORE/RISCV32I_ZYNQCORE.ip_user_files/bd/zynq_design/ip/zynq_design_axi_smc_1/bd_0/ip/ip_20/sim/bd_375a_s00a2s_0.sv" into library xil_defaultlib
INFO: [VRFC 10-311] analyzing module bd_375a_s00a2s_0
INFO: [VRFC 10-2263] Analyzing SystemVerilog file "C:/Users/Chris/Desktop/RiscV-NPU-DualCore/RISCV32I_ZYNQCORE/RISCV32I_ZYNQCORE.ip_user_files/bd/zynq_design/ip/zynq_design_axi_smc_1/bd_0/ip/ip_21/sim/bd_375a_sarn_0.sv" into library xil_defaultlib
INFO: [VRFC 10-311] analyzing module bd_375a_sarn_0
INFO: [VRFC 10-2263] Analyzing SystemVerilog file "C:/Users/Chris/Desktop/RiscV-NPU-DualCore/RISCV32I_ZYNQCORE/RISCV32I_ZYNQCORE.ip_user_files/bd/zynq_design/ip/zynq_design_axi_smc_1/bd_0/ip/ip_22/sim/bd_375a_srn_0.sv" into library xil_defaultlib
INFO: [VRFC 10-311] analyzing module bd_375a_srn_0
INFO: [VRFC 10-2263] Analyzing SystemVerilog file "C:/Users/Chris/Desktop/RiscV-NPU-DualCore/RISCV32I_ZYNQCORE/RISCV32I_ZYNQCORE.ip_user_files/bd/zynq_design/ip/zynq_design_axi_smc_1/bd_0/ip/ip_23/sim/bd_375a_sawn_0.sv" into library xil_defaultlib
INFO: [VRFC 10-311] analyzing module bd_375a_sawn_0
INFO: [VRFC 10-2263] Analyzing SystemVerilog file "C:/Users/Chris/Desktop/RiscV-NPU-DualCore/RISCV32I_ZYNQCORE/RISCV32I_ZYNQCORE.ip_user_files/bd/zynq_design/ip/zynq_design_axi_smc_1/bd_0/ip/ip_24/sim/bd_375a_swn_0.sv" into library xil_defaultlib
INFO: [VRFC 10-311] analyzing module bd_375a_swn_0
INFO: [VRFC 10-2263] Analyzing SystemVerilog file "C:/Users/Chris/Desktop/RiscV-NPU-DualCore/RISCV32I_ZYNQCORE/RISCV32I_ZYNQCORE.ip_user_files/bd/zynq_design/ip/zynq_design_axi_smc_1/bd_0/ip/ip_25/sim/bd_375a_sbn_0.sv" into library xil_defaultlib
INFO: [VRFC 10-311] analyzing module bd_375a_sbn_0
INFO: [VRFC 10-2263] Analyzing SystemVerilog file "C:/Users/Chris/Desktop/RiscV-NPU-DualCore/RISCV32I_ZYNQCORE/RISCV32I_ZYNQCORE.ip_user_files/bd/zynq_design/ip/zynq_design_axi_smc_1/bd_0/ip/ip_26/sim/bd_375a_m00s2a_0.sv" into library xil_defaultlib
INFO: [VRFC 10-311] analyzing module bd_375a_m00s2a_0
INFO: [VRFC 10-2263] Analyzing SystemVerilog file "C:/Users/Chris/Desktop/RiscV-NPU-DualCore/RISCV32I_ZYNQCORE/RISCV32I_ZYNQCORE.ip_user_files/bd/zynq_design/ip/zynq_design_axi_smc_1/bd_0/ip/ip_27/sim/bd_375a_m00arn_0.sv" into library xil_defaultlib
INFO: [VRFC 10-311] analyzing module bd_375a_m00arn_0
INFO: [VRFC 10-2263] Analyzing SystemVerilog file "C:/Users/Chris/Desktop/RiscV-NPU-DualCore/RISCV32I_ZYNQCORE/RISCV32I_ZYNQCORE.ip_user_files/bd/zynq_design/ip/zynq_design_axi_smc_1/bd_0/ip/ip_28/sim/bd_375a_m00rn_0.sv" into library xil_defaultlib
INFO: [VRFC 10-311] analyzing module bd_375a_m00rn_0
INFO: [VRFC 10-2263] Analyzing SystemVerilog file "C:/Users/Chris/Desktop/RiscV-NPU-DualCore/RISCV32I_ZYNQCORE/RISCV32I_ZYNQCORE.ip_user_files/bd/zynq_design/ip/zynq_design_axi_smc_1/bd_0/ip/ip_29/sim/bd_375a_m00awn_0.sv" into library xil_defaultlib
INFO: [VRFC 10-311] analyzing module bd_375a_m00awn_0
INFO: [VRFC 10-2263] Analyzing SystemVerilog file "C:/Users/Chris/Desktop/RiscV-NPU-DualCore/RISCV32I_ZYNQCORE/RISCV32I_ZYNQCORE.ip_user_files/bd/zynq_design/ip/zynq_design_axi_smc_1/bd_0/ip/ip_30/sim/bd_375a_m00wn_0.sv" into library xil_defaultlib
INFO: [VRFC 10-311] analyzing module bd_375a_m00wn_0
INFO: [VRFC 10-2263] Analyzing SystemVerilog file "C:/Users/Chris/Desktop/RiscV-NPU-DualCore/RISCV32I_ZYNQCORE/RISCV32I_ZYNQCORE.ip_user_files/bd/zynq_design/ip/zynq_design_axi_smc_1/bd_0/ip/ip_31/sim/bd_375a_m00bn_0.sv" into library xil_defaultlib
INFO: [VRFC 10-311] analyzing module bd_375a_m00bn_0
INFO: [VRFC 10-2263] Analyzing SystemVerilog file "C:/Users/Chris/Desktop/RiscV-NPU-DualCore/RISCV32I_ZYNQCORE/RISCV32I_ZYNQCORE.ip_user_files/bd/zynq_design/ip/zynq_design_axi_smc_1/bd_0/ip/ip_32/sim/bd_375a_m00e_0.sv" into library xil_defaultlib
INFO: [VRFC 10-311] analyzing module bd_375a_m00e_0
INFO: [VRFC 10-2263] Analyzing SystemVerilog file "C:/Users/Chris/Desktop/RiscV-NPU-DualCore/RISCV32I_ZYNQCORE/RISCV32I_ZYNQCORE.ip_user_files/bd/zynq_design/ip/zynq_design_axi_smc_1/bd_0/ip/ip_33/sim/bd_375a_m01s2a_0.sv" into library xil_defaultlib
INFO: [VRFC 10-311] analyzing module bd_375a_m01s2a_0
INFO: [VRFC 10-2263] Analyzing SystemVerilog file "C:/Users/Chris/Desktop/RiscV-NPU-DualCore/RISCV32I_ZYNQCORE/RISCV32I_ZYNQCORE.ip_user_files/bd/zynq_design/ip/zynq_design_axi_smc_1/bd_0/ip/ip_34/sim/bd_375a_m01arn_0.sv" into library xil_defaultlib
INFO: [VRFC 10-311] analyzing module bd_375a_m01arn_0
INFO: [VRFC 10-2263] Analyzing SystemVerilog file "C:/Users/Chris/Desktop/RiscV-NPU-DualCore/RISCV32I_ZYNQCORE/RISCV32I_ZYNQCORE.ip_user_files/bd/zynq_design/ip/zynq_design_axi_smc_1/bd_0/ip/ip_35/sim/bd_375a_m01rn_0.sv" into library xil_defaultlib
INFO: [VRFC 10-311] analyzing module bd_375a_m01rn_0
INFO: [VRFC 10-2263] Analyzing SystemVerilog file "C:/Users/Chris/Desktop/RiscV-NPU-DualCore/RISCV32I_ZYNQCORE/RISCV32I_ZYNQCORE.ip_user_files/bd/zynq_design/ip/zynq_design_axi_smc_1/bd_0/ip/ip_36/sim/bd_375a_m01e_0.sv" into library xil_defaultlib
INFO: [VRFC 10-311] analyzing module bd_375a_m01e_0
INFO: [VRFC 10-2263] Analyzing SystemVerilog file "C:/Users/Chris/Desktop/RiscV-NPU-DualCore/RISCV32I_ZYNQCORE/RISCV32I_ZYNQCORE.ip_user_files/bd/zynq_design/ip/zynq_design_axi_smc_1/bd_0/ip/ip_37/sim/bd_375a_m02s2a_0.sv" into library xil_defaultlib
INFO: [VRFC 10-311] analyzing module bd_375a_m02s2a_0
INFO: [VRFC 10-2263] Analyzing SystemVerilog file "C:/Users/Chris/Desktop/RiscV-NPU-DualCore/RISCV32I_ZYNQCORE/RISCV32I_ZYNQCORE.ip_user_files/bd/zynq_design/ip/zynq_design_axi_smc_1/bd_0/ip/ip_38/sim/bd_375a_m02arn_0.sv" into library xil_defaultlib
INFO: [VRFC 10-311] analyzing module bd_375a_m02arn_0
INFO: [VRFC 10-2263] Analyzing SystemVerilog file "C:/Users/Chris/Desktop/RiscV-NPU-DualCore/RISCV32I_ZYNQCORE/RISCV32I_ZYNQCORE.ip_user_files/bd/zynq_design/ip/zynq_design_axi_smc_1/bd_0/ip/ip_39/sim/bd_375a_m02rn_0.sv" into library xil_defaultlib
INFO: [VRFC 10-311] analyzing module bd_375a_m02rn_0
INFO: [VRFC 10-2263] Analyzing SystemVerilog file "C:/Users/Chris/Desktop/RiscV-NPU-DualCore/RISCV32I_ZYNQCORE/RISCV32I_ZYNQCORE.ip_user_files/bd/zynq_design/ip/zynq_design_axi_smc_1/bd_0/ip/ip_40/sim/bd_375a_m02awn_0.sv" into library xil_defaultlib
INFO: [VRFC 10-311] analyzing module bd_375a_m02awn_0
INFO: [VRFC 10-2263] Analyzing SystemVerilog file "C:/Users/Chris/Desktop/RiscV-NPU-DualCore/RISCV32I_ZYNQCORE/RISCV32I_ZYNQCORE.ip_user_files/bd/zynq_design/ip/zynq_design_axi_smc_1/bd_0/ip/ip_41/sim/bd_375a_m02wn_0.sv" into library xil_defaultlib
INFO: [VRFC 10-311] analyzing module bd_375a_m02wn_0
INFO: [VRFC 10-2263] Analyzing SystemVerilog file "C:/Users/Chris/Desktop/RiscV-NPU-DualCore/RISCV32I_ZYNQCORE/RISCV32I_ZYNQCORE.ip_user_files/bd/zynq_design/ip/zynq_design_axi_smc_1/bd_0/ip/ip_42/sim/bd_375a_m02bn_0.sv" into library xil_defaultlib
INFO: [VRFC 10-311] analyzing module bd_375a_m02bn_0
INFO: [VRFC 10-2263] Analyzing SystemVerilog file "C:/Users/Chris/Desktop/RiscV-NPU-DualCore/RISCV32I_ZYNQCORE/RISCV32I_ZYNQCORE.ip_user_files/bd/zynq_design/ip/zynq_design_axi_smc_1/bd_0/ip/ip_43/sim/bd_375a_m02e_0.sv" into library xil_defaultlib
INFO: [VRFC 10-311] analyzing module bd_375a_m02e_0
INFO: [VRFC 10-2263] Analyzing SystemVerilog file "C:/Users/Chris/Desktop/RiscV-NPU-DualCore/RISCV32I_ZYNQCORE/RISCV32I_ZYNQCORE.ip_user_files/bd/zynq_design/ip/zynq_design_axi_smc_1/bd_0/ip/ip_44/sim/bd_375a_m03s2a_0.sv" into library xil_defaultlib
INFO: [VRFC 10-311] analyzing module bd_375a_m03s2a_0
INFO: [VRFC 10-2263] Analyzing SystemVerilog file "C:/Users/Chris/Desktop/RiscV-NPU-DualCore/RISCV32I_ZYNQCORE/RISCV32I_ZYNQCORE.ip_user_files/bd/zynq_design/ip/zynq_design_axi_smc_1/bd_0/ip/ip_45/sim/bd_375a_m03arn_0.sv" into library xil_defaultlib
INFO: [VRFC 10-311] analyzing module bd_375a_m03arn_0
INFO: [VRFC 10-2263] Analyzing SystemVerilog file "C:/Users/Chris/Desktop/RiscV-NPU-DualCore/RISCV32I_ZYNQCORE/RISCV32I_ZYNQCORE.ip_user_files/bd/zynq_design/ip/zynq_design_axi_smc_1/bd_0/ip/ip_46/sim/bd_375a_m03rn_0.sv" into library xil_defaultlib
INFO: [VRFC 10-311] analyzing module bd_375a_m03rn_0
INFO: [VRFC 10-2263] Analyzing SystemVerilog file "C:/Users/Chris/Desktop/RiscV-NPU-DualCore/RISCV32I_ZYNQCORE/RISCV32I_ZYNQCORE.ip_user_files/bd/zynq_design/ip/zynq_design_axi_smc_1/bd_0/ip/ip_47/sim/bd_375a_m03awn_0.sv" into library xil_defaultlib
INFO: [VRFC 10-311] analyzing module bd_375a_m03awn_0
INFO: [VRFC 10-2263] Analyzing SystemVerilog file "C:/Users/Chris/Desktop/RiscV-NPU-DualCore/RISCV32I_ZYNQCORE/RISCV32I_ZYNQCORE.ip_user_files/bd/zynq_design/ip/zynq_design_axi_smc_1/bd_0/ip/ip_48/sim/bd_375a_m03wn_0.sv" into library xil_defaultlib
INFO: [VRFC 10-311] analyzing module bd_375a_m03wn_0
INFO: [VRFC 10-2263] Analyzing SystemVerilog file "C:/Users/Chris/Desktop/RiscV-NPU-DualCore/RISCV32I_ZYNQCORE/RISCV32I_ZYNQCORE.ip_user_files/bd/zynq_design/ip/zynq_design_axi_smc_1/bd_0/ip/ip_49/sim/bd_375a_m03bn_0.sv" into library xil_defaultlib
INFO: [VRFC 10-311] analyzing module bd_375a_m03bn_0
INFO: [VRFC 10-2263] Analyzing SystemVerilog file "C:/Users/Chris/Desktop/RiscV-NPU-DualCore/RISCV32I_ZYNQCORE/RISCV32I_ZYNQCORE.ip_user_files/bd/zynq_design/ip/zynq_design_axi_smc_1/bd_0/ip/ip_50/sim/bd_375a_m03e_0.sv" into library xil_defaultlib
INFO: [VRFC 10-311] analyzing module bd_375a_m03e_0
INFO: [VRFC 10-163] Analyzing VHDL file "C:/Users/Chris/Desktop/RiscV-NPU-DualCore/RISCV32I_ZYNQCORE/RISCV32I_ZYNQCORE.ip_user_files/bd/zynq_design/ipshared/7ac2/hdl/registerIP.vhd" into library xil_defaultlib
INFO: [VRFC 10-3107] analyzing entity 'registerIP'
INFO: [VRFC 10-163] Analyzing VHDL file "C:/Users/Chris/Desktop/RiscV-NPU-DualCore/RISCV32I_ZYNQCORE/RISCV32I_ZYNQCORE.ip_user_files/bd/zynq_design/ip/zynq_design_registerIP_0_0/sim/zynq_design_registerIP_0_0.vhd" into library xil_defaultlib
INFO: [VRFC 10-3107] analyzing entity 'zynq_design_registerIP_0_0'
INFO: [VRFC 10-163] Analyzing VHDL file "C:/Users/Chris/Desktop/RiscV-NPU-DualCore/RISCV32I_ZYNQCORE/RISCV32I_ZYNQCORE.ip_user_files/bd/zynq_design/ip/zynq_design_axi_smc_1/bd_0/ip/ip_1/sim/bd_375a_psr_aclk_0.vhd" into library xil_defaultlib
INFO: [VRFC 10-3107] analyzing entity 'bd_375a_psr_aclk_0'
INFO: [VRFC 10-163] Analyzing VHDL file "C:/Users/Chris/Desktop/RiscV-NPU-DualCore/RISCV32I_ZYNQCORE/RISCV32I_ZYNQCORE.ip_user_files/bd/zynq_design/sim/zynq_design.vhd" into library xil_defaultlib
INFO: [VRFC 10-3107] analyzing entity 'zynq_design'
INFO: [VRFC 10-163] Analyzing VHDL file "C:/Users/Chris/Desktop/RiscV-NPU-DualCore/RISCV32I_ZYNQCORE/RISCV32I_ZYNQCORE.gen/sources_1/bd/zynq_design/hdl/zynq_design_wrapper.vhd" into library xil_defaultlib
INFO: [VRFC 10-3107] analyzing entity 'zynq_design_wrapper'
