Time resolution is 1 ps
XilinxAXIVIP: Found at Path: tb.dut.zynq_design_i.processing_system7_0.inst.M_AXI_GP0.master
[0] : *ZYNQ_VIP_INFO : M_AXI_GP0 : Port is ENABLED.
XilinxAXIVIP: Found at Path: tb.dut.zynq_design_i.processing_system7_0.inst.M_AXI_GP1.master
[0] : *ZYNQ_VIP_INFO : M_AXI_GP1 : Port is DISABLED.
XilinxAXIVIP: Found at Path: tb.dut.zynq_design_i.processing_system7_0.inst.S_AXI_GP0.slave
[0] : *ZYNQ_VIP_INFO : S_AXI_GP0 : Port is DISABLED.
XilinxAXIVIP: Found at Path: tb.dut.zynq_design_i.processing_system7_0.inst.S_AXI_GP1.slave
[0] : *ZYNQ_VIP_INFO : S_AXI_GP1 : Port is DISABLED.
XilinxAXIVIP: Found at Path: tb.dut.zynq_design_i.processing_system7_0.inst.S_AXI_HP0.slave
[0] : *ZYNQ_VIP_INFO : S_AXI_HP0 : Port is DISABLED.
                   0 BEFORE checking line ...... x
                   0 AFTER checking line ...... x
XilinxAXIVIP: Found at Path: tb.dut.zynq_design_i.processing_system7_0.inst.S_AXI_HP1.slave
[0] : *ZYNQ_VIP_INFO : S_AXI_HP1 : Port is DISABLED.
                   0 BEFORE checking line ...... x
                   0 AFTER checking line ...... x
XilinxAXIVIP: Found at Path: tb.dut.zynq_design_i.processing_system7_0.inst.S_AXI_HP2.slave
[0] : *ZYNQ_VIP_INFO : S_AXI_HP2 : Port is DISABLED.
                   0 BEFORE checking line ...... x
                   0 AFTER checking line ...... x
XilinxAXIVIP: Found at Path: tb.dut.zynq_design_i.processing_system7_0.inst.S_AXI_HP3.slave
[0] : *ZYNQ_VIP_INFO : S_AXI_HP3 : Port is DISABLED.
                   0 BEFORE checking line ...... x
                   0 AFTER checking line ...... x
XilinxAXIVIP: Found at Path: tb.dut.zynq_design_i.processing_system7_0.inst.S_AXI_ACP.slave
[0] : *ZYNQ_VIP_INFO : S_AXI_ACP : Port is DISABLED.
[0] : *ZYNQ_VIP_INFO : Setting Debug Level Info as 1
Starting Instruction Memory Test
                   0 else checking line ......x
WARNING: 50 ns tb.dut.zynq_design_i.processing_system7_0.inst.M_AXI_GP0.master.IF : ARESET_N can't be X/Z after 1 cycle of clock. To downgrade, use <hierarchy_path to VIP>.IF.set_enable_xchecks_to_warn(), or filter using clr_enable_xchecks.
[195] : *ZYNQ_VIP_INFO : FPGA Soft Reset called for 0x1
[195] : *ZYNQ_VIP_INFO : FPGA Soft Reset called for 0x0
Toggling ON hold enable signal...RISCV CORE DISABLED, start has not been asserted yet.
[195] : M_AXI_GP0 : *ZYNQ_VIP_INFO : Starting Address(0x43c00004) -> AXI Write -> 4 bytes
wr_id called with wr_size cdc 
                 195ID1 in strb task is 973
[11750] : M_AXI_GP0 : *ZYNQ_VIP_INFO : Done AXI Write for Starting Address(0x43c00004) with Response 'OKAY'
HOLD enabled
[12045] : M_AXI_GP0 : *ZYNQ_VIP_INFO : Starting Address(0x43c00000) -> AXI Write -> 4 bytes
wr_id called with wr_size e67 
               12045ID1 in strb task is 5dd
[14050] : M_AXI_GP0 : *ZYNQ_VIP_INFO : Done AXI Write for Starting Address(0x43c00000) with Response 'OKAY'
Reset asserted
[14145] : M_AXI_GP0 : *ZYNQ_VIP_INFO : Starting Address(0x43c00000) -> AXI Write -> 4 bytes
wr_id called with wr_size ab5 
               14145ID1 in strb task is 2fb
[17150] : M_AXI_GP0 : *ZYNQ_VIP_INFO : Done AXI Write for Starting Address(0x43c00000) with Response 'OKAY'
Reset de-asserted
Writing instruction data to instruction memory...
[17245] : M_AXI_GP0 : *ZYNQ_VIP_INFO : Starting Address(0x43c20000) -> AXI Write -> 4 bytes
wr_id called with wr_size c0f 
               17245ID1 in strb task is 542
[18550] : M_AXI_GP0 : *ZYNQ_VIP_INFO : Done AXI Write for Starting Address(0x43c20000) with Response 'OKAY'
Wrote 0xff010113 to address: 43c20000
[18595] : M_AXI_GP0 : *ZYNQ_VIP_INFO : Starting Address(0x43c20004) -> AXI Write -> 4 bytes
wr_id called with wr_size c65 
               18595ID1 in strb task is 8d2
[19950] : M_AXI_GP0 : *ZYNQ_VIP_INFO : Done AXI Write for Starting Address(0x43c20004) with Response 'OKAY'
Wrote 0x00112623 to address: 43c20004
[19995] : M_AXI_GP0 : *ZYNQ_VIP_INFO : Starting Address(0x43c20008) -> AXI Write -> 4 bytes
wr_id called with wr_size 5ff 
               19995ID1 in strb task is e43
[22450] : M_AXI_GP0 : *ZYNQ_VIP_INFO : Done AXI Write for Starting Address(0x43c20008) with Response 'OKAY'
Wrote 0x00000097 to address: 43c20008
[22495] : M_AXI_GP0 : *ZYNQ_VIP_INFO : Starting Address(0x43c2000c) -> AXI Write -> 4 bytes
wr_id called with wr_size 8eb 
               22495ID1 in strb task is 12e
[25550] : M_AXI_GP0 : *ZYNQ_VIP_INFO : Done AXI Write for Starting Address(0x43c2000c) with Response 'OKAY'
Wrote 0x020080e7 to address: 43c2000c
[25595] : M_AXI_GP0 : *ZYNQ_VIP_INFO : Starting Address(0x43c20010) -> AXI Write -> 4 bytes
wr_id called with wr_size 2f1 
               25595ID1 in strb task is d3b
[27650] : M_AXI_GP0 : *ZYNQ_VIP_INFO : Done AXI Write for Starting Address(0x43c20010) with Response 'OKAY'
Wrote 0x00000097 to address: 43c20010
[27695] : M_AXI_GP0 : *ZYNQ_VIP_INFO : Starting Address(0x43c20014) -> AXI Write -> 4 bytes
wr_id called with wr_size 466 
               27695ID1 in strb task is c04
[29050] : M_AXI_GP0 : *ZYNQ_VIP_INFO : Done AXI Write for Starting Address(0x43c20014) with Response 'OKAY'
Wrote 0x050080e7 to address: 43c20014
[29095] : M_AXI_GP0 : *ZYNQ_VIP_INFO : Starting Address(0x43c20018) -> AXI Write -> 4 bytes
wr_id called with wr_size 3a0 
               29095ID1 in strb task is 9f5
[31250] : M_AXI_GP0 : *ZYNQ_VIP_INFO : Done AXI Write for Starting Address(0x43c20018) with Response 'OKAY'
Wrote 0x00000013 to address: 43c20018
[31295] : M_AXI_GP0 : *ZYNQ_VIP_INFO : Starting Address(0x43c2001c) -> AXI Write -> 4 bytes
wr_id called with wr_size f00 
               31295ID1 in strb task is cbd
[33950] : M_AXI_GP0 : *ZYNQ_VIP_INFO : Done AXI Write for Starting Address(0x43c2001c) with Response 'OKAY'
Wrote 0x00c12083 to address: 43c2001c
[33995] : M_AXI_GP0 : *ZYNQ_VIP_INFO : Starting Address(0x43c20020) -> AXI Write -> 4 bytes
wr_id called with wr_size cb 
               33995ID1 in strb task is 982
[35650] : M_AXI_GP0 : *ZYNQ_VIP_INFO : Done AXI Write for Starting Address(0x43c20020) with Response 'OKAY'
Wrote 0x01010113 to address: 43c20020
[35695] : M_AXI_GP0 : *ZYNQ_VIP_INFO : Starting Address(0x43c20024) -> AXI Write -> 4 bytes
wr_id called with wr_size 99f 
               35695ID1 in strb task is 717
[37450] : M_AXI_GP0 : *ZYNQ_VIP_INFO : Done AXI Write for Starting Address(0x43c20024) with Response 'OKAY'
Wrote 0x00008067 to address: 43c20024
[37495] : M_AXI_GP0 : *ZYNQ_VIP_INFO : Starting Address(0x43c20028) -> AXI Write -> 4 bytes
wr_id called with wr_size 7eb 
               37495ID1 in strb task is 2b0
[40250] : M_AXI_GP0 : *ZYNQ_VIP_INFO : Done AXI Write for Starting Address(0x43c20028) with Response 'OKAY'
Wrote 0xff010113 to address: 43c20028
[40295] : M_AXI_GP0 : *ZYNQ_VIP_INFO : Starting Address(0x43c2002c) -> AXI Write -> 4 bytes
wr_id called with wr_size 3bc 
               40295ID1 in strb task is ecd
[43150] : M_AXI_GP0 : *ZYNQ_VIP_INFO : Done AXI Write for Starting Address(0x43c2002c) with Response 'OKAY'
Wrote 0x00500793 to address: 43c2002c
[43195] : M_AXI_GP0 : *ZYNQ_VIP_INFO : Starting Address(0x43c20030) -> AXI Write -> 4 bytes
wr_id called with wr_size e05 
               43195ID1 in strb task is 943
[46250] : M_AXI_GP0 : *ZYNQ_VIP_INFO : Done AXI Write for Starting Address(0x43c20030) with Response 'OKAY'
Wrote 0x00f12623 to address: 43c20030
[46295] : M_AXI_GP0 : *ZYNQ_VIP_INFO : Starting Address(0x43c20034) -> AXI Write -> 4 bytes
wr_id called with wr_size b8c 
               46295ID1 in strb task is 460
[49350] : M_AXI_GP0 : *ZYNQ_VIP_INFO : Done AXI Write for Starting Address(0x43c20034) with Response 'OKAY'
Wrote 0x00300793 to address: 43c20034
[49395] : M_AXI_GP0 : *ZYNQ_VIP_INFO : Starting Address(0x43c20038) -> AXI Write -> 4 bytes
wr_id called with wr_size 2bc 
               49395ID1 in strb task is e1c
[52150] : M_AXI_GP0 : *ZYNQ_VIP_INFO : Done AXI Write for Starting Address(0x43c20038) with Response 'OKAY'
Wrote 0x00f12423 to address: 43c20038
[52195] : M_AXI_GP0 : *ZYNQ_VIP_INFO : Starting Address(0x43c2003c) -> AXI Write -> 4 bytes
wr_id called with wr_size ed1 
               52195ID1 in strb task is 437
[54550] : M_AXI_GP0 : *ZYNQ_VIP_INFO : Done AXI Write for Starting Address(0x43c2003c) with Response 'OKAY'
Wrote 0x00012223 to address: 43c2003c
[54595] : M_AXI_GP0 : *ZYNQ_VIP_INFO : Starting Address(0x43c20040) -> AXI Write -> 4 bytes
wr_id called with wr_size 52b 
               54595ID1 in strb task is 40e
[57450] : M_AXI_GP0 : *ZYNQ_VIP_INFO : Done AXI Write for Starting Address(0x43c20040) with Response 'OKAY'
Wrote 0x00c12703 to address: 43c20040
[57495] : M_AXI_GP0 : *ZYNQ_VIP_INFO : Starting Address(0x43c20044) -> AXI Write -> 4 bytes
wr_id called with wr_size aa8 
               57495ID1 in strb task is 935
[58750] : M_AXI_GP0 : *ZYNQ_VIP_INFO : Done AXI Write for Starting Address(0x43c20044) with Response 'OKAY'
Wrote 0x00812783 to address: 43c20044
[58795] : M_AXI_GP0 : *ZYNQ_VIP_INFO : Starting Address(0x43c20048) -> AXI Write -> 4 bytes
wr_id called with wr_size 28d 
               58795ID1 in strb task is 653
[61650] : M_AXI_GP0 : *ZYNQ_VIP_INFO : Done AXI Write for Starting Address(0x43c20048) with Response 'OKAY'
Wrote 0x00f707b3 to address: 43c20048
[61695] : M_AXI_GP0 : *ZYNQ_VIP_INFO : Starting Address(0x43c2004c) -> AXI Write -> 4 bytes
wr_id called with wr_size 331 
               61695ID1 in strb task is d61
[63350] : M_AXI_GP0 : *ZYNQ_VIP_INFO : Done AXI Write for Starting Address(0x43c2004c) with Response 'OKAY'
Wrote 0x00f12223 to address: 43c2004c
[63395] : M_AXI_GP0 : *ZYNQ_VIP_INFO : Starting Address(0x43c20050) -> AXI Write -> 4 bytes
wr_id called with wr_size 634 
               63395ID1 in strb task is b21
[64850] : M_AXI_GP0 : *ZYNQ_VIP_INFO : Done AXI Write for Starting Address(0x43c20050) with Response 'OKAY'
Wrote 0x00412783 to address: 43c20050
[64895] : M_AXI_GP0 : *ZYNQ_VIP_INFO : Starting Address(0x43c20054) -> AXI Write -> 4 bytes
wr_id called with wr_size 54a 
               64895ID1 in strb task is 4ca
[67550] : M_AXI_GP0 : *ZYNQ_VIP_INFO : Done AXI Write for Starting Address(0x43c20054) with Response 'OKAY'
Wrote 0x00078513 to address: 43c20054
[67595] : M_AXI_GP0 : *ZYNQ_VIP_INFO : Starting Address(0x43c20058) -> AXI Write -> 4 bytes
wr_id called with wr_size 202 
               67595ID1 in strb task is f54
[69650] : M_AXI_GP0 : *ZYNQ_VIP_INFO : Done AXI Write for Starting Address(0x43c20058) with Response 'OKAY'
Wrote 0x01010113 to address: 43c20058
[69695] : M_AXI_GP0 : *ZYNQ_VIP_INFO : Starting Address(0x43c2005c) -> AXI Write -> 4 bytes
wr_id called with wr_size b5f 
               69695ID1 in strb task is e35
[71050] : M_AXI_GP0 : *ZYNQ_VIP_INFO : Done AXI Write for Starting Address(0x43c2005c) with Response 'OKAY'
Wrote 0x00008067 to address: 43c2005c
[71095] : M_AXI_GP0 : *ZYNQ_VIP_INFO : Starting Address(0x43c20060) -> AXI Write -> 4 bytes
wr_id called with wr_size ff2 
               71095ID1 in strb task is cc3
[74050] : M_AXI_GP0 : *ZYNQ_VIP_INFO : Done AXI Write for Starting Address(0x43c20060) with Response 'OKAY'
Wrote 0x0000006f to address: 43c20060
Reading back instruction memory...
Toggling OFF hold enable signal...
[74145] : M_AXI_GP0 : *ZYNQ_VIP_INFO : Starting Address(0x43c00004) -> AXI Write -> 4 bytes
wr_id called with wr_size 48f 
               74145ID1 in strb task is 688
[75350] : M_AXI_GP0 : *ZYNQ_VIP_INFO : Done AXI Write for Starting Address(0x43c00004) with Response 'OKAY'
Toggling ON START enable signal...RISCV CORE will now run.
[75350] : M_AXI_GP0 : *ZYNQ_VIP_INFO : Starting Address(0x43c00008) -> AXI Write -> 4 bytes
wr_id called with wr_size e90 
               75350ID1 in strb task is 380
Stopped at time : 77250 ns : File "C:/Users/Chris/Desktop/RiscV-NPU-DualCore/RISCV32I_ZYNQCORE/RISCV32I_ZYNQCORE.srcs/sources_1/imports/src/program_counter.vhd" Line 28
Stopped at time : 77350 ns : File "C:/Users/Chris/Desktop/RiscV-NPU-DualCore/RISCV32I_ZYNQCORE/RISCV32I_ZYNQCORE.srcs/sources_1/imports/src/program_counter.vhd" Line 28
Stopped at time : 77750 ns : File "C:/Users/Chris/Desktop/RiscV-NPU-DualCore/RISCV32I_ZYNQCORE/RISCV32I_ZYNQCORE.ip_user_files/bd/zynq_design/ipshared/339a/hdl/datamemIP.vhd" Line 63
Stopped at time : 77750 ns : File "C:/Users/Chris/Desktop/RiscV-NPU-DualCore/RISCV32I_ZYNQCORE/RISCV32I_ZYNQCORE.ip_user_files/bd/zynq_design/ipshared/7ac2/hdl/registerIP.vhd" Line 120
Stopped at time : 77950 ns : File "C:/Users/Chris/Desktop/RiscV-NPU-DualCore/RISCV32I_ZYNQCORE/RISCV32I_ZYNQCORE.ip_user_files/bd/zynq_design/ipshared/7ac2/hdl/registerIP.vhd" Line 120
[78050] : M_AXI_GP0 : *ZYNQ_VIP_INFO : Done AXI Write for Starting Address(0x43c00008) with Response 'OKAY'
START enabled
Stopped at time : 78150 ns : File "C:/Users/Chris/Desktop/RiscV-NPU-DualCore/RISCV32I_ZYNQCORE/RISCV32I_ZYNQCORE.ip_user_files/bd/zynq_design/ipshared/7ac2/hdl/registerIP.vhd" Line 120
Stopped at time : 78350 ns : File "C:/Users/Chris/Desktop/RiscV-NPU-DualCore/RISCV32I_ZYNQCORE/RISCV32I_ZYNQCORE.ip_user_files/bd/zynq_design/ipshared/7ac2/hdl/registerIP.vhd" Line 120
Stopped at time : 78450 ns : File "C:/Users/Chris/Desktop/RiscV-NPU-DualCore/RISCV32I_ZYNQCORE/RISCV32I_ZYNQCORE.ip_user_files/bd/zynq_design/ipshared/339a/hdl/datamemIP.vhd" Line 63
Stopped at time : 78450 ns : File "C:/Users/Chris/Desktop/RiscV-NPU-DualCore/RISCV32I_ZYNQCORE/RISCV32I_ZYNQCORE.ip_user_files/bd/zynq_design/ipshared/7ac2/hdl/registerIP.vhd" Line 120
Stopped at time : 78650 ns : File "C:/Users/Chris/Desktop/RiscV-NPU-DualCore/RISCV32I_ZYNQCORE/RISCV32I_ZYNQCORE.ip_user_files/bd/zynq_design/ipshared/339a/hdl/datamemIP.vhd" Line 63
Stopped at time : 78650 ns : File "C:/Users/Chris/Desktop/RiscV-NPU-DualCore/RISCV32I_ZYNQCORE/RISCV32I_ZYNQCORE.ip_user_files/bd/zynq_design/ipshared/7ac2/hdl/registerIP.vhd" Line 120
Toggling ON hold enable signal...RISCV CORE DISABLED.
[88050] : M_AXI_GP0 : *ZYNQ_VIP_INFO : Starting Address(0x43c00004) -> AXI Write -> 4 bytes
wr_id called with wr_size 626 
               88050ID1 in strb task is 175
[89950] : M_AXI_GP0 : *ZYNQ_VIP_INFO : Done AXI Write for Starting Address(0x43c00004) with Response 'OKAY'
HOLD enabled
[89950] : M_AXI_GP0 : *ZYNQ_VIP_INFO : Starting Address(0x43c00008) -> AXI Write -> 4 bytes
wr_id called with wr_size 9d9 
               89950ID1 in strb task is 4a0
[91650] : M_AXI_GP0 : *ZYNQ_VIP_INFO : Done AXI Write for Starting Address(0x43c00008) with Response 'OKAY'
START disabled
Reading all registers...
[91845] : M_AXI_GP0 : *ZYNQ_VIP_INFO : Starting Address(0x43c30000) -> AXI Read -> 4 bytes
               91845ID2 in read strb task is 68c
[93150] : M_AXI_GP0 : *ZYNQ_VIP_INFO : Done AXI Read for Starting Address(0x43c30000) with Response 'OKAY'
Register[          0] = 00000000
[93195] : M_AXI_GP0 : *ZYNQ_VIP_INFO : Starting Address(0x43c30001) -> AXI Read -> 4 bytes
               93195ID2 in read strb task is dd6
[94850] : M_AXI_GP0 : *ZYNQ_VIP_INFO : Done AXI Read for Starting Address(0x43c30001) with Response 'OKAY'
Register[          1] = 00000000
[94895] : M_AXI_GP0 : *ZYNQ_VIP_INFO : Starting Address(0x43c30002) -> AXI Read -> 4 bytes
               94895ID2 in read strb task is 57a
[96550] : M_AXI_GP0 : *ZYNQ_VIP_INFO : Done AXI Read for Starting Address(0x43c30002) with Response 'OKAY'
Register[          2] = 00000000
[96595] : M_AXI_GP0 : *ZYNQ_VIP_INFO : Starting Address(0x43c30003) -> AXI Read -> 4 bytes
               96595ID2 in read strb task is f66
[98350] : M_AXI_GP0 : *ZYNQ_VIP_INFO : Done AXI Read for Starting Address(0x43c30003) with Response 'OKAY'
Register[          3] = 00000000
[98395] : M_AXI_GP0 : *ZYNQ_VIP_INFO : Starting Address(0x43c30004) -> AXI Read -> 4 bytes
               98395ID2 in read strb task is c54
[99750] : M_AXI_GP0 : *ZYNQ_VIP_INFO : Done AXI Read for Starting Address(0x43c30004) with Response 'OKAY'
Register[          4] = 0000000c
[99795] : M_AXI_GP0 : *ZYNQ_VIP_INFO : Starting Address(0x43c30005) -> AXI Read -> 4 bytes
               99795ID2 in read strb task is f17
[101450] : M_AXI_GP0 : *ZYNQ_VIP_INFO : Done AXI Read for Starting Address(0x43c30005) with Response 'OKAY'
Register[          5] = 0000000c
[101495] : M_AXI_GP0 : *ZYNQ_VIP_INFO : Starting Address(0x43c30006) -> AXI Read -> 4 bytes
              101495ID2 in read strb task is 612
[103250] : M_AXI_GP0 : *ZYNQ_VIP_INFO : Done AXI Read for Starting Address(0x43c30006) with Response 'OKAY'
Register[          6] = 0000000c
[103295] : M_AXI_GP0 : *ZYNQ_VIP_INFO : Starting Address(0x43c30007) -> AXI Read -> 4 bytes
              103295ID2 in read strb task is f2e
[104850] : M_AXI_GP0 : *ZYNQ_VIP_INFO : Done AXI Read for Starting Address(0x43c30007) with Response 'OKAY'
Register[          7] = 0000000c
[104895] : M_AXI_GP0 : *ZYNQ_VIP_INFO : Starting Address(0x43c30008) -> AXI Read -> 4 bytes
              104895ID2 in read strb task is 109
[106150] : M_AXI_GP0 : *ZYNQ_VIP_INFO : Done AXI Read for Starting Address(0x43c30008) with Response 'OKAY'
Register[          8] = 00003ff0
[106195] : M_AXI_GP0 : *ZYNQ_VIP_INFO : Starting Address(0x43c30009) -> AXI Read -> 4 bytes
              106195ID2 in read strb task is 450
[107750] : M_AXI_GP0 : *ZYNQ_VIP_INFO : Done AXI Read for Starting Address(0x43c30009) with Response 'OKAY'
Register[          9] = 00003ff0
[107795] : M_AXI_GP0 : *ZYNQ_VIP_INFO : Starting Address(0x43c3000a) -> AXI Read -> 4 bytes
              107795ID2 in read strb task is b07
[109550] : M_AXI_GP0 : *ZYNQ_VIP_INFO : Done AXI Read for Starting Address(0x43c3000a) with Response 'OKAY'
Register[         10] = 00003ff0
[109595] : M_AXI_GP0 : *ZYNQ_VIP_INFO : Starting Address(0x43c3000b) -> AXI Read -> 4 bytes
              109595ID2 in read strb task is 8bd
[111150] : M_AXI_GP0 : *ZYNQ_VIP_INFO : Done AXI Read for Starting Address(0x43c3000b) with Response 'OKAY'
Register[         11] = 00003ff0
[111195] : M_AXI_GP0 : *ZYNQ_VIP_INFO : Starting Address(0x43c3000c) -> AXI Read -> 4 bytes
              111195ID2 in read strb task is 121
[112450] : M_AXI_GP0 : *ZYNQ_VIP_INFO : Done AXI Read for Starting Address(0x43c3000c) with Response 'OKAY'
Register[         12] = 00000000
[112495] : M_AXI_GP0 : *ZYNQ_VIP_INFO : Starting Address(0x43c3000d) -> AXI Read -> 4 bytes
              112495ID2 in read strb task is 63a
[114050] : M_AXI_GP0 : *ZYNQ_VIP_INFO : Done AXI Read for Starting Address(0x43c3000d) with Response 'OKAY'
Register[         13] = 00000000
[114095] : M_AXI_GP0 : *ZYNQ_VIP_INFO : Starting Address(0x43c3000e) -> AXI Read -> 4 bytes
              114095ID2 in read strb task is 202
[115850] : M_AXI_GP0 : *ZYNQ_VIP_INFO : Done AXI Read for Starting Address(0x43c3000e) with Response 'OKAY'
Register[         14] = 00000000
[115895] : M_AXI_GP0 : *ZYNQ_VIP_INFO : Starting Address(0x43c3000f) -> AXI Read -> 4 bytes
              115895ID2 in read strb task is 1
[117450] : M_AXI_GP0 : *ZYNQ_VIP_INFO : Done AXI Read for Starting Address(0x43c3000f) with Response 'OKAY'
Register[         15] = 00000000
[117495] : M_AXI_GP0 : *ZYNQ_VIP_INFO : Starting Address(0x43c30010) -> AXI Read -> 4 bytes
              117495ID2 in read strb task is cca
[118750] : M_AXI_GP0 : *ZYNQ_VIP_INFO : Done AXI Read for Starting Address(0x43c30010) with Response 'OKAY'
Register[         16] = 00000000
[118795] : M_AXI_GP0 : *ZYNQ_VIP_INFO : Starting Address(0x43c30011) -> AXI Read -> 4 bytes
              118795ID2 in read strb task is b00
[120350] : M_AXI_GP0 : *ZYNQ_VIP_INFO : Done AXI Read for Starting Address(0x43c30011) with Response 'OKAY'
Register[         17] = 00000000
[120395] : M_AXI_GP0 : *ZYNQ_VIP_INFO : Starting Address(0x43c30012) -> AXI Read -> 4 bytes
              120395ID2 in read strb task is be2
[122150] : M_AXI_GP0 : *ZYNQ_VIP_INFO : Done AXI Read for Starting Address(0x43c30012) with Response 'OKAY'
Register[         18] = 00000000
[122195] : M_AXI_GP0 : *ZYNQ_VIP_INFO : Starting Address(0x43c30013) -> AXI Read -> 4 bytes
              122195ID2 in read strb task is 49e
[123750] : M_AXI_GP0 : *ZYNQ_VIP_INFO : Done AXI Read for Starting Address(0x43c30013) with Response 'OKAY'
Register[         19] = 00000000
[123795] : M_AXI_GP0 : *ZYNQ_VIP_INFO : Starting Address(0x43c30014) -> AXI Read -> 4 bytes
              123795ID2 in read strb task is 82c
[125050] : M_AXI_GP0 : *ZYNQ_VIP_INFO : Done AXI Read for Starting Address(0x43c30014) with Response 'OKAY'
Register[         20] = 00000000
[125095] : M_AXI_GP0 : *ZYNQ_VIP_INFO : Starting Address(0x43c30015) -> AXI Read -> 4 bytes
              125095ID2 in read strb task is 425
[126650] : M_AXI_GP0 : *ZYNQ_VIP_INFO : Done AXI Read for Starting Address(0x43c30015) with Response 'OKAY'
Register[         21] = 00000000
[126695] : M_AXI_GP0 : *ZYNQ_VIP_INFO : Starting Address(0x43c30016) -> AXI Read -> 4 bytes
              126695ID2 in read strb task is 5dc
[128450] : M_AXI_GP0 : *ZYNQ_VIP_INFO : Done AXI Read for Starting Address(0x43c30016) with Response 'OKAY'
Register[         22] = 00000000
[128495] : M_AXI_GP0 : *ZYNQ_VIP_INFO : Starting Address(0x43c30017) -> AXI Read -> 4 bytes
              128495ID2 in read strb task is d92
[130050] : M_AXI_GP0 : *ZYNQ_VIP_INFO : Done AXI Read for Starting Address(0x43c30017) with Response 'OKAY'
Register[         23] = 00000000
[130095] : M_AXI_GP0 : *ZYNQ_VIP_INFO : Starting Address(0x43c30018) -> AXI Read -> 4 bytes
              130095ID2 in read strb task is 8d
[131350] : M_AXI_GP0 : *ZYNQ_VIP_INFO : Done AXI Read for Starting Address(0x43c30018) with Response 'OKAY'
Register[         24] = 00000000
[131395] : M_AXI_GP0 : *ZYNQ_VIP_INFO : Starting Address(0x43c30019) -> AXI Read -> 4 bytes
              131395ID2 in read strb task is 3e8
[132950] : M_AXI_GP0 : *ZYNQ_VIP_INFO : Done AXI Read for Starting Address(0x43c30019) with Response 'OKAY'
Register[         25] = 00000000
[132995] : M_AXI_GP0 : *ZYNQ_VIP_INFO : Starting Address(0x43c3001a) -> AXI Read -> 4 bytes
              132995ID2 in read strb task is 7b4
[134750] : M_AXI_GP0 : *ZYNQ_VIP_INFO : Done AXI Read for Starting Address(0x43c3001a) with Response 'OKAY'
Register[         26] = 00000000
[134795] : M_AXI_GP0 : *ZYNQ_VIP_INFO : Starting Address(0x43c3001b) -> AXI Read -> 4 bytes
              134795ID2 in read strb task is 144
[136350] : M_AXI_GP0 : *ZYNQ_VIP_INFO : Done AXI Read for Starting Address(0x43c3001b) with Response 'OKAY'
Register[         27] = 00000000
[136395] : M_AXI_GP0 : *ZYNQ_VIP_INFO : Starting Address(0x43c3001c) -> AXI Read -> 4 bytes
              136395ID2 in read strb task is 334
[137650] : M_AXI_GP0 : *ZYNQ_VIP_INFO : Done AXI Read for Starting Address(0x43c3001c) with Response 'OKAY'
Register[         28] = 00000000
[137695] : M_AXI_GP0 : *ZYNQ_VIP_INFO : Starting Address(0x43c3001d) -> AXI Read -> 4 bytes
              137695ID2 in read strb task is bed
[139250] : M_AXI_GP0 : *ZYNQ_VIP_INFO : Done AXI Read for Starting Address(0x43c3001d) with Response 'OKAY'
Register[         29] = 00000000
[139295] : M_AXI_GP0 : *ZYNQ_VIP_INFO : Starting Address(0x43c3001e) -> AXI Read -> 4 bytes
              139295ID2 in read strb task is f0e
[141050] : M_AXI_GP0 : *ZYNQ_VIP_INFO : Done AXI Read for Starting Address(0x43c3001e) with Response 'OKAY'
Register[         30] = 00000000
[141095] : M_AXI_GP0 : *ZYNQ_VIP_INFO : Starting Address(0x43c3001f) -> AXI Read -> 4 bytes
              141095ID2 in read strb task is 428
[142650] : M_AXI_GP0 : *ZYNQ_VIP_INFO : Done AXI Read for Starting Address(0x43c3001f) with Response 'OKAY'
Register[         31] = 00000000
Reading all data memory...
[142695] : M_AXI_GP0 : *ZYNQ_VIP_INFO : Starting Address(0x43c10000) -> AXI Read -> 1 bytes
              142695ID2 in read strb task is 4e6
[143950] : M_AXI_GP0 : *ZYNQ_VIP_INFO : Done AXI Read for Starting Address(0x43c10000) with Response 'OKAY'
Data Memory[          0] = 00000000
[143995] : M_AXI_GP0 : *ZYNQ_VIP_INFO : Starting Address(0x43c10004) -> AXI Read -> 1 bytes
              143995ID2 in read strb task is 6f1
[145250] : M_AXI_GP0 : *ZYNQ_VIP_INFO : Done AXI Read for Starting Address(0x43c10004) with Response 'OKAY'
Data Memory[          1] = 00000000
[145295] : M_AXI_GP0 : *ZYNQ_VIP_INFO : Starting Address(0x43c10008) -> AXI Read -> 1 bytes
              145295ID2 in read strb task is dbc
[146650] : M_AXI_GP0 : *ZYNQ_VIP_INFO : Done AXI Read for Starting Address(0x43c10008) with Response 'OKAY'
Data Memory[          2] = 00000000
[146695] : M_AXI_GP0 : *ZYNQ_VIP_INFO : Starting Address(0x43c1000c) -> AXI Read -> 1 bytes
              146695ID2 in read strb task is 38a
[148050] : M_AXI_GP0 : *ZYNQ_VIP_INFO : Done AXI Read for Starting Address(0x43c1000c) with Response 'OKAY'
Data Memory[          3] = 00000000
[148095] : M_AXI_GP0 : *ZYNQ_VIP_INFO : Starting Address(0x43c10010) -> AXI Read -> 1 bytes
              148095ID2 in read strb task is 9fd
[149450] : M_AXI_GP0 : *ZYNQ_VIP_INFO : Done AXI Read for Starting Address(0x43c10010) with Response 'OKAY'
Data Memory[          4] = 00000000
[149495] : M_AXI_GP0 : *ZYNQ_VIP_INFO : Starting Address(0x43c10014) -> AXI Read -> 1 bytes
              149495ID2 in read strb task is 395
[150850] : M_AXI_GP0 : *ZYNQ_VIP_INFO : Done AXI Read for Starting Address(0x43c10014) with Response 'OKAY'
Data Memory[          5] = 00000000
[150895] : M_AXI_GP0 : *ZYNQ_VIP_INFO : Starting Address(0x43c10018) -> AXI Read -> 1 bytes
              150895ID2 in read strb task is 4c4
[152250] : M_AXI_GP0 : *ZYNQ_VIP_INFO : Done AXI Read for Starting Address(0x43c10018) with Response 'OKAY'
Data Memory[          6] = 00000000
[152295] : M_AXI_GP0 : *ZYNQ_VIP_INFO : Starting Address(0x43c1001c) -> AXI Read -> 1 bytes
              152295ID2 in read strb task is 325
[153650] : M_AXI_GP0 : *ZYNQ_VIP_INFO : Done AXI Read for Starting Address(0x43c1001c) with Response 'OKAY'
Data Memory[          7] = 00000000
[153695] : M_AXI_GP0 : *ZYNQ_VIP_INFO : Starting Address(0x43c10020) -> AXI Read -> 1 bytes
              153695ID2 in read strb task is 8ab
[155050] : M_AXI_GP0 : *ZYNQ_VIP_INFO : Done AXI Read for Starting Address(0x43c10020) with Response 'OKAY'
Data Memory[          8] = 00000000
[155095] : M_AXI_GP0 : *ZYNQ_VIP_INFO : Starting Address(0x43c10024) -> AXI Read -> 1 bytes
              155095ID2 in read strb task is c89
[156450] : M_AXI_GP0 : *ZYNQ_VIP_INFO : Done AXI Read for Starting Address(0x43c10024) with Response 'OKAY'
Data Memory[          9] = 00000000
[156495] : M_AXI_GP0 : *ZYNQ_VIP_INFO : Starting Address(0x43c10028) -> AXI Read -> 1 bytes
              156495ID2 in read strb task is 60e
[157850] : M_AXI_GP0 : *ZYNQ_VIP_INFO : Done AXI Read for Starting Address(0x43c10028) with Response 'OKAY'
Data Memory[         10] = 00000000
[157895] : M_AXI_GP0 : *ZYNQ_VIP_INFO : Starting Address(0x43c1002c) -> AXI Read -> 1 bytes
              157895ID2 in read strb task is ba2
[159250] : M_AXI_GP0 : *ZYNQ_VIP_INFO : Done AXI Read for Starting Address(0x43c1002c) with Response 'OKAY'
Data Memory[         11] = 00000000
[159295] : M_AXI_GP0 : *ZYNQ_VIP_INFO : Starting Address(0x43c10030) -> AXI Read -> 1 bytes
              159295ID2 in read strb task is b27
[160650] : M_AXI_GP0 : *ZYNQ_VIP_INFO : Done AXI Read for Starting Address(0x43c10030) with Response 'OKAY'
Data Memory[         12] = 00000000
[160695] : M_AXI_GP0 : *ZYNQ_VIP_INFO : Starting Address(0x43c10034) -> AXI Read -> 1 bytes
              160695ID2 in read strb task is 5ec
[162050] : M_AXI_GP0 : *ZYNQ_VIP_INFO : Done AXI Read for Starting Address(0x43c10034) with Response 'OKAY'
Data Memory[         13] = 00000000
[162095] : M_AXI_GP0 : *ZYNQ_VIP_INFO : Starting Address(0x43c10038) -> AXI Read -> 1 bytes
              162095ID2 in read strb task is c81
[163450] : M_AXI_GP0 : *ZYNQ_VIP_INFO : Done AXI Read for Starting Address(0x43c10038) with Response 'OKAY'
Data Memory[         14] = 00000000
[163495] : M_AXI_GP0 : *ZYNQ_VIP_INFO : Starting Address(0x43c1003c) -> AXI Read -> 1 bytes
              163495ID2 in read strb task is 97d
[164850] : M_AXI_GP0 : *ZYNQ_VIP_INFO : Done AXI Read for Starting Address(0x43c1003c) with Response 'OKAY'
Data Memory[         15] = 00000000
[164895] : M_AXI_GP0 : *ZYNQ_VIP_INFO : Starting Address(0x43c10040) -> AXI Read -> 1 bytes
              164895ID2 in read strb task is 397
[166250] : M_AXI_GP0 : *ZYNQ_VIP_INFO : Done AXI Read for Starting Address(0x43c10040) with Response 'OKAY'
Data Memory[         16] = 00000000
[166295] : M_AXI_GP0 : *ZYNQ_VIP_INFO : Starting Address(0x43c10044) -> AXI Read -> 1 bytes
              166295ID2 in read strb task is ab7
[167650] : M_AXI_GP0 : *ZYNQ_VIP_INFO : Done AXI Read for Starting Address(0x43c10044) with Response 'OKAY'
Data Memory[         17] = 00000000
[167695] : M_AXI_GP0 : *ZYNQ_VIP_INFO : Starting Address(0x43c10048) -> AXI Read -> 1 bytes
              167695ID2 in read strb task is 161
[169050] : M_AXI_GP0 : *ZYNQ_VIP_INFO : Done AXI Read for Starting Address(0x43c10048) with Response 'OKAY'
Data Memory[         18] = 00000000
[169095] : M_AXI_GP0 : *ZYNQ_VIP_INFO : Starting Address(0x43c1004c) -> AXI Read -> 1 bytes
              169095ID2 in read strb task is 4ae
[170450] : M_AXI_GP0 : *ZYNQ_VIP_INFO : Done AXI Read for Starting Address(0x43c1004c) with Response 'OKAY'
Data Memory[         19] = 00000000
[170495] : M_AXI_GP0 : *ZYNQ_VIP_INFO : Starting Address(0x43c10050) -> AXI Read -> 1 bytes
              170495ID2 in read strb task is 30e
[171850] : M_AXI_GP0 : *ZYNQ_VIP_INFO : Done AXI Read for Starting Address(0x43c10050) with Response 'OKAY'
Data Memory[         20] = 00000000
[171895] : M_AXI_GP0 : *ZYNQ_VIP_INFO : Starting Address(0x43c10054) -> AXI Read -> 1 bytes
              171895ID2 in read strb task is 7b
[173250] : M_AXI_GP0 : *ZYNQ_VIP_INFO : Done AXI Read for Starting Address(0x43c10054) with Response 'OKAY'
Data Memory[         21] = 00000000
[173295] : M_AXI_GP0 : *ZYNQ_VIP_INFO : Starting Address(0x43c10058) -> AXI Read -> 1 bytes
              173295ID2 in read strb task is 428
[174650] : M_AXI_GP0 : *ZYNQ_VIP_INFO : Done AXI Read for Starting Address(0x43c10058) with Response 'OKAY'
Data Memory[         22] = 00000000
[174695] : M_AXI_GP0 : *ZYNQ_VIP_INFO : Starting Address(0x43c1005c) -> AXI Read -> 1 bytes
              174695ID2 in read strb task is 86
[176050] : M_AXI_GP0 : *ZYNQ_VIP_INFO : Done AXI Read for Starting Address(0x43c1005c) with Response 'OKAY'
Data Memory[         23] = 00000000
[176095] : M_AXI_GP0 : *ZYNQ_VIP_INFO : Starting Address(0x43c10060) -> AXI Read -> 1 bytes
              176095ID2 in read strb task is c01
[177450] : M_AXI_GP0 : *ZYNQ_VIP_INFO : Done AXI Read for Starting Address(0x43c10060) with Response 'OKAY'
Data Memory[         24] = 00000000
[177495] : M_AXI_GP0 : *ZYNQ_VIP_INFO : Starting Address(0x43c10064) -> AXI Read -> 1 bytes
              177495ID2 in read strb task is f9
[178850] : M_AXI_GP0 : *ZYNQ_VIP_INFO : Done AXI Read for Starting Address(0x43c10064) with Response 'OKAY'
Data Memory[         25] = 00000000
[178895] : M_AXI_GP0 : *ZYNQ_VIP_INFO : Starting Address(0x43c10068) -> AXI Read -> 1 bytes
              178895ID2 in read strb task is e03
[180250] : M_AXI_GP0 : *ZYNQ_VIP_INFO : Done AXI Read for Starting Address(0x43c10068) with Response 'OKAY'
Data Memory[         26] = 00000000
[180295] : M_AXI_GP0 : *ZYNQ_VIP_INFO : Starting Address(0x43c1006c) -> AXI Read -> 1 bytes
              180295ID2 in read strb task is 1a3
[181650] : M_AXI_GP0 : *ZYNQ_VIP_INFO : Done AXI Read for Starting Address(0x43c1006c) with Response 'OKAY'
Data Memory[         27] = 00000000
[181695] : M_AXI_GP0 : *ZYNQ_VIP_INFO : Starting Address(0x43c10070) -> AXI Read -> 1 bytes
              181695ID2 in read strb task is 56c
[183050] : M_AXI_GP0 : *ZYNQ_VIP_INFO : Done AXI Read for Starting Address(0x43c10070) with Response 'OKAY'
Data Memory[         28] = 00000000
[183095] : M_AXI_GP0 : *ZYNQ_VIP_INFO : Starting Address(0x43c10074) -> AXI Read -> 1 bytes
              183095ID2 in read strb task is b60
[184450] : M_AXI_GP0 : *ZYNQ_VIP_INFO : Done AXI Read for Starting Address(0x43c10074) with Response 'OKAY'
Data Memory[         29] = 00000000
[184495] : M_AXI_GP0 : *ZYNQ_VIP_INFO : Starting Address(0x43c10078) -> AXI Read -> 1 bytes
              184495ID2 in read strb task is a0c
[185850] : M_AXI_GP0 : *ZYNQ_VIP_INFO : Done AXI Read for Starting Address(0x43c10078) with Response 'OKAY'
Data Memory[         30] = 00000000
[185895] : M_AXI_GP0 : *ZYNQ_VIP_INFO : Starting Address(0x43c1007c) -> AXI Read -> 1 bytes
              185895ID2 in read strb task is 34c
[187250] : M_AXI_GP0 : *ZYNQ_VIP_INFO : Done AXI Read for Starting Address(0x43c1007c) with Response 'OKAY'
Data Memory[         31] = 00000000
[187295] : M_AXI_GP0 : *ZYNQ_VIP_INFO : Starting Address(0x43c10080) -> AXI Read -> 1 bytes
              187295ID2 in read strb task is be9
[188650] : M_AXI_GP0 : *ZYNQ_VIP_INFO : Done AXI Read for Starting Address(0x43c10080) with Response 'OKAY'
Data Memory[         32] = 00000000
[188695] : M_AXI_GP0 : *ZYNQ_VIP_INFO : Starting Address(0x43c10084) -> AXI Read -> 1 bytes
              188695ID2 in read strb task is 100
[190050] : M_AXI_GP0 : *ZYNQ_VIP_INFO : Done AXI Read for Starting Address(0x43c10084) with Response 'OKAY'
Data Memory[         33] = 00000000
[190095] : M_AXI_GP0 : *ZYNQ_VIP_INFO : Starting Address(0x43c10088) -> AXI Read -> 1 bytes
              190095ID2 in read strb task is 741
[191450] : M_AXI_GP0 : *ZYNQ_VIP_INFO : Done AXI Read for Starting Address(0x43c10088) with Response 'OKAY'
Data Memory[         34] = 00000000
[191495] : M_AXI_GP0 : *ZYNQ_VIP_INFO : Starting Address(0x43c1008c) -> AXI Read -> 1 bytes
              191495ID2 in read strb task is bfc
[192850] : M_AXI_GP0 : *ZYNQ_VIP_INFO : Done AXI Read for Starting Address(0x43c1008c) with Response 'OKAY'
Data Memory[         35] = 00000000
[192895] : M_AXI_GP0 : *ZYNQ_VIP_INFO : Starting Address(0x43c10090) -> AXI Read -> 1 bytes
              192895ID2 in read strb task is 8a0
[194250] : M_AXI_GP0 : *ZYNQ_VIP_INFO : Done AXI Read for Starting Address(0x43c10090) with Response 'OKAY'
Data Memory[         36] = 00000000
[194295] : M_AXI_GP0 : *ZYNQ_VIP_INFO : Starting Address(0x43c10094) -> AXI Read -> 1 bytes
              194295ID2 in read strb task is 50d
[195650] : M_AXI_GP0 : *ZYNQ_VIP_INFO : Done AXI Read for Starting Address(0x43c10094) with Response 'OKAY'
Data Memory[         37] = 00000000
[195695] : M_AXI_GP0 : *ZYNQ_VIP_INFO : Starting Address(0x43c10098) -> AXI Read -> 1 bytes
              195695ID2 in read strb task is 214
[197050] : M_AXI_GP0 : *ZYNQ_VIP_INFO : Done AXI Read for Starting Address(0x43c10098) with Response 'OKAY'
Data Memory[         38] = 00000000
[197095] : M_AXI_GP0 : *ZYNQ_VIP_INFO : Starting Address(0x43c1009c) -> AXI Read -> 1 bytes
              197095ID2 in read strb task is 208
[198450] : M_AXI_GP0 : *ZYNQ_VIP_INFO : Done AXI Read for Starting Address(0x43c1009c) with Response 'OKAY'
Data Memory[         39] = 00000000
[198495] : M_AXI_GP0 : *ZYNQ_VIP_INFO : Starting Address(0x43c100a0) -> AXI Read -> 1 bytes
              198495ID2 in read strb task is 1a5
[199850] : M_AXI_GP0 : *ZYNQ_VIP_INFO : Done AXI Read for Starting Address(0x43c100a0) with Response 'OKAY'
Data Memory[         40] = 00000000
[199895] : M_AXI_GP0 : *ZYNQ_VIP_INFO : Starting Address(0x43c100a4) -> AXI Read -> 1 bytes
              199895ID2 in read strb task is 7bb
[201250] : M_AXI_GP0 : *ZYNQ_VIP_INFO : Done AXI Read for Starting Address(0x43c100a4) with Response 'OKAY'
Data Memory[         41] = 00000000
[201295] : M_AXI_GP0 : *ZYNQ_VIP_INFO : Starting Address(0x43c100a8) -> AXI Read -> 1 bytes
              201295ID2 in read strb task is 6d7
[202650] : M_AXI_GP0 : *ZYNQ_VIP_INFO : Done AXI Read for Starting Address(0x43c100a8) with Response 'OKAY'
Data Memory[         42] = 00000000
[202695] : M_AXI_GP0 : *ZYNQ_VIP_INFO : Starting Address(0x43c100ac) -> AXI Read -> 1 bytes
              202695ID2 in read strb task is 7f5
[204050] : M_AXI_GP0 : *ZYNQ_VIP_INFO : Done AXI Read for Starting Address(0x43c100ac) with Response 'OKAY'
Data Memory[         43] = 00000000
[204095] : M_AXI_GP0 : *ZYNQ_VIP_INFO : Starting Address(0x43c100b0) -> AXI Read -> 1 bytes
              204095ID2 in read strb task is e14
[205450] : M_AXI_GP0 : *ZYNQ_VIP_INFO : Done AXI Read for Starting Address(0x43c100b0) with Response 'OKAY'
Data Memory[         44] = 00000000
[205495] : M_AXI_GP0 : *ZYNQ_VIP_INFO : Starting Address(0x43c100b4) -> AXI Read -> 1 bytes
              205495ID2 in read strb task is cf5
[206850] : M_AXI_GP0 : *ZYNQ_VIP_INFO : Done AXI Read for Starting Address(0x43c100b4) with Response 'OKAY'
Data Memory[         45] = 00000000
[206895] : M_AXI_GP0 : *ZYNQ_VIP_INFO : Starting Address(0x43c100b8) -> AXI Read -> 1 bytes
              206895ID2 in read strb task is f20
[208250] : M_AXI_GP0 : *ZYNQ_VIP_INFO : Done AXI Read for Starting Address(0x43c100b8) with Response 'OKAY'
Data Memory[         46] = 00000000
[208295] : M_AXI_GP0 : *ZYNQ_VIP_INFO : Starting Address(0x43c100bc) -> AXI Read -> 1 bytes
              208295ID2 in read strb task is 3a8
[209650] : M_AXI_GP0 : *ZYNQ_VIP_INFO : Done AXI Read for Starting Address(0x43c100bc) with Response 'OKAY'
Data Memory[         47] = 00000000
[209695] : M_AXI_GP0 : *ZYNQ_VIP_INFO : Starting Address(0x43c100c0) -> AXI Read -> 1 bytes
              209695ID2 in read strb task is 6a8
[211050] : M_AXI_GP0 : *ZYNQ_VIP_INFO : Done AXI Read for Starting Address(0x43c100c0) with Response 'OKAY'
Data Memory[         48] = 00000000
[211095] : M_AXI_GP0 : *ZYNQ_VIP_INFO : Starting Address(0x43c100c4) -> AXI Read -> 1 bytes
              211095ID2 in read strb task is 8df
[212450] : M_AXI_GP0 : *ZYNQ_VIP_INFO : Done AXI Read for Starting Address(0x43c100c4) with Response 'OKAY'
Data Memory[         49] = 00000000
[212495] : M_AXI_GP0 : *ZYNQ_VIP_INFO : Starting Address(0x43c100c8) -> AXI Read -> 1 bytes
              212495ID2 in read strb task is 6ed
[213850] : M_AXI_GP0 : *ZYNQ_VIP_INFO : Done AXI Read for Starting Address(0x43c100c8) with Response 'OKAY'
Data Memory[         50] = 00000000
[213895] : M_AXI_GP0 : *ZYNQ_VIP_INFO : Starting Address(0x43c100cc) -> AXI Read -> 1 bytes
              213895ID2 in read strb task is 319
[215250] : M_AXI_GP0 : *ZYNQ_VIP_INFO : Done AXI Read for Starting Address(0x43c100cc) with Response 'OKAY'
Data Memory[         51] = 00000000
[215295] : M_AXI_GP0 : *ZYNQ_VIP_INFO : Starting Address(0x43c100d0) -> AXI Read -> 1 bytes
              215295ID2 in read strb task is 999
[216650] : M_AXI_GP0 : *ZYNQ_VIP_INFO : Done AXI Read for Starting Address(0x43c100d0) with Response 'OKAY'
Data Memory[         52] = 00000000
[216695] : M_AXI_GP0 : *ZYNQ_VIP_INFO : Starting Address(0x43c100d4) -> AXI Read -> 1 bytes
              216695ID2 in read strb task is c1a
[218050] : M_AXI_GP0 : *ZYNQ_VIP_INFO : Done AXI Read for Starting Address(0x43c100d4) with Response 'OKAY'
Data Memory[         53] = 00000000
[218095] : M_AXI_GP0 : *ZYNQ_VIP_INFO : Starting Address(0x43c100d8) -> AXI Read -> 1 bytes
              218095ID2 in read strb task is 993
[219450] : M_AXI_GP0 : *ZYNQ_VIP_INFO : Done AXI Read for Starting Address(0x43c100d8) with Response 'OKAY'
Data Memory[         54] = 00000000
[219495] : M_AXI_GP0 : *ZYNQ_VIP_INFO : Starting Address(0x43c100dc) -> AXI Read -> 1 bytes
              219495ID2 in read strb task is 91c
[220850] : M_AXI_GP0 : *ZYNQ_VIP_INFO : Done AXI Read for Starting Address(0x43c100dc) with Response 'OKAY'
Data Memory[         55] = 00000000
[220895] : M_AXI_GP0 : *ZYNQ_VIP_INFO : Starting Address(0x43c100e0) -> AXI Read -> 1 bytes
              220895ID2 in read strb task is 361
[222250] : M_AXI_GP0 : *ZYNQ_VIP_INFO : Done AXI Read for Starting Address(0x43c100e0) with Response 'OKAY'
Data Memory[         56] = 00000000
[222295] : M_AXI_GP0 : *ZYNQ_VIP_INFO : Starting Address(0x43c100e4) -> AXI Read -> 1 bytes
              222295ID2 in read strb task is b20
[223650] : M_AXI_GP0 : *ZYNQ_VIP_INFO : Done AXI Read for Starting Address(0x43c100e4) with Response 'OKAY'
Data Memory[         57] = 00000000
[223695] : M_AXI_GP0 : *ZYNQ_VIP_INFO : Starting Address(0x43c100e8) -> AXI Read -> 1 bytes
              223695ID2 in read strb task is 519
[225050] : M_AXI_GP0 : *ZYNQ_VIP_INFO : Done AXI Read for Starting Address(0x43c100e8) with Response 'OKAY'
Data Memory[         58] = 00000000
[225095] : M_AXI_GP0 : *ZYNQ_VIP_INFO : Starting Address(0x43c100ec) -> AXI Read -> 1 bytes
              225095ID2 in read strb task is 4b8
[226450] : M_AXI_GP0 : *ZYNQ_VIP_INFO : Done AXI Read for Starting Address(0x43c100ec) with Response 'OKAY'
Data Memory[         59] = 00000000
[226495] : M_AXI_GP0 : *ZYNQ_VIP_INFO : Starting Address(0x43c100f0) -> AXI Read -> 1 bytes
              226495ID2 in read strb task is c95
[227850] : M_AXI_GP0 : *ZYNQ_VIP_INFO : Done AXI Read for Starting Address(0x43c100f0) with Response 'OKAY'
Data Memory[         60] = 00000000
[227895] : M_AXI_GP0 : *ZYNQ_VIP_INFO : Starting Address(0x43c100f4) -> AXI Read -> 1 bytes
              227895ID2 in read strb task is fc5
[229250] : M_AXI_GP0 : *ZYNQ_VIP_INFO : Done AXI Read for Starting Address(0x43c100f4) with Response 'OKAY'
Data Memory[         61] = 00000000
[229295] : M_AXI_GP0 : *ZYNQ_VIP_INFO : Starting Address(0x43c100f8) -> AXI Read -> 1 bytes
              229295ID2 in read strb task is c3f
[230650] : M_AXI_GP0 : *ZYNQ_VIP_INFO : Done AXI Read for Starting Address(0x43c100f8) with Response 'OKAY'
Data Memory[         62] = 00000000
[230695] : M_AXI_GP0 : *ZYNQ_VIP_INFO : Starting Address(0x43c100fc) -> AXI Read -> 1 bytes
              230695ID2 in read strb task is be5
[232050] : M_AXI_GP0 : *ZYNQ_VIP_INFO : Done AXI Read for Starting Address(0x43c100fc) with Response 'OKAY'
Data Memory[         63] = 00000000
[232095] : M_AXI_GP0 : *ZYNQ_VIP_INFO : Starting Address(0x43c10100) -> AXI Read -> 1 bytes
              232095ID2 in read strb task is ec7
[233450] : M_AXI_GP0 : *ZYNQ_VIP_INFO : Done AXI Read for Starting Address(0x43c10100) with Response 'OKAY'
Data Memory[         64] = 00000000
[233495] : M_AXI_GP0 : *ZYNQ_VIP_INFO : Starting Address(0x43c10104) -> AXI Read -> 1 bytes
              233495ID2 in read strb task is 1c8
[234850] : M_AXI_GP0 : *ZYNQ_VIP_INFO : Done AXI Read for Starting Address(0x43c10104) with Response 'OKAY'
Data Memory[         65] = 00000000
[234895] : M_AXI_GP0 : *ZYNQ_VIP_INFO : Starting Address(0x43c10108) -> AXI Read -> 1 bytes
              234895ID2 in read strb task is 2a5
[236250] : M_AXI_GP0 : *ZYNQ_VIP_INFO : Done AXI Read for Starting Address(0x43c10108) with Response 'OKAY'
Data Memory[         66] = 00000000
[236295] : M_AXI_GP0 : *ZYNQ_VIP_INFO : Starting Address(0x43c1010c) -> AXI Read -> 1 bytes
              236295ID2 in read strb task is dd3
[237650] : M_AXI_GP0 : *ZYNQ_VIP_INFO : Done AXI Read for Starting Address(0x43c1010c) with Response 'OKAY'
Data Memory[         67] = 00000000
[237695] : M_AXI_GP0 : *ZYNQ_VIP_INFO : Starting Address(0x43c10110) -> AXI Read -> 1 bytes
              237695ID2 in read strb task is 38c
[239050] : M_AXI_GP0 : *ZYNQ_VIP_INFO : Done AXI Read for Starting Address(0x43c10110) with Response 'OKAY'
Data Memory[         68] = 00000000
[239095] : M_AXI_GP0 : *ZYNQ_VIP_INFO : Starting Address(0x43c10114) -> AXI Read -> 1 bytes
              239095ID2 in read strb task is 84d
[240450] : M_AXI_GP0 : *ZYNQ_VIP_INFO : Done AXI Read for Starting Address(0x43c10114) with Response 'OKAY'
Data Memory[         69] = 00000000
[240495] : M_AXI_GP0 : *ZYNQ_VIP_INFO : Starting Address(0x43c10118) -> AXI Read -> 1 bytes
              240495ID2 in read strb task is b6d
[241850] : M_AXI_GP0 : *ZYNQ_VIP_INFO : Done AXI Read for Starting Address(0x43c10118) with Response 'OKAY'
Data Memory[         70] = 00000000
[241895] : M_AXI_GP0 : *ZYNQ_VIP_INFO : Starting Address(0x43c1011c) -> AXI Read -> 1 bytes
              241895ID2 in read strb task is 3f2
[243250] : M_AXI_GP0 : *ZYNQ_VIP_INFO : Done AXI Read for Starting Address(0x43c1011c) with Response 'OKAY'
Data Memory[         71] = 00000000
[243295] : M_AXI_GP0 : *ZYNQ_VIP_INFO : Starting Address(0x43c10120) -> AXI Read -> 1 bytes
              243295ID2 in read strb task is 496
[244650] : M_AXI_GP0 : *ZYNQ_VIP_INFO : Done AXI Read for Starting Address(0x43c10120) with Response 'OKAY'
Data Memory[         72] = 00000000
[244695] : M_AXI_GP0 : *ZYNQ_VIP_INFO : Starting Address(0x43c10124) -> AXI Read -> 1 bytes
              244695ID2 in read strb task is 8ea
[246050] : M_AXI_GP0 : *ZYNQ_VIP_INFO : Done AXI Read for Starting Address(0x43c10124) with Response 'OKAY'
Data Memory[         73] = 00000000
[246095] : M_AXI_GP0 : *ZYNQ_VIP_INFO : Starting Address(0x43c10128) -> AXI Read -> 1 bytes
              246095ID2 in read strb task is 3e9
[247450] : M_AXI_GP0 : *ZYNQ_VIP_INFO : Done AXI Read for Starting Address(0x43c10128) with Response 'OKAY'
Data Memory[         74] = 00000000
[247495] : M_AXI_GP0 : *ZYNQ_VIP_INFO : Starting Address(0x43c1012c) -> AXI Read -> 1 bytes
              247495ID2 in read strb task is 7a6
[248850] : M_AXI_GP0 : *ZYNQ_VIP_INFO : Done AXI Read for Starting Address(0x43c1012c) with Response 'OKAY'
Data Memory[         75] = 00000000
[248895] : M_AXI_GP0 : *ZYNQ_VIP_INFO : Starting Address(0x43c10130) -> AXI Read -> 1 bytes
              248895ID2 in read strb task is fd9
[250250] : M_AXI_GP0 : *ZYNQ_VIP_INFO : Done AXI Read for Starting Address(0x43c10130) with Response 'OKAY'
Data Memory[         76] = 00000000
[250295] : M_AXI_GP0 : *ZYNQ_VIP_INFO : Starting Address(0x43c10134) -> AXI Read -> 1 bytes
              250295ID2 in read strb task is 699
[251650] : M_AXI_GP0 : *ZYNQ_VIP_INFO : Done AXI Read for Starting Address(0x43c10134) with Response 'OKAY'
Data Memory[         77] = 00000000
[251695] : M_AXI_GP0 : *ZYNQ_VIP_INFO : Starting Address(0x43c10138) -> AXI Read -> 1 bytes
              251695ID2 in read strb task is 922
[253050] : M_AXI_GP0 : *ZYNQ_VIP_INFO : Done AXI Read for Starting Address(0x43c10138) with Response 'OKAY'
Data Memory[         78] = 00000000
[253095] : M_AXI_GP0 : *ZYNQ_VIP_INFO : Starting Address(0x43c1013c) -> AXI Read -> 1 bytes
              253095ID2 in read strb task is 1bf
[254450] : M_AXI_GP0 : *ZYNQ_VIP_INFO : Done AXI Read for Starting Address(0x43c1013c) with Response 'OKAY'
Data Memory[         79] = 00000000
[254495] : M_AXI_GP0 : *ZYNQ_VIP_INFO : Starting Address(0x43c10140) -> AXI Read -> 1 bytes
              254495ID2 in read strb task is 7c1
[255850] : M_AXI_GP0 : *ZYNQ_VIP_INFO : Done AXI Read for Starting Address(0x43c10140) with Response 'OKAY'
Data Memory[         80] = 00000000
[255895] : M_AXI_GP0 : *ZYNQ_VIP_INFO : Starting Address(0x43c10144) -> AXI Read -> 1 bytes
              255895ID2 in read strb task is 65b
[257250] : M_AXI_GP0 : *ZYNQ_VIP_INFO : Done AXI Read for Starting Address(0x43c10144) with Response 'OKAY'
Data Memory[         81] = 00000000
[257295] : M_AXI_GP0 : *ZYNQ_VIP_INFO : Starting Address(0x43c10148) -> AXI Read -> 1 bytes
              257295ID2 in read strb task is 934
[258650] : M_AXI_GP0 : *ZYNQ_VIP_INFO : Done AXI Read for Starting Address(0x43c10148) with Response 'OKAY'
Data Memory[         82] = 00000000
[258695] : M_AXI_GP0 : *ZYNQ_VIP_INFO : Starting Address(0x43c1014c) -> AXI Read -> 1 bytes
              258695ID2 in read strb task is ce5
[260050] : M_AXI_GP0 : *ZYNQ_VIP_INFO : Done AXI Read for Starting Address(0x43c1014c) with Response 'OKAY'
Data Memory[         83] = 00000000
[260095] : M_AXI_GP0 : *ZYNQ_VIP_INFO : Starting Address(0x43c10150) -> AXI Read -> 1 bytes
              260095ID2 in read strb task is a0d
[261450] : M_AXI_GP0 : *ZYNQ_VIP_INFO : Done AXI Read for Starting Address(0x43c10150) with Response 'OKAY'
Data Memory[         84] = 00000000
[261495] : M_AXI_GP0 : *ZYNQ_VIP_INFO : Starting Address(0x43c10154) -> AXI Read -> 1 bytes
              261495ID2 in read strb task is f75
[262850] : M_AXI_GP0 : *ZYNQ_VIP_INFO : Done AXI Read for Starting Address(0x43c10154) with Response 'OKAY'
Data Memory[         85] = 00000000
[262895] : M_AXI_GP0 : *ZYNQ_VIP_INFO : Starting Address(0x43c10158) -> AXI Read -> 1 bytes
              262895ID2 in read strb task is 2cb
[264250] : M_AXI_GP0 : *ZYNQ_VIP_INFO : Done AXI Read for Starting Address(0x43c10158) with Response 'OKAY'
Data Memory[         86] = 00000000
[264295] : M_AXI_GP0 : *ZYNQ_VIP_INFO : Starting Address(0x43c1015c) -> AXI Read -> 1 bytes
              264295ID2 in read strb task is b97
[265650] : M_AXI_GP0 : *ZYNQ_VIP_INFO : Done AXI Read for Starting Address(0x43c1015c) with Response 'OKAY'
Data Memory[         87] = 00000000
[265695] : M_AXI_GP0 : *ZYNQ_VIP_INFO : Starting Address(0x43c10160) -> AXI Read -> 1 bytes
              265695ID2 in read strb task is 64c
[267050] : M_AXI_GP0 : *ZYNQ_VIP_INFO : Done AXI Read for Starting Address(0x43c10160) with Response 'OKAY'
Data Memory[         88] = 00000000
[267095] : M_AXI_GP0 : *ZYNQ_VIP_INFO : Starting Address(0x43c10164) -> AXI Read -> 1 bytes
              267095ID2 in read strb task is cf6
[268450] : M_AXI_GP0 : *ZYNQ_VIP_INFO : Done AXI Read for Starting Address(0x43c10164) with Response 'OKAY'
Data Memory[         89] = 00000000
[268495] : M_AXI_GP0 : *ZYNQ_VIP_INFO : Starting Address(0x43c10168) -> AXI Read -> 1 bytes
              268495ID2 in read strb task is c29
[269850] : M_AXI_GP0 : *ZYNQ_VIP_INFO : Done AXI Read for Starting Address(0x43c10168) with Response 'OKAY'
Data Memory[         90] = 00000000
[269895] : M_AXI_GP0 : *ZYNQ_VIP_INFO : Starting Address(0x43c1016c) -> AXI Read -> 1 bytes
              269895ID2 in read strb task is 916
[271250] : M_AXI_GP0 : *ZYNQ_VIP_INFO : Done AXI Read for Starting Address(0x43c1016c) with Response 'OKAY'
Data Memory[         91] = 00000000
[271295] : M_AXI_GP0 : *ZYNQ_VIP_INFO : Starting Address(0x43c10170) -> AXI Read -> 1 bytes
              271295ID2 in read strb task is 2c
[272650] : M_AXI_GP0 : *ZYNQ_VIP_INFO : Done AXI Read for Starting Address(0x43c10170) with Response 'OKAY'
Data Memory[         92] = 00000000
[272695] : M_AXI_GP0 : *ZYNQ_VIP_INFO : Starting Address(0x43c10174) -> AXI Read -> 1 bytes
Executing Axi4 End Of Simulation checks
Executing Axi4 End Of Simulation checks
Executing Axi4 End Of Simulation checks
Executing Axi4 End Of Simulation checks
Executing Axi4 End Of Simulation checks
Executing Axi4 End Of Simulation checks
Executing Axi4 End Of Simulation checks
Executing Axi4 End Of Simulation checks
Executing Axi4 End Of Simulation checks
