INFO: [VRFC 10-163] Analyzing VHDL file "C:/Users/Chris/Desktop/RiscV-NPU-DualCore/RISCV32I_ZYNQCORE/RISCV32I_ZYNQCORE.sim/sim_1/synth/func/xsim/tb_func_synth.vhd" into library xil_defaultlib
INFO: [VRFC 10-3107] analyzing entity 'zynq_design_RISCVCOREZYNQ_0_0_ALU'
INFO: [VRFC 10-3107] analyzing entity 'zynq_design_RISCVCOREZYNQ_0_0_ControlUnit'
INFO: [VRFC 10-3107] analyzing entity 'zynq_design_RISCVCOREZYNQ_0_0_exmem'
INFO: [VRFC 10-3107] analyzing entity 'zynq_design_RISCVCOREZYNQ_0_0_idex'
INFO: [VRFC 10-3107] analyzing entity 'zynq_design_RISCVCOREZYNQ_0_0_ifid'
INFO: [VRFC 10-3107] analyzing entity 'zynq_design_RISCVCOREZYNQ_0_0_memwb'
INFO: [VRFC 10-3107] analyzing entity 'zynq_design_RISCVCOREZYNQ_0_0_pcimmadder'
INFO: [VRFC 10-3107] analyzing entity 'zynq_design_RISCVCOREZYNQ_0_0_program_counter'
INFO: [VRFC 10-3107] analyzing entity 'zynq_design_axi_smc_1_cdc_sync'
INFO: [VRFC 10-3107] analyzing entity 'zynq_design_axi_smc_1_upcnt_n'
INFO: [VRFC 10-3107] analyzing entity 'zynq_design_axi_smc_1_xpm_cdc_async_rst'
INFO: [VRFC 10-3107] analyzing entity '\zynq_design_axi_smc_1_xpm_cdc_async_rst__16\'
INFO: [VRFC 10-3107] analyzing entity '\zynq_design_axi_smc_1_xpm_cdc_async_rst__17\'
INFO: [VRFC 10-3107] analyzing entity '\zynq_design_axi_smc_1_xpm_cdc_async_rst__18\'
INFO: [VRFC 10-3107] analyzing entity '\zynq_design_axi_smc_1_xpm_cdc_async_rst__19\'
INFO: [VRFC 10-3107] analyzing entity '\zynq_design_axi_smc_1_xpm_cdc_async_rst__20\'
INFO: [VRFC 10-3107] analyzing entity '\zynq_design_axi_smc_1_xpm_cdc_async_rst__21\'
INFO: [VRFC 10-3107] analyzing entity '\zynq_design_axi_smc_1_xpm_cdc_async_rst__22\'
INFO: [VRFC 10-3107] analyzing entity '\zynq_design_axi_smc_1_xpm_cdc_async_rst__23\'
INFO: [VRFC 10-3107] analyzing entity '\zynq_design_axi_smc_1_xpm_cdc_async_rst__24\'
INFO: [VRFC 10-3107] analyzing entity '\zynq_design_axi_smc_1_xpm_cdc_async_rst__25\'
INFO: [VRFC 10-3107] analyzing entity '\zynq_design_axi_smc_1_xpm_cdc_async_rst__26\'
INFO: [VRFC 10-3107] analyzing entity '\zynq_design_axi_smc_1_xpm_cdc_async_rst__27\'
INFO: [VRFC 10-3107] analyzing entity '\zynq_design_axi_smc_1_xpm_cdc_async_rst__28\'
INFO: [VRFC 10-3107] analyzing entity '\zynq_design_axi_smc_1_xpm_cdc_async_rst__29\'
INFO: [VRFC 10-3107] analyzing entity '\zynq_design_axi_smc_1_xpm_cdc_async_rst__30\'
INFO: [VRFC 10-3107] analyzing entity '\zynq_design_axi_smc_1_xpm_cdc_async_rst__31\'
INFO: [VRFC 10-3107] analyzing entity '\zynq_design_axi_smc_1_xpm_cdc_async_rst__32\'
INFO: [VRFC 10-3107] analyzing entity '\zynq_design_axi_smc_1_xpm_cdc_async_rst__33\'
INFO: [VRFC 10-3107] analyzing entity '\zynq_design_axi_smc_1_xpm_cdc_async_rst__34\'
INFO: [VRFC 10-3107] analyzing entity '\zynq_design_axi_smc_1_xpm_cdc_async_rst__35\'
INFO: [VRFC 10-3107] analyzing entity '\zynq_design_axi_smc_1_xpm_cdc_async_rst__36\'
INFO: [VRFC 10-3107] analyzing entity '\zynq_design_axi_smc_1_xpm_cdc_async_rst__37\'
INFO: [VRFC 10-3107] analyzing entity '\zynq_design_axi_smc_1_xpm_cdc_async_rst__38\'
INFO: [VRFC 10-3107] analyzing entity '\zynq_design_axi_smc_1_xpm_cdc_async_rst__39\'
INFO: [VRFC 10-3107] analyzing entity '\zynq_design_axi_smc_1_xpm_cdc_async_rst__40\'
INFO: [VRFC 10-3107] analyzing entity '\zynq_design_axi_smc_1_xpm_cdc_async_rst__41\'
INFO: [VRFC 10-3107] analyzing entity '\zynq_design_axi_smc_1_xpm_cdc_async_rst__42\'
INFO: [VRFC 10-3107] analyzing entity '\zynq_design_axi_smc_1_xpm_cdc_async_rst__43\'
INFO: [VRFC 10-3107] analyzing entity '\zynq_design_axi_smc_1_xpm_cdc_async_rst__44\'
INFO: [VRFC 10-3107] analyzing entity '\zynq_design_axi_smc_1_xpm_cdc_async_rst__45\'
INFO: [VRFC 10-3107] analyzing entity '\zynq_design_axi_smc_1_xpm_cdc_async_rst__46\'
INFO: [VRFC 10-3107] analyzing entity '\zynq_design_axi_smc_1_xpm_cdc_async_rst__47\'
INFO: [VRFC 10-3107] analyzing entity '\zynq_design_axi_smc_1_xpm_cdc_async_rst__48\'
INFO: [VRFC 10-3107] analyzing entity '\zynq_design_axi_smc_1_xpm_cdc_async_rst__49\'
INFO: [VRFC 10-3107] analyzing entity '\zynq_design_axi_smc_1_xpm_cdc_async_rst__50\'
INFO: [VRFC 10-3107] analyzing entity '\zynq_design_axi_smc_1_xpm_cdc_async_rst__51\'
INFO: [VRFC 10-3107] analyzing entity '\zynq_design_axi_smc_1_xpm_cdc_async_rst__52\'
INFO: [VRFC 10-3107] analyzing entity '\zynq_design_axi_smc_1_xpm_cdc_async_rst__53\'
INFO: [VRFC 10-3107] analyzing entity '\zynq_design_axi_smc_1_xpm_cdc_async_rst__54\'
INFO: [VRFC 10-3107] analyzing entity '\zynq_design_axi_smc_1_xpm_cdc_async_rst__55\'
INFO: [VRFC 10-3107] analyzing entity '\zynq_design_axi_smc_1_xpm_cdc_async_rst__56\'
INFO: [VRFC 10-3107] analyzing entity '\zynq_design_axi_smc_1_xpm_cdc_async_rst__57\'
INFO: [VRFC 10-3107] analyzing entity '\zynq_design_axi_smc_1_xpm_cdc_async_rst__58\'
INFO: [VRFC 10-3107] analyzing entity '\zynq_design_axi_smc_1_xpm_cdc_async_rst__59\'
INFO: [VRFC 10-3107] analyzing entity '\zynq_design_axi_smc_1_xpm_cdc_async_rst__60\'
INFO: [VRFC 10-3107] analyzing entity '\zynq_design_axi_smc_1_xpm_cdc_async_rst__61\'
INFO: [VRFC 10-3107] analyzing entity '\zynq_design_axi_smc_1_xpm_cdc_async_rst__62\'
INFO: [VRFC 10-3107] analyzing entity '\zynq_design_axi_smc_1_xpm_cdc_async_rst__63\'
INFO: [VRFC 10-3107] analyzing entity '\zynq_design_axi_smc_1_xpm_cdc_async_rst__64\'
INFO: [VRFC 10-3107] analyzing entity '\zynq_design_axi_smc_1_xpm_cdc_async_rst__65\'
INFO: [VRFC 10-3107] analyzing entity '\zynq_design_axi_smc_1_xpm_cdc_async_rst__66\'
INFO: [VRFC 10-3107] analyzing entity '\zynq_design_axi_smc_1_xpm_cdc_async_rst__67\'
INFO: [VRFC 10-3107] analyzing entity '\zynq_design_axi_smc_1_xpm_cdc_async_rst__68\'
INFO: [VRFC 10-3107] analyzing entity '\zynq_design_axi_smc_1_xpm_cdc_async_rst__69\'
INFO: [VRFC 10-3107] analyzing entity '\zynq_design_axi_smc_1_xpm_cdc_async_rst__70\'
INFO: [VRFC 10-3107] analyzing entity '\zynq_design_axi_smc_1_xpm_cdc_async_rst__71\'
INFO: [VRFC 10-3107] analyzing entity '\zynq_design_axi_smc_1_xpm_cdc_async_rst__72\'
INFO: [VRFC 10-3107] analyzing entity '\zynq_design_axi_smc_1_xpm_cdc_async_rst__73\'
INFO: [VRFC 10-3107] analyzing entity '\zynq_design_axi_smc_1_xpm_cdc_async_rst__74\'
INFO: [VRFC 10-3107] analyzing entity '\zynq_design_axi_smc_1_xpm_cdc_async_rst__75\'
INFO: [VRFC 10-3107] analyzing entity '\zynq_design_axi_smc_1_xpm_cdc_async_rst__76\'
INFO: [VRFC 10-3107] analyzing entity '\zynq_design_axi_smc_1_xpm_cdc_async_rst__77\'
INFO: [VRFC 10-3107] analyzing entity '\zynq_design_axi_smc_1_xpm_cdc_async_rst__78\'
INFO: [VRFC 10-3107] analyzing entity '\zynq_design_axi_smc_1_xpm_cdc_async_rst__79\'
INFO: [VRFC 10-3107] analyzing entity '\zynq_design_axi_smc_1_xpm_cdc_async_rst__80\'
INFO: [VRFC 10-3107] analyzing entity '\zynq_design_axi_smc_1_xpm_cdc_async_rst__81\'
INFO: [VRFC 10-3107] analyzing entity 'zynq_design_controlsubsystemIP_0_0_controlsubsystemIP'
INFO: [VRFC 10-3107] analyzing entity 'zynq_design_datamemIP_0_0_datamemIP'
INFO: [VRFC 10-3107] analyzing entity 'zynq_design_instructionmemIP_0_0_instructionmemIP'
INFO: [VRFC 10-3107] analyzing entity 'zynq_design_processing_system7_0_0_processing_system7_v5_5_processing_system7'
INFO: [VRFC 10-3107] analyzing entity 'zynq_design_registerIP_0_0_registerIP'
INFO: [VRFC 10-3107] analyzing entity 'zynq_design_rst_ps7_0_50M_0_cdc_sync'
INFO: [VRFC 10-3107] analyzing entity 'zynq_design_rst_ps7_0_50M_0_cdc_sync_0'
INFO: [VRFC 10-3107] analyzing entity 'zynq_design_rst_ps7_0_50M_0_upcnt_n'
INFO: [VRFC 10-3107] analyzing entity 'zynq_design_axi_smc_1_sc_axi2sc_v1_0_10_top'
INFO: [VRFC 10-3107] analyzing entity 'zynq_design_axi_smc_1_sc_exit_v1_0_16_exit'
INFO: [VRFC 10-3107] analyzing entity '\zynq_design_axi_smc_1_sc_exit_v1_0_16_exit__parameterized0\'
INFO: [VRFC 10-3107] analyzing entity '\zynq_design_axi_smc_1_sc_exit_v1_0_16_exit__parameterized1\'
INFO: [VRFC 10-3107] analyzing entity '\zynq_design_axi_smc_1_sc_exit_v1_0_16_exit__parameterized2\'
INFO: [VRFC 10-3107] analyzing entity 'zynq_design_axi_smc_1_sc_mmu_v1_0_14_decerr_slave'
INFO: [VRFC 10-3107] analyzing entity 'zynq_design_axi_smc_1_sc_node_v1_0_17_arb_alg_rr'
INFO: [VRFC 10-3107] analyzing entity 'zynq_design_axi_smc_1_sc_node_v1_0_17_arb_alg_rr_4'
INFO: [VRFC 10-3107] analyzing entity 'zynq_design_axi_smc_1_sc_node_v1_0_17_fi_regulator'
INFO: [VRFC 10-3107] analyzing entity 'zynq_design_axi_smc_1_sc_node_v1_0_17_fi_regulator_9'
INFO: [VRFC 10-3107] analyzing entity 'zynq_design_axi_smc_1_sc_node_v1_0_17_mi_handler'
INFO: [VRFC 10-3107] analyzing entity 'zynq_design_axi_smc_1_sc_node_v1_0_17_mi_handler_21'
INFO: [VRFC 10-3107] analyzing entity 'zynq_design_axi_smc_1_sc_node_v1_0_17_mi_handler_26'
INFO: [VRFC 10-3107] analyzing entity 'zynq_design_axi_smc_1_sc_node_v1_0_17_mi_handler_31'
INFO: [VRFC 10-3107] analyzing entity '\zynq_design_axi_smc_1_sc_node_v1_0_17_mi_handler__parameterized0\'
INFO: [VRFC 10-3107] analyzing entity '\zynq_design_axi_smc_1_sc_node_v1_0_17_mi_handler__parameterized0_20\'
INFO: [VRFC 10-3107] analyzing entity '\zynq_design_axi_smc_1_sc_node_v1_0_17_mi_handler__parameterized0_25\'
INFO: [VRFC 10-3107] analyzing entity '\zynq_design_axi_smc_1_sc_node_v1_0_17_mi_handler__parameterized0_30\'
INFO: [VRFC 10-3107] analyzing entity '\zynq_design_axi_smc_1_sc_node_v1_0_17_mi_handler__parameterized1\'
INFO: [VRFC 10-3107] analyzing entity '\zynq_design_axi_smc_1_sc_node_v1_0_17_mi_handler__parameterized1_19\'
INFO: [VRFC 10-3107] analyzing entity '\zynq_design_axi_smc_1_sc_node_v1_0_17_mi_handler__parameterized1_24\'
INFO: [VRFC 10-3107] analyzing entity '\zynq_design_axi_smc_1_sc_node_v1_0_17_mi_handler__parameterized1_29\'
INFO: [VRFC 10-3107] analyzing entity '\zynq_design_axi_smc_1_sc_node_v1_0_17_mi_handler__parameterized2\'
INFO: [VRFC 10-3107] analyzing entity '\zynq_design_axi_smc_1_sc_node_v1_0_17_mi_handler__parameterized2_18\'
INFO: [VRFC 10-3107] analyzing entity '\zynq_design_axi_smc_1_sc_node_v1_0_17_mi_handler__parameterized2_23\'
INFO: [VRFC 10-3107] analyzing entity '\zynq_design_axi_smc_1_sc_node_v1_0_17_mi_handler__parameterized2_28\'
INFO: [VRFC 10-3107] analyzing entity '\zynq_design_axi_smc_1_sc_node_v1_0_17_mi_handler__parameterized3\'
INFO: [VRFC 10-3107] analyzing entity '\zynq_design_axi_smc_1_sc_node_v1_0_17_mi_handler__parameterized3_17\'
INFO: [VRFC 10-3107] analyzing entity '\zynq_design_axi_smc_1_sc_node_v1_0_17_mi_handler__parameterized3_22\'
INFO: [VRFC 10-3107] analyzing entity '\zynq_design_axi_smc_1_sc_node_v1_0_17_mi_handler__parameterized3_27\'
INFO: [VRFC 10-3107] analyzing entity '\zynq_design_axi_smc_1_sc_node_v1_0_17_mi_handler__parameterized4\'
INFO: [VRFC 10-3107] analyzing entity '\zynq_design_axi_smc_1_sc_node_v1_0_17_mi_handler__parameterized5\'
INFO: [VRFC 10-3107] analyzing entity '\zynq_design_axi_smc_1_sc_node_v1_0_17_mi_handler__parameterized6\'
INFO: [VRFC 10-3107] analyzing entity '\zynq_design_axi_smc_1_sc_node_v1_0_17_mi_handler__parameterized7\'
INFO: [VRFC 10-3107] analyzing entity '\zynq_design_axi_smc_1_sc_node_v1_0_17_mi_handler__parameterized8\'
INFO: [VRFC 10-3107] analyzing entity 'zynq_design_axi_smc_1_sc_sc2axi_v1_0_10_top'
INFO: [VRFC 10-3107] analyzing entity '\zynq_design_axi_smc_1_sc_sc2axi_v1_0_10_top__parameterized0\'
INFO: [VRFC 10-3107] analyzing entity '\zynq_design_axi_smc_1_sc_sc2axi_v1_0_10_top__parameterized1\'
INFO: [VRFC 10-3107] analyzing entity '\zynq_design_axi_smc_1_sc_sc2axi_v1_0_10_top__parameterized2\'
INFO: [VRFC 10-3107] analyzing entity 'zynq_design_axi_smc_1_sc_si_converter_v1_0_14_axilite_conv'
INFO: [VRFC 10-3107] analyzing entity 'zynq_design_axi_smc_1_sc_switchboard_v1_0_8_top'
INFO: [VRFC 10-3107] analyzing entity '\zynq_design_axi_smc_1_sc_switchboard_v1_0_8_top__1\'
INFO: [VRFC 10-3107] analyzing entity '\zynq_design_axi_smc_1_sc_switchboard_v1_0_8_top__parameterized0\'
INFO: [VRFC 10-3107] analyzing entity '\zynq_design_axi_smc_1_sc_switchboard_v1_0_8_top__parameterized0__1\'
INFO: [VRFC 10-3107] analyzing entity '\zynq_design_axi_smc_1_sc_switchboard_v1_0_8_top__parameterized1\'
INFO: [VRFC 10-3107] analyzing entity '\zynq_design_axi_smc_1_sc_switchboard_v1_0_8_top__parameterized2\'
INFO: [VRFC 10-3107] analyzing entity '\zynq_design_axi_smc_1_sc_switchboard_v1_0_8_top__parameterized3\'
INFO: [VRFC 10-3107] analyzing entity '\zynq_design_axi_smc_1_sc_switchboard_v1_0_8_top__parameterized4\'
INFO: [VRFC 10-3107] analyzing entity '\zynq_design_axi_smc_1_sc_switchboard_v1_0_8_top__parameterized5\'
INFO: [VRFC 10-3107] analyzing entity '\zynq_design_axi_smc_1_sc_switchboard_v1_0_8_top__parameterized6\'
INFO: [VRFC 10-3107] analyzing entity 'zynq_design_axi_smc_1_sc_transaction_regulator_v1_0_11_singleorder'
INFO: [VRFC 10-3107] analyzing entity 'zynq_design_axi_smc_1_sc_transaction_regulator_v1_0_11_singleorder_15'
INFO: [VRFC 10-3107] analyzing entity '\zynq_design_axi_smc_1_sc_util_v1_0_4_axi_reg_stall__parameterized0\'
INFO: [VRFC 10-3107] analyzing entity '\zynq_design_axi_smc_1_sc_util_v1_0_4_axi_reg_stall__parameterized0_16\'
INFO: [VRFC 10-3107] analyzing entity 'zynq_design_axi_smc_1_sc_util_v1_0_4_axi_splitter'
INFO: [VRFC 10-3107] analyzing entity '\zynq_design_axi_smc_1_sc_util_v1_0_4_counter__parameterized0\'
INFO: [VRFC 10-3107] analyzing entity '\zynq_design_axi_smc_1_sc_util_v1_0_4_counter__parameterized0_10\'
INFO: [VRFC 10-3107] analyzing entity '\zynq_design_axi_smc_1_sc_util_v1_0_4_counter__parameterized0_11\'
INFO: [VRFC 10-3107] analyzing entity '\zynq_design_axi_smc_1_sc_util_v1_0_4_counter__parameterized0_14\'
INFO: [VRFC 10-3107] analyzing entity '\zynq_design_axi_smc_1_sc_util_v1_0_4_counter__parameterized0_3\'
INFO: [VRFC 10-3107] analyzing entity '\zynq_design_axi_smc_1_sc_util_v1_0_4_counter__parameterized1\'
INFO: [VRFC 10-3107] analyzing entity '\zynq_design_axi_smc_1_sc_util_v1_0_4_counter__parameterized1_0\'
INFO: [VRFC 10-3107] analyzing entity '\zynq_design_axi_smc_1_sc_util_v1_0_4_counter__parameterized1_1\'
INFO: [VRFC 10-3107] analyzing entity '\zynq_design_axi_smc_1_sc_util_v1_0_4_counter__parameterized1_2\'
INFO: [VRFC 10-3107] analyzing entity '\zynq_design_axi_smc_1_sc_util_v1_0_4_counter__parameterized1_5\'
INFO: [VRFC 10-3107] analyzing entity '\zynq_design_axi_smc_1_sc_util_v1_0_4_counter__parameterized1_6\'
INFO: [VRFC 10-3107] analyzing entity '\zynq_design_axi_smc_1_sc_util_v1_0_4_counter__parameterized1_7\'
INFO: [VRFC 10-3107] analyzing entity '\zynq_design_axi_smc_1_sc_util_v1_0_4_counter__parameterized1_8\'
INFO: [VRFC 10-3107] analyzing entity 'zynq_design_RISCVCOREZYNQ_0_0_internal_connections'
INFO: [VRFC 10-3107] analyzing entity 'zynq_design_axi_smc_1_bd_375a_arinsw_0'
INFO: [VRFC 10-3107] analyzing entity 'zynq_design_axi_smc_1_bd_375a_aroutsw_0'
INFO: [VRFC 10-3107] analyzing entity 'zynq_design_axi_smc_1_bd_375a_awinsw_0'
INFO: [VRFC 10-3107] analyzing entity 'zynq_design_axi_smc_1_bd_375a_awoutsw_0'
INFO: [VRFC 10-3107] analyzing entity 'zynq_design_axi_smc_1_bd_375a_binsw_0'
INFO: [VRFC 10-3107] analyzing entity 'zynq_design_axi_smc_1_bd_375a_boutsw_0'
INFO: [VRFC 10-3107] analyzing entity 'zynq_design_axi_smc_1_bd_375a_m00s2a_0'
INFO: [VRFC 10-3107] analyzing entity 'zynq_design_axi_smc_1_bd_375a_m01s2a_0'
INFO: [VRFC 10-3107] analyzing entity 'zynq_design_axi_smc_1_bd_375a_m02s2a_0'
INFO: [VRFC 10-3107] analyzing entity 'zynq_design_axi_smc_1_bd_375a_m03s2a_0'
INFO: [VRFC 10-3107] analyzing entity 'zynq_design_axi_smc_1_bd_375a_rinsw_0'
INFO: [VRFC 10-3107] analyzing entity 'zynq_design_axi_smc_1_bd_375a_routsw_0'
INFO: [VRFC 10-3107] analyzing entity 'zynq_design_axi_smc_1_bd_375a_s00a2s_0'
INFO: [VRFC 10-3107] analyzing entity 'zynq_design_axi_smc_1_bd_375a_winsw_0'
INFO: [VRFC 10-3107] analyzing entity 'zynq_design_axi_smc_1_bd_375a_woutsw_0'
INFO: [VRFC 10-3107] analyzing entity 'zynq_design_axi_smc_1_lpf'
INFO: [VRFC 10-3107] analyzing entity 'zynq_design_axi_smc_1_sequence_psr'
INFO: [VRFC 10-3107] analyzing entity 'zynq_design_controlsubsystemIP_0_0'
INFO: [VRFC 10-3107] analyzing entity 'zynq_design_datamemIP_0_0'
INFO: [VRFC 10-3107] analyzing entity 'zynq_design_instructionmemIP_0_0'
INFO: [VRFC 10-3107] analyzing entity 'zynq_design_processing_system7_0_0'
INFO: [VRFC 10-3107] analyzing entity 'zynq_design_registerIP_0_0'
INFO: [VRFC 10-3107] analyzing entity 'zynq_design_rst_ps7_0_50M_0_lpf'
INFO: [VRFC 10-3107] analyzing entity 'zynq_design_rst_ps7_0_50M_0_sequence_psr'
INFO: [VRFC 10-3107] analyzing entity 'zynq_design_axi_smc_1_sc_exit_v1_0_16_top'
INFO: [VRFC 10-3107] analyzing entity '\zynq_design_axi_smc_1_sc_exit_v1_0_16_top__parameterized0\'
INFO: [VRFC 10-3107] analyzing entity '\zynq_design_axi_smc_1_sc_exit_v1_0_16_top__parameterized1\'
INFO: [VRFC 10-3107] analyzing entity '\zynq_design_axi_smc_1_sc_exit_v1_0_16_top__parameterized2\'
INFO: [VRFC 10-3107] analyzing entity 'zynq_design_axi_smc_1_sc_mmu_v1_0_14_top'
INFO: [VRFC 10-3107] analyzing entity 'zynq_design_axi_smc_1_sc_node_v1_0_17_reg_fifo'
INFO: [VRFC 10-3107] analyzing entity 'zynq_design_axi_smc_1_sc_node_v1_0_17_reg_fifo_13'
INFO: [VRFC 10-3107] analyzing entity '\zynq_design_axi_smc_1_sc_node_v1_0_17_reg_fifo__parameterized0\'
INFO: [VRFC 10-3107] analyzing entity '\zynq_design_axi_smc_1_sc_node_v1_0_17_reg_fifo__parameterized1\'
INFO: [VRFC 10-3107] analyzing entity '\zynq_design_axi_smc_1_sc_node_v1_0_17_reg_fifo__parameterized2\'
INFO: [VRFC 10-3107] analyzing entity '\zynq_design_axi_smc_1_sc_node_v1_0_17_si_handler__parameterized6\'
INFO: [VRFC 10-3107] analyzing entity '\zynq_design_axi_smc_1_sc_node_v1_0_17_si_handler__parameterized7\'
INFO: [VRFC 10-3107] analyzing entity 'zynq_design_axi_smc_1_sc_node_v1_0_17_top'
INFO: [VRFC 10-3107] analyzing entity '\zynq_design_axi_smc_1_sc_node_v1_0_17_top__parameterized0\'
INFO: [VRFC 10-3107] analyzing entity '\zynq_design_axi_smc_1_sc_node_v1_0_17_top__parameterized0__xdcDup__1\'
INFO: [VRFC 10-3107] analyzing entity '\zynq_design_axi_smc_1_sc_node_v1_0_17_top__parameterized0__xdcDup__2\'
INFO: [VRFC 10-3107] analyzing entity '\zynq_design_axi_smc_1_sc_node_v1_0_17_top__parameterized0__xdcDup__3\'
INFO: [VRFC 10-3107] analyzing entity '\zynq_design_axi_smc_1_sc_node_v1_0_17_top__parameterized1\'
INFO: [VRFC 10-3107] analyzing entity '\zynq_design_axi_smc_1_sc_node_v1_0_17_top__parameterized1__xdcDup__1\'
INFO: [VRFC 10-3107] analyzing entity '\zynq_design_axi_smc_1_sc_node_v1_0_17_top__parameterized1__xdcDup__2\'
INFO: [VRFC 10-3107] analyzing entity '\zynq_design_axi_smc_1_sc_node_v1_0_17_top__parameterized1__xdcDup__3\'
INFO: [VRFC 10-3107] analyzing entity '\zynq_design_axi_smc_1_sc_node_v1_0_17_top__parameterized2\'
INFO: [VRFC 10-3107] analyzing entity '\zynq_design_axi_smc_1_sc_node_v1_0_17_top__parameterized2__xdcDup__1\'
INFO: [VRFC 10-3107] analyzing entity '\zynq_design_axi_smc_1_sc_node_v1_0_17_top__parameterized2__xdcDup__2\'
INFO: [VRFC 10-3107] analyzing entity '\zynq_design_axi_smc_1_sc_node_v1_0_17_top__parameterized2__xdcDup__3\'
INFO: [VRFC 10-3107] analyzing entity '\zynq_design_axi_smc_1_sc_node_v1_0_17_top__parameterized3\'
INFO: [VRFC 10-3107] analyzing entity '\zynq_design_axi_smc_1_sc_node_v1_0_17_top__parameterized3__xdcDup__1\'
INFO: [VRFC 10-3107] analyzing entity '\zynq_design_axi_smc_1_sc_node_v1_0_17_top__parameterized3__xdcDup__2\'
INFO: [VRFC 10-3107] analyzing entity '\zynq_design_axi_smc_1_sc_node_v1_0_17_top__parameterized3__xdcDup__3\'
INFO: [VRFC 10-3107] analyzing entity '\zynq_design_axi_smc_1_sc_node_v1_0_17_top__parameterized4\'
INFO: [VRFC 10-3107] analyzing entity '\zynq_design_axi_smc_1_sc_node_v1_0_17_top__parameterized5\'
INFO: [VRFC 10-3107] analyzing entity '\zynq_design_axi_smc_1_sc_node_v1_0_17_top__parameterized6\'
INFO: [VRFC 10-3107] analyzing entity '\zynq_design_axi_smc_1_sc_node_v1_0_17_top__parameterized7\'
INFO: [VRFC 10-3107] analyzing entity '\zynq_design_axi_smc_1_sc_node_v1_0_17_top__parameterized8\'
INFO: [VRFC 10-3107] analyzing entity '\zynq_design_axi_smc_1_sc_node_v1_0_17_top__xdcDup__1\'
INFO: [VRFC 10-3107] analyzing entity '\zynq_design_axi_smc_1_sc_node_v1_0_17_top__xdcDup__2\'
INFO: [VRFC 10-3107] analyzing entity '\zynq_design_axi_smc_1_sc_node_v1_0_17_top__xdcDup__3\'
INFO: [VRFC 10-3107] analyzing entity 'zynq_design_axi_smc_1_sc_si_converter_v1_0_14_top'
INFO: [VRFC 10-3107] analyzing entity 'zynq_design_axi_smc_1_sc_transaction_regulator_v1_0_11_top'
INFO: [VRFC 10-3107] analyzing entity 'zynq_design_RISCVCOREZYNQ_0_0_RISCVCOREZYNQ'
INFO: [VRFC 10-3107] analyzing entity 'zynq_design_axi_smc_1_bd_375a_m00arn_0'
INFO: [VRFC 10-3107] analyzing entity 'zynq_design_axi_smc_1_bd_375a_m00awn_0'
INFO: [VRFC 10-3107] analyzing entity 'zynq_design_axi_smc_1_bd_375a_m00bn_0'
INFO: [VRFC 10-3107] analyzing entity 'zynq_design_axi_smc_1_bd_375a_m00e_0'
INFO: [VRFC 10-3107] analyzing entity 'zynq_design_axi_smc_1_bd_375a_m00rn_0'
INFO: [VRFC 10-3107] analyzing entity 'zynq_design_axi_smc_1_bd_375a_m00wn_0'
INFO: [VRFC 10-3107] analyzing entity 'zynq_design_axi_smc_1_bd_375a_m01arn_0'
INFO: [VRFC 10-3107] analyzing entity 'zynq_design_axi_smc_1_bd_375a_m01awn_0'
INFO: [VRFC 10-3107] analyzing entity 'zynq_design_axi_smc_1_bd_375a_m01bn_0'
INFO: [VRFC 10-3107] analyzing entity 'zynq_design_axi_smc_1_bd_375a_m01e_0'
INFO: [VRFC 10-3107] analyzing entity 'zynq_design_axi_smc_1_bd_375a_m01rn_0'
INFO: [VRFC 10-3107] analyzing entity 'zynq_design_axi_smc_1_bd_375a_m01wn_0'
INFO: [VRFC 10-3107] analyzing entity 'zynq_design_axi_smc_1_bd_375a_m02arn_0'
INFO: [VRFC 10-3107] analyzing entity 'zynq_design_axi_smc_1_bd_375a_m02awn_0'
INFO: [VRFC 10-3107] analyzing entity 'zynq_design_axi_smc_1_bd_375a_m02bn_0'
INFO: [VRFC 10-3107] analyzing entity 'zynq_design_axi_smc_1_bd_375a_m02e_0'
INFO: [VRFC 10-3107] analyzing entity 'zynq_design_axi_smc_1_bd_375a_m02rn_0'
INFO: [VRFC 10-3107] analyzing entity 'zynq_design_axi_smc_1_bd_375a_m02wn_0'
INFO: [VRFC 10-3107] analyzing entity 'zynq_design_axi_smc_1_bd_375a_m03arn_0'
INFO: [VRFC 10-3107] analyzing entity 'zynq_design_axi_smc_1_bd_375a_m03awn_0'
INFO: [VRFC 10-3107] analyzing entity 'zynq_design_axi_smc_1_bd_375a_m03bn_0'
INFO: [VRFC 10-3107] analyzing entity 'zynq_design_axi_smc_1_bd_375a_m03e_0'
INFO: [VRFC 10-3107] analyzing entity 'zynq_design_axi_smc_1_bd_375a_m03rn_0'
INFO: [VRFC 10-3107] analyzing entity 'zynq_design_axi_smc_1_bd_375a_m03wn_0'
INFO: [VRFC 10-3107] analyzing entity 'zynq_design_axi_smc_1_bd_375a_s00mmu_0'
INFO: [VRFC 10-3107] analyzing entity 'zynq_design_axi_smc_1_bd_375a_s00sic_0'
INFO: [VRFC 10-3107] analyzing entity 'zynq_design_axi_smc_1_bd_375a_s00tr_0'
INFO: [VRFC 10-3107] analyzing entity 'zynq_design_axi_smc_1_bd_375a_sarn_0'
INFO: [VRFC 10-3107] analyzing entity 'zynq_design_axi_smc_1_bd_375a_sawn_0'
INFO: [VRFC 10-3107] analyzing entity 'zynq_design_axi_smc_1_bd_375a_sbn_0'
INFO: [VRFC 10-3107] analyzing entity 'zynq_design_axi_smc_1_bd_375a_srn_0'
INFO: [VRFC 10-3107] analyzing entity 'zynq_design_axi_smc_1_bd_375a_swn_0'
INFO: [VRFC 10-3107] analyzing entity 'zynq_design_axi_smc_1_proc_sys_reset'
INFO: [VRFC 10-3107] analyzing entity 'zynq_design_rst_ps7_0_50M_0_proc_sys_reset'
INFO: [VRFC 10-3107] analyzing entity 'zynq_design_axi_smc_1_sc_node_v1_0_17_fifo'
INFO: [VRFC 10-3107] analyzing entity 'zynq_design_axi_smc_1_sc_node_v1_0_17_fifo_12'
INFO: [VRFC 10-3107] analyzing entity '\zynq_design_axi_smc_1_sc_node_v1_0_17_fifo__parameterized0\'
INFO: [VRFC 10-3107] analyzing entity '\zynq_design_axi_smc_1_sc_node_v1_0_17_fifo__parameterized1\'
INFO: [VRFC 10-3107] analyzing entity '\zynq_design_axi_smc_1_sc_node_v1_0_17_fifo__parameterized2\'
INFO: [VRFC 10-3107] analyzing entity 'zynq_design_RISCVCOREZYNQ_0_0'
INFO: [VRFC 10-3107] analyzing entity 'zynq_design_axi_smc_1_bd_375a_psr_aclk_0'
INFO: [VRFC 10-3107] analyzing entity 'zynq_design_axi_smc_1_m00_exit_pipeline_imp_11RSL8J'
INFO: [VRFC 10-3107] analyzing entity 'zynq_design_axi_smc_1_m00_nodes_imp_1NYH773'
INFO: [VRFC 10-3107] analyzing entity 'zynq_design_axi_smc_1_m01_exit_pipeline_imp_184M343'
INFO: [VRFC 10-3107] analyzing entity 'zynq_design_axi_smc_1_m01_nodes_imp_J66H21'
INFO: [VRFC 10-3107] analyzing entity 'zynq_design_axi_smc_1_m02_exit_pipeline_imp_1A6LS77'
INFO: [VRFC 10-3107] analyzing entity 'zynq_design_axi_smc_1_m02_nodes_imp_FY3QPU'
INFO: [VRFC 10-3107] analyzing entity 'zynq_design_axi_smc_1_m03_exit_pipeline_imp_1D7JGEB'
INFO: [VRFC 10-3107] analyzing entity 'zynq_design_axi_smc_1_m03_nodes_imp_19MRKAC'
INFO: [VRFC 10-3107] analyzing entity 'zynq_design_axi_smc_1_s00_entry_pipeline_imp_32C9KW'
INFO: [VRFC 10-3107] analyzing entity 'zynq_design_axi_smc_1_s00_nodes_imp_8IMR2Y'
INFO: [VRFC 10-3107] analyzing entity 'zynq_design_rst_ps7_0_50M_0'
INFO: [VRFC 10-3107] analyzing entity '\zynq_design_axi_smc_1_sc_node_v1_0_17_mi_handler__parameterized10\'
INFO: [VRFC 10-3107] analyzing entity '\zynq_design_axi_smc_1_sc_node_v1_0_17_mi_handler__parameterized11\'
INFO: [VRFC 10-3107] analyzing entity '\zynq_design_axi_smc_1_sc_node_v1_0_17_mi_handler__parameterized12\'
INFO: [VRFC 10-3107] analyzing entity '\zynq_design_axi_smc_1_sc_node_v1_0_17_mi_handler__parameterized13\'
INFO: [VRFC 10-3107] analyzing entity '\zynq_design_axi_smc_1_sc_node_v1_0_17_mi_handler__parameterized9\'
INFO: [VRFC 10-3107] analyzing entity 'zynq_design_axi_smc_1_clk_map_imp_V88RQ0'
INFO: [VRFC 10-3107] analyzing entity '\zynq_design_axi_smc_1_sc_node_v1_0_17_top__parameterized10\'
INFO: [VRFC 10-3107] analyzing entity '\zynq_design_axi_smc_1_sc_node_v1_0_17_top__parameterized11\'
INFO: [VRFC 10-3107] analyzing entity '\zynq_design_axi_smc_1_sc_node_v1_0_17_top__parameterized12\'
INFO: [VRFC 10-3107] analyzing entity '\zynq_design_axi_smc_1_sc_node_v1_0_17_top__parameterized13\'
INFO: [VRFC 10-3107] analyzing entity '\zynq_design_axi_smc_1_sc_node_v1_0_17_top__parameterized9\'
INFO: [VRFC 10-3107] analyzing entity 'zynq_design_axi_smc_1_bd_375a_arni_0'
INFO: [VRFC 10-3107] analyzing entity 'zynq_design_axi_smc_1_bd_375a_awni_0'
INFO: [VRFC 10-3107] analyzing entity 'zynq_design_axi_smc_1_bd_375a_bni_0'
INFO: [VRFC 10-3107] analyzing entity 'zynq_design_axi_smc_1_bd_375a_rni_0'
INFO: [VRFC 10-3107] analyzing entity 'zynq_design_axi_smc_1_bd_375a_wni_0'
INFO: [VRFC 10-3107] analyzing entity 'zynq_design_axi_smc_1_i_nodes_imp_1D7VYK6'
INFO: [VRFC 10-3107] analyzing entity 'zynq_design_axi_smc_1_switchboards_imp_WJDN66'
INFO: [VRFC 10-3107] analyzing entity 'zynq_design_axi_smc_1_bd_375a'
INFO: [VRFC 10-3107] analyzing entity 'zynq_design_axi_smc_1'
INFO: [VRFC 10-3107] analyzing entity 'zynq_design'
INFO: [VRFC 10-3107] analyzing entity 'zynq_design_wrapper'
