
*** Running vivado
    with args -log controlsubsystemIP.vds -m64 -product Vivado -mode batch -messageDb vivado.pb -notrace -source controlsubsystemIP.tcl



****** Vivado v2024.2 (64-bit)
  **** SW Build 5239630 on Fri Nov 08 22:35:27 MST 2024
  **** IP Build 5239520 on Sun Nov 10 16:12:51 MST 2024
  **** SharedData Build 5239561 on Fri Nov 08 14:39:27 MST 2024
  **** Start of session at: Mon Mar 17 23:50:23 2025
    ** Copyright 1986-2022 Xilinx, Inc. All Rights Reserved.
    ** Copyright 2022-2024 Advanced Micro Devices, Inc. All Rights Reserved.

source controlsubsystemIP.tcl -notrace
WARNING: [Common 17-1361] You have specified a new message control rule that is equivalent to an existing rule with attributes ' -id {17-179}  -suppress '. The existing rule will be replaced.
WARNING: [Common 17-1361] You have specified a new message control rule that is equivalent to an existing rule with attributes ' -id {17-179}  -suppress '. The existing rule will be replaced.
WARNING: [Common 17-1361] You have specified a new message control rule that is equivalent to an existing rule with attributes ' -id {17-179}  -suppress '. The existing rule will be replaced.
WARNING: [Common 17-1361] You have specified a new message control rule that is equivalent to an existing rule with attributes ' -id {17-179}  -suppress '. The existing rule will be replaced.
WARNING: [Common 17-1361] You have specified a new message control rule that is equivalent to an existing rule with attributes ' -id {17-179}  -suppress '. The existing rule will be replaced.
WARNING: [Common 17-1361] You have specified a new message control rule that is equivalent to an existing rule with attributes ' -id {17-179}  -suppress '. The existing rule will be replaced.
create_project: Time (s): cpu = 00:00:05 ; elapsed = 00:00:05 . Memory (MB): peak = 482.953 ; gain = 151.699
INFO: [IP_Flow 19-234] Refreshing IP repositories
INFO: [IP_Flow 19-1700] Loaded user IP repository 'c:/Users/Chris/Desktop/RiscV-NPU-DualCore/ip_repo/bramIP_1_0'.
INFO: [IP_Flow 19-1700] Loaded user IP repository 'c:/Users/Chris/Desktop/RiscV-NPU-DualCore/ip_repo/controlsubsystemIP_1_0'.
INFO: [IP_Flow 19-1700] Loaded user IP repository 'c:/Users/Chris/Desktop/RiscV-NPU-DualCore/ip_repo/instructionmemIP_1_0'.
INFO: [IP_Flow 19-1700] Loaded user IP repository 'c:/Users/Chris/Desktop/RiscV-NPU-DualCore/ip_repo/registerIP_1_0'.
INFO: [IP_Flow 19-1700] Loaded user IP repository 'c:/Users/Chris/Desktop/RiscV-NPU-DualCore/ip_repo/datamemIP_1_0'.
WARNING: [IP_Flow 19-2207] Repository 'c:/Users/Chris/Desktop/RiscV-NPU-DualCore/ip_repo/controlsubsystemIP_1_0' already exists; ignoring attempt to add it again.
INFO: [IP_Flow 19-1700] Loaded user IP repository 'c:/Users/Chris/Desktop/RiscV-NPU-DualCore/ip_repo/controlsubsystemIP_1_0'.
WARNING: [IP_Flow 19-2207] Repository 'c:/Users/Chris/Desktop/RiscV-NPU-DualCore/ip_repo/controlsubsystemIP_1_0' already exists; ignoring attempt to add it again.
INFO: [IP_Flow 19-1700] Loaded user IP repository 'c:/Users/Chris/Desktop/RiscV-NPU-DualCore/ip_repo/controlsubsystemIP_1_0'.
WARNING: [IP_Flow 19-2207] Repository 'c:/Users/Chris/Desktop/RiscV-NPU-DualCore/ip_repo/controlsubsystemIP_1_0' already exists; ignoring attempt to add it again.
INFO: [IP_Flow 19-1700] Loaded user IP repository 'c:/Users/Chris/Desktop/RiscV-NPU-DualCore/ip_repo/controlsubsystemIP_1_0'.
WARNING: [IP_Flow 19-2207] Repository 'c:/Users/Chris/Desktop/RiscV-NPU-DualCore/ip_repo/registerIP_1_0' already exists; ignoring attempt to add it again.
INFO: [IP_Flow 19-1700] Loaded user IP repository 'c:/Users/Chris/Desktop/RiscV-NPU-DualCore/ip_repo/registerIP_1_0'.
WARNING: [IP_Flow 19-2207] Repository 'c:/Users/Chris/Desktop/RiscV-NPU-DualCore/ip_repo/datamemIP_1_0' already exists; ignoring attempt to add it again.
INFO: [IP_Flow 19-1700] Loaded user IP repository 'c:/Users/Chris/Desktop/RiscV-NPU-DualCore/ip_repo/datamemIP_1_0'.
WARNING: [IP_Flow 19-2207] Repository 'c:/Users/Chris/Desktop/RiscV-NPU-DualCore/ip_repo/datamemIP_1_0' already exists; ignoring attempt to add it again.
INFO: [IP_Flow 19-1700] Loaded user IP repository 'c:/Users/Chris/Desktop/RiscV-NPU-DualCore/ip_repo/datamemIP_1_0'.
WARNING: [IP_Flow 19-2207] Repository 'c:/Users/Chris/Desktop/RiscV-NPU-DualCore/ip_repo/datamemIP_1_0' already exists; ignoring attempt to add it again.
INFO: [IP_Flow 19-1700] Loaded user IP repository 'c:/Users/Chris/Desktop/RiscV-NPU-DualCore/ip_repo/datamemIP_1_0'.
WARNING: [IP_Flow 19-2207] Repository 'c:/Users/Chris/Desktop/RiscV-NPU-DualCore/ip_repo/instructionmemIP_1_0' already exists; ignoring attempt to add it again.
INFO: [IP_Flow 19-1700] Loaded user IP repository 'c:/Users/Chris/Desktop/RiscV-NPU-DualCore/ip_repo/instructionmemIP_1_0'.
WARNING: [IP_Flow 19-2207] Repository 'c:/Users/Chris/Desktop/RiscV-NPU-DualCore/ip_repo/registerIP_1_0' already exists; ignoring attempt to add it again.
INFO: [IP_Flow 19-1700] Loaded user IP repository 'c:/Users/Chris/Desktop/RiscV-NPU-DualCore/ip_repo/registerIP_1_0'.
WARNING: [IP_Flow 19-2207] Repository 'c:/Users/Chris/Desktop/RiscV-NPU-DualCore/ip_repo/registerIP_1_0' already exists; ignoring attempt to add it again.
INFO: [IP_Flow 19-1700] Loaded user IP repository 'c:/Users/Chris/Desktop/RiscV-NPU-DualCore/ip_repo/registerIP_1_0'.
WARNING: [IP_Flow 19-2207] Repository 'c:/Users/Chris/Desktop/RiscV-NPU-DualCore/ip_repo/registerIP_1_0' already exists; ignoring attempt to add it again.
INFO: [IP_Flow 19-1700] Loaded user IP repository 'c:/Users/Chris/Desktop/RiscV-NPU-DualCore/ip_repo/registerIP_1_0'.
INFO: [IP_Flow 19-2313] Loaded Vivado IP repository 'F:/Vivado/2024.2/data/ip'.
WARNING: [IP_Flow 19-4995] The host OS only allows 260 characters in a normal path. The IP cache path is more than 80 characters. If you experience issues with IP caching, please consider changing the IP cache to a location with a shorter path. Alternately consider using the OS subst command to map part of the path to a drive letter. 
Current IP cache path is c:/users/chris/desktop/riscv-npu-dualcore/riscv32i_zynqcore/riscv32i_zynqcore.tmp/controlsubsystemip_v1_0_project/controlsubsystemIP_v1_0_project.cache/ip 
Command: synth_design -top controlsubsystemIP -part xc7z007sclg225-1
Starting synth_design
Attempting to get a license for feature 'Synthesis' and/or device 'xc7z007s'
INFO: [Common 17-349] Got license for feature 'Synthesis' and/or device 'xc7z007s'
INFO: [Synth 8-7079] Multithreading enabled for synth_design using a maximum of 2 processes.
INFO: [Synth 8-7078] Launching helper process for spawning children vivado processes
WARNING: [Common 17-1361] You have specified a new message control rule that is equivalent to an existing rule with attributes ' -id {17-179}  -suppress '. The existing rule will be replaced.
INFO: [Synth 8-7075] Helper process launched with PID 8140
---------------------------------------------------------------------------------
Starting Synthesize : Time (s): cpu = 00:00:06 ; elapsed = 00:00:06 . Memory (MB): peak = 966.242 ; gain = 476.949
---------------------------------------------------------------------------------
INFO: [Synth 8-638] synthesizing module 'controlsubsystemIP' [c:/Users/Chris/Desktop/RiscV-NPU-DualCore/ip_repo/controlsubsystemIP_1_0/hdl/controlsubsystemIP.vhd:38]
INFO: [Synth 8-256] done synthesizing module 'controlsubsystemIP' (0#1) [c:/Users/Chris/Desktop/RiscV-NPU-DualCore/ip_repo/controlsubsystemIP_1_0/hdl/controlsubsystemIP.vhd:38]
WARNING: [Synth 8-3917] design controlsubsystemIP has port s05_axi_bresp[1] driven by constant 0
WARNING: [Synth 8-3917] design controlsubsystemIP has port s05_axi_bresp[0] driven by constant 0
WARNING: [Synth 8-3917] design controlsubsystemIP has port s05_axi_rresp[1] driven by constant 0
WARNING: [Synth 8-3917] design controlsubsystemIP has port s05_axi_rresp[0] driven by constant 0
WARNING: [Synth 8-7129] Port s05_axi_awprot[2] in module controlsubsystemIP is either unconnected or has no load
WARNING: [Synth 8-7129] Port s05_axi_awprot[1] in module controlsubsystemIP is either unconnected or has no load
WARNING: [Synth 8-7129] Port s05_axi_awprot[0] in module controlsubsystemIP is either unconnected or has no load
WARNING: [Synth 8-7129] Port s05_axi_wdata[31] in module controlsubsystemIP is either unconnected or has no load
WARNING: [Synth 8-7129] Port s05_axi_wdata[30] in module controlsubsystemIP is either unconnected or has no load
WARNING: [Synth 8-7129] Port s05_axi_wdata[29] in module controlsubsystemIP is either unconnected or has no load
WARNING: [Synth 8-7129] Port s05_axi_wdata[28] in module controlsubsystemIP is either unconnected or has no load
WARNING: [Synth 8-7129] Port s05_axi_wdata[27] in module controlsubsystemIP is either unconnected or has no load
WARNING: [Synth 8-7129] Port s05_axi_wdata[26] in module controlsubsystemIP is either unconnected or has no load
WARNING: [Synth 8-7129] Port s05_axi_wdata[25] in module controlsubsystemIP is either unconnected or has no load
WARNING: [Synth 8-7129] Port s05_axi_wdata[24] in module controlsubsystemIP is either unconnected or has no load
WARNING: [Synth 8-7129] Port s05_axi_wdata[23] in module controlsubsystemIP is either unconnected or has no load
WARNING: [Synth 8-7129] Port s05_axi_wdata[22] in module controlsubsystemIP is either unconnected or has no load
WARNING: [Synth 8-7129] Port s05_axi_wdata[21] in module controlsubsystemIP is either unconnected or has no load
WARNING: [Synth 8-7129] Port s05_axi_wdata[20] in module controlsubsystemIP is either unconnected or has no load
WARNING: [Synth 8-7129] Port s05_axi_wdata[19] in module controlsubsystemIP is either unconnected or has no load
WARNING: [Synth 8-7129] Port s05_axi_wdata[18] in module controlsubsystemIP is either unconnected or has no load
WARNING: [Synth 8-7129] Port s05_axi_wdata[17] in module controlsubsystemIP is either unconnected or has no load
WARNING: [Synth 8-7129] Port s05_axi_wdata[16] in module controlsubsystemIP is either unconnected or has no load
WARNING: [Synth 8-7129] Port s05_axi_wdata[15] in module controlsubsystemIP is either unconnected or has no load
WARNING: [Synth 8-7129] Port s05_axi_wdata[14] in module controlsubsystemIP is either unconnected or has no load
WARNING: [Synth 8-7129] Port s05_axi_wdata[13] in module controlsubsystemIP is either unconnected or has no load
WARNING: [Synth 8-7129] Port s05_axi_wdata[12] in module controlsubsystemIP is either unconnected or has no load
WARNING: [Synth 8-7129] Port s05_axi_wdata[11] in module controlsubsystemIP is either unconnected or has no load
WARNING: [Synth 8-7129] Port s05_axi_wdata[10] in module controlsubsystemIP is either unconnected or has no load
WARNING: [Synth 8-7129] Port s05_axi_wdata[9] in module controlsubsystemIP is either unconnected or has no load
WARNING: [Synth 8-7129] Port s05_axi_wdata[8] in module controlsubsystemIP is either unconnected or has no load
WARNING: [Synth 8-7129] Port s05_axi_wdata[7] in module controlsubsystemIP is either unconnected or has no load
WARNING: [Synth 8-7129] Port s05_axi_wdata[6] in module controlsubsystemIP is either unconnected or has no load
WARNING: [Synth 8-7129] Port s05_axi_wdata[5] in module controlsubsystemIP is either unconnected or has no load
WARNING: [Synth 8-7129] Port s05_axi_wdata[4] in module controlsubsystemIP is either unconnected or has no load
WARNING: [Synth 8-7129] Port s05_axi_wdata[3] in module controlsubsystemIP is either unconnected or has no load
WARNING: [Synth 8-7129] Port s05_axi_wdata[2] in module controlsubsystemIP is either unconnected or has no load
WARNING: [Synth 8-7129] Port s05_axi_wdata[1] in module controlsubsystemIP is either unconnected or has no load
WARNING: [Synth 8-7129] Port s05_axi_wstrb[3] in module controlsubsystemIP is either unconnected or has no load
WARNING: [Synth 8-7129] Port s05_axi_wstrb[2] in module controlsubsystemIP is either unconnected or has no load
WARNING: [Synth 8-7129] Port s05_axi_wstrb[1] in module controlsubsystemIP is either unconnected or has no load
WARNING: [Synth 8-7129] Port s05_axi_wstrb[0] in module controlsubsystemIP is either unconnected or has no load
WARNING: [Synth 8-7129] Port s05_axi_arprot[2] in module controlsubsystemIP is either unconnected or has no load
WARNING: [Synth 8-7129] Port s05_axi_arprot[1] in module controlsubsystemIP is either unconnected or has no load
WARNING: [Synth 8-7129] Port s05_axi_arprot[0] in module controlsubsystemIP is either unconnected or has no load
---------------------------------------------------------------------------------
Finished Synthesize : Time (s): cpu = 00:00:08 ; elapsed = 00:00:08 . Memory (MB): peak = 1070.801 ; gain = 581.508
---------------------------------------------------------------------------------
---------------------------------------------------------------------------------
Finished Constraint Validation : Time (s): cpu = 00:00:09 ; elapsed = 00:00:09 . Memory (MB): peak = 1070.801 ; gain = 581.508
---------------------------------------------------------------------------------
---------------------------------------------------------------------------------
Start Loading Part and Timing Information
---------------------------------------------------------------------------------
Loading part: xc7z007sclg225-1
---------------------------------------------------------------------------------
Finished Loading Part and Timing Information : Time (s): cpu = 00:00:09 ; elapsed = 00:00:09 . Memory (MB): peak = 1070.801 ; gain = 581.508
---------------------------------------------------------------------------------
INFO: [Device 21-403] Loading part xc7z007sclg225-1
---------------------------------------------------------------------------------
Finished RTL Optimization Phase 2 : Time (s): cpu = 00:00:09 ; elapsed = 00:00:09 . Memory (MB): peak = 1070.801 ; gain = 581.508
---------------------------------------------------------------------------------
No constraint files found.
---------------------------------------------------------------------------------
Start RTL Component Statistics 
---------------------------------------------------------------------------------
Detailed RTL Component Info : 
+---Registers : 
	               32 Bit    Registers := 1     
	                1 Bit    Registers := 8     
+---Muxes : 
	   5 Input   32 Bit        Muxes := 1     
	   4 Input   32 Bit        Muxes := 1     
	   2 Input    1 Bit        Muxes := 2     
	   4 Input    1 Bit        Muxes := 3     
---------------------------------------------------------------------------------
Finished RTL Component Statistics 
---------------------------------------------------------------------------------
---------------------------------------------------------------------------------
Start Part Resource Summary
---------------------------------------------------------------------------------
Part Resources:
DSPs: 66 (col length:40)
BRAMs: 100 (col length: RAMB18 40 RAMB36 20)
---------------------------------------------------------------------------------
Finished Part Resource Summary
---------------------------------------------------------------------------------
No constraint files found.
---------------------------------------------------------------------------------
Start Cross Boundary and Area Optimization
---------------------------------------------------------------------------------
WARNING: [Synth 8-7080] Parallel synthesis criteria is not met
WARNING: [Synth 8-3917] design controlsubsystemIP has port s05_axi_bresp[1] driven by constant 0
WARNING: [Synth 8-3917] design controlsubsystemIP has port s05_axi_bresp[0] driven by constant 0
WARNING: [Synth 8-3917] design controlsubsystemIP has port s05_axi_rresp[1] driven by constant 0
WARNING: [Synth 8-3917] design controlsubsystemIP has port s05_axi_rresp[0] driven by constant 0
WARNING: [Synth 8-7129] Port s05_axi_awprot[2] in module controlsubsystemIP is either unconnected or has no load
WARNING: [Synth 8-7129] Port s05_axi_awprot[1] in module controlsubsystemIP is either unconnected or has no load
WARNING: [Synth 8-7129] Port s05_axi_awprot[0] in module controlsubsystemIP is either unconnected or has no load
WARNING: [Synth 8-7129] Port s05_axi_wdata[31] in module controlsubsystemIP is either unconnected or has no load
WARNING: [Synth 8-7129] Port s05_axi_wdata[30] in module controlsubsystemIP is either unconnected or has no load
WARNING: [Synth 8-7129] Port s05_axi_wdata[29] in module controlsubsystemIP is either unconnected or has no load
WARNING: [Synth 8-7129] Port s05_axi_wdata[28] in module controlsubsystemIP is either unconnected or has no load
WARNING: [Synth 8-7129] Port s05_axi_wdata[27] in module controlsubsystemIP is either unconnected or has no load
WARNING: [Synth 8-7129] Port s05_axi_wdata[26] in module controlsubsystemIP is either unconnected or has no load
WARNING: [Synth 8-7129] Port s05_axi_wdata[25] in module controlsubsystemIP is either unconnected or has no load
WARNING: [Synth 8-7129] Port s05_axi_wdata[24] in module controlsubsystemIP is either unconnected or has no load
WARNING: [Synth 8-7129] Port s05_axi_wdata[23] in module controlsubsystemIP is either unconnected or has no load
WARNING: [Synth 8-7129] Port s05_axi_wdata[22] in module controlsubsystemIP is either unconnected or has no load
WARNING: [Synth 8-7129] Port s05_axi_wdata[21] in module controlsubsystemIP is either unconnected or has no load
WARNING: [Synth 8-7129] Port s05_axi_wdata[20] in module controlsubsystemIP is either unconnected or has no load
WARNING: [Synth 8-7129] Port s05_axi_wdata[19] in module controlsubsystemIP is either unconnected or has no load
WARNING: [Synth 8-7129] Port s05_axi_wdata[18] in module controlsubsystemIP is either unconnected or has no load
WARNING: [Synth 8-7129] Port s05_axi_wdata[17] in module controlsubsystemIP is either unconnected or has no load
WARNING: [Synth 8-7129] Port s05_axi_wdata[16] in module controlsubsystemIP is either unconnected or has no load
WARNING: [Synth 8-7129] Port s05_axi_wdata[15] in module controlsubsystemIP is either unconnected or has no load
WARNING: [Synth 8-7129] Port s05_axi_wdata[14] in module controlsubsystemIP is either unconnected or has no load
WARNING: [Synth 8-7129] Port s05_axi_wdata[13] in module controlsubsystemIP is either unconnected or has no load
WARNING: [Synth 8-7129] Port s05_axi_wdata[12] in module controlsubsystemIP is either unconnected or has no load
WARNING: [Synth 8-7129] Port s05_axi_wdata[11] in module controlsubsystemIP is either unconnected or has no load
WARNING: [Synth 8-7129] Port s05_axi_wdata[10] in module controlsubsystemIP is either unconnected or has no load
WARNING: [Synth 8-7129] Port s05_axi_wdata[9] in module controlsubsystemIP is either unconnected or has no load
WARNING: [Synth 8-7129] Port s05_axi_wdata[8] in module controlsubsystemIP is either unconnected or has no load
WARNING: [Synth 8-7129] Port s05_axi_wdata[7] in module controlsubsystemIP is either unconnected or has no load
WARNING: [Synth 8-7129] Port s05_axi_wdata[6] in module controlsubsystemIP is either unconnected or has no load
WARNING: [Synth 8-7129] Port s05_axi_wdata[5] in module controlsubsystemIP is either unconnected or has no load
WARNING: [Synth 8-7129] Port s05_axi_wdata[4] in module controlsubsystemIP is either unconnected or has no load
WARNING: [Synth 8-7129] Port s05_axi_wdata[3] in module controlsubsystemIP is either unconnected or has no load
WARNING: [Synth 8-7129] Port s05_axi_wdata[2] in module controlsubsystemIP is either unconnected or has no load
WARNING: [Synth 8-7129] Port s05_axi_wdata[1] in module controlsubsystemIP is either unconnected or has no load
WARNING: [Synth 8-7129] Port s05_axi_wstrb[3] in module controlsubsystemIP is either unconnected or has no load
WARNING: [Synth 8-7129] Port s05_axi_wstrb[2] in module controlsubsystemIP is either unconnected or has no load
WARNING: [Synth 8-7129] Port s05_axi_wstrb[1] in module controlsubsystemIP is either unconnected or has no load
WARNING: [Synth 8-7129] Port s05_axi_wstrb[0] in module controlsubsystemIP is either unconnected or has no load
WARNING: [Synth 8-7129] Port s05_axi_arprot[2] in module controlsubsystemIP is either unconnected or has no load
WARNING: [Synth 8-7129] Port s05_axi_arprot[1] in module controlsubsystemIP is either unconnected or has no load
WARNING: [Synth 8-7129] Port s05_axi_arprot[0] in module controlsubsystemIP is either unconnected or has no load
---------------------------------------------------------------------------------
Finished Cross Boundary and Area Optimization : Time (s): cpu = 00:00:14 ; elapsed = 00:00:14 . Memory (MB): peak = 1265.004 ; gain = 775.711
---------------------------------------------------------------------------------
No constraint files found.
---------------------------------------------------------------------------------
Start Timing Optimization
---------------------------------------------------------------------------------
---------------------------------------------------------------------------------
Finished Timing Optimization : Time (s): cpu = 00:00:14 ; elapsed = 00:00:14 . Memory (MB): peak = 1272.316 ; gain = 783.023
---------------------------------------------------------------------------------
---------------------------------------------------------------------------------
Start Technology Mapping
---------------------------------------------------------------------------------
---------------------------------------------------------------------------------
Finished Technology Mapping : Time (s): cpu = 00:00:14 ; elapsed = 00:00:14 . Memory (MB): peak = 1272.316 ; gain = 783.023
---------------------------------------------------------------------------------
---------------------------------------------------------------------------------
Start IO Insertion
---------------------------------------------------------------------------------
---------------------------------------------------------------------------------
Start Flattening Before IO Insertion
---------------------------------------------------------------------------------
---------------------------------------------------------------------------------
Finished Flattening Before IO Insertion
---------------------------------------------------------------------------------
---------------------------------------------------------------------------------
Start Final Netlist Cleanup
---------------------------------------------------------------------------------
---------------------------------------------------------------------------------
Finished Final Netlist Cleanup
---------------------------------------------------------------------------------
---------------------------------------------------------------------------------
Finished IO Insertion : Time (s): cpu = 00:00:18 ; elapsed = 00:00:19 . Memory (MB): peak = 1472.574 ; gain = 983.281
---------------------------------------------------------------------------------
---------------------------------------------------------------------------------
Start Renaming Generated Instances
---------------------------------------------------------------------------------
---------------------------------------------------------------------------------
Finished Renaming Generated Instances : Time (s): cpu = 00:00:18 ; elapsed = 00:00:19 . Memory (MB): peak = 1472.574 ; gain = 983.281
---------------------------------------------------------------------------------
---------------------------------------------------------------------------------
Start Rebuilding User Hierarchy
---------------------------------------------------------------------------------
---------------------------------------------------------------------------------
Finished Rebuilding User Hierarchy : Time (s): cpu = 00:00:18 ; elapsed = 00:00:19 . Memory (MB): peak = 1472.574 ; gain = 983.281
---------------------------------------------------------------------------------
---------------------------------------------------------------------------------
Start Renaming Generated Ports
---------------------------------------------------------------------------------
---------------------------------------------------------------------------------
Finished Renaming Generated Ports : Time (s): cpu = 00:00:18 ; elapsed = 00:00:19 . Memory (MB): peak = 1472.574 ; gain = 983.281
---------------------------------------------------------------------------------
---------------------------------------------------------------------------------
Start Handling Custom Attributes
---------------------------------------------------------------------------------
---------------------------------------------------------------------------------
Finished Handling Custom Attributes : Time (s): cpu = 00:00:18 ; elapsed = 00:00:19 . Memory (MB): peak = 1472.574 ; gain = 983.281
---------------------------------------------------------------------------------
---------------------------------------------------------------------------------
Start Renaming Generated Nets
---------------------------------------------------------------------------------
---------------------------------------------------------------------------------
Finished Renaming Generated Nets : Time (s): cpu = 00:00:18 ; elapsed = 00:00:19 . Memory (MB): peak = 1472.574 ; gain = 983.281
---------------------------------------------------------------------------------
---------------------------------------------------------------------------------
Start Writing Synthesis Report
---------------------------------------------------------------------------------

Report BlackBoxes: 
+-+--------------+----------+
| |BlackBox name |Instances |
+-+--------------+----------+
+-+--------------+----------+

Report Cell Usage: 
+------+-----+------+
|      |Cell |Count |
+------+-----+------+
|1     |BUFG |     1|
|2     |LUT1 |     1|
|3     |LUT2 |     3|
|4     |LUT3 |     2|
|5     |LUT4 |     1|
|6     |LUT5 |     1|
|7     |LUT6 |     3|
|8     |FDRE |     8|
|9     |FDSE |     1|
|10    |IBUF |    16|
|11    |OBUF |    44|
+------+-----+------+

Report Instance Areas: 
+------+---------+-------+------+
|      |Instance |Module |Cells |
+------+---------+-------+------+
|1     |top      |       |    81|
+------+---------+-------+------+
---------------------------------------------------------------------------------
Finished Writing Synthesis Report : Time (s): cpu = 00:00:18 ; elapsed = 00:00:19 . Memory (MB): peak = 1472.574 ; gain = 983.281
---------------------------------------------------------------------------------
Synthesis finished with 0 errors, 0 critical warnings and 92 warnings.
Synthesis Optimization Runtime : Time (s): cpu = 00:00:18 ; elapsed = 00:00:19 . Memory (MB): peak = 1472.574 ; gain = 983.281
Synthesis Optimization Complete : Time (s): cpu = 00:00:18 ; elapsed = 00:00:19 . Memory (MB): peak = 1472.574 ; gain = 983.281
INFO: [Project 1-571] Translating synthesized netlist
Netlist sorting complete. Time (s): cpu = 00:00:00 ; elapsed = 00:00:00.001 . Memory (MB): peak = 1486.652 ; gain = 0.000
INFO: [Project 1-570] Preparing netlist for logic optimization
INFO: [Opt 31-138] Pushed 0 inverter(s) to 0 load pin(s).
Netlist sorting complete. Time (s): cpu = 00:00:00 ; elapsed = 00:00:00 . Memory (MB): peak = 1601.527 ; gain = 0.000
INFO: [Project 1-111] Unisim Transformation Summary:
No Unisim elements were transformed.

Synth Design complete | Checksum: 5574942a
INFO: [Common 17-83] Releasing license: Synthesis
30 Infos, 110 Warnings, 0 Critical Warnings and 0 Errors encountered.
synth_design completed successfully
synth_design: Time (s): cpu = 00:00:20 ; elapsed = 00:00:22 . Memory (MB): peak = 1601.527 ; gain = 1117.609
Write ShapeDB Complete: Time (s): cpu = 00:00:00 ; elapsed = 00:00:00.001 . Memory (MB): peak = 1601.527 ; gain = 0.000
INFO: [Common 17-1381] The checkpoint 'c:/Users/Chris/Desktop/RiscV-NPU-DualCore/RISCV32I_ZYNQCORE/RISCV32I_ZYNQCORE.tmp/controlsubsystemip_v1_0_project/controlsubsystemIP_v1_0_project.runs/synth_1/controlsubsystemIP.dcp' has been generated.
INFO: [Vivado 12-24828] Executing command : report_utilization -file controlsubsystemIP_utilization_synth.rpt -pb controlsubsystemIP_utilization_synth.pb
INFO: [Common 17-206] Exiting Vivado at Mon Mar 17 23:50:56 2025...
