
*** Running vivado
    with args -log zynq_design_instructionmemIP_0_0.vds -m64 -product Vivado -mode batch -messageDb vivado.pb -notrace -source zynq_design_instructionmemIP_0_0.tcl



****** Vivado v2024.2 (64-bit)
  **** SW Build 5239630 on Fri Nov 08 22:35:27 MST 2024
  **** IP Build 5239520 on Sun Nov 10 16:12:51 MST 2024
  **** SharedData Build 5239561 on Fri Nov 08 14:39:27 MST 2024
  **** Start of session at: Wed Mar  5 17:23:30 2025
    ** Copyright 1986-2022 Xilinx, Inc. All Rights Reserved.
    ** Copyright 2022-2024 Advanced Micro Devices, Inc. All Rights Reserved.

source zynq_design_instructionmemIP_0_0.tcl -notrace
WARNING: [Common 17-1361] You have specified a new message control rule that is equivalent to an existing rule with attributes ' -id {17-179}  -suppress '. The existing rule will be replaced.
WARNING: [Common 17-1361] You have specified a new message control rule that is equivalent to an existing rule with attributes ' -id {17-179}  -suppress '. The existing rule will be replaced.
WARNING: [Common 17-1361] You have specified a new message control rule that is equivalent to an existing rule with attributes ' -id {17-179}  -suppress '. The existing rule will be replaced.
WARNING: [Common 17-1361] You have specified a new message control rule that is equivalent to an existing rule with attributes ' -id {17-179}  -suppress '. The existing rule will be replaced.
WARNING: [Common 17-1361] You have specified a new message control rule that is equivalent to an existing rule with attributes ' -id {17-179}  -suppress '. The existing rule will be replaced.
WARNING: [Common 17-1361] You have specified a new message control rule that is equivalent to an existing rule with attributes ' -id {17-179}  -suppress '. The existing rule will be replaced.
WARNING: [Common 17-1361] You have specified a new message control rule that is equivalent to an existing rule with attributes ' -id {17-179}  -suppress '. The existing rule will be replaced.
create_project: Time (s): cpu = 00:00:06 ; elapsed = 00:00:06 . Memory (MB): peak = 482.375 ; gain = 152.297
INFO: [IP_Flow 19-234] Refreshing IP repositories
INFO: [IP_Flow 19-1700] Loaded user IP repository 'c:/Users/Chris/Desktop/RiscV-NPU-DualCore/ip_repo/bramIP_1_0'.
INFO: [IP_Flow 19-1700] Loaded user IP repository 'c:/Users/Chris/Desktop/RiscV-NPU-DualCore/ip_repo/controlsubsystemIP_1_0'.
INFO: [IP_Flow 19-1700] Loaded user IP repository 'c:/Users/Chris/Desktop/RiscV-NPU-DualCore/ip_repo/instructionmemIP_1_0'.
INFO: [IP_Flow 19-1700] Loaded user IP repository 'c:/Users/Chris/Desktop/RiscV-NPU-DualCore/ip_repo/registerIP_1_0'.
INFO: [IP_Flow 19-1700] Loaded user IP repository 'c:/Users/Chris/Desktop/RiscV-NPU-DualCore/ip_repo/datamemIP_1_0'.
WARNING: [IP_Flow 19-2207] Repository 'c:/Users/Chris/Desktop/RiscV-NPU-DualCore/ip_repo/controlsubsystemIP_1_0' already exists; ignoring attempt to add it again.
INFO: [IP_Flow 19-1700] Loaded user IP repository 'c:/Users/Chris/Desktop/RiscV-NPU-DualCore/ip_repo/controlsubsystemIP_1_0'.
WARNING: [IP_Flow 19-2207] Repository 'c:/Users/Chris/Desktop/RiscV-NPU-DualCore/ip_repo/controlsubsystemIP_1_0' already exists; ignoring attempt to add it again.
INFO: [IP_Flow 19-1700] Loaded user IP repository 'c:/Users/Chris/Desktop/RiscV-NPU-DualCore/ip_repo/controlsubsystemIP_1_0'.
WARNING: [IP_Flow 19-2207] Repository 'c:/Users/Chris/Desktop/RiscV-NPU-DualCore/ip_repo/controlsubsystemIP_1_0' already exists; ignoring attempt to add it again.
INFO: [IP_Flow 19-1700] Loaded user IP repository 'c:/Users/Chris/Desktop/RiscV-NPU-DualCore/ip_repo/controlsubsystemIP_1_0'.
WARNING: [IP_Flow 19-2207] Repository 'c:/Users/Chris/Desktop/RiscV-NPU-DualCore/ip_repo/registerIP_1_0' already exists; ignoring attempt to add it again.
INFO: [IP_Flow 19-1700] Loaded user IP repository 'c:/Users/Chris/Desktop/RiscV-NPU-DualCore/ip_repo/registerIP_1_0'.
WARNING: [IP_Flow 19-2207] Repository 'c:/Users/Chris/Desktop/RiscV-NPU-DualCore/ip_repo/datamemIP_1_0' already exists; ignoring attempt to add it again.
INFO: [IP_Flow 19-1700] Loaded user IP repository 'c:/Users/Chris/Desktop/RiscV-NPU-DualCore/ip_repo/datamemIP_1_0'.
WARNING: [IP_Flow 19-2207] Repository 'c:/Users/Chris/Desktop/RiscV-NPU-DualCore/ip_repo/datamemIP_1_0' already exists; ignoring attempt to add it again.
INFO: [IP_Flow 19-1700] Loaded user IP repository 'c:/Users/Chris/Desktop/RiscV-NPU-DualCore/ip_repo/datamemIP_1_0'.
WARNING: [IP_Flow 19-2207] Repository 'c:/Users/Chris/Desktop/RiscV-NPU-DualCore/ip_repo/datamemIP_1_0' already exists; ignoring attempt to add it again.
INFO: [IP_Flow 19-1700] Loaded user IP repository 'c:/Users/Chris/Desktop/RiscV-NPU-DualCore/ip_repo/datamemIP_1_0'.
WARNING: [IP_Flow 19-2207] Repository 'c:/Users/Chris/Desktop/RiscV-NPU-DualCore/ip_repo/instructionmemIP_1_0' already exists; ignoring attempt to add it again.
INFO: [IP_Flow 19-1700] Loaded user IP repository 'c:/Users/Chris/Desktop/RiscV-NPU-DualCore/ip_repo/instructionmemIP_1_0'.
WARNING: [IP_Flow 19-2207] Repository 'c:/Users/Chris/Desktop/RiscV-NPU-DualCore/ip_repo/registerIP_1_0' already exists; ignoring attempt to add it again.
INFO: [IP_Flow 19-1700] Loaded user IP repository 'c:/Users/Chris/Desktop/RiscV-NPU-DualCore/ip_repo/registerIP_1_0'.
WARNING: [IP_Flow 19-2207] Repository 'c:/Users/Chris/Desktop/RiscV-NPU-DualCore/ip_repo/registerIP_1_0' already exists; ignoring attempt to add it again.
INFO: [IP_Flow 19-1700] Loaded user IP repository 'c:/Users/Chris/Desktop/RiscV-NPU-DualCore/ip_repo/registerIP_1_0'.
WARNING: [IP_Flow 19-2207] Repository 'c:/Users/Chris/Desktop/RiscV-NPU-DualCore/ip_repo/registerIP_1_0' already exists; ignoring attempt to add it again.
INFO: [IP_Flow 19-1700] Loaded user IP repository 'c:/Users/Chris/Desktop/RiscV-NPU-DualCore/ip_repo/registerIP_1_0'.
INFO: [IP_Flow 19-2313] Loaded Vivado IP repository 'F:/Vivado/2024.2/data/ip'.
WARNING: [IP_Flow 19-4995] The host OS only allows 260 characters in a normal path. The IP cache path is more than 80 characters. If you experience issues with IP caching, please consider changing the IP cache to a location with a shorter path. Alternately consider using the OS subst command to map part of the path to a drive letter. 
Current IP cache path is c:/Users/Chris/Desktop/RiscV-NPU-DualCore/RISCV32I_ZYNQCORE/RISCV32I_ZYNQCORE.cache/ip 
Command: synth_design -top zynq_design_instructionmemIP_0_0 -part xc7z007sclg225-1 -incremental_mode off -mode out_of_context
Starting synth_design
Attempting to get a license for feature 'Synthesis' and/or device 'xc7z007s'
INFO: [Common 17-349] Got license for feature 'Synthesis' and/or device 'xc7z007s'
INFO: [Device 21-403] Loading part xc7z007sclg225-1
INFO: [Synth 8-7079] Multithreading enabled for synth_design using a maximum of 2 processes.
INFO: [Synth 8-7078] Launching helper process for spawning children vivado processes
WARNING: [Common 17-1361] You have specified a new message control rule that is equivalent to an existing rule with attributes ' -id {17-179}  -suppress '. The existing rule will be replaced.
INFO: [Synth 8-7075] Helper process launched with PID 11116
---------------------------------------------------------------------------------
Starting RTL Elaboration : Time (s): cpu = 00:00:08 ; elapsed = 00:00:08 . Memory (MB): peak = 1168.684 ; gain = 467.363
---------------------------------------------------------------------------------
INFO: [Synth 8-638] synthesizing module 'zynq_design_instructionmemIP_0_0' [c:/Users/Chris/Desktop/RiscV-NPU-DualCore/RISCV32I_ZYNQCORE/RISCV32I_ZYNQCORE.gen/sources_1/bd/zynq_design/ip/zynq_design_instructionmemIP_0_0/synth/zynq_design_instructionmemIP_0_0.vhd:84]
	Parameter C_S00_AXI_DATA_WIDTH bound to: 32 - type: integer 
	Parameter C_S00_AXI_ADDR_WIDTH bound to: 16 - type: integer 
	Parameter SIZE bound to: 512 - type: integer 
	Parameter ADDR_WIDTH bound to: 9 - type: integer 
	Parameter COL_WIDTH bound to: 8 - type: integer 
	Parameter NB_COL bound to: 4 - type: integer 
INFO: [Synth 8-3491] module 'instructionmemIP' declared at 'c:/Users/Chris/Desktop/RiscV-NPU-DualCore/RISCV32I_ZYNQCORE/RISCV32I_ZYNQCORE.gen/sources_1/bd/zynq_design/ipshared/fbcb/hdl/instructionmemIP.vhd:5' bound to instance 'U0' of component 'instructionmemIP' [c:/Users/Chris/Desktop/RiscV-NPU-DualCore/RISCV32I_ZYNQCORE/RISCV32I_ZYNQCORE.gen/sources_1/bd/zynq_design/ip/zynq_design_instructionmemIP_0_0/synth/zynq_design_instructionmemIP_0_0.vhd:160]
INFO: [Synth 8-638] synthesizing module 'instructionmemIP' [c:/Users/Chris/Desktop/RiscV-NPU-DualCore/RISCV32I_ZYNQCORE/RISCV32I_ZYNQCORE.gen/sources_1/bd/zynq_design/ipshared/fbcb/hdl/instructionmemIP.vhd:44]
INFO: [Synth 8-256] done synthesizing module 'instructionmemIP' (0#1) [c:/Users/Chris/Desktop/RiscV-NPU-DualCore/RISCV32I_ZYNQCORE/RISCV32I_ZYNQCORE.gen/sources_1/bd/zynq_design/ipshared/fbcb/hdl/instructionmemIP.vhd:44]
INFO: [Synth 8-256] done synthesizing module 'zynq_design_instructionmemIP_0_0' (0#1) [c:/Users/Chris/Desktop/RiscV-NPU-DualCore/RISCV32I_ZYNQCORE/RISCV32I_ZYNQCORE.gen/sources_1/bd/zynq_design/ip/zynq_design_instructionmemIP_0_0/synth/zynq_design_instructionmemIP_0_0.vhd:84]
WARNING: [Synth 8-7129] Port s00_axi_awaddr[15] in module instructionmemIP is either unconnected or has no load
WARNING: [Synth 8-7129] Port s00_axi_awaddr[14] in module instructionmemIP is either unconnected or has no load
WARNING: [Synth 8-7129] Port s00_axi_awaddr[13] in module instructionmemIP is either unconnected or has no load
WARNING: [Synth 8-7129] Port s00_axi_awaddr[12] in module instructionmemIP is either unconnected or has no load
WARNING: [Synth 8-7129] Port s00_axi_awaddr[11] in module instructionmemIP is either unconnected or has no load
WARNING: [Synth 8-7129] Port s00_axi_awaddr[1] in module instructionmemIP is either unconnected or has no load
WARNING: [Synth 8-7129] Port s00_axi_awaddr[0] in module instructionmemIP is either unconnected or has no load
WARNING: [Synth 8-7129] Port s00_axi_awprot[2] in module instructionmemIP is either unconnected or has no load
WARNING: [Synth 8-7129] Port s00_axi_awprot[1] in module instructionmemIP is either unconnected or has no load
WARNING: [Synth 8-7129] Port s00_axi_awprot[0] in module instructionmemIP is either unconnected or has no load
WARNING: [Synth 8-7129] Port s00_axi_araddr[15] in module instructionmemIP is either unconnected or has no load
WARNING: [Synth 8-7129] Port s00_axi_araddr[14] in module instructionmemIP is either unconnected or has no load
WARNING: [Synth 8-7129] Port s00_axi_araddr[13] in module instructionmemIP is either unconnected or has no load
WARNING: [Synth 8-7129] Port s00_axi_araddr[12] in module instructionmemIP is either unconnected or has no load
WARNING: [Synth 8-7129] Port s00_axi_araddr[11] in module instructionmemIP is either unconnected or has no load
WARNING: [Synth 8-7129] Port s00_axi_araddr[1] in module instructionmemIP is either unconnected or has no load
WARNING: [Synth 8-7129] Port s00_axi_araddr[0] in module instructionmemIP is either unconnected or has no load
WARNING: [Synth 8-7129] Port s00_axi_arprot[2] in module instructionmemIP is either unconnected or has no load
WARNING: [Synth 8-7129] Port s00_axi_arprot[1] in module instructionmemIP is either unconnected or has no load
WARNING: [Synth 8-7129] Port s00_axi_arprot[0] in module instructionmemIP is either unconnected or has no load
WARNING: [Synth 8-7129] Port pc_address[15] in module instructionmemIP is either unconnected or has no load
WARNING: [Synth 8-7129] Port pc_address[14] in module instructionmemIP is either unconnected or has no load
WARNING: [Synth 8-7129] Port pc_address[13] in module instructionmemIP is either unconnected or has no load
WARNING: [Synth 8-7129] Port pc_address[12] in module instructionmemIP is either unconnected or has no load
WARNING: [Synth 8-7129] Port pc_address[11] in module instructionmemIP is either unconnected or has no load
WARNING: [Synth 8-7129] Port pc_address[1] in module instructionmemIP is either unconnected or has no load
WARNING: [Synth 8-7129] Port pc_address[0] in module instructionmemIP is either unconnected or has no load
---------------------------------------------------------------------------------
Finished RTL Elaboration : Time (s): cpu = 00:00:10 ; elapsed = 00:00:10 . Memory (MB): peak = 1280.891 ; gain = 579.570
---------------------------------------------------------------------------------
---------------------------------------------------------------------------------
Start Handling Custom Attributes
---------------------------------------------------------------------------------
---------------------------------------------------------------------------------
Finished Handling Custom Attributes : Time (s): cpu = 00:00:10 ; elapsed = 00:00:10 . Memory (MB): peak = 1280.891 ; gain = 579.570
---------------------------------------------------------------------------------
---------------------------------------------------------------------------------
Finished RTL Optimization Phase 1 : Time (s): cpu = 00:00:10 ; elapsed = 00:00:10 . Memory (MB): peak = 1280.891 ; gain = 579.570
---------------------------------------------------------------------------------
Netlist sorting complete. Time (s): cpu = 00:00:00 ; elapsed = 00:00:00.008 . Memory (MB): peak = 1280.891 ; gain = 0.000
INFO: [Project 1-570] Preparing netlist for logic optimization

Processing XDC Constraints
Initializing timing engine
Completed Processing XDC Constraints

Netlist sorting complete. Time (s): cpu = 00:00:00 ; elapsed = 00:00:00 . Memory (MB): peak = 1335.293 ; gain = 0.000
INFO: [Project 1-111] Unisim Transformation Summary:
No Unisim elements were transformed.

Constraint Validation Runtime : Time (s): cpu = 00:00:00 ; elapsed = 00:00:00.032 . Memory (MB): peak = 1335.988 ; gain = 0.695
INFO: [Designutils 20-5008] Incremental synthesis strategy off
---------------------------------------------------------------------------------
Finished Constraint Validation : Time (s): cpu = 00:00:20 ; elapsed = 00:00:20 . Memory (MB): peak = 1335.988 ; gain = 634.668
---------------------------------------------------------------------------------
---------------------------------------------------------------------------------
Start Loading Part and Timing Information
---------------------------------------------------------------------------------
Loading part: xc7z007sclg225-1
---------------------------------------------------------------------------------
Finished Loading Part and Timing Information : Time (s): cpu = 00:00:20 ; elapsed = 00:00:20 . Memory (MB): peak = 1335.988 ; gain = 634.668
---------------------------------------------------------------------------------
---------------------------------------------------------------------------------
Start Applying 'set_property' XDC Constraints
---------------------------------------------------------------------------------
---------------------------------------------------------------------------------
Finished applying 'set_property' XDC Constraints : Time (s): cpu = 00:00:20 ; elapsed = 00:00:20 . Memory (MB): peak = 1335.988 ; gain = 634.668
---------------------------------------------------------------------------------
INFO: [Synth 8-3971] The signal "instructionmemIP:/RAM_reg" was recognized as a true dual port RAM template.
---------------------------------------------------------------------------------
Finished RTL Optimization Phase 2 : Time (s): cpu = 00:00:20 ; elapsed = 00:00:20 . Memory (MB): peak = 1335.988 ; gain = 634.668
---------------------------------------------------------------------------------
---------------------------------------------------------------------------------
Start RTL Component Statistics 
---------------------------------------------------------------------------------
Detailed RTL Component Info : 
+---Registers : 
	               32 Bit    Registers := 2     
	                1 Bit    Registers := 5     
+---RAMs : 
	              16K Bit	(512 X 32 bit)          RAMs := 1     
+---Muxes : 
	   5 Input   32 Bit        Muxes := 2     
	   2 Input   32 Bit        Muxes := 4     
	   2 Input    8 Bit        Muxes := 1     
	   2 Input    1 Bit        Muxes := 2     
	   5 Input    1 Bit        Muxes := 1     
---------------------------------------------------------------------------------
Finished RTL Component Statistics 
---------------------------------------------------------------------------------
---------------------------------------------------------------------------------
Start Part Resource Summary
---------------------------------------------------------------------------------
Part Resources:
DSPs: 66 (col length:40)
BRAMs: 100 (col length: RAMB18 40 RAMB36 20)
---------------------------------------------------------------------------------
Finished Part Resource Summary
---------------------------------------------------------------------------------
---------------------------------------------------------------------------------
Start Cross Boundary and Area Optimization
---------------------------------------------------------------------------------
WARNING: [Synth 8-7080] Parallel synthesis criteria is not met
INFO: [Synth 8-3917] design zynq_design_instructionmemIP_0_0 has port s00_axi_bresp[1] driven by constant 0
INFO: [Synth 8-3917] design zynq_design_instructionmemIP_0_0 has port s00_axi_bresp[0] driven by constant 0
INFO: [Synth 8-3917] design zynq_design_instructionmemIP_0_0 has port s00_axi_rresp[1] driven by constant 0
INFO: [Synth 8-3917] design zynq_design_instructionmemIP_0_0 has port s00_axi_rresp[0] driven by constant 0
WARNING: [Synth 8-7129] Port s00_axi_awaddr[15] in module zynq_design_instructionmemIP_0_0 is either unconnected or has no load
WARNING: [Synth 8-7129] Port s00_axi_awaddr[14] in module zynq_design_instructionmemIP_0_0 is either unconnected or has no load
WARNING: [Synth 8-7129] Port s00_axi_awaddr[13] in module zynq_design_instructionmemIP_0_0 is either unconnected or has no load
WARNING: [Synth 8-7129] Port s00_axi_awaddr[12] in module zynq_design_instructionmemIP_0_0 is either unconnected or has no load
WARNING: [Synth 8-7129] Port s00_axi_awaddr[11] in module zynq_design_instructionmemIP_0_0 is either unconnected or has no load
WARNING: [Synth 8-7129] Port s00_axi_awaddr[1] in module zynq_design_instructionmemIP_0_0 is either unconnected or has no load
WARNING: [Synth 8-7129] Port s00_axi_awaddr[0] in module zynq_design_instructionmemIP_0_0 is either unconnected or has no load
WARNING: [Synth 8-7129] Port s00_axi_awprot[2] in module zynq_design_instructionmemIP_0_0 is either unconnected or has no load
WARNING: [Synth 8-7129] Port s00_axi_awprot[1] in module zynq_design_instructionmemIP_0_0 is either unconnected or has no load
WARNING: [Synth 8-7129] Port s00_axi_awprot[0] in module zynq_design_instructionmemIP_0_0 is either unconnected or has no load
WARNING: [Synth 8-7129] Port s00_axi_araddr[15] in module zynq_design_instructionmemIP_0_0 is either unconnected or has no load
WARNING: [Synth 8-7129] Port s00_axi_araddr[14] in module zynq_design_instructionmemIP_0_0 is either unconnected or has no load
WARNING: [Synth 8-7129] Port s00_axi_araddr[13] in module zynq_design_instructionmemIP_0_0 is either unconnected or has no load
WARNING: [Synth 8-7129] Port s00_axi_araddr[12] in module zynq_design_instructionmemIP_0_0 is either unconnected or has no load
WARNING: [Synth 8-7129] Port s00_axi_araddr[11] in module zynq_design_instructionmemIP_0_0 is either unconnected or has no load
WARNING: [Synth 8-7129] Port s00_axi_araddr[1] in module zynq_design_instructionmemIP_0_0 is either unconnected or has no load
WARNING: [Synth 8-7129] Port s00_axi_araddr[0] in module zynq_design_instructionmemIP_0_0 is either unconnected or has no load
WARNING: [Synth 8-7129] Port s00_axi_arprot[2] in module zynq_design_instructionmemIP_0_0 is either unconnected or has no load
WARNING: [Synth 8-7129] Port s00_axi_arprot[1] in module zynq_design_instructionmemIP_0_0 is either unconnected or has no load
WARNING: [Synth 8-7129] Port s00_axi_arprot[0] in module zynq_design_instructionmemIP_0_0 is either unconnected or has no load
WARNING: [Synth 8-7129] Port pc_address[15] in module zynq_design_instructionmemIP_0_0 is either unconnected or has no load
WARNING: [Synth 8-7129] Port pc_address[14] in module zynq_design_instructionmemIP_0_0 is either unconnected or has no load
WARNING: [Synth 8-7129] Port pc_address[13] in module zynq_design_instructionmemIP_0_0 is either unconnected or has no load
WARNING: [Synth 8-7129] Port pc_address[12] in module zynq_design_instructionmemIP_0_0 is either unconnected or has no load
WARNING: [Synth 8-7129] Port pc_address[11] in module zynq_design_instructionmemIP_0_0 is either unconnected or has no load
WARNING: [Synth 8-7129] Port pc_address[1] in module zynq_design_instructionmemIP_0_0 is either unconnected or has no load
WARNING: [Synth 8-7129] Port pc_address[0] in module zynq_design_instructionmemIP_0_0 is either unconnected or has no load
INFO: [Synth 8-3971] The signal "zynq_design_instructionmemIP_0_0/U0/RAM_reg" was recognized as a true dual port RAM template.
---------------------------------------------------------------------------------
Finished Cross Boundary and Area Optimization : Time (s): cpu = 00:00:23 ; elapsed = 00:00:23 . Memory (MB): peak = 1335.988 ; gain = 634.668
---------------------------------------------------------------------------------
---------------------------------------------------------------------------------
Start ROM, RAM, DSP, Shift Register and Retiming Reporting
---------------------------------------------------------------------------------

Block RAM: Preliminary Mapping Report (see note below)
-------NONE-------
Note: The table above is a preliminary report that shows the Block RAMs at the current stage of the synthesis flow. Some Block RAMs may be reimplemented as non Block RAM primitives later in the synthesis flow. Multiple instantiated Block RAMs are reported only once. 
---------------------------------------------------------------------------------
Finished ROM, RAM, DSP, Shift Register and Retiming Reporting
---------------------------------------------------------------------------------
---------------------------------------------------------------------------------
Start Applying XDC Timing Constraints
---------------------------------------------------------------------------------
---------------------------------------------------------------------------------
Finished Applying XDC Timing Constraints : Time (s): cpu = 00:00:30 ; elapsed = 00:00:30 . Memory (MB): peak = 1474.270 ; gain = 772.949
---------------------------------------------------------------------------------
---------------------------------------------------------------------------------
Start Timing Optimization
---------------------------------------------------------------------------------
---------------------------------------------------------------------------------
Finished Timing Optimization : Time (s): cpu = 00:00:30 ; elapsed = 00:00:30 . Memory (MB): peak = 1474.270 ; gain = 772.949
---------------------------------------------------------------------------------
---------------------------------------------------------------------------------
Start ROM, RAM, DSP, Shift Register and Retiming Reporting
---------------------------------------------------------------------------------

Block RAM: Final Mapping Report
-------NONE-------
---------------------------------------------------------------------------------
Finished ROM, RAM, DSP, Shift Register and Retiming Reporting
---------------------------------------------------------------------------------
---------------------------------------------------------------------------------
Start Technology Mapping
---------------------------------------------------------------------------------
INFO: [Synth 8-7052] The timing for the instance U0/RAM_reg_1 (implemented as a Block RAM) might be sub-optimal as no optional output register could be merged into the ram block. Providing additional output register may help in improving timing.
INFO: [Synth 8-7052] The timing for the instance U0/RAM_reg_2 (implemented as a Block RAM) might be sub-optimal as no optional output register could be merged into the ram block. Providing additional output register may help in improving timing.
---------------------------------------------------------------------------------
Finished Technology Mapping : Time (s): cpu = 00:00:30 ; elapsed = 00:00:30 . Memory (MB): peak = 1483.840 ; gain = 782.520
---------------------------------------------------------------------------------
---------------------------------------------------------------------------------
Start IO Insertion
---------------------------------------------------------------------------------
---------------------------------------------------------------------------------
Start Flattening Before IO Insertion
---------------------------------------------------------------------------------
---------------------------------------------------------------------------------
Finished Flattening Before IO Insertion
---------------------------------------------------------------------------------
---------------------------------------------------------------------------------
Start Final Netlist Cleanup
---------------------------------------------------------------------------------
---------------------------------------------------------------------------------
Finished Final Netlist Cleanup
---------------------------------------------------------------------------------
---------------------------------------------------------------------------------
Finished IO Insertion : Time (s): cpu = 00:00:35 ; elapsed = 00:00:36 . Memory (MB): peak = 1700.125 ; gain = 998.805
---------------------------------------------------------------------------------
---------------------------------------------------------------------------------
Start Renaming Generated Instances
---------------------------------------------------------------------------------
---------------------------------------------------------------------------------
Finished Renaming Generated Instances : Time (s): cpu = 00:00:35 ; elapsed = 00:00:36 . Memory (MB): peak = 1700.125 ; gain = 998.805
---------------------------------------------------------------------------------
---------------------------------------------------------------------------------
Start Rebuilding User Hierarchy
---------------------------------------------------------------------------------
---------------------------------------------------------------------------------
Finished Rebuilding User Hierarchy : Time (s): cpu = 00:00:35 ; elapsed = 00:00:36 . Memory (MB): peak = 1700.125 ; gain = 998.805
---------------------------------------------------------------------------------
---------------------------------------------------------------------------------
Start Renaming Generated Ports
---------------------------------------------------------------------------------
---------------------------------------------------------------------------------
Finished Renaming Generated Ports : Time (s): cpu = 00:00:35 ; elapsed = 00:00:36 . Memory (MB): peak = 1700.125 ; gain = 998.805
---------------------------------------------------------------------------------
---------------------------------------------------------------------------------
Start Handling Custom Attributes
---------------------------------------------------------------------------------
---------------------------------------------------------------------------------
Finished Handling Custom Attributes : Time (s): cpu = 00:00:35 ; elapsed = 00:00:36 . Memory (MB): peak = 1701.141 ; gain = 999.820
---------------------------------------------------------------------------------
---------------------------------------------------------------------------------
Start Renaming Generated Nets
---------------------------------------------------------------------------------
---------------------------------------------------------------------------------
Finished Renaming Generated Nets : Time (s): cpu = 00:00:35 ; elapsed = 00:00:36 . Memory (MB): peak = 1701.141 ; gain = 999.820
---------------------------------------------------------------------------------
---------------------------------------------------------------------------------
Start Writing Synthesis Report
---------------------------------------------------------------------------------

Report BlackBoxes: 
+-+--------------+----------+
| |BlackBox name |Instances |
+-+--------------+----------+
+-+--------------+----------+

Report Cell Usage: 
+------+---------+------+
|      |Cell     |Count |
+------+---------+------+
|1     |LUT1     |     1|
|2     |LUT2     |     3|
|3     |LUT3     |     3|
|4     |LUT4     |     1|
|5     |RAMB18E1 |     2|
|6     |FDRE     |     5|
+------+---------+------+
---------------------------------------------------------------------------------
Finished Writing Synthesis Report : Time (s): cpu = 00:00:35 ; elapsed = 00:00:36 . Memory (MB): peak = 1701.141 ; gain = 999.820
---------------------------------------------------------------------------------
Synthesis finished with 0 errors, 0 critical warnings and 28 warnings.
Synthesis Optimization Runtime : Time (s): cpu = 00:00:23 ; elapsed = 00:00:34 . Memory (MB): peak = 1701.141 ; gain = 944.723
Synthesis Optimization Complete : Time (s): cpu = 00:00:35 ; elapsed = 00:00:36 . Memory (MB): peak = 1701.141 ; gain = 999.820
INFO: [Project 1-571] Translating synthesized netlist
Netlist sorting complete. Time (s): cpu = 00:00:00 ; elapsed = 00:00:00.004 . Memory (MB): peak = 1701.141 ; gain = 0.000
INFO: [Netlist 29-17] Analyzing 2 Unisim elements for replacement
INFO: [Netlist 29-28] Unisim Transformation completed in 0 CPU seconds
INFO: [Project 1-570] Preparing netlist for logic optimization
INFO: [Opt 31-138] Pushed 0 inverter(s) to 0 load pin(s).
Netlist sorting complete. Time (s): cpu = 00:00:00 ; elapsed = 00:00:00 . Memory (MB): peak = 1701.141 ; gain = 0.000
INFO: [Project 1-111] Unisim Transformation Summary:
No Unisim elements were transformed.

Synth Design complete | Checksum: 3311a9e6
INFO: [Common 17-83] Releasing license: Synthesis
46 Infos, 75 Warnings, 0 Critical Warnings and 0 Errors encountered.
synth_design completed successfully
synth_design: Time (s): cpu = 00:00:39 ; elapsed = 00:00:41 . Memory (MB): peak = 1701.141 ; gain = 1204.441
Write ShapeDB Complete: Time (s): cpu = 00:00:00 ; elapsed = 00:00:00 . Memory (MB): peak = 1701.141 ; gain = 0.000
INFO: [Common 17-1381] The checkpoint 'C:/Users/Chris/Desktop/RiscV-NPU-DualCore/RISCV32I_ZYNQCORE/RISCV32I_ZYNQCORE.runs/zynq_design_instructionmemIP_0_0_synth_1/zynq_design_instructionmemIP_0_0.dcp' has been generated.
INFO: [Vivado 12-24828] Executing command : report_utilization -file zynq_design_instructionmemIP_0_0_utilization_synth.rpt -pb zynq_design_instructionmemIP_0_0_utilization_synth.pb
INFO: [Common 17-206] Exiting Vivado at Wed Mar  5 17:24:24 2025...
