Nothing to build in platform 'tutorial_3'

04:06:33 **** Clean-only build of configuration Debug for project zynq_7000_tutorial_3_zynq7000_build_app ****
make clean 
rm -rf  ./src/AXI_VDMA.o ./src/MWACLUtils.o ./src/MWAdditionLayer.o ./src/MWArmneonAdditionLayerImpl.o ./src/MWArmneonAvgPoolingLayerImpl.o ./src/MWArmneonCNNLayerImpl.o ./src/MWArmneonConvLayerImpl.o ./src/MWArmneonCustomLayerBase.o ./src/MWArmneonElementwiseAffineLayerImpl.o ./src/MWArmneonFCLayerImpl.o ./src/MWArmneonFusedConvActivationLayerImpl.o ./src/MWArmneonInputLayerImpl.o ./src/MWArmneonLayerImplFactory.o ./src/MWArmneonOutputLayerImpl.o ./src/MWArmneonSoftmaxLayerImpl.o ./src/MWArmneonTargetNetworkImpl.o ./src/MWAvgPoolingLayer.o ./src/MWCNNLayer.o ./src/MWConvLayer.o ./src/MWElementwiseAffineLayer.o ./src/MWFCLayer.o ./src/MWFusedConvActivationLayer.o ./src/MWInputLayer.o ./src/MWOutputLayer.o ./src/MWSoftmaxLayer.o ./src/MWTensorBase.o ./src/OV5640.o ./src/PS_GPIO.o ./src/PS_IIC.o ./src/VideoOutput.o ./src/cam_init.o ./src/ert_main.o ./src/mobilenetv20_0.o ./src/rtGetInf.o ./src/rtGetNaN.o ./src/rt_nonfinite.o ./src/waijung2_hwdrvlib.o ./src/zynq_7000_tutorial_3.o  ./src/AXI_VDMA.d ./src/OV5640.d ./src/PS_GPIO.d ./src/PS_IIC.d ./src/VideoOutput.d ./src/cam_init.d  ./src/MWACLUtils.d ./src/MWAdditionLayer.d ./src/MWArmneonAdditionLayerImpl.d ./src/MWArmneonAvgPoolingLayerImpl.d ./src/MWArmneonCNNLayerImpl.d ./src/MWArmneonConvLayerImpl.d ./src/MWArmneonCustomLayerBase.d ./src/MWArmneonElementwiseAffineLayerImpl.d ./src/MWArmneonFCLayerImpl.d ./src/MWArmneonFusedConvActivationLayerImpl.d ./src/MWArmneonInputLayerImpl.d ./src/MWArmneonLayerImplFactory.d ./src/MWArmneonOutputLayerImpl.d ./src/MWArmneonSoftmaxLayerImpl.d ./src/MWArmneonTargetNetworkImpl.d ./src/MWAvgPoolingLayer.d ./src/MWCNNLayer.d ./src/MWConvLayer.d ./src/MWElementwiseAffineLayer.d ./src/MWFCLayer.d ./src/MWFusedConvActivationLayer.d ./src/MWInputLayer.d ./src/MWOutputLayer.d ./src/MWSoftmaxLayer.d ./src/MWTensorBase.d ./src/ert_main.d ./src/mobilenetv20_0.d ./src/rtGetInf.d ./src/rtGetNaN.d ./src/rt_nonfinite.d ./src/waijung2_hwdrvlib.d ./src/zynq_7000_tutorial_3.d  zynq_7000_tutorial_3_zynq7000_build_app.elf.size  zynq_7000_tutorial_3_zynq7000_build_app.elf
' '
04:06:37 **** Build of configuration Debug for project zynq_7000_tutorial_3_zynq7000_build_app ****
make all 
make --no-print-directory pre-build
a9-linaro-pre-build-step
' '
make --no-print-directory main-build
'Building file: ../src/AXI_VDMA.c'
'Invoking: ARM v7 g++ compiler'
arm-none-eabi-g++ -DUSE_20_02_1_LIBRARY -DNO_MULTI_THREADING -DBARE_METAL -Wall -O2 -g3 -I"F:\waijung2\targets\zynq7000\utils\ComputeLibrary-main" -I"F:\waijung2\targets\zynq7000\utils\ComputeLibrary-main\include" -c -fmessage-length=0 -MT"src/AXI_VDMA.o" -mcpu=cortex-a9 -mfpu=neon -fpermissive -mfloat-abi=hard -std=c++11 -g -IC:/Users/Chris/Desktop/RiscV-NPU-DualCore/Z7-RV-NPU/tutorial_3/export/tutorial_3/sw/tutorial_3/standalone_domain/bspinclude/include -MMD -MP -MF"src/AXI_VDMA.d" -MT"src/AXI_VDMA.o" -o "src/AXI_VDMA.o" "../src/AXI_VDMA.c"
../src/AXI_VDMA.c: In function 'int configure_interrupt_sys(uint16_t, uint16_t)':
../src/AXI_VDMA.c:172:64: warning: invalid conversion from 'void (*)(uint32_t)' {aka 'void (*)(long unsigned int)'} to 'void*' [-fpermissive]
  172 |  XAxiVdma_SetCallBack(&xaxivdma_dvr, XAXIVDMA_HANDLER_GENERAL, readHandler,
      |                                                                ^~~~~~~~~~~
      |                                                                |
      |                                                                void (*)(uint32_t) {aka void (*)(long unsigned int)}
In file included from ../src/AXI_VDMA.h:11,
                 from ../src/AXI_VDMA.c:1:
C:/Users/Chris/Desktop/RiscV-NPU-DualCore/Z7-RV-NPU/tutorial_3/export/tutorial_3/sw/tutorial_3/standalone_domain/bspinclude/include/xaxivdma.h:588:15: note:   initializing argument 3 of 'int XAxiVdma_SetCallBack(XAxiVdma*, u32, void*, void*, u16)'
  588 |         void *CallBackFunc, void *CallBackRef, u16 Direction);
      |         ~~~~~~^~~~~~~~~~~~
../src/AXI_VDMA.c:176:4: warning: invalid conversion from 'void (*)(uint32_t)' {aka 'void (*)(long unsigned int)'} to 'void*' [-fpermissive]
  176 |    readErrorHandler, (void *)&xaxivdma_dvr, XAXIVDMA_READ);
      |    ^~~~~~~~~~~~~~~~
      |    |
      |    void (*)(uint32_t) {aka void (*)(long unsigned int)}
In file included from ../src/AXI_VDMA.h:11,
                 from ../src/AXI_VDMA.c:1:
C:/Users/Chris/Desktop/RiscV-NPU-DualCore/Z7-RV-NPU/tutorial_3/export/tutorial_3/sw/tutorial_3/standalone_domain/bspinclude/include/xaxivdma.h:588:15: note:   initializing argument 3 of 'int XAxiVdma_SetCallBack(XAxiVdma*, u32, void*, void*, u16)'
  588 |         void *CallBackFunc, void *CallBackRef, u16 Direction);
      |         ~~~~~~^~~~~~~~~~~~
../src/AXI_VDMA.c:179:4: warning: invalid conversion from 'void (*)(uint32_t)' {aka 'void (*)(long unsigned int)'} to 'void*' [-fpermissive]
  179 |    writeHandler, (void *)&xaxivdma_dvr, XAXIVDMA_WRITE);
      |    ^~~~~~~~~~~~
      |    |
      |    void (*)(uint32_t) {aka void (*)(long unsigned int)}
In file included from ../src/AXI_VDMA.h:11,
                 from ../src/AXI_VDMA.c:1:
C:/Users/Chris/Desktop/RiscV-NPU-DualCore/Z7-RV-NPU/tutorial_3/export/tutorial_3/sw/tutorial_3/standalone_domain/bspinclude/include/xaxivdma.h:588:15: note:   initializing argument 3 of 'int XAxiVdma_SetCallBack(XAxiVdma*, u32, void*, void*, u16)'
  588 |         void *CallBackFunc, void *CallBackRef, u16 Direction);
      |         ~~~~~~^~~~~~~~~~~~
../src/AXI_VDMA.c:182:4: warning: invalid conversion from 'void (*)(uint32_t)' {aka 'void (*)(long unsigned int)'} to 'void*' [-fpermissive]
  182 |    writeErrorHandler, (void *)&xaxivdma_dvr, XAXIVDMA_WRITE);
      |    ^~~~~~~~~~~~~~~~~
      |    |
      |    void (*)(uint32_t) {aka void (*)(long unsigned int)}
In file included from ../src/AXI_VDMA.h:11,
                 from ../src/AXI_VDMA.c:1:
C:/Users/Chris/Desktop/RiscV-NPU-DualCore/Z7-RV-NPU/tutorial_3/export/tutorial_3/sw/tutorial_3/standalone_domain/bspinclude/include/xaxivdma.h:588:15: note:   initializing argument 3 of 'int XAxiVdma_SetCallBack(XAxiVdma*, u32, void*, void*, u16)'
  588 |         void *CallBackFunc, void *CallBackRef, u16 Direction);
      |         ~~~~~~^~~~~~~~~~~~
'Finished building: ../src/AXI_VDMA.c'
' '
'Building file: ../src/MWACLUtils.cpp'
'Invoking: ARM v7 g++ compiler'
arm-none-eabi-g++ -DUSE_20_02_1_LIBRARY -DNO_MULTI_THREADING -DBARE_METAL -Wall -O2 -g3 -I"F:\waijung2\targets\zynq7000\utils\ComputeLibrary-main" -I"F:\waijung2\targets\zynq7000\utils\ComputeLibrary-main\include" -c -fmessage-length=0 -MT"src/MWACLUtils.o" -mcpu=cortex-a9 -mfpu=neon -fpermissive -mfloat-abi=hard -std=c++11 -g -IC:/Users/Chris/Desktop/RiscV-NPU-DualCore/Z7-RV-NPU/tutorial_3/export/tutorial_3/sw/tutorial_3/standalone_domain/bspinclude/include -MMD -MP -MF"src/MWACLUtils.d" -MT"src/MWACLUtils.o" -o "src/MWACLUtils.o" "../src/MWACLUtils.cpp"
../src/MWACLUtils.cpp:145: warning: ignoring #pragma omp parallel [-Wunknown-pragmas]
  145 | #pragma omp parallel for collapse(5)
      | 
'Finished building: ../src/MWACLUtils.cpp'
' '
'Building file: ../src/MWAdditionLayer.cpp'
'Invoking: ARM v7 g++ compiler'
arm-none-eabi-g++ -DUSE_20_02_1_LIBRARY -DNO_MULTI_THREADING -DBARE_METAL -Wall -O2 -g3 -I"F:\waijung2\targets\zynq7000\utils\ComputeLibrary-main" -I"F:\waijung2\targets\zynq7000\utils\ComputeLibrary-main\include" -c -fmessage-length=0 -MT"src/MWAdditionLayer.o" -mcpu=cortex-a9 -mfpu=neon -fpermissive -mfloat-abi=hard -std=c++11 -g -IC:/Users/Chris/Desktop/RiscV-NPU-DualCore/Z7-RV-NPU/tutorial_3/export/tutorial_3/sw/tutorial_3/standalone_domain/bspinclude/include -MMD -MP -MF"src/MWAdditionLayer.d" -MT"src/MWAdditionLayer.o" -o "src/MWAdditionLayer.o" "../src/MWAdditionLayer.cpp"
'Finished building: ../src/MWAdditionLayer.cpp'
' '
'Building file: ../src/MWArmneonAdditionLayerImpl.cpp'
'Invoking: ARM v7 g++ compiler'
arm-none-eabi-g++ -DUSE_20_02_1_LIBRARY -DNO_MULTI_THREADING -DBARE_METAL -Wall -O2 -g3 -I"F:\waijung2\targets\zynq7000\utils\ComputeLibrary-main" -I"F:\waijung2\targets\zynq7000\utils\ComputeLibrary-main\include" -c -fmessage-length=0 -MT"src/MWArmneonAdditionLayerImpl.o" -mcpu=cortex-a9 -mfpu=neon -fpermissive -mfloat-abi=hard -std=c++11 -g -IC:/Users/Chris/Desktop/RiscV-NPU-DualCore/Z7-RV-NPU/tutorial_3/export/tutorial_3/sw/tutorial_3/standalone_domain/bspinclude/include -MMD -MP -MF"src/MWArmneonAdditionLayerImpl.d" -MT"src/MWArmneonAdditionLayerImpl.o" -o "src/MWArmneonAdditionLayerImpl.o" "../src/MWArmneonAdditionLayerImpl.cpp"
../src/MWArmneonAdditionLayerImpl.cpp:56: warning: ignoring #pragma omp parallel [-Wunknown-pragmas]
   56 | #pragma omp parallel for
      | 
../src/MWArmneonAdditionLayerImpl.cpp:86: warning: ignoring #pragma omp parallel [-Wunknown-pragmas]
   86 | #pragma omp parallel for
      | 
'Finished building: ../src/MWArmneonAdditionLayerImpl.cpp'
' '
'Building file: ../src/MWArmneonAvgPoolingLayerImpl.cpp'
'Invoking: ARM v7 g++ compiler'
arm-none-eabi-g++ -DUSE_20_02_1_LIBRARY -DNO_MULTI_THREADING -DBARE_METAL -Wall -O2 -g3 -I"F:\waijung2\targets\zynq7000\utils\ComputeLibrary-main" -I"F:\waijung2\targets\zynq7000\utils\ComputeLibrary-main\include" -c -fmessage-length=0 -MT"src/MWArmneonAvgPoolingLayerImpl.o" -mcpu=cortex-a9 -mfpu=neon -fpermissive -mfloat-abi=hard -std=c++11 -g -IC:/Users/Chris/Desktop/RiscV-NPU-DualCore/Z7-RV-NPU/tutorial_3/export/tutorial_3/sw/tutorial_3/standalone_domain/bspinclude/include -MMD -MP -MF"src/MWArmneonAvgPoolingLayerImpl.d" -MT"src/MWArmneonAvgPoolingLayerImpl.o" -o "src/MWArmneonAvgPoolingLayerImpl.o" "../src/MWArmneonAvgPoolingLayerImpl.cpp"
'Finished building: ../src/MWArmneonAvgPoolingLayerImpl.cpp'
' '
'Building file: ../src/MWArmneonCNNLayerImpl.cpp'
'Invoking: ARM v7 g++ compiler'
arm-none-eabi-g++ -DUSE_20_02_1_LIBRARY -DNO_MULTI_THREADING -DBARE_METAL -Wall -O2 -g3 -I"F:\waijung2\targets\zynq7000\utils\ComputeLibrary-main" -I"F:\waijung2\targets\zynq7000\utils\ComputeLibrary-main\include" -c -fmessage-length=0 -MT"src/MWArmneonCNNLayerImpl.o" -mcpu=cortex-a9 -mfpu=neon -fpermissive -mfloat-abi=hard -std=c++11 -g -IC:/Users/Chris/Desktop/RiscV-NPU-DualCore/Z7-RV-NPU/tutorial_3/export/tutorial_3/sw/tutorial_3/standalone_domain/bspinclude/include -MMD -MP -MF"src/MWArmneonCNNLayerImpl.d" -MT"src/MWArmneonCNNLayerImpl.o" -o "src/MWArmneonCNNLayerImpl.o" "../src/MWArmneonCNNLayerImpl.cpp"
'Finished building: ../src/MWArmneonCNNLayerImpl.cpp'
' '
'Building file: ../src/MWArmneonConvLayerImpl.cpp'
'Invoking: ARM v7 g++ compiler'
arm-none-eabi-g++ -DUSE_20_02_1_LIBRARY -DNO_MULTI_THREADING -DBARE_METAL -Wall -O2 -g3 -I"F:\waijung2\targets\zynq7000\utils\ComputeLibrary-main" -I"F:\waijung2\targets\zynq7000\utils\ComputeLibrary-main\include" -c -fmessage-length=0 -MT"src/MWArmneonConvLayerImpl.o" -mcpu=cortex-a9 -mfpu=neon -fpermissive -mfloat-abi=hard -std=c++11 -g -IC:/Users/Chris/Desktop/RiscV-NPU-DualCore/Z7-RV-NPU/tutorial_3/export/tutorial_3/sw/tutorial_3/standalone_domain/bspinclude/include -MMD -MP -MF"src/MWArmneonConvLayerImpl.d" -MT"src/MWArmneonConvLayerImpl.o" -o "src/MWArmneonConvLayerImpl.o" "../src/MWArmneonConvLayerImpl.cpp"
'Finished building: ../src/MWArmneonConvLayerImpl.cpp'
' '
'Building file: ../src/MWArmneonCustomLayerBase.cpp'
'Invoking: ARM v7 g++ compiler'
arm-none-eabi-g++ -DUSE_20_02_1_LIBRARY -DNO_MULTI_THREADING -DBARE_METAL -Wall -O2 -g3 -I"F:\waijung2\targets\zynq7000\utils\ComputeLibrary-main" -I"F:\waijung2\targets\zynq7000\utils\ComputeLibrary-main\include" -c -fmessage-length=0 -MT"src/MWArmneonCustomLayerBase.o" -mcpu=cortex-a9 -mfpu=neon -fpermissive -mfloat-abi=hard -std=c++11 -g -IC:/Users/Chris/Desktop/RiscV-NPU-DualCore/Z7-RV-NPU/tutorial_3/export/tutorial_3/sw/tutorial_3/standalone_domain/bspinclude/include -MMD -MP -MF"src/MWArmneonCustomLayerBase.d" -MT"src/MWArmneonCustomLayerBase.o" -o "src/MWArmneonCustomLayerBase.o" "../src/MWArmneonCustomLayerBase.cpp"
'Finished building: ../src/MWArmneonCustomLayerBase.cpp'
' '
'Building file: ../src/MWArmneonElementwiseAffineLayerImpl.cpp'
'Invoking: ARM v7 g++ compiler'
arm-none-eabi-g++ -DUSE_20_02_1_LIBRARY -DNO_MULTI_THREADING -DBARE_METAL -Wall -O2 -g3 -I"F:\waijung2\targets\zynq7000\utils\ComputeLibrary-main" -I"F:\waijung2\targets\zynq7000\utils\ComputeLibrary-main\include" -c -fmessage-length=0 -MT"src/MWArmneonElementwiseAffineLayerImpl.o" -mcpu=cortex-a9 -mfpu=neon -fpermissive -mfloat-abi=hard -std=c++11 -g -IC:/Users/Chris/Desktop/RiscV-NPU-DualCore/Z7-RV-NPU/tutorial_3/export/tutorial_3/sw/tutorial_3/standalone_domain/bspinclude/include -MMD -MP -MF"src/MWArmneonElementwiseAffineLayerImpl.d" -MT"src/MWArmneonElementwiseAffineLayerImpl.o" -o "src/MWArmneonElementwiseAffineLayerImpl.o" "../src/MWArmneonElementwiseAffineLayerImpl.cpp"
'Finished building: ../src/MWArmneonElementwiseAffineLayerImpl.cpp'
' '
'Building file: ../src/MWArmneonFCLayerImpl.cpp'
'Invoking: ARM v7 g++ compiler'
arm-none-eabi-g++ -DUSE_20_02_1_LIBRARY -DNO_MULTI_THREADING -DBARE_METAL -Wall -O2 -g3 -I"F:\waijung2\targets\zynq7000\utils\ComputeLibrary-main" -I"F:\waijung2\targets\zynq7000\utils\ComputeLibrary-main\include" -c -fmessage-length=0 -MT"src/MWArmneonFCLayerImpl.o" -mcpu=cortex-a9 -mfpu=neon -fpermissive -mfloat-abi=hard -std=c++11 -g -IC:/Users/Chris/Desktop/RiscV-NPU-DualCore/Z7-RV-NPU/tutorial_3/export/tutorial_3/sw/tutorial_3/standalone_domain/bspinclude/include -MMD -MP -MF"src/MWArmneonFCLayerImpl.d" -MT"src/MWArmneonFCLayerImpl.o" -o "src/MWArmneonFCLayerImpl.o" "../src/MWArmneonFCLayerImpl.cpp"
'Finished building: ../src/MWArmneonFCLayerImpl.cpp'
' '
'Building file: ../src/MWArmneonFusedConvActivationLayerImpl.cpp'
'Invoking: ARM v7 g++ compiler'
arm-none-eabi-g++ -DUSE_20_02_1_LIBRARY -DNO_MULTI_THREADING -DBARE_METAL -Wall -O2 -g3 -I"F:\waijung2\targets\zynq7000\utils\ComputeLibrary-main" -I"F:\waijung2\targets\zynq7000\utils\ComputeLibrary-main\include" -c -fmessage-length=0 -MT"src/MWArmneonFusedConvActivationLayerImpl.o" -mcpu=cortex-a9 -mfpu=neon -fpermissive -mfloat-abi=hard -std=c++11 -g -IC:/Users/Chris/Desktop/RiscV-NPU-DualCore/Z7-RV-NPU/tutorial_3/export/tutorial_3/sw/tutorial_3/standalone_domain/bspinclude/include -MMD -MP -MF"src/MWArmneonFusedConvActivationLayerImpl.d" -MT"src/MWArmneonFusedConvActivationLayerImpl.o" -o "src/MWArmneonFusedConvActivationLayerImpl.o" "../src/MWArmneonFusedConvActivationLayerImpl.cpp"
../src/MWArmneonFusedConvActivationLayerImpl.cpp:265: warning: ignoring #pragma omp parallel [-Wunknown-pragmas]
  265 | #pragma omp parallel for collapse(3)
      | 
'Finished building: ../src/MWArmneonFusedConvActivationLayerImpl.cpp'
' '
'Building file: ../src/MWArmneonInputLayerImpl.cpp'
'Invoking: ARM v7 g++ compiler'
arm-none-eabi-g++ -DUSE_20_02_1_LIBRARY -DNO_MULTI_THREADING -DBARE_METAL -Wall -O2 -g3 -I"F:\waijung2\targets\zynq7000\utils\ComputeLibrary-main" -I"F:\waijung2\targets\zynq7000\utils\ComputeLibrary-main\include" -c -fmessage-length=0 -MT"src/MWArmneonInputLayerImpl.o" -mcpu=cortex-a9 -mfpu=neon -fpermissive -mfloat-abi=hard -std=c++11 -g -IC:/Users/Chris/Desktop/RiscV-NPU-DualCore/Z7-RV-NPU/tutorial_3/export/tutorial_3/sw/tutorial_3/standalone_domain/bspinclude/include -MMD -MP -MF"src/MWArmneonInputLayerImpl.d" -MT"src/MWArmneonInputLayerImpl.o" -o "src/MWArmneonInputLayerImpl.o" "../src/MWArmneonInputLayerImpl.cpp"
'Finished building: ../src/MWArmneonInputLayerImpl.cpp'
' '
'Building file: ../src/MWArmneonLayerImplFactory.cpp'
'Invoking: ARM v7 g++ compiler'
arm-none-eabi-g++ -DUSE_20_02_1_LIBRARY -DNO_MULTI_THREADING -DBARE_METAL -Wall -O2 -g3 -I"F:\waijung2\targets\zynq7000\utils\ComputeLibrary-main" -I"F:\waijung2\targets\zynq7000\utils\ComputeLibrary-main\include" -c -fmessage-length=0 -MT"src/MWArmneonLayerImplFactory.o" -mcpu=cortex-a9 -mfpu=neon -fpermissive -mfloat-abi=hard -std=c++11 -g -IC:/Users/Chris/Desktop/RiscV-NPU-DualCore/Z7-RV-NPU/tutorial_3/export/tutorial_3/sw/tutorial_3/standalone_domain/bspinclude/include -MMD -MP -MF"src/MWArmneonLayerImplFactory.d" -MT"src/MWArmneonLayerImplFactory.o" -o "src/MWArmneonLayerImplFactory.o" "../src/MWArmneonLayerImplFactory.cpp"
'Finished building: ../src/MWArmneonLayerImplFactory.cpp'
' '
'Building file: ../src/MWArmneonOutputLayerImpl.cpp'
'Invoking: ARM v7 g++ compiler'
arm-none-eabi-g++ -DUSE_20_02_1_LIBRARY -DNO_MULTI_THREADING -DBARE_METAL -Wall -O2 -g3 -I"F:\waijung2\targets\zynq7000\utils\ComputeLibrary-main" -I"F:\waijung2\targets\zynq7000\utils\ComputeLibrary-main\include" -c -fmessage-length=0 -MT"src/MWArmneonOutputLayerImpl.o" -mcpu=cortex-a9 -mfpu=neon -fpermissive -mfloat-abi=hard -std=c++11 -g -IC:/Users/Chris/Desktop/RiscV-NPU-DualCore/Z7-RV-NPU/tutorial_3/export/tutorial_3/sw/tutorial_3/standalone_domain/bspinclude/include -MMD -MP -MF"src/MWArmneonOutputLayerImpl.d" -MT"src/MWArmneonOutputLayerImpl.o" -o "src/MWArmneonOutputLayerImpl.o" "../src/MWArmneonOutputLayerImpl.cpp"
'Finished building: ../src/MWArmneonOutputLayerImpl.cpp'
' '
'Building file: ../src/MWArmneonSoftmaxLayerImpl.cpp'
'Invoking: ARM v7 g++ compiler'
arm-none-eabi-g++ -DUSE_20_02_1_LIBRARY -DNO_MULTI_THREADING -DBARE_METAL -Wall -O2 -g3 -I"F:\waijung2\targets\zynq7000\utils\ComputeLibrary-main" -I"F:\waijung2\targets\zynq7000\utils\ComputeLibrary-main\include" -c -fmessage-length=0 -MT"src/MWArmneonSoftmaxLayerImpl.o" -mcpu=cortex-a9 -mfpu=neon -fpermissive -mfloat-abi=hard -std=c++11 -g -IC:/Users/Chris/Desktop/RiscV-NPU-DualCore/Z7-RV-NPU/tutorial_3/export/tutorial_3/sw/tutorial_3/standalone_domain/bspinclude/include -MMD -MP -MF"src/MWArmneonSoftmaxLayerImpl.d" -MT"src/MWArmneonSoftmaxLayerImpl.o" -o "src/MWArmneonSoftmaxLayerImpl.o" "../src/MWArmneonSoftmaxLayerImpl.cpp"
'Finished building: ../src/MWArmneonSoftmaxLayerImpl.cpp'
' '
'Building file: ../src/MWArmneonTargetNetworkImpl.cpp'
'Invoking: ARM v7 g++ compiler'
arm-none-eabi-g++ -DUSE_20_02_1_LIBRARY -DNO_MULTI_THREADING -DBARE_METAL -Wall -O2 -g3 -I"F:\waijung2\targets\zynq7000\utils\ComputeLibrary-main" -I"F:\waijung2\targets\zynq7000\utils\ComputeLibrary-main\include" -c -fmessage-length=0 -MT"src/MWArmneonTargetNetworkImpl.o" -mcpu=cortex-a9 -mfpu=neon -fpermissive -mfloat-abi=hard -std=c++11 -g -IC:/Users/Chris/Desktop/RiscV-NPU-DualCore/Z7-RV-NPU/tutorial_3/export/tutorial_3/sw/tutorial_3/standalone_domain/bspinclude/include -MMD -MP -MF"src/MWArmneonTargetNetworkImpl.d" -MT"src/MWArmneonTargetNetworkImpl.o" -o "src/MWArmneonTargetNetworkImpl.o" "../src/MWArmneonTargetNetworkImpl.cpp"
'Finished building: ../src/MWArmneonTargetNetworkImpl.cpp'
' '
'Building file: ../src/MWAvgPoolingLayer.cpp'
'Invoking: ARM v7 g++ compiler'
arm-none-eabi-g++ -DUSE_20_02_1_LIBRARY -DNO_MULTI_THREADING -DBARE_METAL -Wall -O2 -g3 -I"F:\waijung2\targets\zynq7000\utils\ComputeLibrary-main" -I"F:\waijung2\targets\zynq7000\utils\ComputeLibrary-main\include" -c -fmessage-length=0 -MT"src/MWAvgPoolingLayer.o" -mcpu=cortex-a9 -mfpu=neon -fpermissive -mfloat-abi=hard -std=c++11 -g -IC:/Users/Chris/Desktop/RiscV-NPU-DualCore/Z7-RV-NPU/tutorial_3/export/tutorial_3/sw/tutorial_3/standalone_domain/bspinclude/include -MMD -MP -MF"src/MWAvgPoolingLayer.d" -MT"src/MWAvgPoolingLayer.o" -o "src/MWAvgPoolingLayer.o" "../src/MWAvgPoolingLayer.cpp"
'Finished building: ../src/MWAvgPoolingLayer.cpp'
' '
'Building file: ../src/MWCNNLayer.cpp'
'Invoking: ARM v7 g++ compiler'
arm-none-eabi-g++ -DUSE_20_02_1_LIBRARY -DNO_MULTI_THREADING -DBARE_METAL -Wall -O2 -g3 -I"F:\waijung2\targets\zynq7000\utils\ComputeLibrary-main" -I"F:\waijung2\targets\zynq7000\utils\ComputeLibrary-main\include" -c -fmessage-length=0 -MT"src/MWCNNLayer.o" -mcpu=cortex-a9 -mfpu=neon -fpermissive -mfloat-abi=hard -std=c++11 -g -IC:/Users/Chris/Desktop/RiscV-NPU-DualCore/Z7-RV-NPU/tutorial_3/export/tutorial_3/sw/tutorial_3/standalone_domain/bspinclude/include -MMD -MP -MF"src/MWCNNLayer.d" -MT"src/MWCNNLayer.o" -o "src/MWCNNLayer.o" "../src/MWCNNLayer.cpp"
'Finished building: ../src/MWCNNLayer.cpp'
' '
'Building file: ../src/MWConvLayer.cpp'
'Invoking: ARM v7 g++ compiler'
arm-none-eabi-g++ -DUSE_20_02_1_LIBRARY -DNO_MULTI_THREADING -DBARE_METAL -Wall -O2 -g3 -I"F:\waijung2\targets\zynq7000\utils\ComputeLibrary-main" -I"F:\waijung2\targets\zynq7000\utils\ComputeLibrary-main\include" -c -fmessage-length=0 -MT"src/MWConvLayer.o" -mcpu=cortex-a9 -mfpu=neon -fpermissive -mfloat-abi=hard -std=c++11 -g -IC:/Users/Chris/Desktop/RiscV-NPU-DualCore/Z7-RV-NPU/tutorial_3/export/tutorial_3/sw/tutorial_3/standalone_domain/bspinclude/include -MMD -MP -MF"src/MWConvLayer.d" -MT"src/MWConvLayer.o" -o "src/MWConvLayer.o" "../src/MWConvLayer.cpp"
'Finished building: ../src/MWConvLayer.cpp'
' '
'Building file: ../src/MWElementwiseAffineLayer.cpp'
'Invoking: ARM v7 g++ compiler'
arm-none-eabi-g++ -DUSE_20_02_1_LIBRARY -DNO_MULTI_THREADING -DBARE_METAL -Wall -O2 -g3 -I"F:\waijung2\targets\zynq7000\utils\ComputeLibrary-main" -I"F:\waijung2\targets\zynq7000\utils\ComputeLibrary-main\include" -c -fmessage-length=0 -MT"src/MWElementwiseAffineLayer.o" -mcpu=cortex-a9 -mfpu=neon -fpermissive -mfloat-abi=hard -std=c++11 -g -IC:/Users/Chris/Desktop/RiscV-NPU-DualCore/Z7-RV-NPU/tutorial_3/export/tutorial_3/sw/tutorial_3/standalone_domain/bspinclude/include -MMD -MP -MF"src/MWElementwiseAffineLayer.d" -MT"src/MWElementwiseAffineLayer.o" -o "src/MWElementwiseAffineLayer.o" "../src/MWElementwiseAffineLayer.cpp"
'Finished building: ../src/MWElementwiseAffineLayer.cpp'
' '
'Building file: ../src/MWFCLayer.cpp'
'Invoking: ARM v7 g++ compiler'
arm-none-eabi-g++ -DUSE_20_02_1_LIBRARY -DNO_MULTI_THREADING -DBARE_METAL -Wall -O2 -g3 -I"F:\waijung2\targets\zynq7000\utils\ComputeLibrary-main" -I"F:\waijung2\targets\zynq7000\utils\ComputeLibrary-main\include" -c -fmessage-length=0 -MT"src/MWFCLayer.o" -mcpu=cortex-a9 -mfpu=neon -fpermissive -mfloat-abi=hard -std=c++11 -g -IC:/Users/Chris/Desktop/RiscV-NPU-DualCore/Z7-RV-NPU/tutorial_3/export/tutorial_3/sw/tutorial_3/standalone_domain/bspinclude/include -MMD -MP -MF"src/MWFCLayer.d" -MT"src/MWFCLayer.o" -o "src/MWFCLayer.o" "../src/MWFCLayer.cpp"
'Finished building: ../src/MWFCLayer.cpp'
' '
'Building file: ../src/MWFusedConvActivationLayer.cpp'
'Invoking: ARM v7 g++ compiler'
arm-none-eabi-g++ -DUSE_20_02_1_LIBRARY -DNO_MULTI_THREADING -DBARE_METAL -Wall -O2 -g3 -I"F:\waijung2\targets\zynq7000\utils\ComputeLibrary-main" -I"F:\waijung2\targets\zynq7000\utils\ComputeLibrary-main\include" -c -fmessage-length=0 -MT"src/MWFusedConvActivationLayer.o" -mcpu=cortex-a9 -mfpu=neon -fpermissive -mfloat-abi=hard -std=c++11 -g -IC:/Users/Chris/Desktop/RiscV-NPU-DualCore/Z7-RV-NPU/tutorial_3/export/tutorial_3/sw/tutorial_3/standalone_domain/bspinclude/include -MMD -MP -MF"src/MWFusedConvActivationLayer.d" -MT"src/MWFusedConvActivationLayer.o" -o "src/MWFusedConvActivationLayer.o" "../src/MWFusedConvActivationLayer.cpp"
'Finished building: ../src/MWFusedConvActivationLayer.cpp'
' '
'Building file: ../src/MWInputLayer.cpp'
'Invoking: ARM v7 g++ compiler'
arm-none-eabi-g++ -DUSE_20_02_1_LIBRARY -DNO_MULTI_THREADING -DBARE_METAL -Wall -O2 -g3 -I"F:\waijung2\targets\zynq7000\utils\ComputeLibrary-main" -I"F:\waijung2\targets\zynq7000\utils\ComputeLibrary-main\include" -c -fmessage-length=0 -MT"src/MWInputLayer.o" -mcpu=cortex-a9 -mfpu=neon -fpermissive -mfloat-abi=hard -std=c++11 -g -IC:/Users/Chris/Desktop/RiscV-NPU-DualCore/Z7-RV-NPU/tutorial_3/export/tutorial_3/sw/tutorial_3/standalone_domain/bspinclude/include -MMD -MP -MF"src/MWInputLayer.d" -MT"src/MWInputLayer.o" -o "src/MWInputLayer.o" "../src/MWInputLayer.cpp"
'Finished building: ../src/MWInputLayer.cpp'
' '
'Building file: ../src/MWOutputLayer.cpp'
'Invoking: ARM v7 g++ compiler'
arm-none-eabi-g++ -DUSE_20_02_1_LIBRARY -DNO_MULTI_THREADING -DBARE_METAL -Wall -O2 -g3 -I"F:\waijung2\targets\zynq7000\utils\ComputeLibrary-main" -I"F:\waijung2\targets\zynq7000\utils\ComputeLibrary-main\include" -c -fmessage-length=0 -MT"src/MWOutputLayer.o" -mcpu=cortex-a9 -mfpu=neon -fpermissive -mfloat-abi=hard -std=c++11 -g -IC:/Users/Chris/Desktop/RiscV-NPU-DualCore/Z7-RV-NPU/tutorial_3/export/tutorial_3/sw/tutorial_3/standalone_domain/bspinclude/include -MMD -MP -MF"src/MWOutputLayer.d" -MT"src/MWOutputLayer.o" -o "src/MWOutputLayer.o" "../src/MWOutputLayer.cpp"
'Finished building: ../src/MWOutputLayer.cpp'
' '
'Building file: ../src/MWSoftmaxLayer.cpp'
'Invoking: ARM v7 g++ compiler'
arm-none-eabi-g++ -DUSE_20_02_1_LIBRARY -DNO_MULTI_THREADING -DBARE_METAL -Wall -O2 -g3 -I"F:\waijung2\targets\zynq7000\utils\ComputeLibrary-main" -I"F:\waijung2\targets\zynq7000\utils\ComputeLibrary-main\include" -c -fmessage-length=0 -MT"src/MWSoftmaxLayer.o" -mcpu=cortex-a9 -mfpu=neon -fpermissive -mfloat-abi=hard -std=c++11 -g -IC:/Users/Chris/Desktop/RiscV-NPU-DualCore/Z7-RV-NPU/tutorial_3/export/tutorial_3/sw/tutorial_3/standalone_domain/bspinclude/include -MMD -MP -MF"src/MWSoftmaxLayer.d" -MT"src/MWSoftmaxLayer.o" -o "src/MWSoftmaxLayer.o" "../src/MWSoftmaxLayer.cpp"
'Finished building: ../src/MWSoftmaxLayer.cpp'
' '
'Building file: ../src/MWTensorBase.cpp'
'Invoking: ARM v7 g++ compiler'
arm-none-eabi-g++ -DUSE_20_02_1_LIBRARY -DNO_MULTI_THREADING -DBARE_METAL -Wall -O2 -g3 -I"F:\waijung2\targets\zynq7000\utils\ComputeLibrary-main" -I"F:\waijung2\targets\zynq7000\utils\ComputeLibrary-main\include" -c -fmessage-length=0 -MT"src/MWTensorBase.o" -mcpu=cortex-a9 -mfpu=neon -fpermissive -mfloat-abi=hard -std=c++11 -g -IC:/Users/Chris/Desktop/RiscV-NPU-DualCore/Z7-RV-NPU/tutorial_3/export/tutorial_3/sw/tutorial_3/standalone_domain/bspinclude/include -MMD -MP -MF"src/MWTensorBase.d" -MT"src/MWTensorBase.o" -o "src/MWTensorBase.o" "../src/MWTensorBase.cpp"
'Finished building: ../src/MWTensorBase.cpp'
' '
'Building file: ../src/OV5640.c'
'Invoking: ARM v7 g++ compiler'
arm-none-eabi-g++ -DUSE_20_02_1_LIBRARY -DNO_MULTI_THREADING -DBARE_METAL -Wall -O2 -g3 -I"F:\waijung2\targets\zynq7000\utils\ComputeLibrary-main" -I"F:\waijung2\targets\zynq7000\utils\ComputeLibrary-main\include" -c -fmessage-length=0 -MT"src/OV5640.o" -mcpu=cortex-a9 -mfpu=neon -fpermissive -mfloat-abi=hard -std=c++11 -g -IC:/Users/Chris/Desktop/RiscV-NPU-DualCore/Z7-RV-NPU/tutorial_3/export/tutorial_3/sw/tutorial_3/standalone_domain/bspinclude/include -MMD -MP -MF"src/OV5640.d" -MT"src/OV5640.o" -o "src/OV5640.o" "../src/OV5640.c"
../src/OV5640.c: In function 'void OV5640_readReg(uint16_t, uint8_t*)':
../src/OV5640.c:770:42: warning: invalid conversion from 'XStatus' {aka 'long int'} to 'ERR_IIC' [-fpermissive]
  770 |         ERR_IIC stat_write = PS_IIC_write(dev_address_, buf_addr, 2);
      |                              ~~~~~~~~~~~~^~~~~~~~~~~~~~~~~~~~~~~~~~~
      |                                          |
      |                                          XStatus {aka long int}
../src/OV5640.c:772:40: warning: invalid conversion from 'XStatus' {aka 'long int'} to 'ERR_IIC' [-fpermissive]
  772 |         ERR_IIC stat_read = PS_IIC_read(dev_address_, buf, 1);
      |                             ~~~~~~~~~~~^~~~~~~~~~~~~~~~~~~~~~
      |                                        |
      |                                        XStatus {aka long int}
../src/OV5640.c:784:48: warning: ISO C++ forbids converting a string constant to 'char*' [-Wwrite-strings]
  784 |                 OV5640_HardwareError(IIC_NACK, "IIC Read Error");
      |                                                ^~~~~~~~~~~~~~~~
../src/OV5640.c: In function 'void OV5640_writeReg(uint16_t, uint8_t)':
../src/OV5640.c:795:42: warning: invalid conversion from 'XStatus' {aka 'long int'} to 'ERR_IIC' [-fpermissive]
  795 |         ERR_IIC stat_write = PS_IIC_write(dev_address_, buf_addr, 3);
      |                              ~~~~~~~~~~~~^~~~~~~~~~~~~~~~~~~~~~~~~~~
      |                                          |
      |                                          XStatus {aka long int}
../src/OV5640.c:807:48: warning: ISO C++ forbids converting a string constant to 'char*' [-Wwrite-strings]
  807 |                 OV5640_HardwareError(IIC_NACK, "IIC Write Error");
      |                                                ^~~~~~~~~~~~~~~~~
../src/OV5640.c: In function 'void OV5640_writeRegLiquid(uint8_t)':
../src/OV5640.c:818:42: warning: invalid conversion from 'XStatus' {aka 'long int'} to 'ERR_IIC' [-fpermissive]
  818 |         ERR_IIC stat_write = PS_IIC_write(dev_address_, buf, 1);
      |                              ~~~~~~~~~~~~^~~~~~~~~~~~~~~~~~~~~~
      |                                          |
      |                                          XStatus {aka long int}
../src/OV5640.c:830:48: warning: ISO C++ forbids converting a string constant to 'char*' [-Wwrite-strings]
  830 |                 OV5640_HardwareError(IIC_NACK, "IIC writeRegLiquid Error");
      |                                                ^~~~~~~~~~~~~~~~~~~~~~~~~~
'Finished building: ../src/OV5640.c'
' '
'Building file: ../src/PS_GPIO.c'
'Invoking: ARM v7 g++ compiler'
arm-none-eabi-g++ -DUSE_20_02_1_LIBRARY -DNO_MULTI_THREADING -DBARE_METAL -Wall -O2 -g3 -I"F:\waijung2\targets\zynq7000\utils\ComputeLibrary-main" -I"F:\waijung2\targets\zynq7000\utils\ComputeLibrary-main\include" -c -fmessage-length=0 -MT"src/PS_GPIO.o" -mcpu=cortex-a9 -mfpu=neon -fpermissive -mfloat-abi=hard -std=c++11 -g -IC:/Users/Chris/Desktop/RiscV-NPU-DualCore/Z7-RV-NPU/tutorial_3/export/tutorial_3/sw/tutorial_3/standalone_domain/bspinclude/include -MMD -MP -MF"src/PS_GPIO.d" -MT"src/PS_GPIO.o" -o "src/PS_GPIO.o" "../src/PS_GPIO.c"
'Finished building: ../src/PS_GPIO.c'
' '
'Building file: ../src/PS_IIC.c'
'Invoking: ARM v7 g++ compiler'
arm-none-eabi-g++ -DUSE_20_02_1_LIBRARY -DNO_MULTI_THREADING -DBARE_METAL -Wall -O2 -g3 -I"F:\waijung2\targets\zynq7000\utils\ComputeLibrary-main" -I"F:\waijung2\targets\zynq7000\utils\ComputeLibrary-main\include" -c -fmessage-length=0 -MT"src/PS_IIC.o" -mcpu=cortex-a9 -mfpu=neon -fpermissive -mfloat-abi=hard -std=c++11 -g -IC:/Users/Chris/Desktop/RiscV-NPU-DualCore/Z7-RV-NPU/tutorial_3/export/tutorial_3/sw/tutorial_3/standalone_domain/bspinclude/include -MMD -MP -MF"src/PS_IIC.d" -MT"src/PS_IIC.o" -o "src/PS_IIC.o" "../src/PS_IIC.c"
../src/PS_IIC.c: In function 'XStatus PS_IIC_read(uint8_t, uint8_t*, size_t)':
../src/PS_IIC.c:105:34: warning: ISO C++ forbids converting a string constant to 'char*' [-Wwrite-strings]
  105 |         I2C_Client_TransmitError("Slave NACK");
      |                                  ^~~~~~~~~~~~
../src/PS_IIC.c:109:34: warning: ISO C++ forbids converting a string constant to 'char*' [-Wwrite-strings]
  109 |         I2C_Client_TransmitError("Arbitration lost");
      |                                  ^~~~~~~~~~~~~~~~~~
../src/PS_IIC.c:113:34: warning: ISO C++ forbids converting a string constant to 'char*' [-Wwrite-strings]
  113 |         I2C_Client_TransmitError("Other I2C error");
      |                                  ^~~~~~~~~~~~~~~~~
../src/PS_IIC.c: In function 'XStatus PS_IIC_write(uint8_t, const uint8_t*, size_t)':
../src/PS_IIC.c:134:34: warning: ISO C++ forbids converting a string constant to 'char*' [-Wwrite-strings]
  134 |         I2C_Client_TransmitError("Slave NACK");
      |                                  ^~~~~~~~~~~~
../src/PS_IIC.c:138:34: warning: ISO C++ forbids converting a string constant to 'char*' [-Wwrite-strings]
  138 |         I2C_Client_TransmitError("Arbitration lost");
      |                                  ^~~~~~~~~~~~~~~~~~
../src/PS_IIC.c:142:34: warning: ISO C++ forbids converting a string constant to 'char*' [-Wwrite-strings]
  142 |         I2C_Client_TransmitError("Other I2C error");
      |                                  ^~~~~~~~~~~~~~~~~
'Finished building: ../src/PS_IIC.c'
' '
'Building file: ../src/VideoOutput.c'
'Invoking: ARM v7 g++ compiler'
arm-none-eabi-g++ -DUSE_20_02_1_LIBRARY -DNO_MULTI_THREADING -DBARE_METAL -Wall -O2 -g3 -I"F:\waijung2\targets\zynq7000\utils\ComputeLibrary-main" -I"F:\waijung2\targets\zynq7000\utils\ComputeLibrary-main\include" -c -fmessage-length=0 -MT"src/VideoOutput.o" -mcpu=cortex-a9 -mfpu=neon -fpermissive -mfloat-abi=hard -std=c++11 -g -IC:/Users/Chris/Desktop/RiscV-NPU-DualCore/Z7-RV-NPU/tutorial_3/export/tutorial_3/sw/tutorial_3/standalone_domain/bspinclude/include -MMD -MP -MF"src/VideoOutput.d" -MT"src/VideoOutput.o" -o "src/VideoOutput.o" "../src/VideoOutput.c"
'Finished building: ../src/VideoOutput.c'
' '
'Building file: ../src/cam_init.c'
'Invoking: ARM v7 g++ compiler'
arm-none-eabi-g++ -DUSE_20_02_1_LIBRARY -DNO_MULTI_THREADING -DBARE_METAL -Wall -O2 -g3 -I"F:\waijung2\targets\zynq7000\utils\ComputeLibrary-main" -I"F:\waijung2\targets\zynq7000\utils\ComputeLibrary-main\include" -c -fmessage-length=0 -MT"src/cam_init.o" -mcpu=cortex-a9 -mfpu=neon -fpermissive -mfloat-abi=hard -std=c++11 -g -IC:/Users/Chris/Desktop/RiscV-NPU-DualCore/Z7-RV-NPU/tutorial_3/export/tutorial_3/sw/tutorial_3/standalone_domain/bspinclude/include -MMD -MP -MF"src/cam_init.d" -MT"src/cam_init.o" -o "src/cam_init.o" "../src/cam_init.c"
../src/cam_init.c: In function 'void read_cam_rgb(uint8_t*, uint8_t*, uint8_t*)':
../src/cam_init.c:91:23: warning: comparison of integer expressions of different signedness: 'u32' {aka 'long unsigned int'} and 'int' [-Wsign-compare]
   91 |     for (u32 y = 0; y < Vsize_Max; y++) {
      |                     ~~^~~~~~~~~~~
../src/cam_init.c:92:23: warning: comparison of integer expressions of different signedness: 'u32' {aka 'long unsigned int'} and 'int' [-Wsign-compare]
   92 |     for (u32 x = 0; x < Hsize_Max/3; x++) {
      |                     ~~^~~~~~~~~~~~~
'Finished building: ../src/cam_init.c'
' '
'Building file: ../src/ert_main.cpp'
'Invoking: ARM v7 g++ compiler'
arm-none-eabi-g++ -DUSE_20_02_1_LIBRARY -DNO_MULTI_THREADING -DBARE_METAL -Wall -O2 -g3 -I"F:\waijung2\targets\zynq7000\utils\ComputeLibrary-main" -I"F:\waijung2\targets\zynq7000\utils\ComputeLibrary-main\include" -c -fmessage-length=0 -MT"src/ert_main.o" -mcpu=cortex-a9 -mfpu=neon -fpermissive -mfloat-abi=hard -std=c++11 -g -IC:/Users/Chris/Desktop/RiscV-NPU-DualCore/Z7-RV-NPU/tutorial_3/export/tutorial_3/sw/tutorial_3/standalone_domain/bspinclude/include -MMD -MP -MF"src/ert_main.d" -MT"src/ert_main.o" -o "src/ert_main.o" "../src/ert_main.cpp"
C:\Users\Chris\AppData\Local\Temp\ccBUtts6.s: Assembler messages:
C:\Users\Chris\AppData\Local\Temp\ccBUtts6.s:81: Warning: source register same as write-back base
C:\Users\Chris\AppData\Local\Temp\ccBUtts6.s:86: Warning: source register same as write-back base
'Finished building: ../src/ert_main.cpp'
' '
'Building file: ../src/mobilenetv20_0.cpp'
'Invoking: ARM v7 g++ compiler'
arm-none-eabi-g++ -DUSE_20_02_1_LIBRARY -DNO_MULTI_THREADING -DBARE_METAL -Wall -O2 -g3 -I"F:\waijung2\targets\zynq7000\utils\ComputeLibrary-main" -I"F:\waijung2\targets\zynq7000\utils\ComputeLibrary-main\include" -c -fmessage-length=0 -MT"src/mobilenetv20_0.o" -mcpu=cortex-a9 -mfpu=neon -fpermissive -mfloat-abi=hard -std=c++11 -g -IC:/Users/Chris/Desktop/RiscV-NPU-DualCore/Z7-RV-NPU/tutorial_3/export/tutorial_3/sw/tutorial_3/standalone_domain/bspinclude/include -MMD -MP -MF"src/mobilenetv20_0.d" -MT"src/mobilenetv20_0.o" -o "src/mobilenetv20_0.o" "../src/mobilenetv20_0.cpp"
'Finished building: ../src/mobilenetv20_0.cpp'
' '
'Building file: ../src/rtGetInf.cpp'
'Invoking: ARM v7 g++ compiler'
arm-none-eabi-g++ -DUSE_20_02_1_LIBRARY -DNO_MULTI_THREADING -DBARE_METAL -Wall -O2 -g3 -I"F:\waijung2\targets\zynq7000\utils\ComputeLibrary-main" -I"F:\waijung2\targets\zynq7000\utils\ComputeLibrary-main\include" -c -fmessage-length=0 -MT"src/rtGetInf.o" -mcpu=cortex-a9 -mfpu=neon -fpermissive -mfloat-abi=hard -std=c++11 -g -IC:/Users/Chris/Desktop/RiscV-NPU-DualCore/Z7-RV-NPU/tutorial_3/export/tutorial_3/sw/tutorial_3/standalone_domain/bspinclude/include -MMD -MP -MF"src/rtGetInf.d" -MT"src/rtGetInf.o" -o "src/rtGetInf.o" "../src/rtGetInf.cpp"
'Finished building: ../src/rtGetInf.cpp'
' '
'Building file: ../src/rtGetNaN.cpp'
'Invoking: ARM v7 g++ compiler'
arm-none-eabi-g++ -DUSE_20_02_1_LIBRARY -DNO_MULTI_THREADING -DBARE_METAL -Wall -O2 -g3 -I"F:\waijung2\targets\zynq7000\utils\ComputeLibrary-main" -I"F:\waijung2\targets\zynq7000\utils\ComputeLibrary-main\include" -c -fmessage-length=0 -MT"src/rtGetNaN.o" -mcpu=cortex-a9 -mfpu=neon -fpermissive -mfloat-abi=hard -std=c++11 -g -IC:/Users/Chris/Desktop/RiscV-NPU-DualCore/Z7-RV-NPU/tutorial_3/export/tutorial_3/sw/tutorial_3/standalone_domain/bspinclude/include -MMD -MP -MF"src/rtGetNaN.d" -MT"src/rtGetNaN.o" -o "src/rtGetNaN.o" "../src/rtGetNaN.cpp"
'Finished building: ../src/rtGetNaN.cpp'
' '
'Building file: ../src/rt_nonfinite.cpp'
'Invoking: ARM v7 g++ compiler'
arm-none-eabi-g++ -DUSE_20_02_1_LIBRARY -DNO_MULTI_THREADING -DBARE_METAL -Wall -O2 -g3 -I"F:\waijung2\targets\zynq7000\utils\ComputeLibrary-main" -I"F:\waijung2\targets\zynq7000\utils\ComputeLibrary-main\include" -c -fmessage-length=0 -MT"src/rt_nonfinite.o" -mcpu=cortex-a9 -mfpu=neon -fpermissive -mfloat-abi=hard -std=c++11 -g -IC:/Users/Chris/Desktop/RiscV-NPU-DualCore/Z7-RV-NPU/tutorial_3/export/tutorial_3/sw/tutorial_3/standalone_domain/bspinclude/include -MMD -MP -MF"src/rt_nonfinite.d" -MT"src/rt_nonfinite.o" -o "src/rt_nonfinite.o" "../src/rt_nonfinite.cpp"
'Finished building: ../src/rt_nonfinite.cpp'
' '
'Building file: ../src/waijung2_hwdrvlib.cpp'
'Invoking: ARM v7 g++ compiler'
arm-none-eabi-g++ -DUSE_20_02_1_LIBRARY -DNO_MULTI_THREADING -DBARE_METAL -Wall -O2 -g3 -I"F:\waijung2\targets\zynq7000\utils\ComputeLibrary-main" -I"F:\waijung2\targets\zynq7000\utils\ComputeLibrary-main\include" -c -fmessage-length=0 -MT"src/waijung2_hwdrvlib.o" -mcpu=cortex-a9 -mfpu=neon -fpermissive -mfloat-abi=hard -std=c++11 -g -IC:/Users/Chris/Desktop/RiscV-NPU-DualCore/Z7-RV-NPU/tutorial_3/export/tutorial_3/sw/tutorial_3/standalone_domain/bspinclude/include -MMD -MP -MF"src/waijung2_hwdrvlib.d" -MT"src/waijung2_hwdrvlib.o" -o "src/waijung2_hwdrvlib.o" "../src/waijung2_hwdrvlib.cpp"
'Finished building: ../src/waijung2_hwdrvlib.cpp'
' '
'Building file: ../src/zynq_7000_tutorial_3.cpp'
'Invoking: ARM v7 g++ compiler'
arm-none-eabi-g++ -DUSE_20_02_1_LIBRARY -DNO_MULTI_THREADING -DBARE_METAL -Wall -O2 -g3 -I"F:\waijung2\targets\zynq7000\utils\ComputeLibrary-main" -I"F:\waijung2\targets\zynq7000\utils\ComputeLibrary-main\include" -c -fmessage-length=0 -MT"src/zynq_7000_tutorial_3.o" -mcpu=cortex-a9 -mfpu=neon -fpermissive -mfloat-abi=hard -std=c++11 -g -IC:/Users/Chris/Desktop/RiscV-NPU-DualCore/Z7-RV-NPU/tutorial_3/export/tutorial_3/sw/tutorial_3/standalone_domain/bspinclude/include -MMD -MP -MF"src/zynq_7000_tutorial_3.d" -MT"src/zynq_7000_tutorial_3.o" -o "src/zynq_7000_tutorial_3.o" "../src/zynq_7000_tutorial_3.cpp"
../src/zynq_7000_tutorial_3.cpp: In function 'void zynq_7000_tutorial_3_step()':
../src/zynq_7000_tutorial_3.cpp:5817:56: warning: '%s' directive output may be truncated writing up to 255 bytes into a region of size 249 [-Wformat-truncation=]
 5817 |   std::snprintf(&rtb_ComposeString_0[0], 256U, "label: %s\r\n", &rtb_ToString_0
      |   ~~~~~~~~~~~~~~~~~~~~~~~~~~~~~~~~~~~~~~~~~~~~~~~~~~~~~^~~~~~~~~~~~~~~~~~~~~~~~
 5818 |                 [0]);
      |                 ~~~~                                    
../src/zynq_7000_tutorial_3.cpp:5817:16: note: 'snprintf' output between 10 and 265 bytes into a destination of size 256
 5817 |   std::snprintf(&rtb_ComposeString_0[0], 256U, "label: %s\r\n", &rtb_ToString_0
      |   ~~~~~~~~~~~~~^~~~~~~~~~~~~~~~~~~~~~~~~~~~~~~~~~~~~~~~~~~~~~~~~~~~~~~~~~~~~~~~
 5818 |                 [0]);
      |                 ~~~~
../src/zynq_7000_tutorial_3.cpp:5823:10: warning: 'char* strncpy(char*, const char*, size_t)' output may be truncated copying 64 bytes from a string of length 255 [-Wstringop-truncation]
 5823 |   strncpy(&tmp[0], &rtb_ComposeString_0[0], 64U);
      |   ~~~~~~~^~~~~~~~~~~~~~~~~~~~~~~~~~~~~~~~~~~~~~~
'Finished building: ../src/zynq_7000_tutorial_3.cpp'
' '
'Building target: zynq_7000_tutorial_3_zynq7000_build_app.elf'
'Invoking: ARM v7 g++ linker'
arm-none-eabi-g++ -L"F:\waijung2\targets\zynq7000\utils\ComputeLibrary-main\lib" -mcpu=cortex-a9 -mfpu=neon -mfloat-abi=hard -Wl,-build-id=none -specs=Xilinx.spec -Wl,-T -Wl,../src/lscript.ld -LC:/Users/Chris/Desktop/RiscV-NPU-DualCore/Z7-RV-NPU/tutorial_3/export/tutorial_3/sw/tutorial_3/standalone_domain/bsplib/lib -o "zynq_7000_tutorial_3_zynq7000_build_app.elf"  ./src/AXI_VDMA.o ./src/MWACLUtils.o ./src/MWAdditionLayer.o ./src/MWArmneonAdditionLayerImpl.o ./src/MWArmneonAvgPoolingLayerImpl.o ./src/MWArmneonCNNLayerImpl.o ./src/MWArmneonConvLayerImpl.o ./src/MWArmneonCustomLayerBase.o ./src/MWArmneonElementwiseAffineLayerImpl.o ./src/MWArmneonFCLayerImpl.o ./src/MWArmneonFusedConvActivationLayerImpl.o ./src/MWArmneonInputLayerImpl.o ./src/MWArmneonLayerImplFactory.o ./src/MWArmneonOutputLayerImpl.o ./src/MWArmneonSoftmaxLayerImpl.o ./src/MWArmneonTargetNetworkImpl.o ./src/MWAvgPoolingLayer.o ./src/MWCNNLayer.o ./src/MWConvLayer.o ./src/MWElementwiseAffineLayer.o ./src/MWFCLayer.o ./src/MWFusedConvActivationLayer.o ./src/MWInputLayer.o ./src/MWOutputLayer.o ./src/MWSoftmaxLayer.o ./src/MWTensorBase.o ./src/OV5640.o ./src/PS_GPIO.o ./src/PS_IIC.o ./src/VideoOutput.o ./src/cam_init.o ./src/ert_main.o ./src/mobilenetv20_0.o ./src/rtGetInf.o ./src/rtGetNaN.o ./src/rt_nonfinite.o ./src/waijung2_hwdrvlib.o ./src/zynq_7000_tutorial_3.o   -lm -larm_compute-static -larm_compute_core-static -Wl,--start-group,-lxil,-lgcc,-lc,-lstdc++,--end-group -Wl,--start-group,-lxilffs,-lxil,-lgcc,-lc,--end-group
'Finished building target: zynq_7000_tutorial_3_zynq7000_build_app.elf'
' '
'Invoking: ARM v7 Print Size'
arm-none-eabi-size zynq_7000_tutorial_3_zynq7000_build_app.elf  |tee "zynq_7000_tutorial_3_zynq7000_build_app.elf.size"
   text	   data	    bss	    dec	    hex	filename
2873405	  20120	215692752	218586277	d075ca5	zynq_7000_tutorial_3_zynq7000_build_app.elf
'Finished building: zynq_7000_tutorial_3_zynq7000_build_app.elf.size'
' '
04:07:32 **** Clean-only build of configuration Debug for project zynq_7000_tutorial_3_zynq7000_build_app_system ****
make clean 
rm -rf ./_sds
rm -rf package
rm -f system.bif
04:07:39 **** Build of configuration Debug for project zynq_7000_tutorial_3_zynq7000_build_app_system ****
make all 
Generating bif file for the system project
generate_system_bif.bat 63974 C:/Users/Chris/Desktop/RiscV-NPU-DualCore/Z7-RV-NPU/tutorial_3/export/tutorial_3/tutorial_3.xpfm standalone_domain C:/Users/Chris/Desktop/RiscV-NPU-DualCore/Z7-RV-NPU/zynq_7000_tutorial_3_zynq7000_build_app_system/Debug/system.bif
sdcard_gen --xpfm C:/Users/Chris/Desktop/RiscV-NPU-DualCore/Z7-RV-NPU/tutorial_3/export/tutorial_3/tutorial_3.xpfm --sys_config tutorial_3 --bif C:/Users/Chris/Desktop/RiscV-NPU-DualCore/Z7-RV-NPU/zynq_7000_tutorial_3_zynq7000_build_app_system/Debug/system.bif --bitstream C:/Users/Chris/Desktop/RiscV-NPU-DualCore/Z7-RV-NPU/zynq_7000_tutorial_3_zynq7000_build_app/_ide/bitstream/system_wrapper.bit --elf C:/Users/Chris/Desktop/RiscV-NPU-DualCore/Z7-RV-NPU/zynq_7000_tutorial_3_zynq7000_build_app/Debug/zynq_7000_tutorial_3_zynq7000_build_app.elf,ps7_cortexa9_0
creating BOOT.BIN using C:/Users/Chris/Desktop/RiscV-NPU-DualCore/Z7-RV-NPU/zynq_7000_tutorial_3_zynq7000_build_app/_ide/bitstream/system_wrapper.bit
Running F:/Vitis/2020.2/bin/bootgen  -image C:/Users/Chris/Desktop/RiscV-NPU-DualCore/Z7-RV-NPU/zynq_7000_tutorial_3_zynq7000_build_app_system/Debug/sd_card_temp/boot.bif -w -o i BOOT.BIN
