acom -O3 -e 100 -work SingleStageRISCV -2002  $dsn/src/ifid.vhd
# Compile Entity "ControlUnit"
# Compile Architecture "Behavioral" of Entity "ControlUnit"
# A feature of VHDL 2008 has been detected. Use the -2008 argument of the vcom command.
# Error: COMP96_0015: ifid.vhd : (88, 30): ')' expected.
# Error: COMP96_0015: ifid.vhd : (88, 33): ';' expected.
# Compile failure 2 Errors 0 Warnings  Analysis time :  78.0 [ms]
acom -O3 -e 100 -work SingleStageRISCV -2002  $dsn/src/ifid.vhd
# Compile Entity "ControlUnit"
# Compile Architecture "Behavioral" of Entity "ControlUnit"
# A feature of VHDL 2008 has been detected. Use the -2008 argument of the vcom command.
# Error: COMP96_0015: ifid.vhd : (87, 23): ';' expected.
# Error: COMP96_0019: ifid.vhd : (87, 49): Keyword 'end' expected.
# Error: COMP96_0019: ifid.vhd : (87, 54): Keyword 'case' expected.
# Error: COMP96_0019: ifid.vhd : (95, 7): Keyword 'end' expected.
# Error: COMP96_0015: ifid.vhd : (104, 9): ';' expected.
# Error: COMP96_0016: ifid.vhd : (104, 13): Design unit declaration expected.
# Error: COMP96_0019: ifid.vhd : (107, 28): Keyword 'of' expected.
# Error: COMP96_0018: ifid.vhd : (107, 28): Identifier expected.
# Compile failure 8 Errors 0 Warnings  Analysis time :  0.0 [ms]
acom -O3 -e 100 -work SingleStageRISCV -2002  $dsn/src/ifid.vhd
# Compile Entity "ControlUnit"
# Compile Architecture "Behavioral" of Entity "ControlUnit"
# A feature of VHDL 2008 has been detected. Use the -2008 argument of the vcom command.
# Error: COMP96_0015: ifid.vhd : (87, 23): ';' expected.
# Error: COMP96_0019: ifid.vhd : (87, 49): Keyword 'end' expected.
# Error: COMP96_0019: ifid.vhd : (87, 54): Keyword 'case' expected.
# Error: COMP96_0019: ifid.vhd : (93, 7): Keyword 'end' expected.
# Error: COMP96_0015: ifid.vhd : (102, 9): ';' expected.
# Error: COMP96_0016: ifid.vhd : (102, 13): Design unit declaration expected.
# Error: COMP96_0019: ifid.vhd : (105, 28): Keyword 'of' expected.
# Error: COMP96_0018: ifid.vhd : (105, 28): Identifier expected.
# Compile failure 8 Errors 0 Warnings  Analysis time :  0.0 [ms]
acom -O3 -e 100 -work SingleStageRISCV -2002  $dsn/src/ifid.vhd
# Compile Entity "ControlUnit"
# Compile Architecture "Behavioral" of Entity "ControlUnit"
# Error: COMP96_0015: ifid.vhd : (90, 3): ';' expected.
# Error: COMP96_0019: ifid.vhd : (99, 7): Keyword 'end' expected.
# Compile failure 2 Errors 0 Warnings  Analysis time :  16.0 [ms]
acom -O3 -e 100 -work SingleStageRISCV -2002  $dsn/src/ifid.vhd
# Compile Entity "ControlUnit"
# Compile Architecture "Behavioral" of Entity "ControlUnit"
# Error: COMP96_0019: ifid.vhd : (99, 7): Keyword 'end' expected.
# Compile failure 1 Errors 0 Warnings  Analysis time :  15.0 [ms]
acom -O3 -e 100 -work SingleStageRISCV -2002  $dsn/src/ifid.vhd
# Compile Entity "ControlUnit"
# Compile Architecture "Behavioral" of Entity "ControlUnit"
# Compile success 0 Errors 0 Warnings  Analysis time :  78.0 [ms]
acom -O3 -e 100 -work SingleStageRISCV -2002  $dsn/src/control_unit.vhd
# Compile Entity "ControlUnit"
# Compile Architecture "Behavioral" of Entity "ControlUnit"
# Error: COMP96_0045: control_unit.vhd : (90, 7): Identifier, string literal, character literal or keyword 'all' expected.
# Compile failure 1 Errors 0 Warnings  Analysis time :  0.0 [ms]
acom -O3 -e 100 -work SingleStageRISCV -2002  $dsn/src/control_unit.vhd
# Compile Entity "ControlUnit"
# Compile Architecture "Behavioral" of Entity "ControlUnit"
# Compile success 0 Errors 0 Warnings  Analysis time :  47.0 [ms]
acom -O3 -e 100 -work SingleStageRISCV -2002  $dsn/src/pcimmadder.vhd
# Compile Entity "pcimmadder"
# Compile Architecture "behavior" of Entity "pcimmadder"
# Error: COMP96_0078: pcimmadder.vhd : (17, 38): Unknown identifier "unsigned".
# Error: COMP96_0078: pcimmadder.vhd : (17, 53): Unknown identifier "unsigned".
# Error: COMP96_0133: pcimmadder.vhd : (17, 53): Cannot find object declaration.
# Error: COMP96_0289: pcimmadder.vhd : (17, 53): Prefix of index must be an array.
# Error: COMP96_0133: pcimmadder.vhd : (17, 38): Cannot find object declaration.
# Error: COMP96_0289: pcimmadder.vhd : (17, 38): Prefix of index must be an array.
# Error: COMP96_0149: pcimmadder.vhd : (17, 38): Explicit type conversions are allowed between closely related types only.
# Compile failure 7 Errors 0 Warnings  Analysis time :  16.0 [ms]
acom -O3 -e 100 -work SingleStageRISCV -2002  $dsn/src/pcimmadder.vhd
# Compile Entity "pcimmadder"
# Compile Architecture "behavior" of Entity "pcimmadder"
# Error: COMP96_0078: pcimmadder.vhd : (15, 29): Unknown identifier "unsigned".
# Error: COMP96_0064: pcimmadder.vhd : (15, 29): Unknown type.
# Error: COMP96_0078: pcimmadder.vhd : (17, 21): Unknown identifier "unsigned".
# Error: COMP96_0078: pcimmadder.vhd : (17, 30): Unknown identifier "resize".
# Error: COMP96_0078: pcimmadder.vhd : (17, 37): Unknown identifier "unsigned".
# Error: COMP96_0133: pcimmadder.vhd : (17, 30): Cannot find object declaration.
# Error: COMP96_0078: pcimmadder.vhd : (17, 58): Unknown identifier "unsigned".
# Error: COMP96_0149: pcimmadder.vhd : (18, 39): Explicit type conversions are allowed between closely related types only.
# Error: COMP96_0016: pcimmadder.vhd : (20, 27): Design unit declaration expected.
# Compile failure 9 Errors 0 Warnings  Analysis time :  0.0 [ms]
acom -O3 -e 100 -work SingleStageRISCV -2002  $dsn/src/pcimmadder.vhd
# Compile Entity "pcimmadder"
# Compile Architecture "behavior" of Entity "pcimmadder"
# Error: COMP96_0272: pcimmadder.vhd : (25, 29): Ambiguous reference to type "UNSIGNED".
# Error: COMP96_0064: pcimmadder.vhd : (25, 29): Unknown type.
# Error: COMP96_0419: pcimmadder.vhd : (27, 21): Ambiguous reference to "unsigned". Visible declarations include 'ieee.NUMERIC_STD.unsigned' and 'ieee.NUMERIC_BIT.unsigned'.
# Error: COMP96_0419: pcimmadder.vhd : (27, 37): Ambiguous reference to "unsigned". Visible declarations include 'ieee.NUMERIC_STD.unsigned' and 'ieee.NUMERIC_BIT.unsigned'.
# Error: COMP96_0419: pcimmadder.vhd : (27, 58): Ambiguous reference to "unsigned". Visible declarations include 'ieee.NUMERIC_STD.unsigned' and 'ieee.NUMERIC_BIT.unsigned'.
# Error: COMP96_0149: pcimmadder.vhd : (28, 39): Explicit type conversions are allowed between closely related types only.
# Error: COMP96_0016: pcimmadder.vhd : (30, 27): Design unit declaration expected.
# Compile failure 7 Errors 0 Warnings  Analysis time :  31.0 [ms]
acom -O3 -e 100 -work SingleStageRISCV -2002  $dsn/src/pcimmadder.vhd
# Compile Entity "pcimmadder"
# Compile Architecture "behavior" of Entity "pcimmadder"
# Error: COMP96_0272: pcimmadder.vhd : (20, 29): Ambiguous reference to type "UNSIGNED".
# Error: COMP96_0064: pcimmadder.vhd : (20, 29): Unknown type.
# Error: COMP96_0419: pcimmadder.vhd : (22, 21): Ambiguous reference to "unsigned". Visible declarations include 'ieee.NUMERIC_STD.unsigned' and 'ieee.NUMERIC_BIT.unsigned'.
# Error: COMP96_0419: pcimmadder.vhd : (22, 37): Ambiguous reference to "unsigned". Visible declarations include 'ieee.NUMERIC_STD.unsigned' and 'ieee.NUMERIC_BIT.unsigned'.
# Error: COMP96_0419: pcimmadder.vhd : (22, 58): Ambiguous reference to "unsigned". Visible declarations include 'ieee.NUMERIC_STD.unsigned' and 'ieee.NUMERIC_BIT.unsigned'.
# Error: COMP96_0149: pcimmadder.vhd : (23, 39): Explicit type conversions are allowed between closely related types only.
# Error: COMP96_0016: pcimmadder.vhd : (25, 27): Design unit declaration expected.
# Compile failure 7 Errors 0 Warnings  Analysis time :  15.0 [ms]
acom -O3 -e 100 -work SingleStageRISCV -2002  $dsn/src/pcimmadder.vhd
# Compile Entity "pcimmadder"
# Compile Architecture "behavior" of Entity "pcimmadder"
# Compile success 0 Errors 0 Warnings  Analysis time :  62.0 [ms]
acom -O3 -e 100 -work SingleStageRISCV -2002  $dsn/src/hazardunit.vhd
# Compile Entity "hazard_unit"
# Compile Architecture "Behavioral" of Entity "hazard_unit"
# Compile success 0 Errors 0 Warnings  Analysis time :  47.0 [ms]
acom -O3 -e 100 -work SingleStageRISCV -2002  $dsn/src/control_unit.vhd
# Compile Entity "ControlUnit"
# Compile Architecture "Behavioral" of Entity "ControlUnit"
# Compile success 0 Errors 0 Warnings  Analysis time :  47.0 [ms]
acom -O3 -e 100 -work SingleStageRISCV -2002  $dsn/src/ifid.vhd
# Compile Entity "ifid"
# Compile Architecture "Behavioral" of Entity "ifid"
# Compile success 0 Errors 0 Warnings  Analysis time :  93.0 [ms]
acom -O3 -e 100 -work SingleStageRISCV -2002  $dsn/src/control_unit.vhd
# Compile Entity "ControlUnit"
# Compile Architecture "Behavioral" of Entity "ControlUnit"
# Compile success 0 Errors 0 Warnings  Analysis time :  47.0 [ms]
