18:19:24 INFO  : Registering command handlers for Vitis TCF services
18:19:24 ERROR : Failed to openhw "C:/Users/Chris/Downloads/zynq_7000_tutorial3.xsa"
Reason: ERROR: [Common 17-1293] The path 'C:/Users/Chris/Downloads' already exists, is a directory, but is not writable.

18:19:24 INFO  : plnx-install-location is set to ''
18:19:31 INFO  : Platform repository initialization has completed.
18:19:51 INFO  : Platform 'zynq_7000_tutorial3' is added to custom repositories.
18:19:56 INFO  : Successfully done query RDI_DATADIR 
18:19:56 ERROR : Failed to call GENERATE_APP 
Reason: ERROR: [Common 17-39] 'hsi::generate_app' failed due to earlier errors.

18:19:56 ERROR : 
java.lang.RuntimeException: Failed to call GENERATE_APP 
Reason: ERROR: [Common 17-39] 'hsi::generate_app' failed due to earlier errors.

	at com.xilinx.sdk.xsdb.XsdbCommandUtils.handleResult(XsdbCommandUtils.java:389)
	at com.xilinx.sdk.xsdb.XsdbCommandUtils.executeAndRespond(XsdbCommandUtils.java:327)
	at com.xilinx.sdx.sdk.core.gen.CTemplateGen.generate(CTemplateGen.java:105)
	at com.xilinx.sdx.sdk.core.gen.StandaloneProjectHandler.createCoreApp(StandaloneProjectHandler.java:93)
	at com.xilinx.sdx.sdk.core.gen.AppCreationHandler.createApplication(AppCreationHandler.java:79)
	at com.xilinx.sdx.sdk.core.gen.AppCreationHandler.execute(AppCreationHandler.java:69)
	at com.xilinx.sdx.sdk.core.SdkAppCreationHandler.executeInternal(SdkAppCreationHandler.java:75)
	at com.xilinx.sdx.sdk.core.SdkAppCreationHandler.lambda$1(SdkAppCreationHandler.java:67)
	at org.eclipse.core.internal.resources.Workspace.run(Workspace.java:2292)
	at org.eclipse.core.internal.resources.Workspace.run(Workspace.java:2312)
	at com.xilinx.sdx.sdk.core.SdkAppCreationHandler.execute(SdkAppCreationHandler.java:66)
	at com.xilinx.sdx.npw.legacy.LegacyProjectCreationHandler.createApplicationProject(LegacyProjectCreationHandler.java:218)
	at com.xilinx.sdx.npw.legacy.LegacyProjectCreationHandler.internalExecute(LegacyProjectCreationHandler.java:340)
	at com.xilinx.sdx.npw.legacy.LegacyProjectCreationHandler.execute(LegacyProjectCreationHandler.java:112)
	at com.xilinx.sdx.cmdline.application.AppCreateFromDsaCmdHandler.execute(AppCreateFromDsaCmdHandler.java:192)
	at com.xilinx.sdx.cmdline.service.SdxTcfCmdServer.executeCmd(SdxTcfCmdServer.java:174)
	at com.xilinx.sdx.cmdline.service.SdxTcfCmdServer.command(SdxTcfCmdServer.java:91)
	at com.xilinx.sdx.cmdline.service.SdxTcfCmdServer$1.run(SdxTcfCmdServer.java:76)
	at java.base/java.lang.Thread.run(Thread.java:834)
18:19:56 ERROR : Failed to create application project
org.eclipse.core.runtime.CoreException: Failed to call GENERATE_APP 
Reason: ERROR: [Common 17-39] 'hsi::generate_app' failed due to earlier errors.

	at com.xilinx.sdx.sdk.core.gen.StandaloneProjectHandler.createCoreApp(StandaloneProjectHandler.java:150)
	at com.xilinx.sdx.sdk.core.gen.AppCreationHandler.createApplication(AppCreationHandler.java:79)
	at com.xilinx.sdx.sdk.core.gen.AppCreationHandler.execute(AppCreationHandler.java:69)
	at com.xilinx.sdx.sdk.core.SdkAppCreationHandler.executeInternal(SdkAppCreationHandler.java:75)
	at com.xilinx.sdx.sdk.core.SdkAppCreationHandler.lambda$1(SdkAppCreationHandler.java:67)
	at org.eclipse.core.internal.resources.Workspace.run(Workspace.java:2292)
	at org.eclipse.core.internal.resources.Workspace.run(Workspace.java:2312)
	at com.xilinx.sdx.sdk.core.SdkAppCreationHandler.execute(SdkAppCreationHandler.java:66)
	at com.xilinx.sdx.npw.legacy.LegacyProjectCreationHandler.createApplicationProject(LegacyProjectCreationHandler.java:218)
	at com.xilinx.sdx.npw.legacy.LegacyProjectCreationHandler.internalExecute(LegacyProjectCreationHandler.java:340)
	at com.xilinx.sdx.npw.legacy.LegacyProjectCreationHandler.execute(LegacyProjectCreationHandler.java:112)
	at com.xilinx.sdx.cmdline.application.AppCreateFromDsaCmdHandler.execute(AppCreateFromDsaCmdHandler.java:192)
	at com.xilinx.sdx.cmdline.service.SdxTcfCmdServer.executeCmd(SdxTcfCmdServer.java:174)
	at com.xilinx.sdx.cmdline.service.SdxTcfCmdServer.command(SdxTcfCmdServer.java:91)
	at com.xilinx.sdx.cmdline.service.SdxTcfCmdServer$1.run(SdxTcfCmdServer.java:76)
	at java.base/java.lang.Thread.run(Thread.java:834)
18:19:56 ERROR : Failed to openhw "C:/Users/Chris/Downloads/zynq_7000_tutorial3.xsa"
Reason: ERROR: [Common 17-1293] The path 'C:/Users/Chris/Downloads' already exists, is a directory, but is not writable.

18:19:56 ERROR : Error from executing command 'reportApp': The project given does not exist in workspace.
18:19:56 ERROR : xsct server communication channel has closed unexpectedly.
java.net.SocketException: Connection reset
	at java.base/java.net.SocketInputStream.read(SocketInputStream.java:186)
	at java.base/java.net.SocketInputStream.read(SocketInputStream.java:140)
	at java.base/java.io.BufferedInputStream.read1(BufferedInputStream.java:290)
	at java.base/java.io.BufferedInputStream.read(BufferedInputStream.java:351)
	at java.base/java.io.FilterInputStream.read(FilterInputStream.java:107)
	at org.eclipse.tcf.core.ChannelTCP.get(ChannelTCP.java:186)
	at org.eclipse.tcf.core.StreamChannel.read(StreamChannel.java:85)
	at org.eclipse.tcf.core.AbstractChannel$1.run(AbstractChannel.java:329)
18:20:04 INFO  : Registering command handlers for Vitis TCF services
18:20:05 INFO  : Result from executing command 'getProjects': 
18:20:05 ERROR : xsct server communication channel has closed unexpectedly.
java.net.SocketException: Connection reset
	at java.base/java.net.SocketInputStream.read(SocketInputStream.java:186)
	at java.base/java.net.SocketInputStream.read(SocketInputStream.java:140)
	at java.base/java.io.BufferedInputStream.read1(BufferedInputStream.java:290)
	at java.base/java.io.BufferedInputStream.read(BufferedInputStream.java:351)
	at java.base/java.io.FilterInputStream.read(FilterInputStream.java:107)
	at org.eclipse.tcf.core.ChannelTCP.get(ChannelTCP.java:186)
	at org.eclipse.tcf.core.StreamChannel.read(StreamChannel.java:85)
	at org.eclipse.tcf.core.AbstractChannel$1.run(AbstractChannel.java:329)
