
*** Running vivado
    with args -log system_controlsubsystemIP_0_0.vds -m64 -product Vivado -mode batch -messageDb vivado.pb -notrace -source system_controlsubsystemIP_0_0.tcl



****** Vivado v2020.2 (64-bit)
  **** SW Build 3064766 on Wed Nov 18 09:12:45 MST 2020
  **** IP Build 3064653 on Wed Nov 18 14:17:31 MST 2020
    ** Copyright 1986-2020 Xilinx, Inc. All Rights Reserved.

source system_controlsubsystemIP_0_0.tcl -notrace
INFO: [IP_Flow 19-234] Refreshing IP repositories
INFO: [IP_Flow 19-1700] Loaded user IP repository 'c:/Users/Chris/Desktop/RiscV-NPU-DualCore/Z7-RV-NPU/Zybo-Z7-20-Pcam-5C-hw/ip_repo/datamemIP_1.0'.
INFO: [IP_Flow 19-1700] Loaded user IP repository 'c:/Users/Chris/Desktop/RiscV-NPU-DualCore/Z7-RV-NPU/Zybo-Z7-20-Pcam-5C-hw/ip_repo/instructionmemIP_1.0'.
INFO: [IP_Flow 19-1700] Loaded user IP repository 'c:/Users/Chris/Desktop/RiscV-NPU-DualCore/Z7-RV-NPU/Zybo-Z7-20-Pcam-5C-hw/ip_repo/registerIP_1.0'.
INFO: [IP_Flow 19-1700] Loaded user IP repository 'c:/Users/Chris/Desktop/RiscV-NPU-DualCore/Z7-RV-NPU/Zybo-Z7-20-Pcam-5C-hw/ip_repo/controlsubsystemIP_1.0'.
WARNING: [IP_Flow 19-2207] Repository 'c:/Users/Chris/Desktop/RiscV-NPU-DualCore/Z7-RV-NPU/Zybo-Z7-20-Pcam-5C-hw/ip_repo/registerIP_1.0' already exists; ignoring attempt to add it again.
INFO: [IP_Flow 19-1700] Loaded user IP repository 'c:/Users/Chris/Desktop/RiscV-NPU-DualCore/Z7-RV-NPU/Zybo-Z7-20-Pcam-5C-hw/ip_repo/registerIP_1.0'.
INFO: [IP_Flow 19-1700] Loaded user IP repository 'c:/Users/Chris/Desktop/RiscV-NPU-DualCore/Z7-RV-NPU/Zybo-Z7-20-Pcam-5C-hw/IPrepo/registerIP_1.0'.
INFO: [IP_Flow 19-1700] Loaded user IP repository 'c:/Users/Chris/Desktop/RiscV-NPU-DualCore/Z7-RV-NPU/Zybo-Z7-20-Pcam-5C-hw/ip_repo/myip_1.0'.
WARNING: [IP_Flow 19-2207] Repository 'c:/Users/Chris/Desktop/RiscV-NPU-DualCore/Z7-RV-NPU/Zybo-Z7-20-Pcam-5C-hw/ip_repo/registerIP_1.0' already exists; ignoring attempt to add it again.
INFO: [IP_Flow 19-1700] Loaded user IP repository 'c:/Users/Chris/Desktop/RiscV-NPU-DualCore/Z7-RV-NPU/Zybo-Z7-20-Pcam-5C-hw/ip_repo/registerIP_1.0'.
WARNING: [IP_Flow 19-2207] Repository 'c:/Users/Chris/Desktop/RiscV-NPU-DualCore/Z7-RV-NPU/Zybo-Z7-20-Pcam-5C-hw/ip_repo/registerIP_1.0' already exists; ignoring attempt to add it again.
INFO: [IP_Flow 19-1700] Loaded user IP repository 'c:/Users/Chris/Desktop/RiscV-NPU-DualCore/Z7-RV-NPU/Zybo-Z7-20-Pcam-5C-hw/ip_repo/registerIP_1.0'.
INFO: [IP_Flow 19-1700] Loaded user IP repository 'c:/Users/Chris/Desktop/RiscV-NPU-DualCore/Z7-RV-NPU/Zybo-Z7-20-Pcam-5C-hw/hw/hw.ipdefs/repo'.
INFO: [IP_Flow 19-2313] Loaded Vivado IP repository 'F:/Vivado/2020.2/data/ip'.
WARNING: [IP_Flow 19-1663] Duplicate IP found for 'xilinx.com:user:registerIP:1.0'. The one found in IP location 'c:/Users/Chris/Desktop/RiscV-NPU-DualCore/Z7-RV-NPU/Zybo-Z7-20-Pcam-5C-hw/ip_repo/registerIP_1.0' will take precedence over the same IP in location c:/Users/Chris/Desktop/RiscV-NPU-DualCore/Z7-RV-NPU/Zybo-Z7-20-Pcam-5C-hw/IPrepo/registerIP_1.0
WARNING: [IP_Flow 19-4995] The host OS only allows 260 characters in a normal path. The IP cache path is more than 80 characters. If you experience issues with IP caching, please consider changing the IP cache to a location with a shorter path. Alternately consider using the OS subst command to map part of the path to a drive letter. 
Current IP cache path is c:/Users/Chris/Desktop/RiscV-NPU-DualCore/Z7-RV-NPU/Zybo-Z7-20-Pcam-5C-hw/hw/hw.cache/ip 
Command: synth_design -top system_controlsubsystemIP_0_0 -part xc7z020clg400-1 -mode out_of_context
Starting synth_design
Attempting to get a license for feature 'Synthesis' and/or device 'xc7z020'
INFO: [Common 17-349] Got license for feature 'Synthesis' and/or device 'xc7z020'
INFO: [Device 21-403] Loading part xc7z020clg400-1
INFO: [Synth 8-7079] Multithreading enabled for synth_design using a maximum of 2 processes.
INFO: [Synth 8-7078] Launching helper process for spawning children vivado processes
INFO: [Synth 8-7075] Helper process launched with PID 13716
---------------------------------------------------------------------------------
Starting RTL Elaboration : Time (s): cpu = 00:00:05 ; elapsed = 00:00:05 . Memory (MB): peak = 1117.793 ; gain = 1.918
---------------------------------------------------------------------------------
INFO: [Synth 8-638] synthesizing module 'system_controlsubsystemIP_0_0' [c:/Users/Chris/Desktop/RiscV-NPU-DualCore/Z7-RV-NPU/Zybo-Z7-20-Pcam-5C-hw/hw/hw.srcs/sources_1/bd/system/ip/system_controlsubsystemIP_0_0/synth/system_controlsubsystemIP_0_0.vhd:86]
INFO: [Synth 8-3491] module 'controlsubsystemIP' declared at 'c:/Users/Chris/Desktop/RiscV-NPU-DualCore/Z7-RV-NPU/Zybo-Z7-20-Pcam-5C-hw/hw/hw.srcs/sources_1/bd/system/ipshared/e269/hdl/controlsubsystemIP_v1_0.vhd:5' bound to instance 'U0' of component 'controlsubsystemIP' [c:/Users/Chris/Desktop/RiscV-NPU-DualCore/Z7-RV-NPU/Zybo-Z7-20-Pcam-5C-hw/hw/hw.srcs/sources_1/bd/system/ip/system_controlsubsystemIP_0_0/synth/system_controlsubsystemIP_0_0.vhd:152]
INFO: [Synth 8-638] synthesizing module 'controlsubsystemIP' [c:/Users/Chris/Desktop/RiscV-NPU-DualCore/Z7-RV-NPU/Zybo-Z7-20-Pcam-5C-hw/hw/hw.srcs/sources_1/bd/system/ipshared/e269/hdl/controlsubsystemIP_v1_0.vhd:39]
INFO: [Synth 8-256] done synthesizing module 'controlsubsystemIP' (1#1) [c:/Users/Chris/Desktop/RiscV-NPU-DualCore/Z7-RV-NPU/Zybo-Z7-20-Pcam-5C-hw/hw/hw.srcs/sources_1/bd/system/ipshared/e269/hdl/controlsubsystemIP_v1_0.vhd:39]
INFO: [Synth 8-256] done synthesizing module 'system_controlsubsystemIP_0_0' (2#1) [c:/Users/Chris/Desktop/RiscV-NPU-DualCore/Z7-RV-NPU/Zybo-Z7-20-Pcam-5C-hw/hw/hw.srcs/sources_1/bd/system/ip/system_controlsubsystemIP_0_0/synth/system_controlsubsystemIP_0_0.vhd:86]
---------------------------------------------------------------------------------
Finished RTL Elaboration : Time (s): cpu = 00:00:06 ; elapsed = 00:00:06 . Memory (MB): peak = 1175.883 ; gain = 60.008
---------------------------------------------------------------------------------
---------------------------------------------------------------------------------
Start Handling Custom Attributes
---------------------------------------------------------------------------------
---------------------------------------------------------------------------------
Finished Handling Custom Attributes : Time (s): cpu = 00:00:06 ; elapsed = 00:00:07 . Memory (MB): peak = 1175.883 ; gain = 60.008
---------------------------------------------------------------------------------
---------------------------------------------------------------------------------
Finished RTL Optimization Phase 1 : Time (s): cpu = 00:00:06 ; elapsed = 00:00:07 . Memory (MB): peak = 1175.883 ; gain = 60.008
---------------------------------------------------------------------------------
Netlist sorting complete. Time (s): cpu = 00:00:00 ; elapsed = 00:00:00.004 . Memory (MB): peak = 1175.883 ; gain = 0.000
INFO: [Project 1-570] Preparing netlist for logic optimization

Processing XDC Constraints
Initializing timing engine
Completed Processing XDC Constraints

Netlist sorting complete. Time (s): cpu = 00:00:00 ; elapsed = 00:00:00 . Memory (MB): peak = 1249.512 ; gain = 0.000
INFO: [Project 1-111] Unisim Transformation Summary:
No Unisim elements were transformed.

Constraint Validation Runtime : Time (s): cpu = 00:00:00 ; elapsed = 00:00:00.018 . Memory (MB): peak = 1249.512 ; gain = 0.000
---------------------------------------------------------------------------------
Finished Constraint Validation : Time (s): cpu = 00:00:12 ; elapsed = 00:00:13 . Memory (MB): peak = 1249.512 ; gain = 133.637
---------------------------------------------------------------------------------
---------------------------------------------------------------------------------
Start Loading Part and Timing Information
---------------------------------------------------------------------------------
Loading part: xc7z020clg400-1
---------------------------------------------------------------------------------
Finished Loading Part and Timing Information : Time (s): cpu = 00:00:12 ; elapsed = 00:00:13 . Memory (MB): peak = 1249.512 ; gain = 133.637
---------------------------------------------------------------------------------
---------------------------------------------------------------------------------
Start Applying 'set_property' XDC Constraints
---------------------------------------------------------------------------------
---------------------------------------------------------------------------------
Finished applying 'set_property' XDC Constraints : Time (s): cpu = 00:00:12 ; elapsed = 00:00:13 . Memory (MB): peak = 1249.512 ; gain = 133.637
---------------------------------------------------------------------------------
---------------------------------------------------------------------------------
Finished RTL Optimization Phase 2 : Time (s): cpu = 00:00:12 ; elapsed = 00:00:13 . Memory (MB): peak = 1249.512 ; gain = 133.637
---------------------------------------------------------------------------------
---------------------------------------------------------------------------------
Start RTL Component Statistics 
---------------------------------------------------------------------------------
Detailed RTL Component Info : 
+---Registers : 
	               32 Bit    Registers := 1     
	                1 Bit    Registers := 8     
+---Muxes : 
	   5 Input   32 Bit        Muxes := 1     
	   4 Input   32 Bit        Muxes := 1     
	   2 Input    1 Bit        Muxes := 3     
	   4 Input    1 Bit        Muxes := 3     
---------------------------------------------------------------------------------
Finished RTL Component Statistics 
---------------------------------------------------------------------------------
---------------------------------------------------------------------------------
Start Part Resource Summary
---------------------------------------------------------------------------------
Part Resources:
DSPs: 220 (col length:60)
BRAMs: 280 (col length: RAMB18 60 RAMB36 30)
---------------------------------------------------------------------------------
Finished Part Resource Summary
---------------------------------------------------------------------------------
---------------------------------------------------------------------------------
Start Cross Boundary and Area Optimization
---------------------------------------------------------------------------------
---------------------------------------------------------------------------------
Finished Cross Boundary and Area Optimization : Time (s): cpu = 00:00:14 ; elapsed = 00:00:15 . Memory (MB): peak = 1249.512 ; gain = 133.637
---------------------------------------------------------------------------------
---------------------------------------------------------------------------------
Start Applying XDC Timing Constraints
---------------------------------------------------------------------------------
---------------------------------------------------------------------------------
Finished Applying XDC Timing Constraints : Time (s): cpu = 00:00:20 ; elapsed = 00:00:21 . Memory (MB): peak = 1265.957 ; gain = 150.082
---------------------------------------------------------------------------------
---------------------------------------------------------------------------------
Start Timing Optimization
---------------------------------------------------------------------------------
---------------------------------------------------------------------------------
Finished Timing Optimization : Time (s): cpu = 00:00:20 ; elapsed = 00:00:21 . Memory (MB): peak = 1265.957 ; gain = 150.082
---------------------------------------------------------------------------------
---------------------------------------------------------------------------------
Start Technology Mapping
---------------------------------------------------------------------------------
---------------------------------------------------------------------------------
Finished Technology Mapping : Time (s): cpu = 00:00:20 ; elapsed = 00:00:21 . Memory (MB): peak = 1294.594 ; gain = 178.719
---------------------------------------------------------------------------------
---------------------------------------------------------------------------------
Start IO Insertion
---------------------------------------------------------------------------------
---------------------------------------------------------------------------------
Start Flattening Before IO Insertion
---------------------------------------------------------------------------------
---------------------------------------------------------------------------------
Finished Flattening Before IO Insertion
---------------------------------------------------------------------------------
---------------------------------------------------------------------------------
Start Final Netlist Cleanup
---------------------------------------------------------------------------------
---------------------------------------------------------------------------------
Finished Final Netlist Cleanup
---------------------------------------------------------------------------------
---------------------------------------------------------------------------------
Finished IO Insertion : Time (s): cpu = 00:00:24 ; elapsed = 00:00:25 . Memory (MB): peak = 1294.594 ; gain = 178.719
---------------------------------------------------------------------------------
---------------------------------------------------------------------------------
Start Renaming Generated Instances
---------------------------------------------------------------------------------
---------------------------------------------------------------------------------
Finished Renaming Generated Instances : Time (s): cpu = 00:00:24 ; elapsed = 00:00:25 . Memory (MB): peak = 1294.594 ; gain = 178.719
---------------------------------------------------------------------------------
---------------------------------------------------------------------------------
Start Rebuilding User Hierarchy
---------------------------------------------------------------------------------
---------------------------------------------------------------------------------
Finished Rebuilding User Hierarchy : Time (s): cpu = 00:00:24 ; elapsed = 00:00:25 . Memory (MB): peak = 1294.594 ; gain = 178.719
---------------------------------------------------------------------------------
---------------------------------------------------------------------------------
Start Renaming Generated Ports
---------------------------------------------------------------------------------
---------------------------------------------------------------------------------
Finished Renaming Generated Ports : Time (s): cpu = 00:00:24 ; elapsed = 00:00:25 . Memory (MB): peak = 1294.594 ; gain = 178.719
---------------------------------------------------------------------------------
---------------------------------------------------------------------------------
Start Handling Custom Attributes
---------------------------------------------------------------------------------
---------------------------------------------------------------------------------
Finished Handling Custom Attributes : Time (s): cpu = 00:00:24 ; elapsed = 00:00:25 . Memory (MB): peak = 1294.594 ; gain = 178.719
---------------------------------------------------------------------------------
---------------------------------------------------------------------------------
Start Renaming Generated Nets
---------------------------------------------------------------------------------
---------------------------------------------------------------------------------
Finished Renaming Generated Nets : Time (s): cpu = 00:00:24 ; elapsed = 00:00:25 . Memory (MB): peak = 1294.594 ; gain = 178.719
---------------------------------------------------------------------------------
---------------------------------------------------------------------------------
Start Writing Synthesis Report
---------------------------------------------------------------------------------

Report BlackBoxes: 
+-+--------------+----------+
| |BlackBox name |Instances |
+-+--------------+----------+
+-+--------------+----------+

Report Cell Usage: 
+------+-----+------+
|      |Cell |Count |
+------+-----+------+
|1     |LUT1 |     1|
|2     |LUT2 |     3|
|3     |LUT3 |     2|
|4     |LUT4 |     1|
|5     |LUT5 |     3|
|6     |LUT6 |     4|
|7     |FDRE |     8|
|8     |FDSE |     1|
+------+-----+------+
---------------------------------------------------------------------------------
Finished Writing Synthesis Report : Time (s): cpu = 00:00:24 ; elapsed = 00:00:25 . Memory (MB): peak = 1294.594 ; gain = 178.719
---------------------------------------------------------------------------------
Synthesis finished with 0 errors, 0 critical warnings and 0 warnings.
Synthesis Optimization Runtime : Time (s): cpu = 00:00:16 ; elapsed = 00:00:23 . Memory (MB): peak = 1294.594 ; gain = 105.090
Synthesis Optimization Complete : Time (s): cpu = 00:00:24 ; elapsed = 00:00:25 . Memory (MB): peak = 1294.594 ; gain = 178.719
INFO: [Project 1-571] Translating synthesized netlist
Netlist sorting complete. Time (s): cpu = 00:00:00 ; elapsed = 00:00:00 . Memory (MB): peak = 1302.406 ; gain = 0.000
INFO: [Project 1-570] Preparing netlist for logic optimization
INFO: [Opt 31-138] Pushed 0 inverter(s) to 0 load pin(s).
Netlist sorting complete. Time (s): cpu = 00:00:00 ; elapsed = 00:00:00 . Memory (MB): peak = 1315.234 ; gain = 0.000
INFO: [Project 1-111] Unisim Transformation Summary:
No Unisim elements were transformed.

INFO: [Common 17-83] Releasing license: Synthesis
29 Infos, 5 Warnings, 0 Critical Warnings and 0 Errors encountered.
synth_design completed successfully
synth_design: Time (s): cpu = 00:00:30 ; elapsed = 00:00:32 . Memory (MB): peak = 1315.234 ; gain = 199.359
INFO: [Common 17-1381] The checkpoint 'C:/Users/Chris/Desktop/RiscV-NPU-DualCore/Z7-RV-NPU/Zybo-Z7-20-Pcam-5C-hw/hw/hw.runs/system_controlsubsystemIP_0_0_synth_1/system_controlsubsystemIP_0_0.dcp' has been generated.
WARNING: [Common 17-576] 'use_project_ipc' is deprecated. This option is deprecated and no longer used.
INFO: [Coretcl 2-1648] Added synthesis output to IP cache for IP system_controlsubsystemIP_0_0, cache-ID = be1bee0e1b03abe3
INFO: [Common 17-1381] The checkpoint 'C:/Users/Chris/Desktop/RiscV-NPU-DualCore/Z7-RV-NPU/Zybo-Z7-20-Pcam-5C-hw/hw/hw.runs/system_controlsubsystemIP_0_0_synth_1/system_controlsubsystemIP_0_0.dcp' has been generated.
INFO: [runtcl-4] Executing : report_utilization -file system_controlsubsystemIP_0_0_utilization_synth.rpt -pb system_controlsubsystemIP_0_0_utilization_synth.pb
INFO: [Common 17-206] Exiting Vivado at Mon May  5 21:01:10 2025...
