
*** Running vivado
    with args -log system_AXI_BayerToRGB_1_0.vds -m64 -product Vivado -mode batch -messageDb vivado.pb -notrace -source system_AXI_BayerToRGB_1_0.tcl



****** Vivado v2020.2.2 (64-bit)
  **** SW Build 3118627 on Tue Feb  9 05:14:06 MST 2021
  **** IP Build 3115676 on Tue Feb  9 10:48:11 MST 2021
    ** Copyright 1986-2021 Xilinx, Inc. All Rights Reserved.

source system_AXI_BayerToRGB_1_0.tcl -notrace
INFO: [IP_Flow 19-234] Refreshing IP repositories
INFO: [IP_Flow 19-1700] Loaded user IP repository 'c:/Users/Aimagin/Downloads/Zybo-Z7-20-Pcam-5C-hw.xpr/hw/hw.ipdefs/repo'.
INFO: [IP_Flow 19-2313] Loaded Vivado IP repository 'C:/Xilinx/Vivado/2020.2/data/ip'.
Command: synth_design -top system_AXI_BayerToRGB_1_0 -part xc7z020clg400-1 -mode out_of_context
Starting synth_design
Attempting to get a license for feature 'Synthesis' and/or device 'xc7z020'
INFO: [Common 17-349] Got license for feature 'Synthesis' and/or device 'xc7z020'
INFO: [Device 21-403] Loading part xc7z020clg400-1
INFO: [Synth 8-7079] Multithreading enabled for synth_design using a maximum of 2 processes.
INFO: [Synth 8-7078] Launching helper process for spawning children vivado processes
INFO: [Synth 8-7075] Helper process launched with PID 2304
---------------------------------------------------------------------------------
Starting RTL Elaboration : Time (s): cpu = 00:00:09 ; elapsed = 00:00:10 . Memory (MB): peak = 1211.492 ; gain = 119.133
---------------------------------------------------------------------------------
INFO: [Synth 8-638] synthesizing module 'system_AXI_BayerToRGB_1_0' [c:/Users/Aimagin/Downloads/Zybo-Z7-20-Pcam-5C-hw.xpr/hw/hw.srcs/sources_1/bd/system/ip/system_AXI_BayerToRGB_1_0/synth/system_AXI_BayerToRGB_1_0.vhd:73]
	Parameter kBayerWidth bound to: 10 - type: integer 
	Parameter kMaxSamplesPerClock bound to: 4 - type: integer 
	Parameter kAXI_InputDataWidth bound to: 40 - type: integer 
	Parameter kAXI_OutputDataWidth bound to: 32 - type: integer 
INFO: [Synth 8-3491] module 'AXI_BayerToRGB' declared at 'c:/Users/Aimagin/Downloads/Zybo-Z7-20-Pcam-5C-hw.xpr/hw/hw.srcs/sources_1/bd/system/ipshared/40b8/hdl/AXI_BayerToRGB.vhd:66' bound to instance 'U0' of component 'AXI_BayerToRGB' [c:/Users/Aimagin/Downloads/Zybo-Z7-20-Pcam-5C-hw.xpr/hw/hw.srcs/sources_1/bd/system/ip/system_AXI_BayerToRGB_1_0/synth/system_AXI_BayerToRGB_1_0.vhd:123]
INFO: [Synth 8-638] synthesizing module 'AXI_BayerToRGB' [c:/Users/Aimagin/Downloads/Zybo-Z7-20-Pcam-5C-hw.xpr/hw/hw.srcs/sources_1/bd/system/ipshared/40b8/hdl/AXI_BayerToRGB.vhd:90]
	Parameter kAXI_InputDataWidth bound to: 40 - type: integer 
	Parameter kBayerWidth bound to: 10 - type: integer 
	Parameter kAXI_OutputDataWidth bound to: 32 - type: integer 
	Parameter kMaxSamplesPerClock bound to: 4 - type: integer 
INFO: [Synth 8-638] synthesizing module 'LineBuffer' [c:/Users/Aimagin/Downloads/Zybo-Z7-20-Pcam-5C-hw.xpr/hw/hw.srcs/sources_1/bd/system/ipshared/40b8/hdl/LineBuffer.vhd:56]
	Parameter kLineBufferWidth bound to: 2048 - type: integer 
INFO: [Synth 8-256] done synthesizing module 'LineBuffer' (1#1) [c:/Users/Aimagin/Downloads/Zybo-Z7-20-Pcam-5C-hw.xpr/hw/hw.srcs/sources_1/bd/system/ipshared/40b8/hdl/LineBuffer.vhd:56]
INFO: [Synth 8-226] default block is never used [c:/Users/Aimagin/Downloads/Zybo-Z7-20-Pcam-5C-hw.xpr/hw/hw.srcs/sources_1/bd/system/ipshared/40b8/hdl/AXI_BayerToRGB.vhd:365]
INFO: [Synth 8-256] done synthesizing module 'AXI_BayerToRGB' (2#1) [c:/Users/Aimagin/Downloads/Zybo-Z7-20-Pcam-5C-hw.xpr/hw/hw.srcs/sources_1/bd/system/ipshared/40b8/hdl/AXI_BayerToRGB.vhd:90]
INFO: [Synth 8-256] done synthesizing module 'system_AXI_BayerToRGB_1_0' (3#1) [c:/Users/Aimagin/Downloads/Zybo-Z7-20-Pcam-5C-hw.xpr/hw/hw.srcs/sources_1/bd/system/ip/system_AXI_BayerToRGB_1_0/synth/system_AXI_BayerToRGB_1_0.vhd:73]
---------------------------------------------------------------------------------
Finished RTL Elaboration : Time (s): cpu = 00:00:11 ; elapsed = 00:00:12 . Memory (MB): peak = 1269.844 ; gain = 177.484
---------------------------------------------------------------------------------
---------------------------------------------------------------------------------
Start Handling Custom Attributes
---------------------------------------------------------------------------------
---------------------------------------------------------------------------------
Finished Handling Custom Attributes : Time (s): cpu = 00:00:11 ; elapsed = 00:00:13 . Memory (MB): peak = 1269.844 ; gain = 177.484
---------------------------------------------------------------------------------
---------------------------------------------------------------------------------
Finished RTL Optimization Phase 1 : Time (s): cpu = 00:00:11 ; elapsed = 00:00:13 . Memory (MB): peak = 1269.844 ; gain = 177.484
---------------------------------------------------------------------------------
Netlist sorting complete. Time (s): cpu = 00:00:00 ; elapsed = 00:00:00.009 . Memory (MB): peak = 1269.844 ; gain = 0.000
INFO: [Project 1-570] Preparing netlist for logic optimization

Processing XDC Constraints
Initializing timing engine
Completed Processing XDC Constraints

Netlist sorting complete. Time (s): cpu = 00:00:00 ; elapsed = 00:00:00 . Memory (MB): peak = 1376.184 ; gain = 0.000
INFO: [Project 1-111] Unisim Transformation Summary:
No Unisim elements were transformed.

Constraint Validation Runtime : Time (s): cpu = 00:00:00 ; elapsed = 00:00:00.043 . Memory (MB): peak = 1376.195 ; gain = 0.012
---------------------------------------------------------------------------------
Finished Constraint Validation : Time (s): cpu = 00:00:20 ; elapsed = 00:00:22 . Memory (MB): peak = 1376.195 ; gain = 283.836
---------------------------------------------------------------------------------
---------------------------------------------------------------------------------
Start Loading Part and Timing Information
---------------------------------------------------------------------------------
Loading part: xc7z020clg400-1
---------------------------------------------------------------------------------
Finished Loading Part and Timing Information : Time (s): cpu = 00:00:20 ; elapsed = 00:00:22 . Memory (MB): peak = 1376.195 ; gain = 283.836
---------------------------------------------------------------------------------
---------------------------------------------------------------------------------
Start Applying 'set_property' XDC Constraints
---------------------------------------------------------------------------------
---------------------------------------------------------------------------------
Finished applying 'set_property' XDC Constraints : Time (s): cpu = 00:00:20 ; elapsed = 00:00:22 . Memory (MB): peak = 1376.195 ; gain = 283.836
---------------------------------------------------------------------------------
---------------------------------------------------------------------------------
Finished RTL Optimization Phase 2 : Time (s): cpu = 00:00:21 ; elapsed = 00:00:23 . Memory (MB): peak = 1376.195 ; gain = 283.836
---------------------------------------------------------------------------------
---------------------------------------------------------------------------------
Start RTL Component Statistics 
---------------------------------------------------------------------------------
Detailed RTL Component Info : 
+---Adders : 
	   2 Input   11 Bit       Adders := 3     
	   2 Input    2 Bit       Adders := 1     
+---Registers : 
	               30 Bit    Registers := 1     
	               11 Bit    Registers := 8     
	               10 Bit    Registers := 6     
	                2 Bit    Registers := 4     
	                1 Bit    Registers := 19    
+---RAMs : 
	              20K Bit	(2048 X 10 bit)          RAMs := 1     
+---Muxes : 
	   2 Input   30 Bit        Muxes := 1     
	   3 Input   11 Bit        Muxes := 2     
	   2 Input   11 Bit        Muxes := 1     
	   4 Input   11 Bit        Muxes := 2     
	   2 Input   10 Bit        Muxes := 5     
	   4 Input   10 Bit        Muxes := 2     
	   2 Input    9 Bit        Muxes := 2     
	   2 Input    2 Bit        Muxes := 2     
	   2 Input    1 Bit        Muxes := 14    
---------------------------------------------------------------------------------
Finished RTL Component Statistics 
---------------------------------------------------------------------------------
---------------------------------------------------------------------------------
Start Part Resource Summary
---------------------------------------------------------------------------------
Part Resources:
DSPs: 220 (col length:60)
BRAMs: 280 (col length: RAMB18 60 RAMB36 30)
---------------------------------------------------------------------------------
Finished Part Resource Summary
---------------------------------------------------------------------------------
---------------------------------------------------------------------------------
Start Cross Boundary and Area Optimization
---------------------------------------------------------------------------------
---------------------------------------------------------------------------------
Finished Cross Boundary and Area Optimization : Time (s): cpu = 00:00:24 ; elapsed = 00:00:26 . Memory (MB): peak = 1376.195 ; gain = 283.836
---------------------------------------------------------------------------------
---------------------------------------------------------------------------------
Start ROM, RAM, DSP, Shift Register and Retiming Reporting
---------------------------------------------------------------------------------

Block RAM: Preliminary Mapping	Report (see note below)
+--------------------------+-----------------------------------+------------------------+---+---+------------------------+---+---+------------------+--------+--------+
|Module Name               | RTL Object                        | PORT A (Depth x Width) | W | R | PORT B (Depth x Width) | W | R | Ports driving FF | RAMB18 | RAMB36 | 
+--------------------------+-----------------------------------+------------------------+---+---+------------------------+---+---+------------------+--------+--------+
|system_AXI_BayerToRGB_1_0 | U0/LineBufferInst/pLineBuffer_reg | 2 K x 10(READ_FIRST)   | W |   | 2 K x 10(WRITE_FIRST)  |   | R | Port A and B     | 0      | 1      | 
+--------------------------+-----------------------------------+------------------------+---+---+------------------------+---+---+------------------+--------+--------+

Note: The table above is a preliminary report that shows the Block RAMs at the current stage of the synthesis flow. Some Block RAMs may be reimplemented as non Block RAM primitives later in the synthesis flow. Multiple instantiated Block RAMs are reported only once. 
---------------------------------------------------------------------------------
Finished ROM, RAM, DSP, Shift Register and Retiming Reporting
---------------------------------------------------------------------------------
---------------------------------------------------------------------------------
Start Applying XDC Timing Constraints
---------------------------------------------------------------------------------
---------------------------------------------------------------------------------
Finished Applying XDC Timing Constraints : Time (s): cpu = 00:00:33 ; elapsed = 00:00:35 . Memory (MB): peak = 1376.195 ; gain = 283.836
---------------------------------------------------------------------------------
---------------------------------------------------------------------------------
Start Timing Optimization
---------------------------------------------------------------------------------
---------------------------------------------------------------------------------
Finished Timing Optimization : Time (s): cpu = 00:00:33 ; elapsed = 00:00:36 . Memory (MB): peak = 1376.195 ; gain = 283.836
---------------------------------------------------------------------------------
---------------------------------------------------------------------------------
Start ROM, RAM, DSP, Shift Register and Retiming Reporting
---------------------------------------------------------------------------------

Block RAM: Final Mapping	Report
+--------------------------+-----------------------------------+------------------------+---+---+------------------------+---+---+------------------+--------+--------+
|Module Name               | RTL Object                        | PORT A (Depth x Width) | W | R | PORT B (Depth x Width) | W | R | Ports driving FF | RAMB18 | RAMB36 | 
+--------------------------+-----------------------------------+------------------------+---+---+------------------------+---+---+------------------+--------+--------+
|system_AXI_BayerToRGB_1_0 | U0/LineBufferInst/pLineBuffer_reg | 2 K x 10(READ_FIRST)   | W |   | 2 K x 10(WRITE_FIRST)  |   | R | Port A and B     | 0      | 1      | 
+--------------------------+-----------------------------------+------------------------+---+---+------------------------+---+---+------------------+--------+--------+

---------------------------------------------------------------------------------
Finished ROM, RAM, DSP, Shift Register and Retiming Reporting
---------------------------------------------------------------------------------
---------------------------------------------------------------------------------
Start Technology Mapping
---------------------------------------------------------------------------------
INFO: [Synth 8-7052] The timing for the instance U0/LineBufferInst/pLineBuffer_reg (implemented as a Block RAM) might be sub-optimal as no optional output register could be merged into the ram block. Providing additional output register may help in improving timing.
---------------------------------------------------------------------------------
Finished Technology Mapping : Time (s): cpu = 00:00:33 ; elapsed = 00:00:36 . Memory (MB): peak = 1382.980 ; gain = 290.621
---------------------------------------------------------------------------------
---------------------------------------------------------------------------------
Start IO Insertion
---------------------------------------------------------------------------------
---------------------------------------------------------------------------------
Start Flattening Before IO Insertion
---------------------------------------------------------------------------------
---------------------------------------------------------------------------------
Finished Flattening Before IO Insertion
---------------------------------------------------------------------------------
---------------------------------------------------------------------------------
Start Final Netlist Cleanup
---------------------------------------------------------------------------------
---------------------------------------------------------------------------------
Finished Final Netlist Cleanup
---------------------------------------------------------------------------------
---------------------------------------------------------------------------------
Finished IO Insertion : Time (s): cpu = 00:00:39 ; elapsed = 00:00:41 . Memory (MB): peak = 1390.926 ; gain = 298.566
---------------------------------------------------------------------------------
---------------------------------------------------------------------------------
Start Renaming Generated Instances
---------------------------------------------------------------------------------
---------------------------------------------------------------------------------
Finished Renaming Generated Instances : Time (s): cpu = 00:00:39 ; elapsed = 00:00:41 . Memory (MB): peak = 1390.926 ; gain = 298.566
---------------------------------------------------------------------------------
---------------------------------------------------------------------------------
Start Rebuilding User Hierarchy
---------------------------------------------------------------------------------
---------------------------------------------------------------------------------
Finished Rebuilding User Hierarchy : Time (s): cpu = 00:00:39 ; elapsed = 00:00:41 . Memory (MB): peak = 1390.926 ; gain = 298.566
---------------------------------------------------------------------------------
---------------------------------------------------------------------------------
Start Renaming Generated Ports
---------------------------------------------------------------------------------
---------------------------------------------------------------------------------
Finished Renaming Generated Ports : Time (s): cpu = 00:00:39 ; elapsed = 00:00:41 . Memory (MB): peak = 1390.926 ; gain = 298.566
---------------------------------------------------------------------------------
---------------------------------------------------------------------------------
Start Handling Custom Attributes
---------------------------------------------------------------------------------
---------------------------------------------------------------------------------
Finished Handling Custom Attributes : Time (s): cpu = 00:00:39 ; elapsed = 00:00:41 . Memory (MB): peak = 1390.926 ; gain = 298.566
---------------------------------------------------------------------------------
---------------------------------------------------------------------------------
Start Renaming Generated Nets
---------------------------------------------------------------------------------
---------------------------------------------------------------------------------
Finished Renaming Generated Nets : Time (s): cpu = 00:00:39 ; elapsed = 00:00:41 . Memory (MB): peak = 1390.926 ; gain = 298.566
---------------------------------------------------------------------------------
---------------------------------------------------------------------------------
Start Writing Synthesis Report
---------------------------------------------------------------------------------

Report BlackBoxes: 
+-+--------------+----------+
| |BlackBox name |Instances |
+-+--------------+----------+
+-+--------------+----------+

Report Cell Usage: 
+------+---------+------+
|      |Cell     |Count |
+------+---------+------+
|1     |CARRY4   |     3|
|2     |LUT1     |     2|
|3     |LUT2     |     4|
|4     |LUT3     |    26|
|5     |LUT4     |    46|
|6     |LUT5     |     8|
|7     |LUT6     |    42|
|8     |RAMB36E1 |     1|
|9     |FDRE     |   178|
+------+---------+------+
---------------------------------------------------------------------------------
Finished Writing Synthesis Report : Time (s): cpu = 00:00:39 ; elapsed = 00:00:41 . Memory (MB): peak = 1390.926 ; gain = 298.566
---------------------------------------------------------------------------------
Synthesis finished with 0 errors, 0 critical warnings and 0 warnings.
Synthesis Optimization Runtime : Time (s): cpu = 00:00:25 ; elapsed = 00:00:38 . Memory (MB): peak = 1390.926 ; gain = 192.215
Synthesis Optimization Complete : Time (s): cpu = 00:00:39 ; elapsed = 00:00:41 . Memory (MB): peak = 1390.926 ; gain = 298.566
INFO: [Project 1-571] Translating synthesized netlist
Netlist sorting complete. Time (s): cpu = 00:00:00 ; elapsed = 00:00:00.007 . Memory (MB): peak = 1402.969 ; gain = 0.000
INFO: [Netlist 29-17] Analyzing 4 Unisim elements for replacement
INFO: [Netlist 29-28] Unisim Transformation completed in 0 CPU seconds
INFO: [Project 1-570] Preparing netlist for logic optimization
INFO: [Opt 31-138] Pushed 0 inverter(s) to 0 load pin(s).
Netlist sorting complete. Time (s): cpu = 00:00:00 ; elapsed = 00:00:00 . Memory (MB): peak = 1403.012 ; gain = 0.000
INFO: [Project 1-111] Unisim Transformation Summary:
No Unisim elements were transformed.

INFO: [Common 17-83] Releasing license: Synthesis
26 Infos, 0 Warnings, 0 Critical Warnings and 0 Errors encountered.
synth_design completed successfully
synth_design: Time (s): cpu = 00:00:48 ; elapsed = 00:00:53 . Memory (MB): peak = 1403.012 ; gain = 310.652
INFO: [Common 17-1381] The checkpoint 'C:/Users/Aimagin/Downloads/Zybo-Z7-20-Pcam-5C-hw.xpr/hw/hw.runs/system_AXI_BayerToRGB_1_0_synth_1/system_AXI_BayerToRGB_1_0.dcp' has been generated.
WARNING: [Common 17-576] 'use_project_ipc' is deprecated. This option is deprecated and no longer used.
INFO: [Coretcl 2-1648] Added synthesis output to IP cache for IP system_AXI_BayerToRGB_1_0, cache-ID = b3764c8c73e04dbc
INFO: [Coretcl 2-1174] Renamed 2 cell refs.
INFO: [Common 17-1381] The checkpoint 'C:/Users/Aimagin/Downloads/Zybo-Z7-20-Pcam-5C-hw.xpr/hw/hw.runs/system_AXI_BayerToRGB_1_0_synth_1/system_AXI_BayerToRGB_1_0.dcp' has been generated.
INFO: [runtcl-4] Executing : report_utilization -file system_AXI_BayerToRGB_1_0_utilization_synth.rpt -pb system_AXI_BayerToRGB_1_0_utilization_synth.pb
INFO: [Common 17-206] Exiting Vivado at Fri Oct 27 15:21:46 2023...
"C:/Xilinx/Vivado/2020.2/bin/unwrapped/win64.o/vivado.exe"  -log system_AXI_BayerToRGB_1_0.vds -product Vivado -mode batch -messageDb vivado.pb -notrace -source system_AXI_BayerToRGB_1_0.tcl

*** Running vivado
    with args -log system_AXI_BayerToRGB_1_0.vds -m64 -product Vivado -mode batch -messageDb vivado.pb -notrace -source system_AXI_BayerToRGB_1_0.tcl



****** Vivado v2020.2 (64-bit)
  **** SW Build 3064766 on Wed Nov 18 09:12:45 MST 2020
  **** IP Build 3064653 on Wed Nov 18 14:17:31 MST 2020
    ** Copyright 1986-2020 Xilinx, Inc. All Rights Reserved.

source system_AXI_BayerToRGB_1_0.tcl -notrace
create_project: Time (s): cpu = 00:00:04 ; elapsed = 00:00:05 . Memory (MB): peak = 1082.121 ; gain = 0.000
INFO: [IP_Flow 19-234] Refreshing IP repositories
INFO: [IP_Flow 19-1700] Loaded user IP repository 'c:/Users/Chris/Desktop/RiscV-NPU-DualCore/Z7-RV-NPU/Zybo-Z7-20-Pcam-5C-hw/ip_repo/datamemIP_1.0'.
INFO: [IP_Flow 19-1700] Loaded user IP repository 'c:/Users/Chris/Desktop/RiscV-NPU-DualCore/Z7-RV-NPU/Zybo-Z7-20-Pcam-5C-hw/ip_repo/instructionmemIP_1.0'.
INFO: [IP_Flow 19-1700] Loaded user IP repository 'c:/Users/Chris/Desktop/RiscV-NPU-DualCore/Z7-RV-NPU/Zybo-Z7-20-Pcam-5C-hw/ip_repo/registerIP_1.0'.
INFO: [IP_Flow 19-1700] Loaded user IP repository 'c:/Users/Chris/Desktop/RiscV-NPU-DualCore/Z7-RV-NPU/Zybo-Z7-20-Pcam-5C-hw/ip_repo/controlsubsystemIP_1.0'.
WARNING: [IP_Flow 19-2207] Repository 'c:/Users/Chris/Desktop/RiscV-NPU-DualCore/Z7-RV-NPU/Zybo-Z7-20-Pcam-5C-hw/ip_repo/registerIP_1.0' already exists; ignoring attempt to add it again.
INFO: [IP_Flow 19-1700] Loaded user IP repository 'c:/Users/Chris/Desktop/RiscV-NPU-DualCore/Z7-RV-NPU/Zybo-Z7-20-Pcam-5C-hw/ip_repo/registerIP_1.0'.
INFO: [IP_Flow 19-1700] Loaded user IP repository 'c:/Users/Chris/Desktop/RiscV-NPU-DualCore/Z7-RV-NPU/Zybo-Z7-20-Pcam-5C-hw/IPrepo/registerIP_1.0'.
INFO: [IP_Flow 19-1700] Loaded user IP repository 'c:/Users/Chris/Desktop/RiscV-NPU-DualCore/Z7-RV-NPU/Zybo-Z7-20-Pcam-5C-hw/ip_repo/myip_1.0'.
WARNING: [IP_Flow 19-2207] Repository 'c:/Users/Chris/Desktop/RiscV-NPU-DualCore/Z7-RV-NPU/Zybo-Z7-20-Pcam-5C-hw/ip_repo/registerIP_1.0' already exists; ignoring attempt to add it again.
INFO: [IP_Flow 19-1700] Loaded user IP repository 'c:/Users/Chris/Desktop/RiscV-NPU-DualCore/Z7-RV-NPU/Zybo-Z7-20-Pcam-5C-hw/ip_repo/registerIP_1.0'.
WARNING: [IP_Flow 19-2207] Repository 'c:/Users/Chris/Desktop/RiscV-NPU-DualCore/Z7-RV-NPU/Zybo-Z7-20-Pcam-5C-hw/ip_repo/registerIP_1.0' already exists; ignoring attempt to add it again.
INFO: [IP_Flow 19-1700] Loaded user IP repository 'c:/Users/Chris/Desktop/RiscV-NPU-DualCore/Z7-RV-NPU/Zybo-Z7-20-Pcam-5C-hw/ip_repo/registerIP_1.0'.
INFO: [IP_Flow 19-1700] Loaded user IP repository 'c:/Users/Chris/Desktop/RiscV-NPU-DualCore/Z7-RV-NPU/Zybo-Z7-20-Pcam-5C-hw/hw/hw.ipdefs/repo'.
INFO: [IP_Flow 19-2313] Loaded Vivado IP repository 'F:/Vivado/2020.2/data/ip'.
WARNING: [IP_Flow 19-1663] Duplicate IP found for 'xilinx.com:user:registerIP:1.0'. The one found in IP location 'c:/Users/Chris/Desktop/RiscV-NPU-DualCore/Z7-RV-NPU/Zybo-Z7-20-Pcam-5C-hw/ip_repo/registerIP_1.0' will take precedence over the same IP in location c:/Users/Chris/Desktop/RiscV-NPU-DualCore/Z7-RV-NPU/Zybo-Z7-20-Pcam-5C-hw/IPrepo/registerIP_1.0
WARNING: [IP_Flow 19-4995] The host OS only allows 260 characters in a normal path. The IP cache path is more than 80 characters. If you experience issues with IP caching, please consider changing the IP cache to a location with a shorter path. Alternately consider using the OS subst command to map part of the path to a drive letter. 
Current IP cache path is c:/Users/Chris/Desktop/RiscV-NPU-DualCore/Z7-RV-NPU/Zybo-Z7-20-Pcam-5C-hw/hw/hw.cache/ip 
Command: synth_design -top system_AXI_BayerToRGB_1_0 -part xc7z020clg400-1 -mode out_of_context
Starting synth_design
Attempting to get a license for feature 'Synthesis' and/or device 'xc7z020'
INFO: [Common 17-349] Got license for feature 'Synthesis' and/or device 'xc7z020'
INFO: [Device 21-403] Loading part xc7z020clg400-1
INFO: [Synth 8-7079] Multithreading enabled for synth_design using a maximum of 2 processes.
INFO: [Synth 8-7078] Launching helper process for spawning children vivado processes
INFO: [Synth 8-7075] Helper process launched with PID 18872
---------------------------------------------------------------------------------
Starting RTL Elaboration : Time (s): cpu = 00:00:10 ; elapsed = 00:00:10 . Memory (MB): peak = 1119.352 ; gain = 37.230
---------------------------------------------------------------------------------
INFO: [Synth 8-638] synthesizing module 'system_AXI_BayerToRGB_1_0' [c:/Users/Chris/Desktop/RiscV-NPU-DualCore/Z7-RV-NPU/Zybo-Z7-20-Pcam-5C-hw/hw/hw.srcs/sources_1/bd/system/ip/system_AXI_BayerToRGB_1_0/synth/system_AXI_BayerToRGB_1_0.vhd:73]
	Parameter kBayerWidth bound to: 10 - type: integer 
	Parameter kMaxSamplesPerClock bound to: 4 - type: integer 
	Parameter kAXI_InputDataWidth bound to: 40 - type: integer 
	Parameter kAXI_OutputDataWidth bound to: 32 - type: integer 
INFO: [Synth 8-3491] module 'AXI_BayerToRGB' declared at 'c:/Users/Chris/Desktop/RiscV-NPU-DualCore/Z7-RV-NPU/Zybo-Z7-20-Pcam-5C-hw/hw/hw.srcs/sources_1/bd/system/ipshared/40b8/hdl/AXI_BayerToRGB.vhd:66' bound to instance 'U0' of component 'AXI_BayerToRGB' [c:/Users/Chris/Desktop/RiscV-NPU-DualCore/Z7-RV-NPU/Zybo-Z7-20-Pcam-5C-hw/hw/hw.srcs/sources_1/bd/system/ip/system_AXI_BayerToRGB_1_0/synth/system_AXI_BayerToRGB_1_0.vhd:123]
INFO: [Synth 8-638] synthesizing module 'AXI_BayerToRGB' [c:/Users/Chris/Desktop/RiscV-NPU-DualCore/Z7-RV-NPU/Zybo-Z7-20-Pcam-5C-hw/hw/hw.srcs/sources_1/bd/system/ipshared/40b8/hdl/AXI_BayerToRGB.vhd:90]
	Parameter kAXI_InputDataWidth bound to: 40 - type: integer 
	Parameter kBayerWidth bound to: 10 - type: integer 
	Parameter kAXI_OutputDataWidth bound to: 32 - type: integer 
	Parameter kMaxSamplesPerClock bound to: 4 - type: integer 
INFO: [Synth 8-638] synthesizing module 'LineBuffer' [c:/Users/Chris/Desktop/RiscV-NPU-DualCore/Z7-RV-NPU/Zybo-Z7-20-Pcam-5C-hw/hw/hw.srcs/sources_1/bd/system/ipshared/40b8/hdl/LineBuffer.vhd:56]
	Parameter kLineBufferWidth bound to: 2048 - type: integer 
INFO: [Synth 8-256] done synthesizing module 'LineBuffer' (1#1) [c:/Users/Chris/Desktop/RiscV-NPU-DualCore/Z7-RV-NPU/Zybo-Z7-20-Pcam-5C-hw/hw/hw.srcs/sources_1/bd/system/ipshared/40b8/hdl/LineBuffer.vhd:56]
INFO: [Synth 8-226] default block is never used [c:/Users/Chris/Desktop/RiscV-NPU-DualCore/Z7-RV-NPU/Zybo-Z7-20-Pcam-5C-hw/hw/hw.srcs/sources_1/bd/system/ipshared/40b8/hdl/AXI_BayerToRGB.vhd:365]
INFO: [Synth 8-256] done synthesizing module 'AXI_BayerToRGB' (2#1) [c:/Users/Chris/Desktop/RiscV-NPU-DualCore/Z7-RV-NPU/Zybo-Z7-20-Pcam-5C-hw/hw/hw.srcs/sources_1/bd/system/ipshared/40b8/hdl/AXI_BayerToRGB.vhd:90]
INFO: [Synth 8-256] done synthesizing module 'system_AXI_BayerToRGB_1_0' (3#1) [c:/Users/Chris/Desktop/RiscV-NPU-DualCore/Z7-RV-NPU/Zybo-Z7-20-Pcam-5C-hw/hw/hw.srcs/sources_1/bd/system/ip/system_AXI_BayerToRGB_1_0/synth/system_AXI_BayerToRGB_1_0.vhd:73]
---------------------------------------------------------------------------------
Finished RTL Elaboration : Time (s): cpu = 00:00:12 ; elapsed = 00:00:13 . Memory (MB): peak = 1178.629 ; gain = 96.508
---------------------------------------------------------------------------------
---------------------------------------------------------------------------------
Start Handling Custom Attributes
---------------------------------------------------------------------------------
---------------------------------------------------------------------------------
Finished Handling Custom Attributes : Time (s): cpu = 00:00:13 ; elapsed = 00:00:14 . Memory (MB): peak = 1196.559 ; gain = 114.438
---------------------------------------------------------------------------------
---------------------------------------------------------------------------------
Finished RTL Optimization Phase 1 : Time (s): cpu = 00:00:13 ; elapsed = 00:00:14 . Memory (MB): peak = 1196.559 ; gain = 114.438
---------------------------------------------------------------------------------
Netlist sorting complete. Time (s): cpu = 00:00:00 ; elapsed = 00:00:00.021 . Memory (MB): peak = 1196.559 ; gain = 0.000
INFO: [Project 1-570] Preparing netlist for logic optimization

Processing XDC Constraints
Initializing timing engine
Completed Processing XDC Constraints

Netlist sorting complete. Time (s): cpu = 00:00:00 ; elapsed = 00:00:00 . Memory (MB): peak = 1301.566 ; gain = 0.000
INFO: [Project 1-111] Unisim Transformation Summary:
No Unisim elements were transformed.

Constraint Validation Runtime : Time (s): cpu = 00:00:00 ; elapsed = 00:00:00.182 . Memory (MB): peak = 1301.609 ; gain = 0.043
---------------------------------------------------------------------------------
Finished Constraint Validation : Time (s): cpu = 00:00:26 ; elapsed = 00:00:30 . Memory (MB): peak = 1301.609 ; gain = 219.488
---------------------------------------------------------------------------------
---------------------------------------------------------------------------------
Start Loading Part and Timing Information
---------------------------------------------------------------------------------
Loading part: xc7z020clg400-1
---------------------------------------------------------------------------------
Finished Loading Part and Timing Information : Time (s): cpu = 00:00:26 ; elapsed = 00:00:30 . Memory (MB): peak = 1301.609 ; gain = 219.488
---------------------------------------------------------------------------------
---------------------------------------------------------------------------------
Start Applying 'set_property' XDC Constraints
---------------------------------------------------------------------------------
---------------------------------------------------------------------------------
Finished applying 'set_property' XDC Constraints : Time (s): cpu = 00:00:26 ; elapsed = 00:00:30 . Memory (MB): peak = 1301.609 ; gain = 219.488
---------------------------------------------------------------------------------
---------------------------------------------------------------------------------
Finished RTL Optimization Phase 2 : Time (s): cpu = 00:00:27 ; elapsed = 00:00:31 . Memory (MB): peak = 1301.609 ; gain = 219.488
---------------------------------------------------------------------------------
---------------------------------------------------------------------------------
Start RTL Component Statistics 
---------------------------------------------------------------------------------
Detailed RTL Component Info : 
+---Adders : 
	   2 Input   11 Bit       Adders := 3     
	   2 Input    2 Bit       Adders := 1     
+---Registers : 
	               30 Bit    Registers := 1     
	               11 Bit    Registers := 8     
	               10 Bit    Registers := 6     
	                2 Bit    Registers := 4     
	                1 Bit    Registers := 19    
+---RAMs : 
	              20K Bit	(2048 X 10 bit)          RAMs := 1     
+---Muxes : 
	   2 Input   30 Bit        Muxes := 1     
	   3 Input   11 Bit        Muxes := 2     
	   2 Input   11 Bit        Muxes := 1     
	   4 Input   11 Bit        Muxes := 2     
	   2 Input   10 Bit        Muxes := 5     
	   4 Input   10 Bit        Muxes := 2     
	   2 Input    9 Bit        Muxes := 2     
	   2 Input    2 Bit        Muxes := 2     
	   2 Input    1 Bit        Muxes := 14    
---------------------------------------------------------------------------------
Finished RTL Component Statistics 
---------------------------------------------------------------------------------
---------------------------------------------------------------------------------
Start Part Resource Summary
---------------------------------------------------------------------------------
Part Resources:
DSPs: 220 (col length:60)
BRAMs: 280 (col length: RAMB18 60 RAMB36 30)
---------------------------------------------------------------------------------
Finished Part Resource Summary
---------------------------------------------------------------------------------
---------------------------------------------------------------------------------
Start Cross Boundary and Area Optimization
---------------------------------------------------------------------------------
---------------------------------------------------------------------------------
Finished Cross Boundary and Area Optimization : Time (s): cpu = 00:00:31 ; elapsed = 00:00:36 . Memory (MB): peak = 1301.609 ; gain = 219.488
---------------------------------------------------------------------------------
---------------------------------------------------------------------------------
Start ROM, RAM, DSP, Shift Register and Retiming Reporting
---------------------------------------------------------------------------------

Block RAM: Preliminary Mapping	Report (see note below)
+--------------------------+-----------------------------------+------------------------+---+---+------------------------+---+---+------------------+--------+--------+
|Module Name               | RTL Object                        | PORT A (Depth x Width) | W | R | PORT B (Depth x Width) | W | R | Ports driving FF | RAMB18 | RAMB36 | 
+--------------------------+-----------------------------------+------------------------+---+---+------------------------+---+---+------------------+--------+--------+
|system_AXI_BayerToRGB_1_0 | U0/LineBufferInst/pLineBuffer_reg | 2 K x 10(READ_FIRST)   | W |   | 2 K x 10(WRITE_FIRST)  |   | R | Port A and B     | 0      | 1      | 
+--------------------------+-----------------------------------+------------------------+---+---+------------------------+---+---+------------------+--------+--------+

Note: The table above is a preliminary report that shows the Block RAMs at the current stage of the synthesis flow. Some Block RAMs may be reimplemented as non Block RAM primitives later in the synthesis flow. Multiple instantiated Block RAMs are reported only once. 
---------------------------------------------------------------------------------
Finished ROM, RAM, DSP, Shift Register and Retiming Reporting
---------------------------------------------------------------------------------
---------------------------------------------------------------------------------
Start Applying XDC Timing Constraints
---------------------------------------------------------------------------------
---------------------------------------------------------------------------------
Finished Applying XDC Timing Constraints : Time (s): cpu = 00:00:46 ; elapsed = 00:00:52 . Memory (MB): peak = 1301.609 ; gain = 219.488
---------------------------------------------------------------------------------
---------------------------------------------------------------------------------
Start Timing Optimization
---------------------------------------------------------------------------------
---------------------------------------------------------------------------------
Finished Timing Optimization : Time (s): cpu = 00:00:46 ; elapsed = 00:00:52 . Memory (MB): peak = 1301.609 ; gain = 219.488
---------------------------------------------------------------------------------
---------------------------------------------------------------------------------
Start ROM, RAM, DSP, Shift Register and Retiming Reporting
---------------------------------------------------------------------------------

Block RAM: Final Mapping	Report
+--------------------------+-----------------------------------+------------------------+---+---+------------------------+---+---+------------------+--------+--------+
|Module Name               | RTL Object                        | PORT A (Depth x Width) | W | R | PORT B (Depth x Width) | W | R | Ports driving FF | RAMB18 | RAMB36 | 
+--------------------------+-----------------------------------+------------------------+---+---+------------------------+---+---+------------------+--------+--------+
|system_AXI_BayerToRGB_1_0 | U0/LineBufferInst/pLineBuffer_reg | 2 K x 10(READ_FIRST)   | W |   | 2 K x 10(WRITE_FIRST)  |   | R | Port A and B     | 0      | 1      | 
+--------------------------+-----------------------------------+------------------------+---+---+------------------------+---+---+------------------+--------+--------+

---------------------------------------------------------------------------------
Finished ROM, RAM, DSP, Shift Register and Retiming Reporting
---------------------------------------------------------------------------------
---------------------------------------------------------------------------------
Start Technology Mapping
---------------------------------------------------------------------------------
INFO: [Synth 8-7052] The timing for the instance U0/LineBufferInst/pLineBuffer_reg (implemented as a Block RAM) might be sub-optimal as no optional output register could be merged into the ram block. Providing additional output register may help in improving timing.
---------------------------------------------------------------------------------
Finished Technology Mapping : Time (s): cpu = 00:00:46 ; elapsed = 00:00:53 . Memory (MB): peak = 1301.609 ; gain = 219.488
---------------------------------------------------------------------------------
---------------------------------------------------------------------------------
Start IO Insertion
---------------------------------------------------------------------------------
---------------------------------------------------------------------------------
Start Flattening Before IO Insertion
---------------------------------------------------------------------------------
---------------------------------------------------------------------------------
Finished Flattening Before IO Insertion
---------------------------------------------------------------------------------
---------------------------------------------------------------------------------
Start Final Netlist Cleanup
---------------------------------------------------------------------------------
---------------------------------------------------------------------------------
Finished Final Netlist Cleanup
---------------------------------------------------------------------------------
---------------------------------------------------------------------------------
Finished IO Insertion : Time (s): cpu = 00:00:54 ; elapsed = 00:01:01 . Memory (MB): peak = 1301.609 ; gain = 219.488
---------------------------------------------------------------------------------
---------------------------------------------------------------------------------
Start Renaming Generated Instances
---------------------------------------------------------------------------------
---------------------------------------------------------------------------------
Finished Renaming Generated Instances : Time (s): cpu = 00:00:54 ; elapsed = 00:01:01 . Memory (MB): peak = 1301.609 ; gain = 219.488
---------------------------------------------------------------------------------
---------------------------------------------------------------------------------
Start Rebuilding User Hierarchy
---------------------------------------------------------------------------------
---------------------------------------------------------------------------------
Finished Rebuilding User Hierarchy : Time (s): cpu = 00:00:54 ; elapsed = 00:01:01 . Memory (MB): peak = 1301.609 ; gain = 219.488
---------------------------------------------------------------------------------
---------------------------------------------------------------------------------
Start Renaming Generated Ports
---------------------------------------------------------------------------------
---------------------------------------------------------------------------------
Finished Renaming Generated Ports : Time (s): cpu = 00:00:54 ; elapsed = 00:01:01 . Memory (MB): peak = 1301.609 ; gain = 219.488
---------------------------------------------------------------------------------
---------------------------------------------------------------------------------
Start Handling Custom Attributes
---------------------------------------------------------------------------------
---------------------------------------------------------------------------------
Finished Handling Custom Attributes : Time (s): cpu = 00:00:54 ; elapsed = 00:01:02 . Memory (MB): peak = 1301.609 ; gain = 219.488
---------------------------------------------------------------------------------
---------------------------------------------------------------------------------
Start Renaming Generated Nets
---------------------------------------------------------------------------------
---------------------------------------------------------------------------------
Finished Renaming Generated Nets : Time (s): cpu = 00:00:54 ; elapsed = 00:01:02 . Memory (MB): peak = 1301.609 ; gain = 219.488
---------------------------------------------------------------------------------
---------------------------------------------------------------------------------
Start Writing Synthesis Report
---------------------------------------------------------------------------------

Report BlackBoxes: 
+-+--------------+----------+
| |BlackBox name |Instances |
+-+--------------+----------+
+-+--------------+----------+

Report Cell Usage: 
+------+---------+------+
|      |Cell     |Count |
+------+---------+------+
|1     |CARRY4   |     3|
|2     |LUT1     |     2|
|3     |LUT2     |     4|
|4     |LUT3     |    26|
|5     |LUT4     |    46|
|6     |LUT5     |     8|
|7     |LUT6     |    42|
|8     |RAMB36E1 |     1|
|9     |FDRE     |   178|
+------+---------+------+
---------------------------------------------------------------------------------
Finished Writing Synthesis Report : Time (s): cpu = 00:00:54 ; elapsed = 00:01:02 . Memory (MB): peak = 1301.609 ; gain = 219.488
---------------------------------------------------------------------------------
Synthesis finished with 0 errors, 0 critical warnings and 0 warnings.
Synthesis Optimization Runtime : Time (s): cpu = 00:00:37 ; elapsed = 00:00:57 . Memory (MB): peak = 1301.609 ; gain = 114.438
Synthesis Optimization Complete : Time (s): cpu = 00:00:54 ; elapsed = 00:01:02 . Memory (MB): peak = 1301.609 ; gain = 219.488
INFO: [Project 1-571] Translating synthesized netlist
Netlist sorting complete. Time (s): cpu = 00:00:00 ; elapsed = 00:00:00.013 . Memory (MB): peak = 1304.922 ; gain = 0.000
INFO: [Netlist 29-17] Analyzing 4 Unisim elements for replacement
INFO: [Netlist 29-28] Unisim Transformation completed in 1 CPU seconds
INFO: [Project 1-570] Preparing netlist for logic optimization
INFO: [Opt 31-138] Pushed 0 inverter(s) to 0 load pin(s).
Netlist sorting complete. Time (s): cpu = 00:00:00 ; elapsed = 00:00:00.001 . Memory (MB): peak = 1304.922 ; gain = 0.000
INFO: [Project 1-111] Unisim Transformation Summary:
No Unisim elements were transformed.

INFO: [Common 17-83] Releasing license: Synthesis
35 Infos, 5 Warnings, 0 Critical Warnings and 0 Errors encountered.
synth_design completed successfully
synth_design: Time (s): cpu = 00:01:07 ; elapsed = 00:01:20 . Memory (MB): peak = 1304.922 ; gain = 222.801
INFO: [Common 17-1381] The checkpoint 'C:/Users/Chris/Desktop/RiscV-NPU-DualCore/Z7-RV-NPU/Zybo-Z7-20-Pcam-5C-hw/hw/hw.runs/system_AXI_BayerToRGB_1_0_synth_1/system_AXI_BayerToRGB_1_0.dcp' has been generated.
WARNING: [Common 17-576] 'use_project_ipc' is deprecated. This option is deprecated and no longer used.
INFO: [Coretcl 2-1648] Added synthesis output to IP cache for IP system_AXI_BayerToRGB_1_0, cache-ID = 17baedfde062d89c
INFO: [Coretcl 2-1174] Renamed 2 cell refs.
INFO: [Common 17-1381] The checkpoint 'C:/Users/Chris/Desktop/RiscV-NPU-DualCore/Z7-RV-NPU/Zybo-Z7-20-Pcam-5C-hw/hw/hw.runs/system_AXI_BayerToRGB_1_0_synth_1/system_AXI_BayerToRGB_1_0.dcp' has been generated.
INFO: [runtcl-4] Executing : report_utilization -file system_AXI_BayerToRGB_1_0_utilization_synth.rpt -pb system_AXI_BayerToRGB_1_0_utilization_synth.pb
INFO: [Common 17-206] Exiting Vivado at Mon May  5 19:06:29 2025...
