01:31:39 INFO  : Launching XSCT server: xsct.bat -n  -interactive C:\Users\Chris\Downloads\clean\temp_xsdb_launch_script.tcl
01:31:39 INFO  : Registering command handlers for Vitis TCF services
01:31:41 INFO  : XSCT server has started successfully.
01:31:41 INFO  : Successfully done setting XSCT server connection channel  
01:31:41 INFO  : plnx-install-location is set to ''
01:31:41 INFO  : Successfully done query RDI_DATADIR 
01:31:41 INFO  : Successfully done setting workspace for the tool. 
01:31:43 INFO  : Platform repository initialization has completed.
01:32:09 INFO  : Platform 'tutorial_3' is added to custom repositories.
01:32:12 INFO  : [Import] Updating active build configuration of the system project 'zynq_7000_tutorial_3_zynq7000_build_app_system' to 'Debug' after the import.
01:34:41 INFO  : Result from executing command 'getProjects': tutorial_3
01:34:41 INFO  : Result from executing command 'getPlatforms': tutorial_3|C:/Users/Chris/Downloads/clean/tutorial_3/export/tutorial_3/tutorial_3.xpfm
01:34:46 INFO  : Checking for BSP changes to sync application flags for project 'zynq_7000_tutorial_3_zynq7000_build_app'...
01:37:17 INFO  : Checking for BSP changes to sync application flags for project 'zynq_7000_tutorial_3_zynq7000_build_app'...
01:40:18 INFO  : Connected to target on host '127.0.0.1' and port '3121'.
01:40:19 INFO  : Jtag cable 'Digilent Zybo Z7 210351BD73B3A' is selected.
01:40:19 INFO  : 'jtag frequency' command is executed.
01:40:19 INFO  : Context for 'APU' is selected.
01:40:19 INFO  : System reset is completed.
01:40:22 INFO  : 'after 3000' command is executed.
01:40:22 INFO  : 'targets -set -filter {jtag_cable_name =~ "Digilent Zybo Z7 210351BD73B3A" && level==0 && jtag_device_ctx=="jsn-Zybo Z7-210351BD73B3A-23727093-0"}' command is executed.
01:40:25 INFO  : Device configured successfully with "C:/Users/Chris/Downloads/clean/zynq_7000_tutorial_3_zynq7000_build_app/_ide/bitstream/tutorial_3.bit"
01:40:25 INFO  : Context for 'APU' is selected.
01:40:25 INFO  : Hardware design and registers information is loaded from 'C:/Users/Chris/Downloads/clean/tutorial_3/export/tutorial_3/hw/tutorial_3.xsa'.
01:40:25 INFO  : 'configparams force-mem-access 1' command is executed.
01:40:25 INFO  : Context for 'APU' is selected.
01:40:25 INFO  : Sourcing of 'C:/Users/Chris/Downloads/clean/zynq_7000_tutorial_3_zynq7000_build_app/_ide/psinit/ps7_init.tcl' is done.
01:40:26 INFO  : 'ps7_init' command is executed.
01:40:26 INFO  : 'ps7_post_config' command is executed.
01:40:26 INFO  : Context for processor 'ps7_cortexa9_0' is selected.
01:40:35 INFO  : The application 'C:/Users/Chris/Downloads/clean/zynq_7000_tutorial_3_zynq7000_build_app/Debug/zynq_7000_tutorial_3_zynq7000_build_app.elf' is downloaded to processor 'ps7_cortexa9_0'.
01:40:35 INFO  : 'configparams force-mem-access 0' command is executed.
01:40:35 INFO  : ----------------XSDB Script----------------
connect -url tcp:127.0.0.1:3121
targets -set -nocase -filter {name =~"APU*"}
rst -system
after 3000
targets -set -filter {jtag_cable_name =~ "Digilent Zybo Z7 210351BD73B3A" && level==0 && jtag_device_ctx=="jsn-Zybo Z7-210351BD73B3A-23727093-0"}
fpga -file C:/Users/Chris/Downloads/clean/zynq_7000_tutorial_3_zynq7000_build_app/_ide/bitstream/tutorial_3.bit
targets -set -nocase -filter {name =~"APU*"}
loadhw -hw C:/Users/Chris/Downloads/clean/tutorial_3/export/tutorial_3/hw/tutorial_3.xsa -mem-ranges [list {0x40000000 0xbfffffff}] -regs
configparams force-mem-access 1
targets -set -nocase -filter {name =~"APU*"}
source C:/Users/Chris/Downloads/clean/zynq_7000_tutorial_3_zynq7000_build_app/_ide/psinit/ps7_init.tcl
ps7_init
ps7_post_config
targets -set -nocase -filter {name =~ "*A9*#0"}
dow C:/Users/Chris/Downloads/clean/zynq_7000_tutorial_3_zynq7000_build_app/Debug/zynq_7000_tutorial_3_zynq7000_build_app.elf
configparams force-mem-access 0
----------------End of Script----------------

01:40:35 INFO  : Context for processor 'ps7_cortexa9_0' is selected.
01:40:35 INFO  : 'con' command is executed.
01:40:35 INFO  : ----------------XSDB Script (After Launch)----------------
targets -set -nocase -filter {name =~ "*A9*#0"}
con
----------------End of Script----------------

01:40:35 INFO  : Launch script is exported to file 'C:\Users\Chris\Downloads\clean\zynq_7000_tutorial_3_zynq7000_build_app_system\_ide\scripts\systemdebugger_zynq_7000_tutorial_3_zynq7000_build_app_system_standalone.tcl'
16:19:06 INFO  : Disconnected from the channel tcfchan#5.
16:24:15 INFO  : Launching XSCT server: xsct.bat -n  -interactive C:\Users\Chris\Downloads\clean\temp_xsdb_launch_script.tcl
16:24:19 INFO  : XSCT server has started successfully.
16:24:19 INFO  : Successfully done setting XSCT server connection channel  
16:24:19 INFO  : plnx-install-location is set to ''
16:24:19 INFO  : Successfully done setting workspace for the tool. 
16:24:27 INFO  : Platform repository initialization has completed.
16:24:28 INFO  : Registering command handlers for Vitis TCF services
16:24:36 INFO  : Successfully done query RDI_DATADIR 
20:36:37 INFO  : Connected to target on host '127.0.0.1' and port '3121'.
20:36:38 INFO  : Jtag cable 'Digilent Zybo Z7 210351BD73B3A' is selected.
20:36:38 INFO  : 'jtag frequency' command is executed.
20:36:38 INFO  : Context for 'APU' is selected.
20:36:38 INFO  : System reset is completed.
20:36:41 INFO  : 'after 3000' command is executed.
20:36:41 INFO  : 'targets -set -filter {jtag_cable_name =~ "Digilent Zybo Z7 210351BD73B3A" && level==0 && jtag_device_ctx=="jsn-Zybo Z7-210351BD73B3A-23727093-0"}' command is executed.
20:36:44 INFO  : Device configured successfully with "C:/Users/Chris/Downloads/clean/zynq_7000_tutorial_3_zynq7000_build_app/_ide/bitstream/tutorial_3.bit"
20:36:44 INFO  : Context for 'APU' is selected.
20:36:44 INFO  : Hardware design and registers information is loaded from 'C:/Users/Chris/Downloads/clean/tutorial_3/export/tutorial_3/hw/tutorial_3.xsa'.
20:36:44 INFO  : 'configparams force-mem-access 1' command is executed.
20:36:44 INFO  : Context for 'APU' is selected.
20:36:44 INFO  : Sourcing of 'C:/Users/Chris/Downloads/clean/zynq_7000_tutorial_3_zynq7000_build_app/_ide/psinit/ps7_init.tcl' is done.
20:36:45 INFO  : 'ps7_init' command is executed.
20:36:45 INFO  : 'ps7_post_config' command is executed.
20:36:45 INFO  : Context for processor 'ps7_cortexa9_0' is selected.
20:36:55 INFO  : The application 'C:/Users/Chris/Downloads/clean/zynq_7000_tutorial_3_zynq7000_build_app/Debug/zynq_7000_tutorial_3_zynq7000_build_app.elf' is downloaded to processor 'ps7_cortexa9_0'.
20:36:55 INFO  : 'configparams force-mem-access 0' command is executed.
20:36:55 INFO  : ----------------XSDB Script----------------
connect -url tcp:127.0.0.1:3121
targets -set -nocase -filter {name =~"APU*"}
rst -system
after 3000
targets -set -filter {jtag_cable_name =~ "Digilent Zybo Z7 210351BD73B3A" && level==0 && jtag_device_ctx=="jsn-Zybo Z7-210351BD73B3A-23727093-0"}
fpga -file C:/Users/Chris/Downloads/clean/zynq_7000_tutorial_3_zynq7000_build_app/_ide/bitstream/tutorial_3.bit
targets -set -nocase -filter {name =~"APU*"}
loadhw -hw C:/Users/Chris/Downloads/clean/tutorial_3/export/tutorial_3/hw/tutorial_3.xsa -mem-ranges [list {0x40000000 0xbfffffff}] -regs
configparams force-mem-access 1
targets -set -nocase -filter {name =~"APU*"}
source C:/Users/Chris/Downloads/clean/zynq_7000_tutorial_3_zynq7000_build_app/_ide/psinit/ps7_init.tcl
ps7_init
ps7_post_config
targets -set -nocase -filter {name =~ "*A9*#0"}
dow C:/Users/Chris/Downloads/clean/zynq_7000_tutorial_3_zynq7000_build_app/Debug/zynq_7000_tutorial_3_zynq7000_build_app.elf
configparams force-mem-access 0
----------------End of Script----------------

20:36:56 INFO  : Context for processor 'ps7_cortexa9_0' is selected.
20:36:56 INFO  : 'con' command is executed.
20:36:56 INFO  : ----------------XSDB Script (After Launch)----------------
targets -set -nocase -filter {name =~ "*A9*#0"}
con
----------------End of Script----------------

20:36:56 INFO  : Launch script is exported to file 'C:\Users\Chris\Downloads\clean\zynq_7000_tutorial_3_zynq7000_build_app_system\_ide\scripts\systemdebugger_zynq_7000_tutorial_3_zynq7000_build_app_system_standalone.tcl'
14:13:08 INFO  : Disconnected from the channel tcfchan#1.
14:13:08 INFO  : Connected to target on host '127.0.0.1' and port '3121'.
14:13:08 INFO  : Jtag cable 'Digilent Zybo Z7 210351BD73B3A' is selected.
14:13:08 INFO  : 'jtag frequency' command is executed.
14:13:08 INFO  : Context for 'APU' is selected.
14:13:09 INFO  : System reset is completed.
14:13:12 INFO  : 'after 3000' command is executed.
14:13:12 INFO  : 'targets -set -filter {jtag_cable_name =~ "Digilent Zybo Z7 210351BD73B3A" && level==0 && jtag_device_ctx=="jsn-Zybo Z7-210351BD73B3A-23727093-0"}' command is executed.
14:13:14 INFO  : Device configured successfully with "C:/Users/Chris/Downloads/clean/zynq_7000_tutorial_3_zynq7000_build_app/_ide/bitstream/tutorial_3.bit"
14:13:14 INFO  : Context for 'APU' is selected.
14:13:17 INFO  : Hardware design and registers information is loaded from 'C:/Users/Chris/Downloads/clean/tutorial_3/export/tutorial_3/hw/tutorial_3.xsa'.
14:13:17 INFO  : 'configparams force-mem-access 1' command is executed.
14:13:17 INFO  : Context for 'APU' is selected.
14:13:17 INFO  : Sourcing of 'C:/Users/Chris/Downloads/clean/zynq_7000_tutorial_3_zynq7000_build_app/_ide/psinit/ps7_init.tcl' is done.
14:13:18 INFO  : 'ps7_init' command is executed.
14:13:18 INFO  : 'ps7_post_config' command is executed.
14:13:18 INFO  : Context for processor 'ps7_cortexa9_0' is selected.
14:13:28 INFO  : The application 'C:/Users/Chris/Downloads/clean/zynq_7000_tutorial_3_zynq7000_build_app/Debug/zynq_7000_tutorial_3_zynq7000_build_app.elf' is downloaded to processor 'ps7_cortexa9_0'.
14:13:28 INFO  : 'configparams force-mem-access 0' command is executed.
14:13:28 INFO  : ----------------XSDB Script----------------
connect -url tcp:127.0.0.1:3121
targets -set -nocase -filter {name =~"APU*"}
rst -system
after 3000
targets -set -filter {jtag_cable_name =~ "Digilent Zybo Z7 210351BD73B3A" && level==0 && jtag_device_ctx=="jsn-Zybo Z7-210351BD73B3A-23727093-0"}
fpga -file C:/Users/Chris/Downloads/clean/zynq_7000_tutorial_3_zynq7000_build_app/_ide/bitstream/tutorial_3.bit
targets -set -nocase -filter {name =~"APU*"}
loadhw -hw C:/Users/Chris/Downloads/clean/tutorial_3/export/tutorial_3/hw/tutorial_3.xsa -mem-ranges [list {0x40000000 0xbfffffff}] -regs
configparams force-mem-access 1
targets -set -nocase -filter {name =~"APU*"}
source C:/Users/Chris/Downloads/clean/zynq_7000_tutorial_3_zynq7000_build_app/_ide/psinit/ps7_init.tcl
ps7_init
ps7_post_config
targets -set -nocase -filter {name =~ "*A9*#0"}
dow C:/Users/Chris/Downloads/clean/zynq_7000_tutorial_3_zynq7000_build_app/Debug/zynq_7000_tutorial_3_zynq7000_build_app.elf
configparams force-mem-access 0
----------------End of Script----------------

14:13:28 INFO  : Context for processor 'ps7_cortexa9_0' is selected.
14:13:28 INFO  : 'con' command is executed.
14:13:28 INFO  : ----------------XSDB Script (After Launch)----------------
targets -set -nocase -filter {name =~ "*A9*#0"}
con
----------------End of Script----------------

14:13:28 INFO  : Launch script is exported to file 'C:\Users\Chris\Downloads\clean\zynq_7000_tutorial_3_zynq7000_build_app_system\_ide\scripts\systemdebugger_zynq_7000_tutorial_3_zynq7000_build_app_system_standalone.tcl'
14:13:52 INFO  : Disconnected from the channel tcfchan#2.
14:13:52 INFO  : Connected to target on host '127.0.0.1' and port '3121'.
14:13:52 INFO  : Jtag cable 'Digilent Zybo Z7 210351BD73B3A' is selected.
14:13:52 INFO  : 'jtag frequency' command is executed.
14:13:52 INFO  : Context for 'APU' is selected.
14:13:53 INFO  : System reset is completed.
14:13:56 INFO  : 'after 3000' command is executed.
14:13:56 INFO  : 'targets -set -filter {jtag_cable_name =~ "Digilent Zybo Z7 210351BD73B3A" && level==0 && jtag_device_ctx=="jsn-Zybo Z7-210351BD73B3A-23727093-0"}' command is executed.
14:13:58 INFO  : Device configured successfully with "C:/Users/Chris/Downloads/clean/zynq_7000_tutorial_3_zynq7000_build_app/_ide/bitstream/tutorial_3.bit"
14:13:58 INFO  : Context for 'APU' is selected.
14:14:01 INFO  : Hardware design and registers information is loaded from 'C:/Users/Chris/Downloads/clean/tutorial_3/export/tutorial_3/hw/tutorial_3.xsa'.
14:14:01 INFO  : 'configparams force-mem-access 1' command is executed.
14:14:01 INFO  : Context for 'APU' is selected.
14:14:01 INFO  : Sourcing of 'C:/Users/Chris/Downloads/clean/zynq_7000_tutorial_3_zynq7000_build_app/_ide/psinit/ps7_init.tcl' is done.
14:14:01 INFO  : 'ps7_init' command is executed.
14:14:01 INFO  : 'ps7_post_config' command is executed.
14:14:01 INFO  : Context for processor 'ps7_cortexa9_0' is selected.
14:14:12 INFO  : The application 'C:/Users/Chris/Downloads/clean/zynq_7000_tutorial_3_zynq7000_build_app/Debug/zynq_7000_tutorial_3_zynq7000_build_app.elf' is downloaded to processor 'ps7_cortexa9_0'.
14:14:12 INFO  : 'configparams force-mem-access 0' command is executed.
14:14:12 INFO  : ----------------XSDB Script----------------
connect -url tcp:127.0.0.1:3121
targets -set -nocase -filter {name =~"APU*"}
rst -system
after 3000
targets -set -filter {jtag_cable_name =~ "Digilent Zybo Z7 210351BD73B3A" && level==0 && jtag_device_ctx=="jsn-Zybo Z7-210351BD73B3A-23727093-0"}
fpga -file C:/Users/Chris/Downloads/clean/zynq_7000_tutorial_3_zynq7000_build_app/_ide/bitstream/tutorial_3.bit
targets -set -nocase -filter {name =~"APU*"}
loadhw -hw C:/Users/Chris/Downloads/clean/tutorial_3/export/tutorial_3/hw/tutorial_3.xsa -mem-ranges [list {0x40000000 0xbfffffff}] -regs
configparams force-mem-access 1
targets -set -nocase -filter {name =~"APU*"}
source C:/Users/Chris/Downloads/clean/zynq_7000_tutorial_3_zynq7000_build_app/_ide/psinit/ps7_init.tcl
ps7_init
ps7_post_config
targets -set -nocase -filter {name =~ "*A9*#0"}
dow C:/Users/Chris/Downloads/clean/zynq_7000_tutorial_3_zynq7000_build_app/Debug/zynq_7000_tutorial_3_zynq7000_build_app.elf
configparams force-mem-access 0
----------------End of Script----------------

14:14:12 INFO  : Context for processor 'ps7_cortexa9_0' is selected.
14:14:12 INFO  : 'con' command is executed.
14:14:12 INFO  : ----------------XSDB Script (After Launch)----------------
targets -set -nocase -filter {name =~ "*A9*#0"}
con
----------------End of Script----------------

14:14:12 INFO  : Launch script is exported to file 'C:\Users\Chris\Downloads\clean\zynq_7000_tutorial_3_zynq7000_build_app_system\_ide\scripts\systemdebugger_zynq_7000_tutorial_3_zynq7000_build_app_system_standalone.tcl'
14:29:40 INFO  : Disconnected from the channel tcfchan#3.
14:29:40 INFO  : Connected to target on host '127.0.0.1' and port '3121'.
14:29:40 INFO  : Jtag cable 'Digilent Zybo Z7 210351BD73B3A' is selected.
14:29:40 INFO  : 'jtag frequency' command is executed.
14:29:40 INFO  : Context for 'APU' is selected.
14:29:41 INFO  : System reset is completed.
14:29:44 INFO  : 'after 3000' command is executed.
14:29:44 INFO  : 'targets -set -filter {jtag_cable_name =~ "Digilent Zybo Z7 210351BD73B3A" && level==0 && jtag_device_ctx=="jsn-Zybo Z7-210351BD73B3A-23727093-0"}' command is executed.
14:29:46 INFO  : Device configured successfully with "C:/Users/Chris/Downloads/clean/zynq_7000_tutorial_3_zynq7000_build_app/_ide/bitstream/tutorial_3.bit"
14:29:46 INFO  : Context for 'APU' is selected.
14:29:49 INFO  : Hardware design and registers information is loaded from 'C:/Users/Chris/Downloads/clean/tutorial_3/export/tutorial_3/hw/tutorial_3.xsa'.
14:29:49 INFO  : 'configparams force-mem-access 1' command is executed.
14:29:49 INFO  : Context for 'APU' is selected.
14:29:49 INFO  : Sourcing of 'C:/Users/Chris/Downloads/clean/zynq_7000_tutorial_3_zynq7000_build_app/_ide/psinit/ps7_init.tcl' is done.
14:29:50 INFO  : 'ps7_init' command is executed.
14:29:50 INFO  : 'ps7_post_config' command is executed.
14:29:50 INFO  : Context for processor 'ps7_cortexa9_0' is selected.
14:30:00 INFO  : The application 'C:/Users/Chris/Downloads/clean/zynq_7000_tutorial_3_zynq7000_build_app/Debug/zynq_7000_tutorial_3_zynq7000_build_app.elf' is downloaded to processor 'ps7_cortexa9_0'.
14:30:00 INFO  : 'configparams force-mem-access 0' command is executed.
14:30:00 INFO  : ----------------XSDB Script----------------
connect -url tcp:127.0.0.1:3121
targets -set -nocase -filter {name =~"APU*"}
rst -system
after 3000
targets -set -filter {jtag_cable_name =~ "Digilent Zybo Z7 210351BD73B3A" && level==0 && jtag_device_ctx=="jsn-Zybo Z7-210351BD73B3A-23727093-0"}
fpga -file C:/Users/Chris/Downloads/clean/zynq_7000_tutorial_3_zynq7000_build_app/_ide/bitstream/tutorial_3.bit
targets -set -nocase -filter {name =~"APU*"}
loadhw -hw C:/Users/Chris/Downloads/clean/tutorial_3/export/tutorial_3/hw/tutorial_3.xsa -mem-ranges [list {0x40000000 0xbfffffff}] -regs
configparams force-mem-access 1
targets -set -nocase -filter {name =~"APU*"}
source C:/Users/Chris/Downloads/clean/zynq_7000_tutorial_3_zynq7000_build_app/_ide/psinit/ps7_init.tcl
ps7_init
ps7_post_config
targets -set -nocase -filter {name =~ "*A9*#0"}
dow C:/Users/Chris/Downloads/clean/zynq_7000_tutorial_3_zynq7000_build_app/Debug/zynq_7000_tutorial_3_zynq7000_build_app.elf
configparams force-mem-access 0
----------------End of Script----------------

14:30:00 INFO  : Context for processor 'ps7_cortexa9_0' is selected.
14:30:00 INFO  : 'con' command is executed.
14:30:00 INFO  : ----------------XSDB Script (After Launch)----------------
targets -set -nocase -filter {name =~ "*A9*#0"}
con
----------------End of Script----------------

14:30:00 INFO  : Launch script is exported to file 'C:\Users\Chris\Downloads\clean\zynq_7000_tutorial_3_zynq7000_build_app_system\_ide\scripts\systemdebugger_zynq_7000_tutorial_3_zynq7000_build_app_system_standalone.tcl'
09:29:03 INFO  : Launching XSCT server: xsct.bat -n  -interactive C:\Users\Chris\Downloads\clean\temp_xsdb_launch_script.tcl
09:29:07 INFO  : XSCT server has started successfully.
09:29:07 INFO  : plnx-install-location is set to ''
09:29:07 INFO  : Successfully done setting XSCT server connection channel  
09:29:07 INFO  : Successfully done setting workspace for the tool. 
09:29:16 INFO  : Platform repository initialization has completed.
09:29:16 INFO  : Registering command handlers for Vitis TCF services
09:29:23 INFO  : Successfully done query RDI_DATADIR 
10:30:34 INFO  : Checking for BSP changes to sync application flags for project 'zynq_7000_tutorial_3_zynq7000_build_app'...
10:30:53 ERROR : (XSDB Server)ERROR: [Hsi 55-1571] The design file C:/Users/Chris/Downloads/clean/tutorial_3/export/tutorial_3/hw/tutorial_3.xsa is already opened

10:31:05 INFO  : Connected to target on host '127.0.0.1' and port '3121'.
10:31:06 INFO  : Jtag cable 'Digilent Zybo Z7 210351BD73B3A' is selected.
10:31:06 INFO  : 'jtag frequency' command is executed.
10:31:06 INFO  : Context for 'APU' is selected.
10:31:06 INFO  : System reset is completed.
10:31:09 INFO  : 'after 3000' command is executed.
10:31:09 INFO  : 'targets -set -filter {jtag_cable_name =~ "Digilent Zybo Z7 210351BD73B3A" && level==0 && jtag_device_ctx=="jsn-Zybo Z7-210351BD73B3A-23727093-0"}' command is executed.
10:31:11 INFO  : Device configured successfully with "C:/Users/Chris/Downloads/clean/zynq_7000_tutorial_3_zynq7000_build_app/_ide/bitstream/tutorial_3.bit"
10:31:12 INFO  : Context for 'APU' is selected.
10:31:12 INFO  : Hardware design and registers information is loaded from 'C:/Users/Chris/Downloads/clean/tutorial_3/export/tutorial_3/hw/tutorial_3.xsa'.
10:31:12 INFO  : 'configparams force-mem-access 1' command is executed.
10:31:12 INFO  : Context for 'APU' is selected.
10:31:12 INFO  : Sourcing of 'C:/Users/Chris/Downloads/clean/zynq_7000_tutorial_3_zynq7000_build_app/_ide/psinit/ps7_init.tcl' is done.
10:31:12 INFO  : 'ps7_init' command is executed.
10:31:12 INFO  : 'ps7_post_config' command is executed.
10:31:12 INFO  : Context for processor 'ps7_cortexa9_0' is selected.
10:31:23 INFO  : The application 'C:/Users/Chris/Downloads/clean/zynq_7000_tutorial_3_zynq7000_build_app/Debug/zynq_7000_tutorial_3_zynq7000_build_app.elf' is downloaded to processor 'ps7_cortexa9_0'.
10:31:23 INFO  : 'configparams force-mem-access 0' command is executed.
10:31:23 INFO  : ----------------XSDB Script----------------
connect -url tcp:127.0.0.1:3121
targets -set -nocase -filter {name =~"APU*"}
rst -system
after 3000
targets -set -filter {jtag_cable_name =~ "Digilent Zybo Z7 210351BD73B3A" && level==0 && jtag_device_ctx=="jsn-Zybo Z7-210351BD73B3A-23727093-0"}
fpga -file C:/Users/Chris/Downloads/clean/zynq_7000_tutorial_3_zynq7000_build_app/_ide/bitstream/tutorial_3.bit
targets -set -nocase -filter {name =~"APU*"}
loadhw -hw C:/Users/Chris/Downloads/clean/tutorial_3/export/tutorial_3/hw/tutorial_3.xsa -mem-ranges [list {0x40000000 0xbfffffff}] -regs
configparams force-mem-access 1
targets -set -nocase -filter {name =~"APU*"}
source C:/Users/Chris/Downloads/clean/zynq_7000_tutorial_3_zynq7000_build_app/_ide/psinit/ps7_init.tcl
ps7_init
ps7_post_config
targets -set -nocase -filter {name =~ "*A9*#0"}
dow C:/Users/Chris/Downloads/clean/zynq_7000_tutorial_3_zynq7000_build_app/Debug/zynq_7000_tutorial_3_zynq7000_build_app.elf
configparams force-mem-access 0
----------------End of Script----------------

10:31:23 INFO  : Context for processor 'ps7_cortexa9_0' is selected.
10:31:23 INFO  : 'con' command is executed.
10:31:23 INFO  : ----------------XSDB Script (After Launch)----------------
targets -set -nocase -filter {name =~ "*A9*#0"}
con
----------------End of Script----------------

10:31:23 INFO  : Launch script is exported to file 'C:\Users\Chris\Downloads\clean\zynq_7000_tutorial_3_zynq7000_build_app_system\_ide\scripts\systemdebugger_zynq_7000_tutorial_3_zynq7000_build_app_system_standalone.tcl'
10:37:29 INFO  : Checking for BSP changes to sync application flags for project 'zynq_7000_tutorial_3_zynq7000_build_app'...
10:37:35 ERROR : (XSDB Server)ERROR: [Hsi 55-1571] The design file C:/Users/Chris/Downloads/clean/tutorial_3/export/tutorial_3/hw/tutorial_3.xsa is already opened

10:37:58 INFO  : Disconnected from the channel tcfchan#2.
10:37:58 INFO  : Connected to target on host '127.0.0.1' and port '3121'.
10:37:58 INFO  : Jtag cable 'Digilent Zybo Z7 210351BD73B3A' is selected.
10:37:58 INFO  : 'jtag frequency' command is executed.
10:37:58 INFO  : Context for 'APU' is selected.
10:37:59 INFO  : System reset is completed.
10:38:02 INFO  : 'after 3000' command is executed.
10:38:02 INFO  : 'targets -set -filter {jtag_cable_name =~ "Digilent Zybo Z7 210351BD73B3A" && level==0 && jtag_device_ctx=="jsn-Zybo Z7-210351BD73B3A-23727093-0"}' command is executed.
10:38:04 INFO  : Device configured successfully with "C:/Users/Chris/Downloads/clean/zynq_7000_tutorial_3_zynq7000_build_app/_ide/bitstream/tutorial_3.bit"
10:38:04 INFO  : Context for 'APU' is selected.
10:38:07 INFO  : Hardware design and registers information is loaded from 'C:/Users/Chris/Downloads/clean/tutorial_3/export/tutorial_3/hw/tutorial_3.xsa'.
10:38:07 INFO  : 'configparams force-mem-access 1' command is executed.
10:38:07 INFO  : Context for 'APU' is selected.
10:38:07 INFO  : Sourcing of 'C:/Users/Chris/Downloads/clean/zynq_7000_tutorial_3_zynq7000_build_app/_ide/psinit/ps7_init.tcl' is done.
10:38:08 INFO  : 'ps7_init' command is executed.
10:38:08 INFO  : 'ps7_post_config' command is executed.
10:38:08 INFO  : Context for processor 'ps7_cortexa9_0' is selected.
10:38:18 INFO  : The application 'C:/Users/Chris/Downloads/clean/zynq_7000_tutorial_3_zynq7000_build_app/Debug/zynq_7000_tutorial_3_zynq7000_build_app.elf' is downloaded to processor 'ps7_cortexa9_0'.
10:38:19 INFO  : 'configparams force-mem-access 0' command is executed.
10:38:19 INFO  : ----------------XSDB Script----------------
connect -url tcp:127.0.0.1:3121
targets -set -nocase -filter {name =~"APU*"}
rst -system
after 3000
targets -set -filter {jtag_cable_name =~ "Digilent Zybo Z7 210351BD73B3A" && level==0 && jtag_device_ctx=="jsn-Zybo Z7-210351BD73B3A-23727093-0"}
fpga -file C:/Users/Chris/Downloads/clean/zynq_7000_tutorial_3_zynq7000_build_app/_ide/bitstream/tutorial_3.bit
targets -set -nocase -filter {name =~"APU*"}
loadhw -hw C:/Users/Chris/Downloads/clean/tutorial_3/export/tutorial_3/hw/tutorial_3.xsa -mem-ranges [list {0x40000000 0xbfffffff}] -regs
configparams force-mem-access 1
targets -set -nocase -filter {name =~"APU*"}
source C:/Users/Chris/Downloads/clean/zynq_7000_tutorial_3_zynq7000_build_app/_ide/psinit/ps7_init.tcl
ps7_init
ps7_post_config
targets -set -nocase -filter {name =~ "*A9*#0"}
dow C:/Users/Chris/Downloads/clean/zynq_7000_tutorial_3_zynq7000_build_app/Debug/zynq_7000_tutorial_3_zynq7000_build_app.elf
configparams force-mem-access 0
----------------End of Script----------------

10:38:19 INFO  : Context for processor 'ps7_cortexa9_0' is selected.
10:38:19 INFO  : 'con' command is executed.
10:38:19 INFO  : ----------------XSDB Script (After Launch)----------------
targets -set -nocase -filter {name =~ "*A9*#0"}
con
----------------End of Script----------------

10:38:19 INFO  : Launch script is exported to file 'C:\Users\Chris\Downloads\clean\zynq_7000_tutorial_3_zynq7000_build_app_system\_ide\scripts\systemdebugger_zynq_7000_tutorial_3_zynq7000_build_app_system_standalone.tcl'
18:40:01 INFO  : Disconnected from the channel tcfchan#4.
18:40:01 INFO  : Connected to target on host '127.0.0.1' and port '3121'.
18:40:01 INFO  : Jtag cable 'Digilent Zybo Z7 210351BD73B3A' is selected.
18:40:01 INFO  : 'jtag frequency' command is executed.
18:40:01 INFO  : Context for 'APU' is selected.
18:40:02 INFO  : System reset is completed.
18:40:05 INFO  : 'after 3000' command is executed.
18:40:05 INFO  : 'targets -set -filter {jtag_cable_name =~ "Digilent Zybo Z7 210351BD73B3A" && level==0 && jtag_device_ctx=="jsn-Zybo Z7-210351BD73B3A-23727093-0"}' command is executed.
18:40:07 INFO  : Device configured successfully with "C:/Users/Chris/Downloads/clean/zynq_7000_tutorial_3_zynq7000_build_app/_ide/bitstream/tutorial_3.bit"
18:40:07 INFO  : Context for 'APU' is selected.
18:40:09 INFO  : Hardware design and registers information is loaded from 'C:/Users/Chris/Downloads/clean/tutorial_3/export/tutorial_3/hw/tutorial_3.xsa'.
18:40:09 INFO  : 'configparams force-mem-access 1' command is executed.
18:40:09 INFO  : Context for 'APU' is selected.
18:40:09 INFO  : Sourcing of 'C:/Users/Chris/Downloads/clean/zynq_7000_tutorial_3_zynq7000_build_app/_ide/psinit/ps7_init.tcl' is done.
18:40:10 INFO  : 'ps7_init' command is executed.
18:40:10 INFO  : 'ps7_post_config' command is executed.
18:40:10 INFO  : Context for processor 'ps7_cortexa9_0' is selected.
18:40:20 INFO  : The application 'C:/Users/Chris/Downloads/clean/zynq_7000_tutorial_3_zynq7000_build_app/Debug/zynq_7000_tutorial_3_zynq7000_build_app.elf' is downloaded to processor 'ps7_cortexa9_0'.
18:40:20 INFO  : 'configparams force-mem-access 0' command is executed.
18:40:20 INFO  : ----------------XSDB Script----------------
connect -url tcp:127.0.0.1:3121
targets -set -nocase -filter {name =~"APU*"}
rst -system
after 3000
targets -set -filter {jtag_cable_name =~ "Digilent Zybo Z7 210351BD73B3A" && level==0 && jtag_device_ctx=="jsn-Zybo Z7-210351BD73B3A-23727093-0"}
fpga -file C:/Users/Chris/Downloads/clean/zynq_7000_tutorial_3_zynq7000_build_app/_ide/bitstream/tutorial_3.bit
targets -set -nocase -filter {name =~"APU*"}
loadhw -hw C:/Users/Chris/Downloads/clean/tutorial_3/export/tutorial_3/hw/tutorial_3.xsa -mem-ranges [list {0x40000000 0xbfffffff}] -regs
configparams force-mem-access 1
targets -set -nocase -filter {name =~"APU*"}
source C:/Users/Chris/Downloads/clean/zynq_7000_tutorial_3_zynq7000_build_app/_ide/psinit/ps7_init.tcl
ps7_init
ps7_post_config
targets -set -nocase -filter {name =~ "*A9*#0"}
dow C:/Users/Chris/Downloads/clean/zynq_7000_tutorial_3_zynq7000_build_app/Debug/zynq_7000_tutorial_3_zynq7000_build_app.elf
configparams force-mem-access 0
----------------End of Script----------------

18:40:20 INFO  : Context for processor 'ps7_cortexa9_0' is selected.
18:40:20 INFO  : 'con' command is executed.
18:40:20 INFO  : ----------------XSDB Script (After Launch)----------------
targets -set -nocase -filter {name =~ "*A9*#0"}
con
----------------End of Script----------------

18:40:20 INFO  : Launch script is exported to file 'C:\Users\Chris\Downloads\clean\zynq_7000_tutorial_3_zynq7000_build_app_system\_ide\scripts\systemdebugger_zynq_7000_tutorial_3_zynq7000_build_app_system_standalone.tcl'
19:17:12 INFO  : Checking for BSP changes to sync application flags for project 'zynq_7000_tutorial_3_zynq7000_build_app'...
19:17:17 ERROR : (XSDB Server)ERROR: [Hsi 55-1571] The design file C:/Users/Chris/Downloads/clean/tutorial_3/export/tutorial_3/hw/tutorial_3.xsa is already opened

19:17:36 INFO  : Checking for BSP changes to sync application flags for project 'zynq_7000_tutorial_3_zynq7000_build_app'...
19:17:43 ERROR : (XSDB Server)ERROR: [Hsi 55-1571] The design file C:/Users/Chris/Downloads/clean/tutorial_3/export/tutorial_3/hw/tutorial_3.xsa is already opened

19:17:53 INFO  : Disconnected from the channel tcfchan#5.
19:17:53 INFO  : Connected to target on host '127.0.0.1' and port '3121'.
19:17:53 INFO  : Jtag cable 'Digilent Zybo Z7 210351BD73B3A' is selected.
19:17:53 INFO  : 'jtag frequency' command is executed.
19:17:53 INFO  : Context for 'APU' is selected.
19:17:54 INFO  : System reset is completed.
19:17:57 INFO  : 'after 3000' command is executed.
19:17:57 INFO  : 'targets -set -filter {jtag_cable_name =~ "Digilent Zybo Z7 210351BD73B3A" && level==0 && jtag_device_ctx=="jsn-Zybo Z7-210351BD73B3A-23727093-0"}' command is executed.
19:17:59 INFO  : Device configured successfully with "C:/Users/Chris/Downloads/clean/zynq_7000_tutorial_3_zynq7000_build_app/_ide/bitstream/tutorial_3.bit"
19:17:59 INFO  : Context for 'APU' is selected.
19:18:02 INFO  : Hardware design and registers information is loaded from 'C:/Users/Chris/Downloads/clean/tutorial_3/export/tutorial_3/hw/tutorial_3.xsa'.
19:18:02 INFO  : 'configparams force-mem-access 1' command is executed.
19:18:02 INFO  : Context for 'APU' is selected.
19:18:02 INFO  : Sourcing of 'C:/Users/Chris/Downloads/clean/zynq_7000_tutorial_3_zynq7000_build_app/_ide/psinit/ps7_init.tcl' is done.
19:18:02 INFO  : 'ps7_init' command is executed.
19:18:02 INFO  : 'ps7_post_config' command is executed.
19:18:02 INFO  : Context for processor 'ps7_cortexa9_0' is selected.
19:18:12 INFO  : The application 'C:/Users/Chris/Downloads/clean/zynq_7000_tutorial_3_zynq7000_build_app/Debug/zynq_7000_tutorial_3_zynq7000_build_app.elf' is downloaded to processor 'ps7_cortexa9_0'.
19:18:12 INFO  : 'configparams force-mem-access 0' command is executed.
19:18:12 INFO  : ----------------XSDB Script----------------
connect -url tcp:127.0.0.1:3121
targets -set -nocase -filter {name =~"APU*"}
rst -system
after 3000
targets -set -filter {jtag_cable_name =~ "Digilent Zybo Z7 210351BD73B3A" && level==0 && jtag_device_ctx=="jsn-Zybo Z7-210351BD73B3A-23727093-0"}
fpga -file C:/Users/Chris/Downloads/clean/zynq_7000_tutorial_3_zynq7000_build_app/_ide/bitstream/tutorial_3.bit
targets -set -nocase -filter {name =~"APU*"}
loadhw -hw C:/Users/Chris/Downloads/clean/tutorial_3/export/tutorial_3/hw/tutorial_3.xsa -mem-ranges [list {0x40000000 0xbfffffff}] -regs
configparams force-mem-access 1
targets -set -nocase -filter {name =~"APU*"}
source C:/Users/Chris/Downloads/clean/zynq_7000_tutorial_3_zynq7000_build_app/_ide/psinit/ps7_init.tcl
ps7_init
ps7_post_config
targets -set -nocase -filter {name =~ "*A9*#0"}
dow C:/Users/Chris/Downloads/clean/zynq_7000_tutorial_3_zynq7000_build_app/Debug/zynq_7000_tutorial_3_zynq7000_build_app.elf
configparams force-mem-access 0
----------------End of Script----------------

19:18:13 INFO  : Context for processor 'ps7_cortexa9_0' is selected.
19:18:13 INFO  : 'con' command is executed.
19:18:13 INFO  : ----------------XSDB Script (After Launch)----------------
targets -set -nocase -filter {name =~ "*A9*#0"}
con
----------------End of Script----------------

19:18:13 INFO  : Launch script is exported to file 'C:\Users\Chris\Downloads\clean\zynq_7000_tutorial_3_zynq7000_build_app_system\_ide\scripts\systemdebugger_zynq_7000_tutorial_3_zynq7000_build_app_system_standalone.tcl'
20:21:03 INFO  : Disconnected from the channel tcfchan#8.
20:21:03 INFO  : Connected to target on host '127.0.0.1' and port '3121'.
20:21:03 INFO  : Jtag cable 'Digilent Zybo Z7 210351BD73B3A' is selected.
20:21:03 INFO  : 'jtag frequency' command is executed.
20:21:03 INFO  : Context for 'APU' is selected.
20:21:04 INFO  : System reset is completed.
20:21:07 INFO  : 'after 3000' command is executed.
20:21:07 INFO  : 'targets -set -filter {jtag_cable_name =~ "Digilent Zybo Z7 210351BD73B3A" && level==0 && jtag_device_ctx=="jsn-Zybo Z7-210351BD73B3A-23727093-0"}' command is executed.
20:21:09 INFO  : Device configured successfully with "C:/Users/Chris/Downloads/clean/zynq_7000_tutorial_3_zynq7000_build_app/_ide/bitstream/tutorial_3.bit"
20:21:09 INFO  : Context for 'APU' is selected.
20:21:13 INFO  : Hardware design and registers information is loaded from 'C:/Users/Chris/Downloads/clean/tutorial_3/export/tutorial_3/hw/tutorial_3.xsa'.
20:21:13 INFO  : 'configparams force-mem-access 1' command is executed.
20:21:13 INFO  : Context for 'APU' is selected.
20:21:13 INFO  : Sourcing of 'C:/Users/Chris/Downloads/clean/zynq_7000_tutorial_3_zynq7000_build_app/_ide/psinit/ps7_init.tcl' is done.
20:21:13 INFO  : 'ps7_init' command is executed.
20:21:13 INFO  : 'ps7_post_config' command is executed.
20:21:13 INFO  : Context for processor 'ps7_cortexa9_0' is selected.
20:21:24 INFO  : The application 'C:/Users/Chris/Downloads/clean/zynq_7000_tutorial_3_zynq7000_build_app/Debug/zynq_7000_tutorial_3_zynq7000_build_app.elf' is downloaded to processor 'ps7_cortexa9_0'.
20:21:24 INFO  : 'configparams force-mem-access 0' command is executed.
20:21:24 INFO  : ----------------XSDB Script----------------
connect -url tcp:127.0.0.1:3121
targets -set -nocase -filter {name =~"APU*"}
rst -system
after 3000
targets -set -filter {jtag_cable_name =~ "Digilent Zybo Z7 210351BD73B3A" && level==0 && jtag_device_ctx=="jsn-Zybo Z7-210351BD73B3A-23727093-0"}
fpga -file C:/Users/Chris/Downloads/clean/zynq_7000_tutorial_3_zynq7000_build_app/_ide/bitstream/tutorial_3.bit
targets -set -nocase -filter {name =~"APU*"}
loadhw -hw C:/Users/Chris/Downloads/clean/tutorial_3/export/tutorial_3/hw/tutorial_3.xsa -mem-ranges [list {0x40000000 0xbfffffff}] -regs
configparams force-mem-access 1
targets -set -nocase -filter {name =~"APU*"}
source C:/Users/Chris/Downloads/clean/zynq_7000_tutorial_3_zynq7000_build_app/_ide/psinit/ps7_init.tcl
ps7_init
ps7_post_config
targets -set -nocase -filter {name =~ "*A9*#0"}
dow C:/Users/Chris/Downloads/clean/zynq_7000_tutorial_3_zynq7000_build_app/Debug/zynq_7000_tutorial_3_zynq7000_build_app.elf
configparams force-mem-access 0
----------------End of Script----------------

20:21:24 INFO  : Context for processor 'ps7_cortexa9_0' is selected.
20:21:24 INFO  : 'con' command is executed.
20:21:24 INFO  : ----------------XSDB Script (After Launch)----------------
targets -set -nocase -filter {name =~ "*A9*#0"}
con
----------------End of Script----------------

20:21:24 INFO  : Launch script is exported to file 'C:\Users\Chris\Downloads\clean\zynq_7000_tutorial_3_zynq7000_build_app_system\_ide\scripts\systemdebugger_zynq_7000_tutorial_3_zynq7000_build_app_system_standalone.tcl'
21:10:12 INFO  : Checking for BSP changes to sync application flags for project 'zynq_7000_tutorial_3_zynq7000_build_app'...
21:10:19 ERROR : (XSDB Server)ERROR: [Hsi 55-1571] The design file C:/Users/Chris/Downloads/clean/tutorial_3/export/tutorial_3/hw/tutorial_3.xsa is already opened

21:10:27 INFO  : Disconnected from the channel tcfchan#9.
21:10:27 INFO  : Connected to target on host '127.0.0.1' and port '3121'.
21:10:27 INFO  : Jtag cable 'Digilent Zybo Z7 210351BD73B3A' is selected.
21:10:27 INFO  : 'jtag frequency' command is executed.
21:10:27 INFO  : Context for 'APU' is selected.
21:10:27 INFO  : System reset is completed.
21:10:30 INFO  : 'after 3000' command is executed.
21:10:31 INFO  : 'targets -set -filter {jtag_cable_name =~ "Digilent Zybo Z7 210351BD73B3A" && level==0 && jtag_device_ctx=="jsn-Zybo Z7-210351BD73B3A-23727093-0"}' command is executed.
21:10:33 INFO  : Device configured successfully with "C:/Users/Chris/Downloads/clean/zynq_7000_tutorial_3_zynq7000_build_app/_ide/bitstream/tutorial_3.bit"
21:10:33 INFO  : Context for 'APU' is selected.
21:10:35 INFO  : Hardware design and registers information is loaded from 'C:/Users/Chris/Downloads/clean/tutorial_3/export/tutorial_3/hw/tutorial_3.xsa'.
21:10:35 INFO  : 'configparams force-mem-access 1' command is executed.
21:10:35 INFO  : Context for 'APU' is selected.
21:10:35 INFO  : Sourcing of 'C:/Users/Chris/Downloads/clean/zynq_7000_tutorial_3_zynq7000_build_app/_ide/psinit/ps7_init.tcl' is done.
21:10:36 INFO  : 'ps7_init' command is executed.
21:10:36 INFO  : 'ps7_post_config' command is executed.
21:10:36 INFO  : Context for processor 'ps7_cortexa9_0' is selected.
21:10:45 INFO  : The application 'C:/Users/Chris/Downloads/clean/zynq_7000_tutorial_3_zynq7000_build_app/Debug/zynq_7000_tutorial_3_zynq7000_build_app.elf' is downloaded to processor 'ps7_cortexa9_0'.
21:10:46 INFO  : 'configparams force-mem-access 0' command is executed.
21:10:46 INFO  : ----------------XSDB Script----------------
connect -url tcp:127.0.0.1:3121
targets -set -nocase -filter {name =~"APU*"}
rst -system
after 3000
targets -set -filter {jtag_cable_name =~ "Digilent Zybo Z7 210351BD73B3A" && level==0 && jtag_device_ctx=="jsn-Zybo Z7-210351BD73B3A-23727093-0"}
fpga -file C:/Users/Chris/Downloads/clean/zynq_7000_tutorial_3_zynq7000_build_app/_ide/bitstream/tutorial_3.bit
targets -set -nocase -filter {name =~"APU*"}
loadhw -hw C:/Users/Chris/Downloads/clean/tutorial_3/export/tutorial_3/hw/tutorial_3.xsa -mem-ranges [list {0x40000000 0xbfffffff}] -regs
configparams force-mem-access 1
targets -set -nocase -filter {name =~"APU*"}
source C:/Users/Chris/Downloads/clean/zynq_7000_tutorial_3_zynq7000_build_app/_ide/psinit/ps7_init.tcl
ps7_init
ps7_post_config
targets -set -nocase -filter {name =~ "*A9*#0"}
dow C:/Users/Chris/Downloads/clean/zynq_7000_tutorial_3_zynq7000_build_app/Debug/zynq_7000_tutorial_3_zynq7000_build_app.elf
configparams force-mem-access 0
----------------End of Script----------------

21:10:46 INFO  : Context for processor 'ps7_cortexa9_0' is selected.
21:10:46 INFO  : 'con' command is executed.
21:10:46 INFO  : ----------------XSDB Script (After Launch)----------------
targets -set -nocase -filter {name =~ "*A9*#0"}
con
----------------End of Script----------------

21:10:46 INFO  : Launch script is exported to file 'C:\Users\Chris\Downloads\clean\zynq_7000_tutorial_3_zynq7000_build_app_system\_ide\scripts\systemdebugger_zynq_7000_tutorial_3_zynq7000_build_app_system_standalone.tcl'
21:20:26 INFO  : Checking for BSP changes to sync application flags for project 'zynq_7000_tutorial_3_zynq7000_build_app'...
21:20:32 ERROR : (XSDB Server)ERROR: [Hsi 55-1571] The design file C:/Users/Chris/Downloads/clean/tutorial_3/export/tutorial_3/hw/tutorial_3.xsa is already opened

21:20:40 INFO  : Disconnected from the channel tcfchan#11.
21:20:40 INFO  : Connected to target on host '127.0.0.1' and port '3121'.
21:20:40 INFO  : Jtag cable 'Digilent Zybo Z7 210351BD73B3A' is selected.
21:20:40 INFO  : 'jtag frequency' command is executed.
21:20:40 INFO  : Context for 'APU' is selected.
21:20:41 INFO  : System reset is completed.
21:20:44 INFO  : 'after 3000' command is executed.
21:20:44 INFO  : 'targets -set -filter {jtag_cable_name =~ "Digilent Zybo Z7 210351BD73B3A" && level==0 && jtag_device_ctx=="jsn-Zybo Z7-210351BD73B3A-23727093-0"}' command is executed.
21:20:46 INFO  : Device configured successfully with "C:/Users/Chris/Downloads/clean/zynq_7000_tutorial_3_zynq7000_build_app/_ide/bitstream/tutorial_3.bit"
21:20:46 INFO  : Context for 'APU' is selected.
21:20:48 INFO  : Hardware design and registers information is loaded from 'C:/Users/Chris/Downloads/clean/tutorial_3/export/tutorial_3/hw/tutorial_3.xsa'.
21:20:48 INFO  : 'configparams force-mem-access 1' command is executed.
21:20:48 INFO  : Context for 'APU' is selected.
21:20:48 INFO  : Sourcing of 'C:/Users/Chris/Downloads/clean/zynq_7000_tutorial_3_zynq7000_build_app/_ide/psinit/ps7_init.tcl' is done.
21:20:49 INFO  : 'ps7_init' command is executed.
21:20:49 INFO  : 'ps7_post_config' command is executed.
21:20:49 INFO  : Context for processor 'ps7_cortexa9_0' is selected.
21:21:00 INFO  : The application 'C:/Users/Chris/Downloads/clean/zynq_7000_tutorial_3_zynq7000_build_app/Debug/zynq_7000_tutorial_3_zynq7000_build_app.elf' is downloaded to processor 'ps7_cortexa9_0'.
21:21:00 INFO  : 'configparams force-mem-access 0' command is executed.
21:21:00 INFO  : ----------------XSDB Script----------------
connect -url tcp:127.0.0.1:3121
targets -set -nocase -filter {name =~"APU*"}
rst -system
after 3000
targets -set -filter {jtag_cable_name =~ "Digilent Zybo Z7 210351BD73B3A" && level==0 && jtag_device_ctx=="jsn-Zybo Z7-210351BD73B3A-23727093-0"}
fpga -file C:/Users/Chris/Downloads/clean/zynq_7000_tutorial_3_zynq7000_build_app/_ide/bitstream/tutorial_3.bit
targets -set -nocase -filter {name =~"APU*"}
loadhw -hw C:/Users/Chris/Downloads/clean/tutorial_3/export/tutorial_3/hw/tutorial_3.xsa -mem-ranges [list {0x40000000 0xbfffffff}] -regs
configparams force-mem-access 1
targets -set -nocase -filter {name =~"APU*"}
source C:/Users/Chris/Downloads/clean/zynq_7000_tutorial_3_zynq7000_build_app/_ide/psinit/ps7_init.tcl
ps7_init
ps7_post_config
targets -set -nocase -filter {name =~ "*A9*#0"}
dow C:/Users/Chris/Downloads/clean/zynq_7000_tutorial_3_zynq7000_build_app/Debug/zynq_7000_tutorial_3_zynq7000_build_app.elf
configparams force-mem-access 0
----------------End of Script----------------

21:21:00 INFO  : Context for processor 'ps7_cortexa9_0' is selected.
21:21:00 INFO  : 'con' command is executed.
21:21:00 INFO  : ----------------XSDB Script (After Launch)----------------
targets -set -nocase -filter {name =~ "*A9*#0"}
con
----------------End of Script----------------

21:21:00 INFO  : Launch script is exported to file 'C:\Users\Chris\Downloads\clean\zynq_7000_tutorial_3_zynq7000_build_app_system\_ide\scripts\systemdebugger_zynq_7000_tutorial_3_zynq7000_build_app_system_standalone.tcl'
