17:21:01 DEBUG : Logs will be stored at 'C:/Users/Chris/Desktop/RiscV-NPU-DualCore/Z7-RV-NPU/IDE.log'.
17:21:07 INFO  : Launching XSCT server: xsct.bat -n  -interactive C:\Users\Chris\Desktop\RiscV-NPU-DualCore\Z7-RV-NPU\temp_xsdb_launch_script.tcl
17:21:07 INFO  : Registering command handlers for Vitis TCF services
17:21:07 INFO  : Platform repository initialization has completed.
17:21:10 INFO  : XSCT server has started successfully.
17:21:10 INFO  : Successfully done setting XSCT server connection channel  
17:21:10 INFO  : plnx-install-location is set to ''
17:21:10 INFO  : Successfully done setting workspace for the tool. 
17:21:10 INFO  : Successfully done query RDI_DATADIR 
17:21:24 INFO  : Platform 'system_wrapper' is added to custom repositories.
17:21:26 INFO  : [Import] Updating active build configuration of the system project 'Zybo-Z7-20-pcam-5c_system' to 'Debug' after the import.
17:22:35 INFO  : Hardware specification for platform project 'system_wrapper' is updated.
17:38:40 INFO  : Checking for BSP changes to sync application flags for project 'Zybo-Z7-20-pcam-5c'...
17:38:40 INFO  : Result from executing command 'getProjects': RemoteSystemsTempFiles;Zybo-Z7-20-pcam-5c;Zybo-Z7-20-pcam-5c_system;system_wrapper
17:38:40 ERROR : Failed to openhw "C:/Users/Chris/Desktop/RiscV-NPU-DualCore/Z7-RV-NPU/system_wrapper/export/system_wrapper/hw/system_wrapper.xsa"
Reason: C:/Users/Chris/Desktop/RiscV-NPU-DualCore/Z7-RV-NPU/system_wrapper/export/system_wrapper/hw/system_wrapper.xsa is not available in the current workspace
use 'getprojects' command to see list of available projects in current workspace
17:38:40 ERROR : Failed to update application flags from BSP for 'Zybo-Z7-20-pcam-5c'. Reason: null
java.lang.NullPointerException: null
	at com.xilinx.sdx.sw.internal.SDxSwPlatform.<init>(SDxSwPlatform.java:305) ~[com.xilinx.sdx.sw_1.0.0.202305040745.jar:?]
	at com.xilinx.sdx.sw.internal.SDxSwPlatform.create(SDxSwPlatform.java:214) ~[com.xilinx.sdx.sw_1.0.0.202305040745.jar:?]
	at com.xilinx.sdx.sdk.core.util.SdkPlatformHelper.getSwPlatform(SdkPlatformHelper.java:64) ~[com.xilinx.sdx.sdk.core_1.0.0.202305040745.jar:?]
	at com.xilinx.sdx.sdk.core.build.SdkMakefileGenerationListener.getSwPlatform(SdkMakefileGenerationListener.java:160) ~[com.xilinx.sdx.sdk.core_1.0.0.202305040745.jar:?]
	at com.xilinx.sdx.sdk.core.build.SdkMakefileGenerationListener.syncAppFlags(SdkMakefileGenerationListener.java:78) [com.xilinx.sdx.sdk.core_1.0.0.202305040745.jar:?]
	at com.xilinx.sdx.sdk.core.build.SdkMakefileGenerationListener.preMakefileGeneration(SdkMakefileGenerationListener.java:48) [com.xilinx.sdx.sdk.core_1.0.0.202305040745.jar:?]
	at com.xilinx.sdk.managedbuilder.XilinxGnuMakefileGenerator.notifyPreMakefileGenerationListeners(XilinxGnuMakefileGenerator.java:91) [com.xilinx.sdk.managedbuilder_1.0.0.202305040745.jar:?]
	at com.xilinx.sdk.managedbuilder.XilinxGnuMakefileGenerator.regenerateMakefiles(XilinxGnuMakefileGenerator.java:75) [com.xilinx.sdk.managedbuilder_1.0.0.202305040745.jar:?]
	at org.eclipse.cdt.managedbuilder.internal.core.CommonBuilder.performMakefileGeneration(CommonBuilder.java:1006) [org.eclipse.cdt.managedbuilder.core_8.6.0.201802261533.jar:?]
	at org.eclipse.cdt.managedbuilder.internal.core.CommonBuilder.performPrebuildGeneration(CommonBuilder.java:873) [org.eclipse.cdt.managedbuilder.core_8.6.0.201802261533.jar:?]
	at org.eclipse.cdt.managedbuilder.internal.core.CommonBuilder.build(CommonBuilder.java:748) [org.eclipse.cdt.managedbuilder.core_8.6.0.201802261533.jar:?]
	at org.eclipse.cdt.managedbuilder.internal.core.CommonBuilder.build(CommonBuilder.java:513) [org.eclipse.cdt.managedbuilder.core_8.6.0.201802261533.jar:?]
	at org.eclipse.cdt.managedbuilder.internal.core.CommonBuilder.build(CommonBuilder.java:459) [org.eclipse.cdt.managedbuilder.core_8.6.0.201802261533.jar:?]
	at org.eclipse.core.internal.events.BuildManager$2.run(BuildManager.java:832) [org.eclipse.core.resources_3.13.700.v20200209-1624.jar:?]
	at org.eclipse.core.runtime.SafeRunner.run(SafeRunner.java:45) [org.eclipse.equinox.common_3.11.0.v20200206-0817.jar:?]
	at org.eclipse.core.internal.events.BuildManager.basicBuild(BuildManager.java:220) [org.eclipse.core.resources_3.13.700.v20200209-1624.jar:?]
	at org.eclipse.core.internal.events.BuildManager.basicBuild(BuildManager.java:263) [org.eclipse.core.resources_3.13.700.v20200209-1624.jar:?]
	at org.eclipse.core.internal.events.BuildManager$1.run(BuildManager.java:316) [org.eclipse.core.resources_3.13.700.v20200209-1624.jar:?]
	at org.eclipse.core.runtime.SafeRunner.run(SafeRunner.java:45) [org.eclipse.equinox.common_3.11.0.v20200206-0817.jar:?]
	at org.eclipse.core.internal.events.BuildManager.basicBuild(BuildManager.java:319) [org.eclipse.core.resources_3.13.700.v20200209-1624.jar:?]
	at org.eclipse.core.internal.events.BuildManager.basicBuildLoop(BuildManager.java:371) [org.eclipse.core.resources_3.13.700.v20200209-1624.jar:?]
	at org.eclipse.core.internal.events.BuildManager.build(BuildManager.java:392) [org.eclipse.core.resources_3.13.700.v20200209-1624.jar:?]
	at org.eclipse.core.internal.resources.Workspace.buildInternal(Workspace.java:515) [org.eclipse.core.resources_3.13.700.v20200209-1624.jar:?]
	at org.eclipse.core.internal.resources.Workspace.build(Workspace.java:412) [org.eclipse.core.resources_3.13.700.v20200209-1624.jar:?]
	at org.eclipse.ui.actions.BuildAction$1.runInWorkspace(BuildAction.java:291) [org.eclipse.ui.ide_3.17.0.v20200217-1511.jar:?]
	at org.eclipse.core.internal.resources.InternalWorkspaceJob.run(InternalWorkspaceJob.java:42) [org.eclipse.core.resources_3.13.700.v20200209-1624.jar:?]
	at org.eclipse.core.internal.jobs.Worker.run(Worker.java:63) [org.eclipse.core.jobs_3.10.700.v20200106-1020.jar:?]
17:38:41 ERROR : Failed to compute checksum of hardware specification file used by project 'Zybo-Z7-20-pcam-5c'
17:38:41 INFO  : Result from executing command 'getProjects': RemoteSystemsTempFiles;Zybo-Z7-20-pcam-5c;Zybo-Z7-20-pcam-5c_system;system_wrapper
17:38:41 ERROR : Failed to openhw "C:/Users/Chris/Desktop/RiscV-NPU-DualCore/Z7-RV-NPU/system_wrapper/export/system_wrapper/hw/system_wrapper.xsa"
Reason: C:/Users/Chris/Desktop/RiscV-NPU-DualCore/Z7-RV-NPU/system_wrapper/export/system_wrapper/hw/system_wrapper.xsa is not available in the current workspace
use 'getprojects' command to see list of available projects in current workspace
17:38:41 INFO  : Result from executing command 'getProjects': RemoteSystemsTempFiles;Zybo-Z7-20-pcam-5c;Zybo-Z7-20-pcam-5c_system;system_wrapper
17:38:41 ERROR : Failed to openhw "C:/Users/Chris/Desktop/RiscV-NPU-DualCore/Z7-RV-NPU/system_wrapper/export/system_wrapper/hw/system_wrapper.xsa"
Reason: C:/Users/Chris/Desktop/RiscV-NPU-DualCore/Z7-RV-NPU/system_wrapper/export/system_wrapper/hw/system_wrapper.xsa is not available in the current workspace
use 'getprojects' command to see list of available projects in current workspace
17:38:41 INFO  : Result from executing command 'getProjects': RemoteSystemsTempFiles;Zybo-Z7-20-pcam-5c;Zybo-Z7-20-pcam-5c_system;system_wrapper
17:38:41 ERROR : Failed to openhw "C:/Users/Chris/Desktop/RiscV-NPU-DualCore/Z7-RV-NPU/system_wrapper/export/system_wrapper/hw/system_wrapper.xsa"
Reason: C:/Users/Chris/Desktop/RiscV-NPU-DualCore/Z7-RV-NPU/system_wrapper/export/system_wrapper/hw/system_wrapper.xsa is not available in the current workspace
use 'getprojects' command to see list of available projects in current workspace
17:46:39 INFO  : Hardware specification for platform project 'system_wrapper' is updated.
17:49:30 INFO  : Checking for BSP changes to sync application flags for project 'Zybo-Z7-20-pcam-5c'...
17:49:30 INFO  : Result from executing command 'getProjects': RemoteSystemsTempFiles;Zybo-Z7-20-pcam-5c;Zybo-Z7-20-pcam-5c_system;system_wrapper
17:49:30 ERROR : Failed to openhw "C:/Users/Chris/Desktop/RiscV-NPU-DualCore/Z7-RV-NPU/system_wrapper/export/system_wrapper/hw/system_wrapper.xsa"
Reason: C:/Users/Chris/Desktop/RiscV-NPU-DualCore/Z7-RV-NPU/system_wrapper/export/system_wrapper/hw/system_wrapper.xsa is not available in the current workspace
use 'getprojects' command to see list of available projects in current workspace
17:49:30 ERROR : Failed to update application flags from BSP for 'Zybo-Z7-20-pcam-5c'. Reason: null
java.lang.NullPointerException: null
	at com.xilinx.sdx.sw.internal.SDxSwPlatform.<init>(SDxSwPlatform.java:305) ~[com.xilinx.sdx.sw_1.0.0.202305040745.jar:?]
	at com.xilinx.sdx.sw.internal.SDxSwPlatform.create(SDxSwPlatform.java:214) ~[com.xilinx.sdx.sw_1.0.0.202305040745.jar:?]
	at com.xilinx.sdx.sdk.core.util.SdkPlatformHelper.getSwPlatform(SdkPlatformHelper.java:64) ~[com.xilinx.sdx.sdk.core_1.0.0.202305040745.jar:?]
	at com.xilinx.sdx.sdk.core.build.SdkMakefileGenerationListener.getSwPlatform(SdkMakefileGenerationListener.java:160) ~[com.xilinx.sdx.sdk.core_1.0.0.202305040745.jar:?]
	at com.xilinx.sdx.sdk.core.build.SdkMakefileGenerationListener.syncAppFlags(SdkMakefileGenerationListener.java:78) [com.xilinx.sdx.sdk.core_1.0.0.202305040745.jar:?]
	at com.xilinx.sdx.sdk.core.build.SdkMakefileGenerationListener.preMakefileGeneration(SdkMakefileGenerationListener.java:48) [com.xilinx.sdx.sdk.core_1.0.0.202305040745.jar:?]
	at com.xilinx.sdk.managedbuilder.XilinxGnuMakefileGenerator.notifyPreMakefileGenerationListeners(XilinxGnuMakefileGenerator.java:91) [com.xilinx.sdk.managedbuilder_1.0.0.202305040745.jar:?]
	at com.xilinx.sdk.managedbuilder.XilinxGnuMakefileGenerator.generateMakefiles(XilinxGnuMakefileGenerator.java:40) [com.xilinx.sdk.managedbuilder_1.0.0.202305040745.jar:?]
	at org.eclipse.cdt.managedbuilder.internal.core.CommonBuilder.performMakefileGeneration(CommonBuilder.java:1008) [org.eclipse.cdt.managedbuilder.core_8.6.0.201802261533.jar:?]
	at org.eclipse.cdt.managedbuilder.internal.core.CommonBuilder.performPrebuildGeneration(CommonBuilder.java:873) [org.eclipse.cdt.managedbuilder.core_8.6.0.201802261533.jar:?]
	at org.eclipse.cdt.managedbuilder.internal.core.CommonBuilder.build(CommonBuilder.java:748) [org.eclipse.cdt.managedbuilder.core_8.6.0.201802261533.jar:?]
	at org.eclipse.cdt.managedbuilder.internal.core.CommonBuilder.build(CommonBuilder.java:510) [org.eclipse.cdt.managedbuilder.core_8.6.0.201802261533.jar:?]
	at org.eclipse.cdt.managedbuilder.internal.core.CommonBuilder.build(CommonBuilder.java:459) [org.eclipse.cdt.managedbuilder.core_8.6.0.201802261533.jar:?]
	at org.eclipse.core.internal.events.BuildManager$2.run(BuildManager.java:832) [org.eclipse.core.resources_3.13.700.v20200209-1624.jar:?]
	at org.eclipse.core.runtime.SafeRunner.run(SafeRunner.java:45) [org.eclipse.equinox.common_3.11.0.v20200206-0817.jar:?]
	at org.eclipse.core.internal.events.BuildManager.basicBuild(BuildManager.java:220) [org.eclipse.core.resources_3.13.700.v20200209-1624.jar:?]
	at org.eclipse.core.internal.events.BuildManager.basicBuild(BuildManager.java:263) [org.eclipse.core.resources_3.13.700.v20200209-1624.jar:?]
	at org.eclipse.core.internal.events.BuildManager$1.run(BuildManager.java:316) [org.eclipse.core.resources_3.13.700.v20200209-1624.jar:?]
	at org.eclipse.core.runtime.SafeRunner.run(SafeRunner.java:45) [org.eclipse.equinox.common_3.11.0.v20200206-0817.jar:?]
	at org.eclipse.core.internal.events.BuildManager.basicBuild(BuildManager.java:319) [org.eclipse.core.resources_3.13.700.v20200209-1624.jar:?]
	at org.eclipse.core.internal.events.BuildManager.basicBuildLoop(BuildManager.java:371) [org.eclipse.core.resources_3.13.700.v20200209-1624.jar:?]
	at org.eclipse.core.internal.events.BuildManager.build(BuildManager.java:392) [org.eclipse.core.resources_3.13.700.v20200209-1624.jar:?]
	at org.eclipse.core.internal.resources.Workspace.buildInternal(Workspace.java:515) [org.eclipse.core.resources_3.13.700.v20200209-1624.jar:?]
	at org.eclipse.core.internal.resources.Workspace.build(Workspace.java:412) [org.eclipse.core.resources_3.13.700.v20200209-1624.jar:?]
	at org.eclipse.ui.actions.BuildAction$1.runInWorkspace(BuildAction.java:291) [org.eclipse.ui.ide_3.17.0.v20200217-1511.jar:?]
	at org.eclipse.core.internal.resources.InternalWorkspaceJob.run(InternalWorkspaceJob.java:42) [org.eclipse.core.resources_3.13.700.v20200209-1624.jar:?]
	at org.eclipse.core.internal.jobs.Worker.run(Worker.java:63) [org.eclipse.core.jobs_3.10.700.v20200106-1020.jar:?]
17:49:31 ERROR : Failed to compute checksum of hardware specification file used by project 'Zybo-Z7-20-pcam-5c'
17:49:31 INFO  : Result from executing command 'getProjects': RemoteSystemsTempFiles;Zybo-Z7-20-pcam-5c;Zybo-Z7-20-pcam-5c_system;system_wrapper
17:49:31 ERROR : Failed to openhw "C:/Users/Chris/Desktop/RiscV-NPU-DualCore/Z7-RV-NPU/system_wrapper/export/system_wrapper/hw/system_wrapper.xsa"
Reason: C:/Users/Chris/Desktop/RiscV-NPU-DualCore/Z7-RV-NPU/system_wrapper/export/system_wrapper/hw/system_wrapper.xsa is not available in the current workspace
use 'getprojects' command to see list of available projects in current workspace
17:49:31 INFO  : Result from executing command 'getProjects': RemoteSystemsTempFiles;Zybo-Z7-20-pcam-5c;Zybo-Z7-20-pcam-5c_system;system_wrapper
17:49:31 ERROR : Failed to openhw "C:/Users/Chris/Desktop/RiscV-NPU-DualCore/Z7-RV-NPU/system_wrapper/export/system_wrapper/hw/system_wrapper.xsa"
Reason: C:/Users/Chris/Desktop/RiscV-NPU-DualCore/Z7-RV-NPU/system_wrapper/export/system_wrapper/hw/system_wrapper.xsa is not available in the current workspace
use 'getprojects' command to see list of available projects in current workspace
17:49:31 INFO  : Result from executing command 'getProjects': RemoteSystemsTempFiles;Zybo-Z7-20-pcam-5c;Zybo-Z7-20-pcam-5c_system;system_wrapper
17:49:31 ERROR : Failed to openhw "C:/Users/Chris/Desktop/RiscV-NPU-DualCore/Z7-RV-NPU/system_wrapper/export/system_wrapper/hw/system_wrapper.xsa"
Reason: C:/Users/Chris/Desktop/RiscV-NPU-DualCore/Z7-RV-NPU/system_wrapper/export/system_wrapper/hw/system_wrapper.xsa is not available in the current workspace
use 'getprojects' command to see list of available projects in current workspace
23:13:30 INFO  : Hardware specification for platform project 'system_wrapper' is updated.
23:18:09 INFO  : Checking for BSP changes to sync application flags for project 'Zybo-Z7-20-pcam-5c'...
23:18:09 INFO  : Result from executing command 'getProjects': RemoteSystemsTempFiles;Zybo-Z7-20-pcam-5c;Zybo-Z7-20-pcam-5c_system;system_wrapper
23:18:09 ERROR : Failed to openhw "C:/Users/Chris/Desktop/RiscV-NPU-DualCore/Z7-RV-NPU/system_wrapper/export/system_wrapper/hw/system_wrapper.xsa"
Reason: C:/Users/Chris/Desktop/RiscV-NPU-DualCore/Z7-RV-NPU/system_wrapper/export/system_wrapper/hw/system_wrapper.xsa is not available in the current workspace
use 'getprojects' command to see list of available projects in current workspace
23:18:09 ERROR : Failed to update application flags from BSP for 'Zybo-Z7-20-pcam-5c'. Reason: null
java.lang.NullPointerException: null
	at com.xilinx.sdx.sw.internal.SDxSwPlatform.<init>(SDxSwPlatform.java:305) ~[com.xilinx.sdx.sw_1.0.0.202305040745.jar:?]
	at com.xilinx.sdx.sw.internal.SDxSwPlatform.create(SDxSwPlatform.java:214) ~[com.xilinx.sdx.sw_1.0.0.202305040745.jar:?]
	at com.xilinx.sdx.sdk.core.util.SdkPlatformHelper.getSwPlatform(SdkPlatformHelper.java:64) ~[com.xilinx.sdx.sdk.core_1.0.0.202305040745.jar:?]
	at com.xilinx.sdx.sdk.core.build.SdkMakefileGenerationListener.getSwPlatform(SdkMakefileGenerationListener.java:160) ~[com.xilinx.sdx.sdk.core_1.0.0.202305040745.jar:?]
	at com.xilinx.sdx.sdk.core.build.SdkMakefileGenerationListener.syncAppFlags(SdkMakefileGenerationListener.java:78) [com.xilinx.sdx.sdk.core_1.0.0.202305040745.jar:?]
	at com.xilinx.sdx.sdk.core.build.SdkMakefileGenerationListener.preMakefileGeneration(SdkMakefileGenerationListener.java:48) [com.xilinx.sdx.sdk.core_1.0.0.202305040745.jar:?]
	at com.xilinx.sdk.managedbuilder.XilinxGnuMakefileGenerator.notifyPreMakefileGenerationListeners(XilinxGnuMakefileGenerator.java:91) [com.xilinx.sdk.managedbuilder_1.0.0.202305040745.jar:?]
	at com.xilinx.sdk.managedbuilder.XilinxGnuMakefileGenerator.generateMakefiles(XilinxGnuMakefileGenerator.java:40) [com.xilinx.sdk.managedbuilder_1.0.0.202305040745.jar:?]
	at org.eclipse.cdt.managedbuilder.internal.core.CommonBuilder.performMakefileGeneration(CommonBuilder.java:1008) [org.eclipse.cdt.managedbuilder.core_8.6.0.201802261533.jar:?]
	at org.eclipse.cdt.managedbuilder.internal.core.CommonBuilder.performPrebuildGeneration(CommonBuilder.java:873) [org.eclipse.cdt.managedbuilder.core_8.6.0.201802261533.jar:?]
	at org.eclipse.cdt.managedbuilder.internal.core.CommonBuilder.build(CommonBuilder.java:748) [org.eclipse.cdt.managedbuilder.core_8.6.0.201802261533.jar:?]
	at org.eclipse.cdt.managedbuilder.internal.core.CommonBuilder.build(CommonBuilder.java:510) [org.eclipse.cdt.managedbuilder.core_8.6.0.201802261533.jar:?]
	at org.eclipse.cdt.managedbuilder.internal.core.CommonBuilder.build(CommonBuilder.java:459) [org.eclipse.cdt.managedbuilder.core_8.6.0.201802261533.jar:?]
	at org.eclipse.core.internal.events.BuildManager$2.run(BuildManager.java:832) [org.eclipse.core.resources_3.13.700.v20200209-1624.jar:?]
	at org.eclipse.core.runtime.SafeRunner.run(SafeRunner.java:45) [org.eclipse.equinox.common_3.11.0.v20200206-0817.jar:?]
	at org.eclipse.core.internal.events.BuildManager.basicBuild(BuildManager.java:220) [org.eclipse.core.resources_3.13.700.v20200209-1624.jar:?]
	at org.eclipse.core.internal.events.BuildManager.basicBuild(BuildManager.java:263) [org.eclipse.core.resources_3.13.700.v20200209-1624.jar:?]
	at org.eclipse.core.internal.events.BuildManager$1.run(BuildManager.java:316) [org.eclipse.core.resources_3.13.700.v20200209-1624.jar:?]
	at org.eclipse.core.runtime.SafeRunner.run(SafeRunner.java:45) [org.eclipse.equinox.common_3.11.0.v20200206-0817.jar:?]
	at org.eclipse.core.internal.events.BuildManager.basicBuild(BuildManager.java:319) [org.eclipse.core.resources_3.13.700.v20200209-1624.jar:?]
	at org.eclipse.core.internal.events.BuildManager.basicBuildLoop(BuildManager.java:371) [org.eclipse.core.resources_3.13.700.v20200209-1624.jar:?]
	at org.eclipse.core.internal.events.BuildManager.build(BuildManager.java:392) [org.eclipse.core.resources_3.13.700.v20200209-1624.jar:?]
	at org.eclipse.core.internal.resources.Workspace.buildInternal(Workspace.java:515) [org.eclipse.core.resources_3.13.700.v20200209-1624.jar:?]
	at org.eclipse.core.internal.resources.Workspace.build(Workspace.java:412) [org.eclipse.core.resources_3.13.700.v20200209-1624.jar:?]
	at org.eclipse.ui.actions.BuildAction$1.runInWorkspace(BuildAction.java:291) [org.eclipse.ui.ide_3.17.0.v20200217-1511.jar:?]
	at org.eclipse.core.internal.resources.InternalWorkspaceJob.run(InternalWorkspaceJob.java:42) [org.eclipse.core.resources_3.13.700.v20200209-1624.jar:?]
	at org.eclipse.core.internal.jobs.Worker.run(Worker.java:63) [org.eclipse.core.jobs_3.10.700.v20200106-1020.jar:?]
23:18:10 ERROR : Failed to compute checksum of hardware specification file used by project 'Zybo-Z7-20-pcam-5c'
23:18:10 INFO  : Result from executing command 'getProjects': RemoteSystemsTempFiles;Zybo-Z7-20-pcam-5c;Zybo-Z7-20-pcam-5c_system;system_wrapper
23:18:10 ERROR : Failed to openhw "C:/Users/Chris/Desktop/RiscV-NPU-DualCore/Z7-RV-NPU/system_wrapper/export/system_wrapper/hw/system_wrapper.xsa"
Reason: C:/Users/Chris/Desktop/RiscV-NPU-DualCore/Z7-RV-NPU/system_wrapper/export/system_wrapper/hw/system_wrapper.xsa is not available in the current workspace
use 'getprojects' command to see list of available projects in current workspace
23:18:10 INFO  : Result from executing command 'getProjects': RemoteSystemsTempFiles;Zybo-Z7-20-pcam-5c;Zybo-Z7-20-pcam-5c_system;system_wrapper
23:18:10 ERROR : Failed to openhw "C:/Users/Chris/Desktop/RiscV-NPU-DualCore/Z7-RV-NPU/system_wrapper/export/system_wrapper/hw/system_wrapper.xsa"
Reason: C:/Users/Chris/Desktop/RiscV-NPU-DualCore/Z7-RV-NPU/system_wrapper/export/system_wrapper/hw/system_wrapper.xsa is not available in the current workspace
use 'getprojects' command to see list of available projects in current workspace
23:18:10 INFO  : Result from executing command 'getProjects': RemoteSystemsTempFiles;Zybo-Z7-20-pcam-5c;Zybo-Z7-20-pcam-5c_system;system_wrapper
23:18:10 ERROR : Failed to openhw "C:/Users/Chris/Desktop/RiscV-NPU-DualCore/Z7-RV-NPU/system_wrapper/export/system_wrapper/hw/system_wrapper.xsa"
Reason: C:/Users/Chris/Desktop/RiscV-NPU-DualCore/Z7-RV-NPU/system_wrapper/export/system_wrapper/hw/system_wrapper.xsa is not available in the current workspace
use 'getprojects' command to see list of available projects in current workspace
00:51:54 INFO  : Hardware specification for platform project 'system_wrapper' is updated.
01:32:28 INFO  : Hardware specification for platform project 'system_wrapper' is updated.
02:00:41 INFO  : Checking for BSP changes to sync application flags for project 'Zybo-Z7-20-pcam-5c'...
02:00:41 INFO  : Result from executing command 'getProjects': RemoteSystemsTempFiles;Zybo-Z7-20-pcam-5c;Zybo-Z7-20-pcam-5c_system;system_wrapper
02:00:41 ERROR : Failed to openhw "C:/Users/Chris/Desktop/RiscV-NPU-DualCore/Z7-RV-NPU/system_wrapper/export/system_wrapper/hw/system_wrapper.xsa"
Reason: C:/Users/Chris/Desktop/RiscV-NPU-DualCore/Z7-RV-NPU/system_wrapper/export/system_wrapper/hw/system_wrapper.xsa is not available in the current workspace
use 'getprojects' command to see list of available projects in current workspace
02:00:41 ERROR : Failed to update application flags from BSP for 'Zybo-Z7-20-pcam-5c'. Reason: null
java.lang.NullPointerException: null
	at com.xilinx.sdx.sw.internal.SDxSwPlatform.<init>(SDxSwPlatform.java:305) ~[com.xilinx.sdx.sw_1.0.0.202305040745.jar:?]
	at com.xilinx.sdx.sw.internal.SDxSwPlatform.create(SDxSwPlatform.java:214) ~[com.xilinx.sdx.sw_1.0.0.202305040745.jar:?]
	at com.xilinx.sdx.sdk.core.util.SdkPlatformHelper.getSwPlatform(SdkPlatformHelper.java:64) ~[com.xilinx.sdx.sdk.core_1.0.0.202305040745.jar:?]
	at com.xilinx.sdx.sdk.core.build.SdkMakefileGenerationListener.getSwPlatform(SdkMakefileGenerationListener.java:160) ~[com.xilinx.sdx.sdk.core_1.0.0.202305040745.jar:?]
	at com.xilinx.sdx.sdk.core.build.SdkMakefileGenerationListener.syncAppFlags(SdkMakefileGenerationListener.java:78) [com.xilinx.sdx.sdk.core_1.0.0.202305040745.jar:?]
	at com.xilinx.sdx.sdk.core.build.SdkMakefileGenerationListener.preMakefileGeneration(SdkMakefileGenerationListener.java:48) [com.xilinx.sdx.sdk.core_1.0.0.202305040745.jar:?]
	at com.xilinx.sdk.managedbuilder.XilinxGnuMakefileGenerator.notifyPreMakefileGenerationListeners(XilinxGnuMakefileGenerator.java:91) [com.xilinx.sdk.managedbuilder_1.0.0.202305040745.jar:?]
	at com.xilinx.sdk.managedbuilder.XilinxGnuMakefileGenerator.generateMakefiles(XilinxGnuMakefileGenerator.java:40) [com.xilinx.sdk.managedbuilder_1.0.0.202305040745.jar:?]
	at org.eclipse.cdt.managedbuilder.internal.core.CommonBuilder.performMakefileGeneration(CommonBuilder.java:1008) [org.eclipse.cdt.managedbuilder.core_8.6.0.201802261533.jar:?]
	at org.eclipse.cdt.managedbuilder.internal.core.CommonBuilder.performPrebuildGeneration(CommonBuilder.java:873) [org.eclipse.cdt.managedbuilder.core_8.6.0.201802261533.jar:?]
	at org.eclipse.cdt.managedbuilder.internal.core.CommonBuilder.build(CommonBuilder.java:748) [org.eclipse.cdt.managedbuilder.core_8.6.0.201802261533.jar:?]
	at org.eclipse.cdt.managedbuilder.internal.core.CommonBuilder.build(CommonBuilder.java:510) [org.eclipse.cdt.managedbuilder.core_8.6.0.201802261533.jar:?]
	at org.eclipse.cdt.managedbuilder.internal.core.CommonBuilder.build(CommonBuilder.java:459) [org.eclipse.cdt.managedbuilder.core_8.6.0.201802261533.jar:?]
	at org.eclipse.core.internal.events.BuildManager$2.run(BuildManager.java:832) [org.eclipse.core.resources_3.13.700.v20200209-1624.jar:?]
	at org.eclipse.core.runtime.SafeRunner.run(SafeRunner.java:45) [org.eclipse.equinox.common_3.11.0.v20200206-0817.jar:?]
	at org.eclipse.core.internal.events.BuildManager.basicBuild(BuildManager.java:220) [org.eclipse.core.resources_3.13.700.v20200209-1624.jar:?]
	at org.eclipse.core.internal.events.BuildManager.basicBuild(BuildManager.java:263) [org.eclipse.core.resources_3.13.700.v20200209-1624.jar:?]
	at org.eclipse.core.internal.events.BuildManager$1.run(BuildManager.java:316) [org.eclipse.core.resources_3.13.700.v20200209-1624.jar:?]
	at org.eclipse.core.runtime.SafeRunner.run(SafeRunner.java:45) [org.eclipse.equinox.common_3.11.0.v20200206-0817.jar:?]
	at org.eclipse.core.internal.events.BuildManager.basicBuild(BuildManager.java:319) [org.eclipse.core.resources_3.13.700.v20200209-1624.jar:?]
	at org.eclipse.core.internal.events.BuildManager.basicBuildLoop(BuildManager.java:371) [org.eclipse.core.resources_3.13.700.v20200209-1624.jar:?]
	at org.eclipse.core.internal.events.BuildManager.build(BuildManager.java:392) [org.eclipse.core.resources_3.13.700.v20200209-1624.jar:?]
	at org.eclipse.core.internal.resources.Workspace.buildInternal(Workspace.java:515) [org.eclipse.core.resources_3.13.700.v20200209-1624.jar:?]
	at org.eclipse.core.internal.resources.Workspace.build(Workspace.java:412) [org.eclipse.core.resources_3.13.700.v20200209-1624.jar:?]
	at org.eclipse.ui.actions.BuildAction$1.runInWorkspace(BuildAction.java:291) [org.eclipse.ui.ide_3.17.0.v20200217-1511.jar:?]
	at org.eclipse.core.internal.resources.InternalWorkspaceJob.run(InternalWorkspaceJob.java:42) [org.eclipse.core.resources_3.13.700.v20200209-1624.jar:?]
	at org.eclipse.core.internal.jobs.Worker.run(Worker.java:63) [org.eclipse.core.jobs_3.10.700.v20200106-1020.jar:?]
02:00:48 ERROR : Failed to compute checksum of hardware specification file used by project 'Zybo-Z7-20-pcam-5c'
02:00:48 INFO  : Result from executing command 'getProjects': RemoteSystemsTempFiles;Zybo-Z7-20-pcam-5c;Zybo-Z7-20-pcam-5c_system;system_wrapper
02:00:48 ERROR : Failed to openhw "C:/Users/Chris/Desktop/RiscV-NPU-DualCore/Z7-RV-NPU/system_wrapper/export/system_wrapper/hw/system_wrapper.xsa"
Reason: C:/Users/Chris/Desktop/RiscV-NPU-DualCore/Z7-RV-NPU/system_wrapper/export/system_wrapper/hw/system_wrapper.xsa is not available in the current workspace
use 'getprojects' command to see list of available projects in current workspace
02:00:48 INFO  : Result from executing command 'getProjects': RemoteSystemsTempFiles;Zybo-Z7-20-pcam-5c;Zybo-Z7-20-pcam-5c_system;system_wrapper
02:00:48 ERROR : Failed to openhw "C:/Users/Chris/Desktop/RiscV-NPU-DualCore/Z7-RV-NPU/system_wrapper/export/system_wrapper/hw/system_wrapper.xsa"
Reason: C:/Users/Chris/Desktop/RiscV-NPU-DualCore/Z7-RV-NPU/system_wrapper/export/system_wrapper/hw/system_wrapper.xsa is not available in the current workspace
use 'getprojects' command to see list of available projects in current workspace
02:00:48 INFO  : Result from executing command 'getProjects': RemoteSystemsTempFiles;Zybo-Z7-20-pcam-5c;Zybo-Z7-20-pcam-5c_system;system_wrapper
02:00:48 ERROR : Failed to openhw "C:/Users/Chris/Desktop/RiscV-NPU-DualCore/Z7-RV-NPU/system_wrapper/export/system_wrapper/hw/system_wrapper.xsa"
Reason: C:/Users/Chris/Desktop/RiscV-NPU-DualCore/Z7-RV-NPU/system_wrapper/export/system_wrapper/hw/system_wrapper.xsa is not available in the current workspace
use 'getprojects' command to see list of available projects in current workspace
10:45:01 INFO  : Hardware specification for platform project 'system_wrapper' is updated.
10:48:43 INFO  : Hardware specification for platform project 'system_wrapper' is updated.
10:52:05 INFO  : Hardware specification for platform project 'system_wrapper' is updated.
10:53:24 DEBUG : Logs will be stored at 'C:/Users/Chris/Desktop/RiscV-NPU-DualCore/Z7-RV-NPU/IDE.log'.
10:53:24 INFO  : Launching XSCT server: xsct.bat -n  -interactive C:\Users\Chris\Desktop\RiscV-NPU-DualCore\Z7-RV-NPU\temp_xsdb_launch_script.tcl
10:53:27 INFO  : XSCT server has started successfully.
10:53:27 INFO  : plnx-install-location is set to ''
10:53:27 INFO  : Successfully done setting XSCT server connection channel  
10:53:27 INFO  : Successfully done setting workspace for the tool. 
10:53:29 INFO  : Platform repository initialization has completed.
10:53:29 INFO  : Registering command handlers for Vitis TCF services
10:53:32 INFO  : Successfully done query RDI_DATADIR 
10:53:55 INFO  : Hardware specification for platform project 'system_wrapper' is updated.
11:49:30 INFO  : Checking for BSP changes to sync application flags for project 'Zybo-Z7-20-pcam-5c'...
11:49:30 ERROR : Failed to get platform details for the project 'Zybo-Z7-20-pcam-5c'. Cannot sync application flags.
