# ELBREAD: Elaboration process.
# ELBREAD: Elaboration time 0.1 [s].
# Design: Design "RISCVCORE" has been set as active.
# ELBREAD: Elaboration process.
# ELBREAD: Elaboration time 0.0 [s].
asim -O5 +access +r +m+ricsvcore_tb ricsvcore_tb behavior
# ELBREAD: Elaboration process.
# ELBREAD: Elaboration time 0.0 [s].
# VSIM: Stack memory: 32MB
# VSIM: Retval memory: 32MB
# 
# KERNEL: Main thread initiated.
# KERNEL: Kernel process initialization phase.
# ELAB2: Elaboration final pass...
# ELAB2: Create instances ...
# KERNEL: Time resolution set to 1ps.
# ELAB2: Create instances complete.
# SLP: Started
# SLP: Elaboration phase ...
# SLP: Elaboration phase ... skipped, nothing to simulate in SLP mode : 0.0 [s]
# SLP: Finished : 0.0 [s]
# ELAB2: Elaboration final pass complete - time: 0.2 [s].
# KERNEL: Warning: You are using the Active-HDL Student Edition. The performance of simulation is running at a reduced rate.
# KERNEL: Warning: Contact Aldec for available upgrade options - sales@aldec.com.
# KERNEL: Kernel process initialization done.
# Allocation: Simulator allocated 8266 kB (elbread=427 elab2=7659 kernel=179 sdf=0)
# KERNEL: ASDB file was created in location C:\Users\Chris\Desktop\RiscV-NPU-DualCore\RISCVCORE\WORKINGRISCV32ISAALDECBACKUP\2-10-2025\Users\chrisnielsen\Desktop\Senior Design Project\RISCVCORE\RISCVCORE\src\wave.asdb
#  8:53 AM, Thursday, March 27, 2025
#  Simulation has been initialized
# Warning: Cannot set breakpoint. No executable statement found or debugging data is unavailable. Compile source files with the -dbg argument of the acom/alog command or check the Enable Debug option in the Compilation | VHDL/Verilog category of the Design Settings dialog box.
# Warning: Cannot set breakpoint. No executable statement found or debugging data is unavailable. Compile source files with the -dbg argument of the acom/alog command or check the Enable Debug option in the Compilation | VHDL/Verilog category of the Design Settings dialog box.
# Library Manager: Library "riscvcore" contents cleared.
acom -reorder -dbg -e 100 -work riscvcore -2002  $dsn/src/memwb.vhd $dsn/src/program_counter.vhd $dsn/src/types_pk.vhd $dsn/src/writebackmux.vhd $dsn/src/pc_mux.vhd $dsn/src/pcimmadder.vhd $dsn/src/pc4adder.vhd $dsn/src/exmem.vhd $dsn/src/hazardunit.vhd $dsn/src/ifid.vhd $dsn/src/instruction_memory_PROGRAM.vhd $dsn/src/immediategen.vhd $dsn/src/idex.vhd $dsn/src/forwardingmuxA.vhd $dsn/src/forwardingmuxB.vhd $dsn/src/forwarding_unit.vhd $dsn/src/branch_and.vhd $dsn/src/control_unit.vhd $dsn/src/alucontrol.vhd $dsn/src/alusrcmuxb.vhd $dsn/src/ALU.vhd $dsn/src/Data_Memory_REQUEST.vhd $dsn/src/register_REQUEST.vhd $dsn/src/internalconnections.vhd $dsn/src/RISCVCORE.vhd $dsn/src/RISCV_TB_PROGRAM&REQUEST.vhd
# Compile Entity "memwb"
# Compile Architecture "Behavioral" of Entity "memwb"
# Compile Entity "program_counter"
# Compile Architecture "rtl" of Entity "program_counter"
# Compile Package "types_pkg"
# Compile Entity "writebackmux"
# Compile Architecture "Behavioral" of Entity "writebackmux"
# Compile Entity "pc_mux"
# Compile Architecture "behavioral" of Entity "pc_mux"
# Compile Entity "pcimmadder"
# Compile Architecture "behavior" of Entity "pcimmadder"
# Compile Entity "pc4adder"
# Compile Architecture "rtl" of Entity "pc4adder"
# Compile Entity "exmem"
# Compile Architecture "Behavioral" of Entity "exmem"
# Compile Entity "hazard_unit"
# Compile Architecture "Behavioral" of Entity "hazard_unit"
# Compile Entity "ifid"
# Compile Architecture "Behavioral" of Entity "ifid"
# Compile Entity "instruction_memory"
# Compile Architecture "Behavioral" of Entity "instruction_memory"
# Compile Entity "ImmGen"
# Compile Architecture "Behavioral" of Entity "ImmGen"
# Compile Entity "idex"
# Compile Architecture "Behavioral" of Entity "idex"
# Compile Entity "forwardingMuxA"
# Compile Architecture "Behavioral" of Entity "forwardingMuxA"
# Compile Entity "forwardingMuxB"
# Compile Architecture "Behavioral" of Entity "forwardingMuxB"
# Compile Entity "ForwardingUnit"
# Compile Architecture "Behavioral" of Entity "ForwardingUnit"
# Compile Entity "BranchAND"
# Compile Architecture "Behavioral" of Entity "BranchAND"
# Compile Entity "ControlUnit"
# Compile Architecture "Behavioral" of Entity "ControlUnit"
# Compile Entity "alucontrol"
# Compile Architecture "Behavioral" of Entity "alucontrol"
# Compile Entity "ALUSrcMuxB"
# Compile Architecture "Behavioral" of Entity "ALUSrcMuxB"
# Compile Entity "ALU"
# Compile Architecture "Behavioral" of Entity "ALU"
# Compile Entity "data_memory"
# Compile Architecture "Behavioral" of Entity "data_memory"
# Compile Entity "regfile"
# Compile Architecture "Behavioral" of Entity "regfile"
# Compile Entity "internal_connections"
# Compile Architecture "behavioral" of Entity "internal_connections"
# Compile Entity "RICSVCORE"
# Compile Architecture "behavior" of Entity "RICSVCORE"
# Compile Entity "RICSVCORE_tb"
# Compile Architecture "behavior" of Entity "RICSVCORE_tb"
# Top-level unit(s) detected:
# Entity => RICSVCORE_tb
# Compile success 0 Errors 0 Warnings  Analysis time :  1.0 [s]
# ELBREAD: Elaboration process.
# ELBREAD: Elaboration time 0.0 [s].
asim -O5 +access +r +m+ricsvcore_tb ricsvcore_tb behavior
# ELBREAD: Elaboration process.
# ELBREAD: Elaboration time 0.0 [s].
# VSIM: Stack memory: 32MB
# VSIM: Retval memory: 32MB
# 
# KERNEL: Main thread initiated.
# KERNEL: Kernel process initialization phase.
# ELAB2: Elaboration final pass...
# ELAB2: Create instances ...
# KERNEL: Time resolution set to 1ps.
# ELAB2: Create instances complete.
# SLP: Started
# SLP: Elaboration phase ...
# SLP: Elaboration phase ... skipped, nothing to simulate in SLP mode : 0.0 [s]
# SLP: Finished : 0.0 [s]
# ELAB2: Elaboration final pass complete - time: 0.1 [s].
# KERNEL: Warning: You are using the Active-HDL Student Edition. The performance of simulation is running at a reduced rate.
# KERNEL: Warning: Contact Aldec for available upgrade options - sales@aldec.com.
# KERNEL: Kernel process initialization done.
# Allocation: Simulator allocated 8266 kB (elbread=427 elab2=7659 kernel=179 sdf=0)
# KERNEL: ASDB file was created in location C:\Users\Chris\Desktop\RiscV-NPU-DualCore\RISCVCORE\WORKINGRISCV32ISAALDECBACKUP\2-10-2025\Users\chrisnielsen\Desktop\Senior Design Project\RISCVCORE\RISCVCORE\src\wave.asdb
#  8:53 AM, Thursday, March 27, 2025
#  Simulation has been initialized
run
# KERNEL: WARNING: NUMERIC_STD."=": metavalue detected, returning FALSE
# KERNEL: Time: 0 ps,  Iteration: 0,  Instance: /RICSVCORE_tb/uut/internal_connections_inst/instruction_memory_inst,  Process: line__32.
# KERNEL: WARNING: NUMERIC_STD."=": metavalue detected, returning FALSE
# KERNEL: Time: 0 ps,  Iteration: 0,  Instance: /RICSVCORE_tb/uut/internal_connections_inst/REGFILE_INST,  Process: line__42.
# KERNEL: WARNING: NUMERIC_STD.TO_INTEGER: metavalue detected, returning 0
# KERNEL: Time: 0 ps,  Iteration: 0,  Instance: /RICSVCORE_tb/uut/internal_connections_inst/REGFILE_INST,  Process: line__42.
# KERNEL: WARNING: NUMERIC_STD."=": metavalue detected, returning FALSE
# KERNEL: Time: 0 ps,  Iteration: 0,  Instance: /RICSVCORE_tb/uut/internal_connections_inst/REGFILE_INST,  Process: line__45.
# KERNEL: WARNING: NUMERIC_STD.TO_INTEGER: metavalue detected, returning 0
# KERNEL: Time: 0 ps,  Iteration: 0,  Instance: /RICSVCORE_tb/uut/internal_connections_inst/REGFILE_INST,  Process: line__45.
# KERNEL: Stopped at time 510 ns + 0.
# Stopped in "C:/Users/Chris/Desktop/RiscV-NPU-DualCore/RISCVCORE/WORKINGRISCV32ISAALDECBACKUP/2-10-2025/Users/chrisnielsen/Desktop/Senior Design Project/RISCVCORE/RISCVCORE/src/RISCV_TB_PROGRAM&REQUEST.vhd" at line 135 in process of instance "/RICSVCORE_tb/main_sim".
run
# KERNEL: Stopped at time 520 ns + 0.
# Stopped in "C:/Users/Chris/Desktop/RiscV-NPU-DualCore/RISCVCORE/WORKINGRISCV32ISAALDECBACKUP/2-10-2025/Users/chrisnielsen/Desktop/Senior Design Project/RISCVCORE/RISCVCORE/src/RISCV_TB_PROGRAM&REQUEST.vhd" at line 135 in process of instance "/RICSVCORE_tb/main_sim".
run
# KERNEL: Stopped at time 530 ns + 0.
# Stopped in "C:/Users/Chris/Desktop/RiscV-NPU-DualCore/RISCVCORE/WORKINGRISCV32ISAALDECBACKUP/2-10-2025/Users/chrisnielsen/Desktop/Senior Design Project/RISCVCORE/RISCVCORE/src/RISCV_TB_PROGRAM&REQUEST.vhd" at line 135 in process of instance "/RICSVCORE_tb/main_sim".
run
# KERNEL: Stopped at time 540 ns + 0.
# Stopped in "C:/Users/Chris/Desktop/RiscV-NPU-DualCore/RISCVCORE/WORKINGRISCV32ISAALDECBACKUP/2-10-2025/Users/chrisnielsen/Desktop/Senior Design Project/RISCVCORE/RISCVCORE/src/RISCV_TB_PROGRAM&REQUEST.vhd" at line 135 in process of instance "/RICSVCORE_tb/main_sim".
run
# KERNEL: Stopped at time 550 ns + 0.
# Stopped in "C:/Users/Chris/Desktop/RiscV-NPU-DualCore/RISCVCORE/WORKINGRISCV32ISAALDECBACKUP/2-10-2025/Users/chrisnielsen/Desktop/Senior Design Project/RISCVCORE/RISCVCORE/src/RISCV_TB_PROGRAM&REQUEST.vhd" at line 135 in process of instance "/RICSVCORE_tb/main_sim".
run
# KERNEL: Stopped at time 560 ns + 0.
# Stopped in "C:/Users/Chris/Desktop/RiscV-NPU-DualCore/RISCVCORE/WORKINGRISCV32ISAALDECBACKUP/2-10-2025/Users/chrisnielsen/Desktop/Senior Design Project/RISCVCORE/RISCVCORE/src/RISCV_TB_PROGRAM&REQUEST.vhd" at line 135 in process of instance "/RICSVCORE_tb/main_sim".
run
# KERNEL: Stopped at time 570 ns + 0.
# Stopped in "C:/Users/Chris/Desktop/RiscV-NPU-DualCore/RISCVCORE/WORKINGRISCV32ISAALDECBACKUP/2-10-2025/Users/chrisnielsen/Desktop/Senior Design Project/RISCVCORE/RISCVCORE/src/RISCV_TB_PROGRAM&REQUEST.vhd" at line 135 in process of instance "/RICSVCORE_tb/main_sim".
run
# KERNEL: Stopped at time 580 ns + 0.
# Stopped in "C:/Users/Chris/Desktop/RiscV-NPU-DualCore/RISCVCORE/WORKINGRISCV32ISAALDECBACKUP/2-10-2025/Users/chrisnielsen/Desktop/Senior Design Project/RISCVCORE/RISCVCORE/src/RISCV_TB_PROGRAM&REQUEST.vhd" at line 135 in process of instance "/RICSVCORE_tb/main_sim".
run
# KERNEL: Stopped at time 590 ns + 0.
# Stopped in "C:/Users/Chris/Desktop/RiscV-NPU-DualCore/RISCVCORE/WORKINGRISCV32ISAALDECBACKUP/2-10-2025/Users/chrisnielsen/Desktop/Senior Design Project/RISCVCORE/RISCVCORE/src/RISCV_TB_PROGRAM&REQUEST.vhd" at line 135 in process of instance "/RICSVCORE_tb/main_sim".
run
# KERNEL: Stopped at time 600 ns + 0.
# Stopped in "C:/Users/Chris/Desktop/RiscV-NPU-DualCore/RISCVCORE/WORKINGRISCV32ISAALDECBACKUP/2-10-2025/Users/chrisnielsen/Desktop/Senior Design Project/RISCVCORE/RISCVCORE/src/RISCV_TB_PROGRAM&REQUEST.vhd" at line 135 in process of instance "/RICSVCORE_tb/main_sim".
restart
# ELBREAD: Elaboration process.
# ELBREAD: Elaboration time 0.0 [s].
# 
# KERNEL: Main thread initiated.
# KERNEL: Kernel process initialization phase.
# ELAB2: Elaboration final pass...
# ELAB2: Create instances ...
# KERNEL: Time resolution set to 1ps.
# ELAB2: Create instances complete.
# SLP: Started
# SLP: Elaboration phase ...
# SLP: Elaboration phase ... skipped, nothing to simulate in SLP mode : 0.0 [s]
# SLP: Finished : 0.0 [s]
# ELAB2: Elaboration final pass complete - time: 0.0 [s].
# KERNEL: Warning: You are using the Active-HDL Student Edition. The performance of simulation is running at a reduced rate.
# KERNEL: Warning: Contact Aldec for available upgrade options - sales@aldec.com.
# KERNEL: Kernel process initialization done.
# Allocation: Simulator allocated 8266 kB (elbread=427 elab2=7659 kernel=179 sdf=0)
# KERNEL: ASDB file was created in location C:\Users\Chris\Desktop\RiscV-NPU-DualCore\RISCVCORE\WORKINGRISCV32ISAALDECBACKUP\2-10-2025\Users\chrisnielsen\Desktop\Senior Design Project\RISCVCORE\RISCVCORE\src\wave.asdb
#  8:24 PM, Friday, March 28, 2025
#  Simulation has been initialized
run
# KERNEL: WARNING: NUMERIC_STD."=": metavalue detected, returning FALSE
# KERNEL: Time: 0 ps,  Iteration: 0,  Instance: /RICSVCORE_tb/uut/internal_connections_inst/instruction_memory_inst,  Process: line__32.
# KERNEL: WARNING: NUMERIC_STD."=": metavalue detected, returning FALSE
# KERNEL: Time: 0 ps,  Iteration: 0,  Instance: /RICSVCORE_tb/uut/internal_connections_inst/REGFILE_INST,  Process: line__42.
# KERNEL: WARNING: NUMERIC_STD.TO_INTEGER: metavalue detected, returning 0
# KERNEL: Time: 0 ps,  Iteration: 0,  Instance: /RICSVCORE_tb/uut/internal_connections_inst/REGFILE_INST,  Process: line__42.
# KERNEL: WARNING: NUMERIC_STD."=": metavalue detected, returning FALSE
# KERNEL: Time: 0 ps,  Iteration: 0,  Instance: /RICSVCORE_tb/uut/internal_connections_inst/REGFILE_INST,  Process: line__45.
# KERNEL: WARNING: NUMERIC_STD.TO_INTEGER: metavalue detected, returning 0
# KERNEL: Time: 0 ps,  Iteration: 0,  Instance: /RICSVCORE_tb/uut/internal_connections_inst/REGFILE_INST,  Process: line__45.
# KERNEL: Stopped at time 510 ns + 0.
# Stopped in "C:/Users/Chris/Desktop/RiscV-NPU-DualCore/RISCVCORE/WORKINGRISCV32ISAALDECBACKUP/2-10-2025/Users/chrisnielsen/Desktop/Senior Design Project/RISCVCORE/RISCVCORE/src/RISCV_TB_PROGRAM&REQUEST.vhd" at line 135 in process of instance "/RICSVCORE_tb/main_sim".
run
# KERNEL: Stopped at time 520 ns + 0.
# Stopped in "C:/Users/Chris/Desktop/RiscV-NPU-DualCore/RISCVCORE/WORKINGRISCV32ISAALDECBACKUP/2-10-2025/Users/chrisnielsen/Desktop/Senior Design Project/RISCVCORE/RISCVCORE/src/RISCV_TB_PROGRAM&REQUEST.vhd" at line 135 in process of instance "/RICSVCORE_tb/main_sim".
run
# KERNEL: Stopped at time 530 ns + 0.
# Stopped in "C:/Users/Chris/Desktop/RiscV-NPU-DualCore/RISCVCORE/WORKINGRISCV32ISAALDECBACKUP/2-10-2025/Users/chrisnielsen/Desktop/Senior Design Project/RISCVCORE/RISCVCORE/src/RISCV_TB_PROGRAM&REQUEST.vhd" at line 135 in process of instance "/RICSVCORE_tb/main_sim".
run
# KERNEL: Stopped at time 540 ns + 0.
# Stopped in "C:/Users/Chris/Desktop/RiscV-NPU-DualCore/RISCVCORE/WORKINGRISCV32ISAALDECBACKUP/2-10-2025/Users/chrisnielsen/Desktop/Senior Design Project/RISCVCORE/RISCVCORE/src/RISCV_TB_PROGRAM&REQUEST.vhd" at line 135 in process of instance "/RICSVCORE_tb/main_sim".
run
# KERNEL: Stopped at time 550 ns + 0.
# Stopped in "C:/Users/Chris/Desktop/RiscV-NPU-DualCore/RISCVCORE/WORKINGRISCV32ISAALDECBACKUP/2-10-2025/Users/chrisnielsen/Desktop/Senior Design Project/RISCVCORE/RISCVCORE/src/RISCV_TB_PROGRAM&REQUEST.vhd" at line 135 in process of instance "/RICSVCORE_tb/main_sim".
run
# KERNEL: Stopped at time 560 ns + 0.
# Stopped in "C:/Users/Chris/Desktop/RiscV-NPU-DualCore/RISCVCORE/WORKINGRISCV32ISAALDECBACKUP/2-10-2025/Users/chrisnielsen/Desktop/Senior Design Project/RISCVCORE/RISCVCORE/src/RISCV_TB_PROGRAM&REQUEST.vhd" at line 135 in process of instance "/RICSVCORE_tb/main_sim".
run
# KERNEL: Stopped at time 570 ns + 0.
# Stopped in "C:/Users/Chris/Desktop/RiscV-NPU-DualCore/RISCVCORE/WORKINGRISCV32ISAALDECBACKUP/2-10-2025/Users/chrisnielsen/Desktop/Senior Design Project/RISCVCORE/RISCVCORE/src/RISCV_TB_PROGRAM&REQUEST.vhd" at line 135 in process of instance "/RICSVCORE_tb/main_sim".
run
# KERNEL: Stopped at time 580 ns + 0.
# Stopped in "C:/Users/Chris/Desktop/RiscV-NPU-DualCore/RISCVCORE/WORKINGRISCV32ISAALDECBACKUP/2-10-2025/Users/chrisnielsen/Desktop/Senior Design Project/RISCVCORE/RISCVCORE/src/RISCV_TB_PROGRAM&REQUEST.vhd" at line 135 in process of instance "/RICSVCORE_tb/main_sim".
run
# KERNEL: Stopped at time 590 ns + 0.
# Stopped in "C:/Users/Chris/Desktop/RiscV-NPU-DualCore/RISCVCORE/WORKINGRISCV32ISAALDECBACKUP/2-10-2025/Users/chrisnielsen/Desktop/Senior Design Project/RISCVCORE/RISCVCORE/src/RISCV_TB_PROGRAM&REQUEST.vhd" at line 135 in process of instance "/RICSVCORE_tb/main_sim".
run
# KERNEL: Stopped at time 600 ns + 0.
# Stopped in "C:/Users/Chris/Desktop/RiscV-NPU-DualCore/RISCVCORE/WORKINGRISCV32ISAALDECBACKUP/2-10-2025/Users/chrisnielsen/Desktop/Senior Design Project/RISCVCORE/RISCVCORE/src/RISCV_TB_PROGRAM&REQUEST.vhd" at line 135 in process of instance "/RICSVCORE_tb/main_sim".
run
# KERNEL: Stopped at time 610 ns + 0.
# Stopped in "C:/Users/Chris/Desktop/RiscV-NPU-DualCore/RISCVCORE/WORKINGRISCV32ISAALDECBACKUP/2-10-2025/Users/chrisnielsen/Desktop/Senior Design Project/RISCVCORE/RISCVCORE/src/RISCV_TB_PROGRAM&REQUEST.vhd" at line 135 in process of instance "/RICSVCORE_tb/main_sim".
run
# KERNEL: Stopped at time 620 ns + 0.
# Stopped in "C:/Users/Chris/Desktop/RiscV-NPU-DualCore/RISCVCORE/WORKINGRISCV32ISAALDECBACKUP/2-10-2025/Users/chrisnielsen/Desktop/Senior Design Project/RISCVCORE/RISCVCORE/src/RISCV_TB_PROGRAM&REQUEST.vhd" at line 135 in process of instance "/RICSVCORE_tb/main_sim".
run
# KERNEL: Stopped at time 630 ns + 0.
# Stopped in "C:/Users/Chris/Desktop/RiscV-NPU-DualCore/RISCVCORE/WORKINGRISCV32ISAALDECBACKUP/2-10-2025/Users/chrisnielsen/Desktop/Senior Design Project/RISCVCORE/RISCVCORE/src/RISCV_TB_PROGRAM&REQUEST.vhd" at line 135 in process of instance "/RICSVCORE_tb/main_sim".
run
# EXECUTION:: NOTE   : Simulation finished
# EXECUTION:: Time: 5120 ns,  Iteration: 0,  Instance: /RICSVCORE_tb,  Process: main_sim.
# KERNEL: Simulation has finished. There are no more test vectors to simulate.
restart
# ELBREAD: Elaboration process.
# ELBREAD: Elaboration time 0.0 [s].
# 
# KERNEL: Main thread initiated.
# KERNEL: Kernel process initialization phase.
# ELAB2: Elaboration final pass...
# ELAB2: Create instances ...
# KERNEL: Time resolution set to 1ps.
# ELAB2: Create instances complete.
# SLP: Started
# SLP: Elaboration phase ...
# SLP: Elaboration phase ... skipped, nothing to simulate in SLP mode : 0.0 [s]
# SLP: Finished : 0.0 [s]
# ELAB2: Elaboration final pass complete - time: 0.0 [s].
# KERNEL: Warning: You are using the Active-HDL Student Edition. The performance of simulation is running at a reduced rate.
# KERNEL: Warning: Contact Aldec for available upgrade options - sales@aldec.com.
# KERNEL: Kernel process initialization done.
# Allocation: Simulator allocated 8266 kB (elbread=427 elab2=7659 kernel=179 sdf=0)
# KERNEL: ASDB file was created in location C:\Users\Chris\Desktop\RiscV-NPU-DualCore\RISCVCORE\WORKINGRISCV32ISAALDECBACKUP\2-10-2025\Users\chrisnielsen\Desktop\Senior Design Project\RISCVCORE\RISCVCORE\src\wave.asdb
#  8:39 PM, Friday, March 28, 2025
#  Simulation has been initialized
run
acom -dbg -e 100 -work riscvcore -2002  $dsn/src/RISCV_TB_PROGRAM&REQUEST.vhd
# Compile Entity "RICSVCORE_tb"
# Compile Architecture "behavior" of Entity "RICSVCORE_tb"
# Compile success 0 Errors 0 Warnings  Analysis time :  32.0 [ms]
# ELBREAD: Elaboration process.
# ELBREAD: Elaboration time 0.0 [s].
# 
# KERNEL: Main thread initiated.
# KERNEL: Kernel process initialization phase.
# ELAB2: Elaboration final pass...
# ELAB2: Create instances ...
# KERNEL: Time resolution set to 1ps.
# ELAB2: Create instances complete.
# SLP: Started
# SLP: Elaboration phase ...
# SLP: Elaboration phase ... skipped, nothing to simulate in SLP mode : 0.0 [s]
# SLP: Finished : 0.0 [s]
# ELAB2: Elaboration final pass complete - time: 0.0 [s].
# KERNEL: Warning: You are using the Active-HDL Student Edition. The performance of simulation is running at a reduced rate.
# KERNEL: Warning: Contact Aldec for available upgrade options - sales@aldec.com.
# KERNEL: Kernel process initialization done.
# Allocation: Simulator allocated 8266 kB (elbread=427 elab2=7659 kernel=179 sdf=0)
# KERNEL: ASDB file was created in location C:\Users\Chris\Desktop\RiscV-NPU-DualCore\RISCVCORE\WORKINGRISCV32ISAALDECBACKUP\2-10-2025\Users\chrisnielsen\Desktop\Senior Design Project\RISCVCORE\RISCVCORE\src\wave.asdb
#  8:40 PM, Friday, March 28, 2025
#  Simulation has been initialized
run
# KERNEL: WARNING: NUMERIC_STD."=": metavalue detected, returning FALSE
# KERNEL: Time: 0 ps,  Iteration: 0,  Instance: /RICSVCORE_tb/uut/internal_connections_inst/instruction_memory_inst,  Process: line__32.
# KERNEL: WARNING: NUMERIC_STD."=": metavalue detected, returning FALSE
# KERNEL: Time: 0 ps,  Iteration: 0,  Instance: /RICSVCORE_tb/uut/internal_connections_inst/REGFILE_INST,  Process: line__42.
# KERNEL: WARNING: NUMERIC_STD.TO_INTEGER: metavalue detected, returning 0
# KERNEL: Time: 0 ps,  Iteration: 0,  Instance: /RICSVCORE_tb/uut/internal_connections_inst/REGFILE_INST,  Process: line__42.
# KERNEL: WARNING: NUMERIC_STD."=": metavalue detected, returning FALSE
# KERNEL: Time: 0 ps,  Iteration: 0,  Instance: /RICSVCORE_tb/uut/internal_connections_inst/REGFILE_INST,  Process: line__45.
# KERNEL: WARNING: NUMERIC_STD.TO_INTEGER: metavalue detected, returning 0
# KERNEL: Time: 0 ps,  Iteration: 0,  Instance: /RICSVCORE_tb/uut/internal_connections_inst/REGFILE_INST,  Process: line__45.
# KERNEL: Stopped at time 510 ns + 0.
# Stopped in "C:/Users/Chris/Desktop/RiscV-NPU-DualCore/RISCVCORE/WORKINGRISCV32ISAALDECBACKUP/2-10-2025/Users/chrisnielsen/Desktop/Senior Design Project/RISCVCORE/RISCVCORE/src/RISCV_TB_PROGRAM&REQUEST.vhd" at line 135 in process of instance "/RICSVCORE_tb/main_sim".
run
# KERNEL: Stopped at time 520 ns + 0.
# Stopped in "C:/Users/Chris/Desktop/RiscV-NPU-DualCore/RISCVCORE/WORKINGRISCV32ISAALDECBACKUP/2-10-2025/Users/chrisnielsen/Desktop/Senior Design Project/RISCVCORE/RISCVCORE/src/RISCV_TB_PROGRAM&REQUEST.vhd" at line 135 in process of instance "/RICSVCORE_tb/main_sim".
run
# KERNEL: Stopped at time 530 ns + 0.
# Stopped in "C:/Users/Chris/Desktop/RiscV-NPU-DualCore/RISCVCORE/WORKINGRISCV32ISAALDECBACKUP/2-10-2025/Users/chrisnielsen/Desktop/Senior Design Project/RISCVCORE/RISCVCORE/src/RISCV_TB_PROGRAM&REQUEST.vhd" at line 135 in process of instance "/RICSVCORE_tb/main_sim".
run
# KERNEL: Stopped at time 540 ns + 0.
# Stopped in "C:/Users/Chris/Desktop/RiscV-NPU-DualCore/RISCVCORE/WORKINGRISCV32ISAALDECBACKUP/2-10-2025/Users/chrisnielsen/Desktop/Senior Design Project/RISCVCORE/RISCVCORE/src/RISCV_TB_PROGRAM&REQUEST.vhd" at line 135 in process of instance "/RICSVCORE_tb/main_sim".
run
# KERNEL: Stopped at time 550 ns + 0.
# Stopped in "C:/Users/Chris/Desktop/RiscV-NPU-DualCore/RISCVCORE/WORKINGRISCV32ISAALDECBACKUP/2-10-2025/Users/chrisnielsen/Desktop/Senior Design Project/RISCVCORE/RISCVCORE/src/RISCV_TB_PROGRAM&REQUEST.vhd" at line 135 in process of instance "/RICSVCORE_tb/main_sim".
run
# KERNEL: Stopped at time 560 ns + 0.
# Stopped in "C:/Users/Chris/Desktop/RiscV-NPU-DualCore/RISCVCORE/WORKINGRISCV32ISAALDECBACKUP/2-10-2025/Users/chrisnielsen/Desktop/Senior Design Project/RISCVCORE/RISCVCORE/src/RISCV_TB_PROGRAM&REQUEST.vhd" at line 135 in process of instance "/RICSVCORE_tb/main_sim".
run
# KERNEL: Stopped at time 570 ns + 0.
# Stopped in "C:/Users/Chris/Desktop/RiscV-NPU-DualCore/RISCVCORE/WORKINGRISCV32ISAALDECBACKUP/2-10-2025/Users/chrisnielsen/Desktop/Senior Design Project/RISCVCORE/RISCVCORE/src/RISCV_TB_PROGRAM&REQUEST.vhd" at line 135 in process of instance "/RICSVCORE_tb/main_sim".
run
# KERNEL: Stopped at time 580 ns + 0.
# Stopped in "C:/Users/Chris/Desktop/RiscV-NPU-DualCore/RISCVCORE/WORKINGRISCV32ISAALDECBACKUP/2-10-2025/Users/chrisnielsen/Desktop/Senior Design Project/RISCVCORE/RISCVCORE/src/RISCV_TB_PROGRAM&REQUEST.vhd" at line 135 in process of instance "/RICSVCORE_tb/main_sim".
run
# KERNEL: Stopped at time 590 ns + 0.
# Stopped in "C:/Users/Chris/Desktop/RiscV-NPU-DualCore/RISCVCORE/WORKINGRISCV32ISAALDECBACKUP/2-10-2025/Users/chrisnielsen/Desktop/Senior Design Project/RISCVCORE/RISCVCORE/src/RISCV_TB_PROGRAM&REQUEST.vhd" at line 135 in process of instance "/RICSVCORE_tb/main_sim".
run
# KERNEL: Stopped at time 600 ns + 0.
# Stopped in "C:/Users/Chris/Desktop/RiscV-NPU-DualCore/RISCVCORE/WORKINGRISCV32ISAALDECBACKUP/2-10-2025/Users/chrisnielsen/Desktop/Senior Design Project/RISCVCORE/RISCVCORE/src/RISCV_TB_PROGRAM&REQUEST.vhd" at line 135 in process of instance "/RICSVCORE_tb/main_sim".
run
# KERNEL: Stopped at time 610 ns + 0.
# Stopped in "C:/Users/Chris/Desktop/RiscV-NPU-DualCore/RISCVCORE/WORKINGRISCV32ISAALDECBACKUP/2-10-2025/Users/chrisnielsen/Desktop/Senior Design Project/RISCVCORE/RISCVCORE/src/RISCV_TB_PROGRAM&REQUEST.vhd" at line 135 in process of instance "/RICSVCORE_tb/main_sim".
run
# KERNEL: Stopped at time 620 ns + 0.
# Stopped in "C:/Users/Chris/Desktop/RiscV-NPU-DualCore/RISCVCORE/WORKINGRISCV32ISAALDECBACKUP/2-10-2025/Users/chrisnielsen/Desktop/Senior Design Project/RISCVCORE/RISCVCORE/src/RISCV_TB_PROGRAM&REQUEST.vhd" at line 135 in process of instance "/RICSVCORE_tb/main_sim".
restart
# ELBREAD: Elaboration process.
# ELBREAD: Elaboration time 0.0 [s].
# 
# KERNEL: Main thread initiated.
# KERNEL: Kernel process initialization phase.
# ELAB2: Elaboration final pass...
# ELAB2: Create instances ...
# KERNEL: Time resolution set to 1ps.
# ELAB2: Create instances complete.
# SLP: Started
# SLP: Elaboration phase ...
# SLP: Elaboration phase ... skipped, nothing to simulate in SLP mode : 0.0 [s]
# SLP: Finished : 0.0 [s]
# ELAB2: Elaboration final pass complete - time: 0.0 [s].
# KERNEL: Warning: You are using the Active-HDL Student Edition. The performance of simulation is running at a reduced rate.
# KERNEL: Warning: Contact Aldec for available upgrade options - sales@aldec.com.
# KERNEL: Kernel process initialization done.
# Allocation: Simulator allocated 8266 kB (elbread=427 elab2=7659 kernel=179 sdf=0)
# KERNEL: ASDB file was created in location C:\Users\Chris\Desktop\RiscV-NPU-DualCore\RISCVCORE\WORKINGRISCV32ISAALDECBACKUP\2-10-2025\Users\chrisnielsen\Desktop\Senior Design Project\RISCVCORE\RISCVCORE\src\wave.asdb
#  8:41 PM, Friday, March 28, 2025
#  Simulation has been initialized
run
# KERNEL: WARNING: NUMERIC_STD."=": metavalue detected, returning FALSE
# KERNEL: Time: 0 ps,  Iteration: 0,  Instance: /RICSVCORE_tb/uut/internal_connections_inst/instruction_memory_inst,  Process: line__32.
# KERNEL: WARNING: NUMERIC_STD."=": metavalue detected, returning FALSE
# KERNEL: Time: 0 ps,  Iteration: 0,  Instance: /RICSVCORE_tb/uut/internal_connections_inst/REGFILE_INST,  Process: line__42.
# KERNEL: WARNING: NUMERIC_STD.TO_INTEGER: metavalue detected, returning 0
# KERNEL: Time: 0 ps,  Iteration: 0,  Instance: /RICSVCORE_tb/uut/internal_connections_inst/REGFILE_INST,  Process: line__42.
# KERNEL: WARNING: NUMERIC_STD."=": metavalue detected, returning FALSE
# KERNEL: Time: 0 ps,  Iteration: 0,  Instance: /RICSVCORE_tb/uut/internal_connections_inst/REGFILE_INST,  Process: line__45.
# KERNEL: WARNING: NUMERIC_STD.TO_INTEGER: metavalue detected, returning 0
# KERNEL: Time: 0 ps,  Iteration: 0,  Instance: /RICSVCORE_tb/uut/internal_connections_inst/REGFILE_INST,  Process: line__45.
# KERNEL: Stopped at time 510 ns + 0.
# Stopped in "C:/Users/Chris/Desktop/RiscV-NPU-DualCore/RISCVCORE/WORKINGRISCV32ISAALDECBACKUP/2-10-2025/Users/chrisnielsen/Desktop/Senior Design Project/RISCVCORE/RISCVCORE/src/RISCV_TB_PROGRAM&REQUEST.vhd" at line 135 in process of instance "/RICSVCORE_tb/main_sim".
run
# KERNEL: Stopped at time 520 ns + 0.
# Stopped in "C:/Users/Chris/Desktop/RiscV-NPU-DualCore/RISCVCORE/WORKINGRISCV32ISAALDECBACKUP/2-10-2025/Users/chrisnielsen/Desktop/Senior Design Project/RISCVCORE/RISCVCORE/src/RISCV_TB_PROGRAM&REQUEST.vhd" at line 135 in process of instance "/RICSVCORE_tb/main_sim".
run
# KERNEL: Stopped at time 530 ns + 0.
# Stopped in "C:/Users/Chris/Desktop/RiscV-NPU-DualCore/RISCVCORE/WORKINGRISCV32ISAALDECBACKUP/2-10-2025/Users/chrisnielsen/Desktop/Senior Design Project/RISCVCORE/RISCVCORE/src/RISCV_TB_PROGRAM&REQUEST.vhd" at line 135 in process of instance "/RICSVCORE_tb/main_sim".
run
# KERNEL: Stopped at time 540 ns + 0.
# Stopped in "C:/Users/Chris/Desktop/RiscV-NPU-DualCore/RISCVCORE/WORKINGRISCV32ISAALDECBACKUP/2-10-2025/Users/chrisnielsen/Desktop/Senior Design Project/RISCVCORE/RISCVCORE/src/RISCV_TB_PROGRAM&REQUEST.vhd" at line 135 in process of instance "/RICSVCORE_tb/main_sim".
run
# KERNEL: Stopped at time 550 ns + 0.
# Stopped in "C:/Users/Chris/Desktop/RiscV-NPU-DualCore/RISCVCORE/WORKINGRISCV32ISAALDECBACKUP/2-10-2025/Users/chrisnielsen/Desktop/Senior Design Project/RISCVCORE/RISCVCORE/src/RISCV_TB_PROGRAM&REQUEST.vhd" at line 135 in process of instance "/RICSVCORE_tb/main_sim".
run
# KERNEL: Stopped at time 560 ns + 0.
# Stopped in "C:/Users/Chris/Desktop/RiscV-NPU-DualCore/RISCVCORE/WORKINGRISCV32ISAALDECBACKUP/2-10-2025/Users/chrisnielsen/Desktop/Senior Design Project/RISCVCORE/RISCVCORE/src/RISCV_TB_PROGRAM&REQUEST.vhd" at line 135 in process of instance "/RICSVCORE_tb/main_sim".
run
# KERNEL: Stopped at time 570 ns + 0.
# Stopped in "C:/Users/Chris/Desktop/RiscV-NPU-DualCore/RISCVCORE/WORKINGRISCV32ISAALDECBACKUP/2-10-2025/Users/chrisnielsen/Desktop/Senior Design Project/RISCVCORE/RISCVCORE/src/RISCV_TB_PROGRAM&REQUEST.vhd" at line 135 in process of instance "/RICSVCORE_tb/main_sim".
run
# KERNEL: Stopped at time 580 ns + 0.
# Stopped in "C:/Users/Chris/Desktop/RiscV-NPU-DualCore/RISCVCORE/WORKINGRISCV32ISAALDECBACKUP/2-10-2025/Users/chrisnielsen/Desktop/Senior Design Project/RISCVCORE/RISCVCORE/src/RISCV_TB_PROGRAM&REQUEST.vhd" at line 135 in process of instance "/RICSVCORE_tb/main_sim".
run
# KERNEL: Stopped at time 590 ns + 0.
# Stopped in "C:/Users/Chris/Desktop/RiscV-NPU-DualCore/RISCVCORE/WORKINGRISCV32ISAALDECBACKUP/2-10-2025/Users/chrisnielsen/Desktop/Senior Design Project/RISCVCORE/RISCVCORE/src/RISCV_TB_PROGRAM&REQUEST.vhd" at line 135 in process of instance "/RICSVCORE_tb/main_sim".
restart
# ELBREAD: Elaboration process.
# ELBREAD: Elaboration time 0.0 [s].
# 
# KERNEL: Main thread initiated.
# KERNEL: Kernel process initialization phase.
# ELAB2: Elaboration final pass...
# ELAB2: Create instances ...
# KERNEL: Time resolution set to 1ps.
# ELAB2: Create instances complete.
# SLP: Started
# SLP: Elaboration phase ...
# SLP: Elaboration phase ... skipped, nothing to simulate in SLP mode : 0.0 [s]
# SLP: Finished : 0.0 [s]
# ELAB2: Elaboration final pass complete - time: 0.0 [s].
# KERNEL: Warning: You are using the Active-HDL Student Edition. The performance of simulation is running at a reduced rate.
# KERNEL: Warning: Contact Aldec for available upgrade options - sales@aldec.com.
# KERNEL: Kernel process initialization done.
# Allocation: Simulator allocated 8266 kB (elbread=427 elab2=7659 kernel=179 sdf=0)
# KERNEL: ASDB file was created in location C:\Users\Chris\Desktop\RiscV-NPU-DualCore\RISCVCORE\WORKINGRISCV32ISAALDECBACKUP\2-10-2025\Users\chrisnielsen\Desktop\Senior Design Project\RISCVCORE\RISCVCORE\src\wave.asdb
#  8:58 PM, Friday, March 28, 2025
#  Simulation has been initialized
run
# KERNEL: WARNING: NUMERIC_STD."=": metavalue detected, returning FALSE
# KERNEL: Time: 0 ps,  Iteration: 0,  Instance: /RICSVCORE_tb/uut/internal_connections_inst/instruction_memory_inst,  Process: line__32.
# KERNEL: WARNING: NUMERIC_STD."=": metavalue detected, returning FALSE
# KERNEL: Time: 0 ps,  Iteration: 0,  Instance: /RICSVCORE_tb/uut/internal_connections_inst/REGFILE_INST,  Process: line__42.
# KERNEL: WARNING: NUMERIC_STD.TO_INTEGER: metavalue detected, returning 0
# KERNEL: Time: 0 ps,  Iteration: 0,  Instance: /RICSVCORE_tb/uut/internal_connections_inst/REGFILE_INST,  Process: line__42.
# KERNEL: WARNING: NUMERIC_STD."=": metavalue detected, returning FALSE
# KERNEL: Time: 0 ps,  Iteration: 0,  Instance: /RICSVCORE_tb/uut/internal_connections_inst/REGFILE_INST,  Process: line__45.
# KERNEL: WARNING: NUMERIC_STD.TO_INTEGER: metavalue detected, returning 0
# KERNEL: Time: 0 ps,  Iteration: 0,  Instance: /RICSVCORE_tb/uut/internal_connections_inst/REGFILE_INST,  Process: line__45.
# KERNEL: Stopped at time 510 ns + 0.
# Stopped in "C:/Users/Chris/Desktop/RiscV-NPU-DualCore/RISCVCORE/WORKINGRISCV32ISAALDECBACKUP/2-10-2025/Users/chrisnielsen/Desktop/Senior Design Project/RISCVCORE/RISCVCORE/src/RISCV_TB_PROGRAM&REQUEST.vhd" at line 135 in process of instance "/RICSVCORE_tb/main_sim".
run
# KERNEL: Stopped at time 520 ns + 0.
# Stopped in "C:/Users/Chris/Desktop/RiscV-NPU-DualCore/RISCVCORE/WORKINGRISCV32ISAALDECBACKUP/2-10-2025/Users/chrisnielsen/Desktop/Senior Design Project/RISCVCORE/RISCVCORE/src/RISCV_TB_PROGRAM&REQUEST.vhd" at line 135 in process of instance "/RICSVCORE_tb/main_sim".
run
# KERNEL: Stopped at time 530 ns + 0.
# Stopped in "C:/Users/Chris/Desktop/RiscV-NPU-DualCore/RISCVCORE/WORKINGRISCV32ISAALDECBACKUP/2-10-2025/Users/chrisnielsen/Desktop/Senior Design Project/RISCVCORE/RISCVCORE/src/RISCV_TB_PROGRAM&REQUEST.vhd" at line 135 in process of instance "/RICSVCORE_tb/main_sim".
run
# KERNEL: Stopped at time 540 ns + 0.
# Stopped in "C:/Users/Chris/Desktop/RiscV-NPU-DualCore/RISCVCORE/WORKINGRISCV32ISAALDECBACKUP/2-10-2025/Users/chrisnielsen/Desktop/Senior Design Project/RISCVCORE/RISCVCORE/src/RISCV_TB_PROGRAM&REQUEST.vhd" at line 135 in process of instance "/RICSVCORE_tb/main_sim".
run
# KERNEL: Stopped at time 550 ns + 0.
# Stopped in "C:/Users/Chris/Desktop/RiscV-NPU-DualCore/RISCVCORE/WORKINGRISCV32ISAALDECBACKUP/2-10-2025/Users/chrisnielsen/Desktop/Senior Design Project/RISCVCORE/RISCVCORE/src/RISCV_TB_PROGRAM&REQUEST.vhd" at line 135 in process of instance "/RICSVCORE_tb/main_sim".
run
# KERNEL: Stopped at time 560 ns + 0.
# Stopped in "C:/Users/Chris/Desktop/RiscV-NPU-DualCore/RISCVCORE/WORKINGRISCV32ISAALDECBACKUP/2-10-2025/Users/chrisnielsen/Desktop/Senior Design Project/RISCVCORE/RISCVCORE/src/RISCV_TB_PROGRAM&REQUEST.vhd" at line 135 in process of instance "/RICSVCORE_tb/main_sim".
run
# KERNEL: Stopped at time 570 ns + 0.
# Stopped in "C:/Users/Chris/Desktop/RiscV-NPU-DualCore/RISCVCORE/WORKINGRISCV32ISAALDECBACKUP/2-10-2025/Users/chrisnielsen/Desktop/Senior Design Project/RISCVCORE/RISCVCORE/src/RISCV_TB_PROGRAM&REQUEST.vhd" at line 135 in process of instance "/RICSVCORE_tb/main_sim".
run
# KERNEL: Stopped at time 580 ns + 0.
# Stopped in "C:/Users/Chris/Desktop/RiscV-NPU-DualCore/RISCVCORE/WORKINGRISCV32ISAALDECBACKUP/2-10-2025/Users/chrisnielsen/Desktop/Senior Design Project/RISCVCORE/RISCVCORE/src/RISCV_TB_PROGRAM&REQUEST.vhd" at line 135 in process of instance "/RICSVCORE_tb/main_sim".
run
# KERNEL: Stopped at time 590 ns + 0.
# Stopped in "C:/Users/Chris/Desktop/RiscV-NPU-DualCore/RISCVCORE/WORKINGRISCV32ISAALDECBACKUP/2-10-2025/Users/chrisnielsen/Desktop/Senior Design Project/RISCVCORE/RISCVCORE/src/RISCV_TB_PROGRAM&REQUEST.vhd" at line 135 in process of instance "/RICSVCORE_tb/main_sim".
run
# KERNEL: Stopped at time 600 ns + 0.
# Stopped in "C:/Users/Chris/Desktop/RiscV-NPU-DualCore/RISCVCORE/WORKINGRISCV32ISAALDECBACKUP/2-10-2025/Users/chrisnielsen/Desktop/Senior Design Project/RISCVCORE/RISCVCORE/src/RISCV_TB_PROGRAM&REQUEST.vhd" at line 135 in process of instance "/RICSVCORE_tb/main_sim".
run
# KERNEL: Stopped at time 610 ns + 0.
# Stopped in "C:/Users/Chris/Desktop/RiscV-NPU-DualCore/RISCVCORE/WORKINGRISCV32ISAALDECBACKUP/2-10-2025/Users/chrisnielsen/Desktop/Senior Design Project/RISCVCORE/RISCVCORE/src/RISCV_TB_PROGRAM&REQUEST.vhd" at line 135 in process of instance "/RICSVCORE_tb/main_sim".
run
# KERNEL: Stopped at time 620 ns + 0.
# Stopped in "C:/Users/Chris/Desktop/RiscV-NPU-DualCore/RISCVCORE/WORKINGRISCV32ISAALDECBACKUP/2-10-2025/Users/chrisnielsen/Desktop/Senior Design Project/RISCVCORE/RISCVCORE/src/RISCV_TB_PROGRAM&REQUEST.vhd" at line 135 in process of instance "/RICSVCORE_tb/main_sim".
restart
# ELBREAD: Elaboration process.
# ELBREAD: Elaboration time 0.0 [s].
# 
# KERNEL: Main thread initiated.
# KERNEL: Kernel process initialization phase.
# ELAB2: Elaboration final pass...
# ELAB2: Create instances ...
# KERNEL: Time resolution set to 1ps.
# ELAB2: Create instances complete.
# SLP: Started
# SLP: Elaboration phase ...
# SLP: Elaboration phase ... skipped, nothing to simulate in SLP mode : 0.0 [s]
# SLP: Finished : 0.0 [s]
# ELAB2: Elaboration final pass complete - time: 0.0 [s].
# KERNEL: Warning: You are using the Active-HDL Student Edition. The performance of simulation is running at a reduced rate.
# KERNEL: Warning: Contact Aldec for available upgrade options - sales@aldec.com.
# KERNEL: Kernel process initialization done.
# Allocation: Simulator allocated 8266 kB (elbread=427 elab2=7659 kernel=179 sdf=0)
# KERNEL: ASDB file was created in location C:\Users\Chris\Desktop\RiscV-NPU-DualCore\RISCVCORE\WORKINGRISCV32ISAALDECBACKUP\2-10-2025\Users\chrisnielsen\Desktop\Senior Design Project\RISCVCORE\RISCVCORE\src\wave.asdb
#  9:00 PM, Friday, March 28, 2025
#  Simulation has been initialized
run
# KERNEL: WARNING: NUMERIC_STD."=": metavalue detected, returning FALSE
# KERNEL: Time: 0 ps,  Iteration: 0,  Instance: /RICSVCORE_tb/uut/internal_connections_inst/instruction_memory_inst,  Process: line__32.
# KERNEL: WARNING: NUMERIC_STD."=": metavalue detected, returning FALSE
# KERNEL: Time: 0 ps,  Iteration: 0,  Instance: /RICSVCORE_tb/uut/internal_connections_inst/REGFILE_INST,  Process: line__42.
# KERNEL: WARNING: NUMERIC_STD.TO_INTEGER: metavalue detected, returning 0
# KERNEL: Time: 0 ps,  Iteration: 0,  Instance: /RICSVCORE_tb/uut/internal_connections_inst/REGFILE_INST,  Process: line__42.
# KERNEL: WARNING: NUMERIC_STD."=": metavalue detected, returning FALSE
# KERNEL: Time: 0 ps,  Iteration: 0,  Instance: /RICSVCORE_tb/uut/internal_connections_inst/REGFILE_INST,  Process: line__45.
# KERNEL: WARNING: NUMERIC_STD.TO_INTEGER: metavalue detected, returning 0
# KERNEL: Time: 0 ps,  Iteration: 0,  Instance: /RICSVCORE_tb/uut/internal_connections_inst/REGFILE_INST,  Process: line__45.
# KERNEL: Stopped at time 510 ns + 0.
# Stopped in "C:/Users/Chris/Desktop/RiscV-NPU-DualCore/RISCVCORE/WORKINGRISCV32ISAALDECBACKUP/2-10-2025/Users/chrisnielsen/Desktop/Senior Design Project/RISCVCORE/RISCVCORE/src/RISCV_TB_PROGRAM&REQUEST.vhd" at line 135 in process of instance "/RICSVCORE_tb/main_sim".
run
# KERNEL: Stopped at time 520 ns + 0.
# Stopped in "C:/Users/Chris/Desktop/RiscV-NPU-DualCore/RISCVCORE/WORKINGRISCV32ISAALDECBACKUP/2-10-2025/Users/chrisnielsen/Desktop/Senior Design Project/RISCVCORE/RISCVCORE/src/RISCV_TB_PROGRAM&REQUEST.vhd" at line 135 in process of instance "/RICSVCORE_tb/main_sim".
run
# KERNEL: Stopped at time 530 ns + 0.
# Stopped in "C:/Users/Chris/Desktop/RiscV-NPU-DualCore/RISCVCORE/WORKINGRISCV32ISAALDECBACKUP/2-10-2025/Users/chrisnielsen/Desktop/Senior Design Project/RISCVCORE/RISCVCORE/src/RISCV_TB_PROGRAM&REQUEST.vhd" at line 135 in process of instance "/RICSVCORE_tb/main_sim".
run
# KERNEL: Stopped at time 540 ns + 0.
# Stopped in "C:/Users/Chris/Desktop/RiscV-NPU-DualCore/RISCVCORE/WORKINGRISCV32ISAALDECBACKUP/2-10-2025/Users/chrisnielsen/Desktop/Senior Design Project/RISCVCORE/RISCVCORE/src/RISCV_TB_PROGRAM&REQUEST.vhd" at line 135 in process of instance "/RICSVCORE_tb/main_sim".
run
# KERNEL: Stopped at time 550 ns + 0.
# Stopped in "C:/Users/Chris/Desktop/RiscV-NPU-DualCore/RISCVCORE/WORKINGRISCV32ISAALDECBACKUP/2-10-2025/Users/chrisnielsen/Desktop/Senior Design Project/RISCVCORE/RISCVCORE/src/RISCV_TB_PROGRAM&REQUEST.vhd" at line 135 in process of instance "/RICSVCORE_tb/main_sim".
run
# KERNEL: Stopped at time 560 ns + 0.
# Stopped in "C:/Users/Chris/Desktop/RiscV-NPU-DualCore/RISCVCORE/WORKINGRISCV32ISAALDECBACKUP/2-10-2025/Users/chrisnielsen/Desktop/Senior Design Project/RISCVCORE/RISCVCORE/src/RISCV_TB_PROGRAM&REQUEST.vhd" at line 135 in process of instance "/RICSVCORE_tb/main_sim".
run
# KERNEL: Stopped at time 570 ns + 0.
# Stopped in "C:/Users/Chris/Desktop/RiscV-NPU-DualCore/RISCVCORE/WORKINGRISCV32ISAALDECBACKUP/2-10-2025/Users/chrisnielsen/Desktop/Senior Design Project/RISCVCORE/RISCVCORE/src/RISCV_TB_PROGRAM&REQUEST.vhd" at line 135 in process of instance "/RICSVCORE_tb/main_sim".
run
# KERNEL: Stopped at time 580 ns + 0.
# Stopped in "C:/Users/Chris/Desktop/RiscV-NPU-DualCore/RISCVCORE/WORKINGRISCV32ISAALDECBACKUP/2-10-2025/Users/chrisnielsen/Desktop/Senior Design Project/RISCVCORE/RISCVCORE/src/RISCV_TB_PROGRAM&REQUEST.vhd" at line 135 in process of instance "/RICSVCORE_tb/main_sim".
run
# KERNEL: Stopped at time 590 ns + 0.
# Stopped in "C:/Users/Chris/Desktop/RiscV-NPU-DualCore/RISCVCORE/WORKINGRISCV32ISAALDECBACKUP/2-10-2025/Users/chrisnielsen/Desktop/Senior Design Project/RISCVCORE/RISCVCORE/src/RISCV_TB_PROGRAM&REQUEST.vhd" at line 135 in process of instance "/RICSVCORE_tb/main_sim".
run
# KERNEL: Stopped at time 600 ns + 0.
# Stopped in "C:/Users/Chris/Desktop/RiscV-NPU-DualCore/RISCVCORE/WORKINGRISCV32ISAALDECBACKUP/2-10-2025/Users/chrisnielsen/Desktop/Senior Design Project/RISCVCORE/RISCVCORE/src/RISCV_TB_PROGRAM&REQUEST.vhd" at line 135 in process of instance "/RICSVCORE_tb/main_sim".
restart
# ELBREAD: Elaboration process.
# ELBREAD: Elaboration time 0.0 [s].
# 
# KERNEL: Main thread initiated.
# KERNEL: Kernel process initialization phase.
# ELAB2: Elaboration final pass...
# ELAB2: Create instances ...
# KERNEL: Time resolution set to 1ps.
# ELAB2: Create instances complete.
# SLP: Started
# SLP: Elaboration phase ...
# SLP: Elaboration phase ... skipped, nothing to simulate in SLP mode : 0.0 [s]
# SLP: Finished : 0.0 [s]
# ELAB2: Elaboration final pass complete - time: 0.0 [s].
# KERNEL: Warning: You are using the Active-HDL Student Edition. The performance of simulation is running at a reduced rate.
# KERNEL: Warning: Contact Aldec for available upgrade options - sales@aldec.com.
# KERNEL: Kernel process initialization done.
# Allocation: Simulator allocated 8266 kB (elbread=427 elab2=7659 kernel=179 sdf=0)
# KERNEL: ASDB file was created in location C:\Users\Chris\Desktop\RiscV-NPU-DualCore\RISCVCORE\WORKINGRISCV32ISAALDECBACKUP\2-10-2025\Users\chrisnielsen\Desktop\Senior Design Project\RISCVCORE\RISCVCORE\src\wave.asdb
#  9:02 PM, Friday, March 28, 2025
#  Simulation has been initialized
run
# KERNEL: WARNING: NUMERIC_STD."=": metavalue detected, returning FALSE
# KERNEL: Time: 0 ps,  Iteration: 0,  Instance: /RICSVCORE_tb/uut/internal_connections_inst/instruction_memory_inst,  Process: line__32.
# KERNEL: WARNING: NUMERIC_STD."=": metavalue detected, returning FALSE
# KERNEL: Time: 0 ps,  Iteration: 0,  Instance: /RICSVCORE_tb/uut/internal_connections_inst/REGFILE_INST,  Process: line__42.
# KERNEL: WARNING: NUMERIC_STD.TO_INTEGER: metavalue detected, returning 0
# KERNEL: Time: 0 ps,  Iteration: 0,  Instance: /RICSVCORE_tb/uut/internal_connections_inst/REGFILE_INST,  Process: line__42.
# KERNEL: WARNING: NUMERIC_STD."=": metavalue detected, returning FALSE
# KERNEL: Time: 0 ps,  Iteration: 0,  Instance: /RICSVCORE_tb/uut/internal_connections_inst/REGFILE_INST,  Process: line__45.
# KERNEL: WARNING: NUMERIC_STD.TO_INTEGER: metavalue detected, returning 0
# KERNEL: Time: 0 ps,  Iteration: 0,  Instance: /RICSVCORE_tb/uut/internal_connections_inst/REGFILE_INST,  Process: line__45.
# KERNEL: Stopped at time 510 ns + 0.
# Stopped in "C:/Users/Chris/Desktop/RiscV-NPU-DualCore/RISCVCORE/WORKINGRISCV32ISAALDECBACKUP/2-10-2025/Users/chrisnielsen/Desktop/Senior Design Project/RISCVCORE/RISCVCORE/src/RISCV_TB_PROGRAM&REQUEST.vhd" at line 135 in process of instance "/RICSVCORE_tb/main_sim".
run
# KERNEL: Stopped at time 520 ns + 0.
# Stopped in "C:/Users/Chris/Desktop/RiscV-NPU-DualCore/RISCVCORE/WORKINGRISCV32ISAALDECBACKUP/2-10-2025/Users/chrisnielsen/Desktop/Senior Design Project/RISCVCORE/RISCVCORE/src/RISCV_TB_PROGRAM&REQUEST.vhd" at line 135 in process of instance "/RICSVCORE_tb/main_sim".
run
# KERNEL: Stopped at time 530 ns + 0.
# Stopped in "C:/Users/Chris/Desktop/RiscV-NPU-DualCore/RISCVCORE/WORKINGRISCV32ISAALDECBACKUP/2-10-2025/Users/chrisnielsen/Desktop/Senior Design Project/RISCVCORE/RISCVCORE/src/RISCV_TB_PROGRAM&REQUEST.vhd" at line 135 in process of instance "/RICSVCORE_tb/main_sim".
run
# KERNEL: Stopped at time 540 ns + 0.
# Stopped in "C:/Users/Chris/Desktop/RiscV-NPU-DualCore/RISCVCORE/WORKINGRISCV32ISAALDECBACKUP/2-10-2025/Users/chrisnielsen/Desktop/Senior Design Project/RISCVCORE/RISCVCORE/src/RISCV_TB_PROGRAM&REQUEST.vhd" at line 135 in process of instance "/RICSVCORE_tb/main_sim".
run
# KERNEL: Stopped at time 550 ns + 0.
# Stopped in "C:/Users/Chris/Desktop/RiscV-NPU-DualCore/RISCVCORE/WORKINGRISCV32ISAALDECBACKUP/2-10-2025/Users/chrisnielsen/Desktop/Senior Design Project/RISCVCORE/RISCVCORE/src/RISCV_TB_PROGRAM&REQUEST.vhd" at line 135 in process of instance "/RICSVCORE_tb/main_sim".
run
# KERNEL: Stopped at time 560 ns + 0.
# Stopped in "C:/Users/Chris/Desktop/RiscV-NPU-DualCore/RISCVCORE/WORKINGRISCV32ISAALDECBACKUP/2-10-2025/Users/chrisnielsen/Desktop/Senior Design Project/RISCVCORE/RISCVCORE/src/RISCV_TB_PROGRAM&REQUEST.vhd" at line 135 in process of instance "/RICSVCORE_tb/main_sim".
run
# KERNEL: Stopped at time 570 ns + 0.
# Stopped in "C:/Users/Chris/Desktop/RiscV-NPU-DualCore/RISCVCORE/WORKINGRISCV32ISAALDECBACKUP/2-10-2025/Users/chrisnielsen/Desktop/Senior Design Project/RISCVCORE/RISCVCORE/src/RISCV_TB_PROGRAM&REQUEST.vhd" at line 135 in process of instance "/RICSVCORE_tb/main_sim".
run
# KERNEL: Stopped at time 580 ns + 0.
# Stopped in "C:/Users/Chris/Desktop/RiscV-NPU-DualCore/RISCVCORE/WORKINGRISCV32ISAALDECBACKUP/2-10-2025/Users/chrisnielsen/Desktop/Senior Design Project/RISCVCORE/RISCVCORE/src/RISCV_TB_PROGRAM&REQUEST.vhd" at line 135 in process of instance "/RICSVCORE_tb/main_sim".
run
# KERNEL: Stopped at time 590 ns + 0.
# Stopped in "C:/Users/Chris/Desktop/RiscV-NPU-DualCore/RISCVCORE/WORKINGRISCV32ISAALDECBACKUP/2-10-2025/Users/chrisnielsen/Desktop/Senior Design Project/RISCVCORE/RISCVCORE/src/RISCV_TB_PROGRAM&REQUEST.vhd" at line 135 in process of instance "/RICSVCORE_tb/main_sim".
restart
# ELBREAD: Elaboration process.
# ELBREAD: Elaboration time 0.0 [s].
# 
# KERNEL: Main thread initiated.
# KERNEL: Kernel process initialization phase.
# ELAB2: Elaboration final pass...
# ELAB2: Create instances ...
# KERNEL: Time resolution set to 1ps.
# ELAB2: Create instances complete.
# SLP: Started
# SLP: Elaboration phase ...
# SLP: Elaboration phase ... skipped, nothing to simulate in SLP mode : 0.0 [s]
# SLP: Finished : 0.0 [s]
# ELAB2: Elaboration final pass complete - time: 0.0 [s].
# KERNEL: Warning: You are using the Active-HDL Student Edition. The performance of simulation is running at a reduced rate.
# KERNEL: Warning: Contact Aldec for available upgrade options - sales@aldec.com.
# KERNEL: Kernel process initialization done.
# Allocation: Simulator allocated 8266 kB (elbread=427 elab2=7659 kernel=179 sdf=0)
# KERNEL: ASDB file was created in location C:\Users\Chris\Desktop\RiscV-NPU-DualCore\RISCVCORE\WORKINGRISCV32ISAALDECBACKUP\2-10-2025\Users\chrisnielsen\Desktop\Senior Design Project\RISCVCORE\RISCVCORE\src\wave.asdb
#  9:06 PM, Friday, March 28, 2025
#  Simulation has been initialized
run
# KERNEL: WARNING: NUMERIC_STD."=": metavalue detected, returning FALSE
# KERNEL: Time: 0 ps,  Iteration: 0,  Instance: /RICSVCORE_tb/uut/internal_connections_inst/instruction_memory_inst,  Process: line__32.
# KERNEL: WARNING: NUMERIC_STD."=": metavalue detected, returning FALSE
# KERNEL: Time: 0 ps,  Iteration: 0,  Instance: /RICSVCORE_tb/uut/internal_connections_inst/REGFILE_INST,  Process: line__42.
# KERNEL: WARNING: NUMERIC_STD.TO_INTEGER: metavalue detected, returning 0
# KERNEL: Time: 0 ps,  Iteration: 0,  Instance: /RICSVCORE_tb/uut/internal_connections_inst/REGFILE_INST,  Process: line__42.
# KERNEL: WARNING: NUMERIC_STD."=": metavalue detected, returning FALSE
# KERNEL: Time: 0 ps,  Iteration: 0,  Instance: /RICSVCORE_tb/uut/internal_connections_inst/REGFILE_INST,  Process: line__45.
# KERNEL: WARNING: NUMERIC_STD.TO_INTEGER: metavalue detected, returning 0
# KERNEL: Time: 0 ps,  Iteration: 0,  Instance: /RICSVCORE_tb/uut/internal_connections_inst/REGFILE_INST,  Process: line__45.
# KERNEL: Stopped at time 510 ns + 0.
# Stopped in "C:/Users/Chris/Desktop/RiscV-NPU-DualCore/RISCVCORE/WORKINGRISCV32ISAALDECBACKUP/2-10-2025/Users/chrisnielsen/Desktop/Senior Design Project/RISCVCORE/RISCVCORE/src/RISCV_TB_PROGRAM&REQUEST.vhd" at line 135 in process of instance "/RICSVCORE_tb/main_sim".
run
# KERNEL: Stopped at time 520 ns + 0.
# Stopped in "C:/Users/Chris/Desktop/RiscV-NPU-DualCore/RISCVCORE/WORKINGRISCV32ISAALDECBACKUP/2-10-2025/Users/chrisnielsen/Desktop/Senior Design Project/RISCVCORE/RISCVCORE/src/RISCV_TB_PROGRAM&REQUEST.vhd" at line 135 in process of instance "/RICSVCORE_tb/main_sim".
run
# KERNEL: Stopped at time 530 ns + 0.
# Stopped in "C:/Users/Chris/Desktop/RiscV-NPU-DualCore/RISCVCORE/WORKINGRISCV32ISAALDECBACKUP/2-10-2025/Users/chrisnielsen/Desktop/Senior Design Project/RISCVCORE/RISCVCORE/src/RISCV_TB_PROGRAM&REQUEST.vhd" at line 135 in process of instance "/RICSVCORE_tb/main_sim".
run
# KERNEL: Stopped at time 540 ns + 0.
# Stopped in "C:/Users/Chris/Desktop/RiscV-NPU-DualCore/RISCVCORE/WORKINGRISCV32ISAALDECBACKUP/2-10-2025/Users/chrisnielsen/Desktop/Senior Design Project/RISCVCORE/RISCVCORE/src/RISCV_TB_PROGRAM&REQUEST.vhd" at line 135 in process of instance "/RICSVCORE_tb/main_sim".
run
# KERNEL: Stopped at time 550 ns + 0.
# Stopped in "C:/Users/Chris/Desktop/RiscV-NPU-DualCore/RISCVCORE/WORKINGRISCV32ISAALDECBACKUP/2-10-2025/Users/chrisnielsen/Desktop/Senior Design Project/RISCVCORE/RISCVCORE/src/RISCV_TB_PROGRAM&REQUEST.vhd" at line 135 in process of instance "/RICSVCORE_tb/main_sim".
run
# KERNEL: Stopped at time 560 ns + 0.
# Stopped in "C:/Users/Chris/Desktop/RiscV-NPU-DualCore/RISCVCORE/WORKINGRISCV32ISAALDECBACKUP/2-10-2025/Users/chrisnielsen/Desktop/Senior Design Project/RISCVCORE/RISCVCORE/src/RISCV_TB_PROGRAM&REQUEST.vhd" at line 135 in process of instance "/RICSVCORE_tb/main_sim".
run
# KERNEL: Stopped at time 570 ns + 0.
# Stopped in "C:/Users/Chris/Desktop/RiscV-NPU-DualCore/RISCVCORE/WORKINGRISCV32ISAALDECBACKUP/2-10-2025/Users/chrisnielsen/Desktop/Senior Design Project/RISCVCORE/RISCVCORE/src/RISCV_TB_PROGRAM&REQUEST.vhd" at line 135 in process of instance "/RICSVCORE_tb/main_sim".
run
# KERNEL: Stopped at time 580 ns + 0.
# Stopped in "C:/Users/Chris/Desktop/RiscV-NPU-DualCore/RISCVCORE/WORKINGRISCV32ISAALDECBACKUP/2-10-2025/Users/chrisnielsen/Desktop/Senior Design Project/RISCVCORE/RISCVCORE/src/RISCV_TB_PROGRAM&REQUEST.vhd" at line 135 in process of instance "/RICSVCORE_tb/main_sim".
run
# EXECUTION:: NOTE   : Simulation finished
# EXECUTION:: Time: 5120 ns,  Iteration: 0,  Instance: /RICSVCORE_tb,  Process: main_sim.
# KERNEL: Simulation has finished. There are no more test vectors to simulate.
acom -reorder -dbg -e 100 -work riscvcore -2002  $dsn/src/memwb.vhd $dsn/src/program_counter.vhd $dsn/src/types_pk.vhd $dsn/src/writebackmux.vhd $dsn/src/pc_mux.vhd $dsn/src/pcimmadder.vhd $dsn/src/pc4adder.vhd $dsn/src/exmem.vhd $dsn/src/hazardunit.vhd $dsn/src/ifid.vhd $dsn/src/instruction_memory_PROGRAM.vhd $dsn/src/immediategen.vhd $dsn/src/idex.vhd $dsn/src/forwardingmuxA.vhd $dsn/src/forwardingmuxB.vhd $dsn/src/forwarding_unit.vhd $dsn/src/branch_and.vhd $dsn/src/control_unit.vhd $dsn/src/alucontrol.vhd $dsn/src/alusrcmuxb.vhd $dsn/src/ALU.vhd $dsn/src/Data_Memory_REQUEST.vhd $dsn/src/register_REQUEST.vhd $dsn/src/internalconnections.vhd $dsn/src/RISCVCORE.vhd $dsn/src/RISCV_TB_PROGRAM&REQUEST.vhd
# Compile Entity "memwb"
# Compile Architecture "Behavioral" of Entity "memwb"
# Compile Entity "program_counter"
# Compile Architecture "rtl" of Entity "program_counter"
# Compile Package "types_pkg"
# Compile Entity "writebackmux"
# Compile Architecture "Behavioral" of Entity "writebackmux"
# Compile Entity "pc_mux"
# Compile Architecture "behavioral" of Entity "pc_mux"
# Compile Entity "pcimmadder"
# Compile Architecture "behavior" of Entity "pcimmadder"
# Compile Entity "pc4adder"
# Compile Architecture "rtl" of Entity "pc4adder"
# Compile Entity "exmem"
# Compile Architecture "Behavioral" of Entity "exmem"
# Compile Entity "hazard_unit"
# Compile Architecture "Behavioral" of Entity "hazard_unit"
# Compile Entity "ifid"
# Compile Architecture "Behavioral" of Entity "ifid"
# Compile Entity "instruction_memory"
# Compile Architecture "Behavioral" of Entity "instruction_memory"
# Compile Entity "ImmGen"
# Compile Architecture "Behavioral" of Entity "ImmGen"
# Compile Entity "idex"
# Compile Architecture "Behavioral" of Entity "idex"
# Compile Entity "forwardingMuxA"
# Compile Architecture "Behavioral" of Entity "forwardingMuxA"
# Compile Entity "forwardingMuxB"
# Compile Architecture "Behavioral" of Entity "forwardingMuxB"
# Compile Entity "ForwardingUnit"
# Compile Architecture "Behavioral" of Entity "ForwardingUnit"
# Compile Entity "BranchAND"
# Compile Architecture "Behavioral" of Entity "BranchAND"
# Compile Entity "ControlUnit"
# Compile Architecture "Behavioral" of Entity "ControlUnit"
# Compile Entity "alucontrol"
# Compile Architecture "Behavioral" of Entity "alucontrol"
# Compile Entity "ALUSrcMuxB"
# Compile Architecture "Behavioral" of Entity "ALUSrcMuxB"
# Compile Entity "ALU"
# Compile Architecture "Behavioral" of Entity "ALU"
# Compile Entity "data_memory"
# Compile Architecture "Behavioral" of Entity "data_memory"
# Compile Entity "regfile"
# Compile Architecture "Behavioral" of Entity "regfile"
# Compile Entity "internal_connections"
# Compile Architecture "behavioral" of Entity "internal_connections"
# Compile Entity "RICSVCORE"
# Compile Architecture "behavior" of Entity "RICSVCORE"
# Compile Entity "RICSVCORE_tb"
# Compile Architecture "behavior" of Entity "RICSVCORE_tb"
# Top-level unit(s) detected:
# Entity => RICSVCORE_tb
# Compile success 0 Errors 0 Warnings  Analysis time :  0.5 [s]
restart
# ELBREAD: Elaboration process.
# ELBREAD: Elaboration time 0.0 [s].
# 
# KERNEL: Main thread initiated.
# KERNEL: Kernel process initialization phase.
# ELAB2: Elaboration final pass...
# ELAB2: Create instances ...
# KERNEL: Time resolution set to 1ps.
# ELAB2: Create instances complete.
# SLP: Started
# SLP: Elaboration phase ...
# SLP: Elaboration phase ... skipped, nothing to simulate in SLP mode : 0.0 [s]
# SLP: Finished : 0.0 [s]
# ELAB2: Elaboration final pass complete - time: 0.0 [s].
# KERNEL: Warning: You are using the Active-HDL Student Edition. The performance of simulation is running at a reduced rate.
# KERNEL: Warning: Contact Aldec for available upgrade options - sales@aldec.com.
# KERNEL: Kernel process initialization done.
# Allocation: Simulator allocated 8266 kB (elbread=427 elab2=7659 kernel=179 sdf=0)
# KERNEL: ASDB file was created in location C:\Users\Chris\Desktop\RiscV-NPU-DualCore\RISCVCORE\WORKINGRISCV32ISAALDECBACKUP\2-10-2025\Users\chrisnielsen\Desktop\Senior Design Project\RISCVCORE\RISCVCORE\src\wave.asdb
#  9:20 PM, Friday, March 28, 2025
#  Simulation has been initialized
run
# KERNEL: WARNING: NUMERIC_STD."=": metavalue detected, returning FALSE
# KERNEL: Time: 0 ps,  Iteration: 0,  Instance: /RICSVCORE_tb/uut/internal_connections_inst/instruction_memory_inst,  Process: line__32.
# KERNEL: WARNING: NUMERIC_STD."=": metavalue detected, returning FALSE
# KERNEL: Time: 0 ps,  Iteration: 0,  Instance: /RICSVCORE_tb/uut/internal_connections_inst/REGFILE_INST,  Process: line__42.
# KERNEL: WARNING: NUMERIC_STD.TO_INTEGER: metavalue detected, returning 0
# KERNEL: Time: 0 ps,  Iteration: 0,  Instance: /RICSVCORE_tb/uut/internal_connections_inst/REGFILE_INST,  Process: line__42.
# KERNEL: WARNING: NUMERIC_STD."=": metavalue detected, returning FALSE
# KERNEL: Time: 0 ps,  Iteration: 0,  Instance: /RICSVCORE_tb/uut/internal_connections_inst/REGFILE_INST,  Process: line__45.
# KERNEL: WARNING: NUMERIC_STD.TO_INTEGER: metavalue detected, returning 0
# KERNEL: Time: 0 ps,  Iteration: 0,  Instance: /RICSVCORE_tb/uut/internal_connections_inst/REGFILE_INST,  Process: line__45.
# EXECUTION:: NOTE   : Simulation finished
# EXECUTION:: Time: 5120 ns,  Iteration: 0,  Instance: /RICSVCORE_tb,  Process: main_sim.
# KERNEL: Simulation has finished. There are no more test vectors to simulate.
# Library Manager: Library "riscvcore" contents cleared.
restart
# 
# VSIM: Error: Cannot initialize simulation - no top level  entity/architecture or configuration is selected
acom -reorder -dbg -e 100 -work riscvcore -2002  $dsn/src/memwb.vhd $dsn/src/program_counter.vhd $dsn/src/types_pk.vhd $dsn/src/writebackmux.vhd $dsn/src/pc_mux.vhd $dsn/src/pcimmadder.vhd $dsn/src/pc4adder.vhd $dsn/src/exmem.vhd $dsn/src/hazardunit.vhd $dsn/src/ifid.vhd $dsn/src/instruction_memory_PROGRAM.vhd $dsn/src/immediategen.vhd $dsn/src/idex.vhd $dsn/src/forwardingmuxA.vhd $dsn/src/forwardingmuxB.vhd $dsn/src/forwarding_unit.vhd $dsn/src/branch_and.vhd $dsn/src/control_unit.vhd $dsn/src/alucontrol.vhd $dsn/src/alusrcmuxb.vhd $dsn/src/ALU.vhd $dsn/src/Data_Memory_REQUEST.vhd $dsn/src/register_REQUEST.vhd $dsn/src/internalconnections.vhd $dsn/src/RISCVCORE.vhd $dsn/src/RISCV_TB_PROGRAM&REQUEST.vhd
# Compile Entity "memwb"
# Compile Architecture "Behavioral" of Entity "memwb"
# Compile Entity "program_counter"
# Compile Architecture "rtl" of Entity "program_counter"
# Compile Package "types_pkg"
# Compile Entity "writebackmux"
# Compile Architecture "Behavioral" of Entity "writebackmux"
# Compile Entity "pc_mux"
# Compile Architecture "behavioral" of Entity "pc_mux"
# Compile Entity "pcimmadder"
# Compile Architecture "behavior" of Entity "pcimmadder"
# Compile Entity "pc4adder"
# Compile Architecture "rtl" of Entity "pc4adder"
# Compile Entity "exmem"
# Compile Architecture "Behavioral" of Entity "exmem"
# Compile Entity "hazard_unit"
# Compile Architecture "Behavioral" of Entity "hazard_unit"
# Compile Entity "ifid"
# Compile Architecture "Behavioral" of Entity "ifid"
# Compile Entity "instruction_memory"
# Compile Architecture "Behavioral" of Entity "instruction_memory"
# Compile Entity "ImmGen"
# Compile Architecture "Behavioral" of Entity "ImmGen"
# Compile Entity "idex"
# Compile Architecture "Behavioral" of Entity "idex"
# Compile Entity "forwardingMuxA"
# Compile Architecture "Behavioral" of Entity "forwardingMuxA"
# Compile Entity "forwardingMuxB"
# Compile Architecture "Behavioral" of Entity "forwardingMuxB"
# Compile Entity "ForwardingUnit"
# Compile Architecture "Behavioral" of Entity "ForwardingUnit"
# Compile Entity "BranchAND"
# Compile Architecture "Behavioral" of Entity "BranchAND"
# Compile Entity "ControlUnit"
# Compile Architecture "Behavioral" of Entity "ControlUnit"
# Compile Entity "alucontrol"
# Compile Architecture "Behavioral" of Entity "alucontrol"
# Compile Entity "ALUSrcMuxB"
# Compile Architecture "Behavioral" of Entity "ALUSrcMuxB"
# Compile Entity "ALU"
# Compile Architecture "Behavioral" of Entity "ALU"
# Compile Entity "data_memory"
# Compile Architecture "Behavioral" of Entity "data_memory"
# Compile Entity "regfile"
# Compile Architecture "Behavioral" of Entity "regfile"
# Compile Entity "internal_connections"
# Compile Architecture "behavioral" of Entity "internal_connections"
# Compile Entity "RICSVCORE"
# Compile Architecture "behavior" of Entity "RICSVCORE"
# Compile Entity "RICSVCORE_tb"
# Compile Architecture "behavior" of Entity "RICSVCORE_tb"
# Top-level unit(s) detected:
# Entity => RICSVCORE_tb
# Compile success 0 Errors 0 Warnings  Analysis time :  0.4 [s]
# ELBREAD: Elaboration process.
# ELBREAD: Elaboration time 0.0 [s].
asim -O5 +access +r +m+ricsvcore_tb ricsvcore_tb behavior
# ELBREAD: Elaboration process.
# ELBREAD: Elaboration time 0.0 [s].
# VSIM: Stack memory: 32MB
# VSIM: Retval memory: 32MB
# 
# KERNEL: Main thread initiated.
# KERNEL: Kernel process initialization phase.
# ELAB2: Elaboration final pass...
# ELAB2: Create instances ...
# KERNEL: Time resolution set to 1ps.
# ELAB2: Create instances complete.
# SLP: Started
# SLP: Elaboration phase ...
# SLP: Elaboration phase ... skipped, nothing to simulate in SLP mode : 0.0 [s]
# SLP: Finished : 0.0 [s]
# ELAB2: Elaboration final pass complete - time: 0.0 [s].
# KERNEL: Warning: You are using the Active-HDL Student Edition. The performance of simulation is running at a reduced rate.
# KERNEL: Warning: Contact Aldec for available upgrade options - sales@aldec.com.
# KERNEL: Kernel process initialization done.
# Allocation: Simulator allocated 8266 kB (elbread=427 elab2=7659 kernel=179 sdf=0)
# KERNEL: ASDB file was created in location C:\Users\Chris\Desktop\RiscV-NPU-DualCore\RISCVCORE\WORKINGRISCV32ISAALDECBACKUP\2-10-2025\Users\chrisnielsen\Desktop\Senior Design Project\RISCVCORE\RISCVCORE\src\wave.asdb
#  9:20 PM, Friday, March 28, 2025
#  Simulation has been initialized
run
# KERNEL: WARNING: NUMERIC_STD."=": metavalue detected, returning FALSE
# KERNEL: Time: 0 ps,  Iteration: 0,  Instance: /RICSVCORE_tb/uut/internal_connections_inst/instruction_memory_inst,  Process: line__32.
# KERNEL: WARNING: NUMERIC_STD."=": metavalue detected, returning FALSE
# KERNEL: Time: 0 ps,  Iteration: 0,  Instance: /RICSVCORE_tb/uut/internal_connections_inst/REGFILE_INST,  Process: line__42.
# KERNEL: WARNING: NUMERIC_STD.TO_INTEGER: metavalue detected, returning 0
# KERNEL: Time: 0 ps,  Iteration: 0,  Instance: /RICSVCORE_tb/uut/internal_connections_inst/REGFILE_INST,  Process: line__42.
# KERNEL: WARNING: NUMERIC_STD."=": metavalue detected, returning FALSE
# KERNEL: Time: 0 ps,  Iteration: 0,  Instance: /RICSVCORE_tb/uut/internal_connections_inst/REGFILE_INST,  Process: line__45.
# KERNEL: WARNING: NUMERIC_STD.TO_INTEGER: metavalue detected, returning 0
# KERNEL: Time: 0 ps,  Iteration: 0,  Instance: /RICSVCORE_tb/uut/internal_connections_inst/REGFILE_INST,  Process: line__45.
# EXECUTION:: NOTE   : Simulation finished
# EXECUTION:: Time: 5120 ns,  Iteration: 0,  Instance: /RICSVCORE_tb,  Process: main_sim.
# KERNEL: Simulation has finished. There are no more test vectors to simulate.
restart
# ELBREAD: Elaboration process.
# ELBREAD: Elaboration time 0.0 [s].
# 
# KERNEL: Main thread initiated.
# KERNEL: Kernel process initialization phase.
# ELAB2: Elaboration final pass...
# ELAB2: Create instances ...
# KERNEL: Time resolution set to 1ps.
# ELAB2: Create instances complete.
# SLP: Started
# SLP: Elaboration phase ...
# SLP: Elaboration phase ... skipped, nothing to simulate in SLP mode : 0.0 [s]
# SLP: Finished : 0.0 [s]
# ELAB2: Elaboration final pass complete - time: 0.0 [s].
# KERNEL: Warning: You are using the Active-HDL Student Edition. The performance of simulation is running at a reduced rate.
# KERNEL: Warning: Contact Aldec for available upgrade options - sales@aldec.com.
# KERNEL: Kernel process initialization done.
# Allocation: Simulator allocated 8266 kB (elbread=427 elab2=7659 kernel=179 sdf=0)
# KERNEL: ASDB file was created in location C:\Users\Chris\Desktop\RiscV-NPU-DualCore\RISCVCORE\WORKINGRISCV32ISAALDECBACKUP\2-10-2025\Users\chrisnielsen\Desktop\Senior Design Project\RISCVCORE\RISCVCORE\src\wave.asdb
#  9:20 PM, Friday, March 28, 2025
#  Simulation has been initialized
run
# KERNEL: WARNING: NUMERIC_STD."=": metavalue detected, returning FALSE
# KERNEL: Time: 0 ps,  Iteration: 0,  Instance: /RICSVCORE_tb/uut/internal_connections_inst/instruction_memory_inst,  Process: line__32.
# KERNEL: WARNING: NUMERIC_STD."=": metavalue detected, returning FALSE
# KERNEL: Time: 0 ps,  Iteration: 0,  Instance: /RICSVCORE_tb/uut/internal_connections_inst/REGFILE_INST,  Process: line__42.
# KERNEL: WARNING: NUMERIC_STD.TO_INTEGER: metavalue detected, returning 0
# KERNEL: Time: 0 ps,  Iteration: 0,  Instance: /RICSVCORE_tb/uut/internal_connections_inst/REGFILE_INST,  Process: line__42.
# KERNEL: WARNING: NUMERIC_STD."=": metavalue detected, returning FALSE
# KERNEL: Time: 0 ps,  Iteration: 0,  Instance: /RICSVCORE_tb/uut/internal_connections_inst/REGFILE_INST,  Process: line__45.
# KERNEL: WARNING: NUMERIC_STD.TO_INTEGER: metavalue detected, returning 0
# KERNEL: Time: 0 ps,  Iteration: 0,  Instance: /RICSVCORE_tb/uut/internal_connections_inst/REGFILE_INST,  Process: line__45.
# EXECUTION:: NOTE   : Simulation finished
# EXECUTION:: Time: 5120 ns,  Iteration: 0,  Instance: /RICSVCORE_tb,  Process: main_sim.
# KERNEL: Simulation has finished. There are no more test vectors to simulate.
restart
# ELBREAD: Elaboration process.
# ELBREAD: Elaboration time 0.0 [s].
# 
# KERNEL: Main thread initiated.
# KERNEL: Kernel process initialization phase.
# ELAB2: Elaboration final pass...
# ELAB2: Create instances ...
# KERNEL: Time resolution set to 1ps.
# ELAB2: Create instances complete.
# SLP: Started
# SLP: Elaboration phase ...
# SLP: Elaboration phase ... skipped, nothing to simulate in SLP mode : 0.0 [s]
# SLP: Finished : 0.0 [s]
# ELAB2: Elaboration final pass complete - time: 0.0 [s].
# KERNEL: Warning: You are using the Active-HDL Student Edition. The performance of simulation is running at a reduced rate.
# KERNEL: Warning: Contact Aldec for available upgrade options - sales@aldec.com.
# KERNEL: Kernel process initialization done.
# Allocation: Simulator allocated 8266 kB (elbread=427 elab2=7659 kernel=179 sdf=0)
# KERNEL: ASDB file was created in location C:\Users\Chris\Desktop\RiscV-NPU-DualCore\RISCVCORE\WORKINGRISCV32ISAALDECBACKUP\2-10-2025\Users\chrisnielsen\Desktop\Senior Design Project\RISCVCORE\RISCVCORE\src\wave.asdb
#  9:20 PM, Friday, March 28, 2025
#  Simulation has been initialized
run
# KERNEL: WARNING: NUMERIC_STD."=": metavalue detected, returning FALSE
# KERNEL: Time: 0 ps,  Iteration: 0,  Instance: /RICSVCORE_tb/uut/internal_connections_inst/instruction_memory_inst,  Process: line__32.
# KERNEL: WARNING: NUMERIC_STD."=": metavalue detected, returning FALSE
# KERNEL: Time: 0 ps,  Iteration: 0,  Instance: /RICSVCORE_tb/uut/internal_connections_inst/REGFILE_INST,  Process: line__42.
# KERNEL: WARNING: NUMERIC_STD.TO_INTEGER: metavalue detected, returning 0
# KERNEL: Time: 0 ps,  Iteration: 0,  Instance: /RICSVCORE_tb/uut/internal_connections_inst/REGFILE_INST,  Process: line__42.
# KERNEL: WARNING: NUMERIC_STD."=": metavalue detected, returning FALSE
# KERNEL: Time: 0 ps,  Iteration: 0,  Instance: /RICSVCORE_tb/uut/internal_connections_inst/REGFILE_INST,  Process: line__45.
# KERNEL: WARNING: NUMERIC_STD.TO_INTEGER: metavalue detected, returning 0
# KERNEL: Time: 0 ps,  Iteration: 0,  Instance: /RICSVCORE_tb/uut/internal_connections_inst/REGFILE_INST,  Process: line__45.
# KERNEL: Stopped at time 555 ns + 3.
# Stopped in "C:/Users/Chris/Desktop/RiscV-NPU-DualCore/RISCVCORE/WORKINGRISCV32ISAALDECBACKUP/2-10-2025/Users/chrisnielsen/Desktop/Senior Design Project/RISCVCORE/RISCVCORE/src/register_REQUEST.vhd" at line 36 in process of instance "/RICSVCORE_tb/uut/internal_connections_inst/REGFILE_INST/line__30".
run
# KERNEL: Stopped at time 555 ns + 4.
# Stopped in "C:/Users/Chris/Desktop/RiscV-NPU-DualCore/RISCVCORE/WORKINGRISCV32ISAALDECBACKUP/2-10-2025/Users/chrisnielsen/Desktop/Senior Design Project/RISCVCORE/RISCVCORE/src/register_REQUEST.vhd" at line 36 in process of instance "/RICSVCORE_tb/uut/internal_connections_inst/REGFILE_INST/line__30".
run
# KERNEL: Stopped at time 565 ns + 3.
# Stopped in "C:/Users/Chris/Desktop/RiscV-NPU-DualCore/RISCVCORE/WORKINGRISCV32ISAALDECBACKUP/2-10-2025/Users/chrisnielsen/Desktop/Senior Design Project/RISCVCORE/RISCVCORE/src/register_REQUEST.vhd" at line 36 in process of instance "/RICSVCORE_tb/uut/internal_connections_inst/REGFILE_INST/line__30".
run
# KERNEL: Stopped at time 565 ns + 4.
# Stopped in "C:/Users/Chris/Desktop/RiscV-NPU-DualCore/RISCVCORE/WORKINGRISCV32ISAALDECBACKUP/2-10-2025/Users/chrisnielsen/Desktop/Senior Design Project/RISCVCORE/RISCVCORE/src/register_REQUEST.vhd" at line 36 in process of instance "/RICSVCORE_tb/uut/internal_connections_inst/REGFILE_INST/line__30".
run
# KERNEL: Stopped at time 575 ns + 3.
# Stopped in "C:/Users/Chris/Desktop/RiscV-NPU-DualCore/RISCVCORE/WORKINGRISCV32ISAALDECBACKUP/2-10-2025/Users/chrisnielsen/Desktop/Senior Design Project/RISCVCORE/RISCVCORE/src/register_REQUEST.vhd" at line 36 in process of instance "/RICSVCORE_tb/uut/internal_connections_inst/REGFILE_INST/line__30".
run
# KERNEL: Stopped at time 575 ns + 4.
# Stopped in "C:/Users/Chris/Desktop/RiscV-NPU-DualCore/RISCVCORE/WORKINGRISCV32ISAALDECBACKUP/2-10-2025/Users/chrisnielsen/Desktop/Senior Design Project/RISCVCORE/RISCVCORE/src/register_REQUEST.vhd" at line 36 in process of instance "/RICSVCORE_tb/uut/internal_connections_inst/REGFILE_INST/line__30".
run
# KERNEL: Stopped at time 585 ns + 3.
# Stopped in "C:/Users/Chris/Desktop/RiscV-NPU-DualCore/RISCVCORE/WORKINGRISCV32ISAALDECBACKUP/2-10-2025/Users/chrisnielsen/Desktop/Senior Design Project/RISCVCORE/RISCVCORE/src/register_REQUEST.vhd" at line 36 in process of instance "/RICSVCORE_tb/uut/internal_connections_inst/REGFILE_INST/line__30".
run
# KERNEL: Stopped at time 585 ns + 4.
# Stopped in "C:/Users/Chris/Desktop/RiscV-NPU-DualCore/RISCVCORE/WORKINGRISCV32ISAALDECBACKUP/2-10-2025/Users/chrisnielsen/Desktop/Senior Design Project/RISCVCORE/RISCVCORE/src/register_REQUEST.vhd" at line 36 in process of instance "/RICSVCORE_tb/uut/internal_connections_inst/REGFILE_INST/line__30".
run
# KERNEL: Stopped at time 595 ns + 4.
# Stopped in "C:/Users/Chris/Desktop/RiscV-NPU-DualCore/RISCVCORE/WORKINGRISCV32ISAALDECBACKUP/2-10-2025/Users/chrisnielsen/Desktop/Senior Design Project/RISCVCORE/RISCVCORE/src/register_REQUEST.vhd" at line 36 in process of instance "/RICSVCORE_tb/uut/internal_connections_inst/REGFILE_INST/line__30".
run
# KERNEL: Stopped at time 615 ns + 3.
# Stopped in "C:/Users/Chris/Desktop/RiscV-NPU-DualCore/RISCVCORE/WORKINGRISCV32ISAALDECBACKUP/2-10-2025/Users/chrisnielsen/Desktop/Senior Design Project/RISCVCORE/RISCVCORE/src/register_REQUEST.vhd" at line 36 in process of instance "/RICSVCORE_tb/uut/internal_connections_inst/REGFILE_INST/line__30".
run
# KERNEL: Stopped at time 615 ns + 4.
# Stopped in "C:/Users/Chris/Desktop/RiscV-NPU-DualCore/RISCVCORE/WORKINGRISCV32ISAALDECBACKUP/2-10-2025/Users/chrisnielsen/Desktop/Senior Design Project/RISCVCORE/RISCVCORE/src/register_REQUEST.vhd" at line 36 in process of instance "/RICSVCORE_tb/uut/internal_connections_inst/REGFILE_INST/line__30".
run
# KERNEL: Stopped at time 655 ns + 3.
# Stopped in "C:/Users/Chris/Desktop/RiscV-NPU-DualCore/RISCVCORE/WORKINGRISCV32ISAALDECBACKUP/2-10-2025/Users/chrisnielsen/Desktop/Senior Design Project/RISCVCORE/RISCVCORE/src/register_REQUEST.vhd" at line 36 in process of instance "/RICSVCORE_tb/uut/internal_connections_inst/REGFILE_INST/line__30".
run
# KERNEL: Stopped at time 655 ns + 4.
# Stopped in "C:/Users/Chris/Desktop/RiscV-NPU-DualCore/RISCVCORE/WORKINGRISCV32ISAALDECBACKUP/2-10-2025/Users/chrisnielsen/Desktop/Senior Design Project/RISCVCORE/RISCVCORE/src/register_REQUEST.vhd" at line 36 in process of instance "/RICSVCORE_tb/uut/internal_connections_inst/REGFILE_INST/line__30".
run
# KERNEL: Stopped at time 675 ns + 3.
# Stopped in "C:/Users/Chris/Desktop/RiscV-NPU-DualCore/RISCVCORE/WORKINGRISCV32ISAALDECBACKUP/2-10-2025/Users/chrisnielsen/Desktop/Senior Design Project/RISCVCORE/RISCVCORE/src/register_REQUEST.vhd" at line 36 in process of instance "/RICSVCORE_tb/uut/internal_connections_inst/REGFILE_INST/line__30".
run
# KERNEL: Stopped at time 675 ns + 4.
# Stopped in "C:/Users/Chris/Desktop/RiscV-NPU-DualCore/RISCVCORE/WORKINGRISCV32ISAALDECBACKUP/2-10-2025/Users/chrisnielsen/Desktop/Senior Design Project/RISCVCORE/RISCVCORE/src/register_REQUEST.vhd" at line 36 in process of instance "/RICSVCORE_tb/uut/internal_connections_inst/REGFILE_INST/line__30".
run
# KERNEL: Stopped at time 715 ns + 3.
# Stopped in "C:/Users/Chris/Desktop/RiscV-NPU-DualCore/RISCVCORE/WORKINGRISCV32ISAALDECBACKUP/2-10-2025/Users/chrisnielsen/Desktop/Senior Design Project/RISCVCORE/RISCVCORE/src/register_REQUEST.vhd" at line 36 in process of instance "/RICSVCORE_tb/uut/internal_connections_inst/REGFILE_INST/line__30".
run
# KERNEL: Stopped at time 715 ns + 4.
# Stopped in "C:/Users/Chris/Desktop/RiscV-NPU-DualCore/RISCVCORE/WORKINGRISCV32ISAALDECBACKUP/2-10-2025/Users/chrisnielsen/Desktop/Senior Design Project/RISCVCORE/RISCVCORE/src/register_REQUEST.vhd" at line 36 in process of instance "/RICSVCORE_tb/uut/internal_connections_inst/REGFILE_INST/line__30".
run
# KERNEL: Stopped at time 735 ns + 3.
# Stopped in "C:/Users/Chris/Desktop/RiscV-NPU-DualCore/RISCVCORE/WORKINGRISCV32ISAALDECBACKUP/2-10-2025/Users/chrisnielsen/Desktop/Senior Design Project/RISCVCORE/RISCVCORE/src/register_REQUEST.vhd" at line 36 in process of instance "/RICSVCORE_tb/uut/internal_connections_inst/REGFILE_INST/line__30".
run
# KERNEL: Stopped at time 735 ns + 4.
# Stopped in "C:/Users/Chris/Desktop/RiscV-NPU-DualCore/RISCVCORE/WORKINGRISCV32ISAALDECBACKUP/2-10-2025/Users/chrisnielsen/Desktop/Senior Design Project/RISCVCORE/RISCVCORE/src/register_REQUEST.vhd" at line 36 in process of instance "/RICSVCORE_tb/uut/internal_connections_inst/REGFILE_INST/line__30".
run
# KERNEL: Stopped at time 775 ns + 3.
# Stopped in "C:/Users/Chris/Desktop/RiscV-NPU-DualCore/RISCVCORE/WORKINGRISCV32ISAALDECBACKUP/2-10-2025/Users/chrisnielsen/Desktop/Senior Design Project/RISCVCORE/RISCVCORE/src/register_REQUEST.vhd" at line 36 in process of instance "/RICSVCORE_tb/uut/internal_connections_inst/REGFILE_INST/line__30".
run
# KERNEL: Stopped at time 775 ns + 4.
# Stopped in "C:/Users/Chris/Desktop/RiscV-NPU-DualCore/RISCVCORE/WORKINGRISCV32ISAALDECBACKUP/2-10-2025/Users/chrisnielsen/Desktop/Senior Design Project/RISCVCORE/RISCVCORE/src/register_REQUEST.vhd" at line 36 in process of instance "/RICSVCORE_tb/uut/internal_connections_inst/REGFILE_INST/line__30".
run
# KERNEL: Stopped at time 795 ns + 3.
# Stopped in "C:/Users/Chris/Desktop/RiscV-NPU-DualCore/RISCVCORE/WORKINGRISCV32ISAALDECBACKUP/2-10-2025/Users/chrisnielsen/Desktop/Senior Design Project/RISCVCORE/RISCVCORE/src/register_REQUEST.vhd" at line 36 in process of instance "/RICSVCORE_tb/uut/internal_connections_inst/REGFILE_INST/line__30".
run
# KERNEL: Stopped at time 795 ns + 4.
# Stopped in "C:/Users/Chris/Desktop/RiscV-NPU-DualCore/RISCVCORE/WORKINGRISCV32ISAALDECBACKUP/2-10-2025/Users/chrisnielsen/Desktop/Senior Design Project/RISCVCORE/RISCVCORE/src/register_REQUEST.vhd" at line 36 in process of instance "/RICSVCORE_tb/uut/internal_connections_inst/REGFILE_INST/line__30".
run
# KERNEL: Stopped at time 835 ns + 3.
# Stopped in "C:/Users/Chris/Desktop/RiscV-NPU-DualCore/RISCVCORE/WORKINGRISCV32ISAALDECBACKUP/2-10-2025/Users/chrisnielsen/Desktop/Senior Design Project/RISCVCORE/RISCVCORE/src/register_REQUEST.vhd" at line 36 in process of instance "/RICSVCORE_tb/uut/internal_connections_inst/REGFILE_INST/line__30".
run
# KERNEL: Stopped at time 835 ns + 4.
# Stopped in "C:/Users/Chris/Desktop/RiscV-NPU-DualCore/RISCVCORE/WORKINGRISCV32ISAALDECBACKUP/2-10-2025/Users/chrisnielsen/Desktop/Senior Design Project/RISCVCORE/RISCVCORE/src/register_REQUEST.vhd" at line 36 in process of instance "/RICSVCORE_tb/uut/internal_connections_inst/REGFILE_INST/line__30".
run
# KERNEL: Stopped at time 855 ns + 3.
# Stopped in "C:/Users/Chris/Desktop/RiscV-NPU-DualCore/RISCVCORE/WORKINGRISCV32ISAALDECBACKUP/2-10-2025/Users/chrisnielsen/Desktop/Senior Design Project/RISCVCORE/RISCVCORE/src/register_REQUEST.vhd" at line 36 in process of instance "/RICSVCORE_tb/uut/internal_connections_inst/REGFILE_INST/line__30".
run
# KERNEL: Stopped at time 855 ns + 4.
# Stopped in "C:/Users/Chris/Desktop/RiscV-NPU-DualCore/RISCVCORE/WORKINGRISCV32ISAALDECBACKUP/2-10-2025/Users/chrisnielsen/Desktop/Senior Design Project/RISCVCORE/RISCVCORE/src/register_REQUEST.vhd" at line 36 in process of instance "/RICSVCORE_tb/uut/internal_connections_inst/REGFILE_INST/line__30".
run
# KERNEL: Stopped at time 895 ns + 3.
# Stopped in "C:/Users/Chris/Desktop/RiscV-NPU-DualCore/RISCVCORE/WORKINGRISCV32ISAALDECBACKUP/2-10-2025/Users/chrisnielsen/Desktop/Senior Design Project/RISCVCORE/RISCVCORE/src/register_REQUEST.vhd" at line 36 in process of instance "/RICSVCORE_tb/uut/internal_connections_inst/REGFILE_INST/line__30".
run
# KERNEL: Stopped at time 895 ns + 4.
# Stopped in "C:/Users/Chris/Desktop/RiscV-NPU-DualCore/RISCVCORE/WORKINGRISCV32ISAALDECBACKUP/2-10-2025/Users/chrisnielsen/Desktop/Senior Design Project/RISCVCORE/RISCVCORE/src/register_REQUEST.vhd" at line 36 in process of instance "/RICSVCORE_tb/uut/internal_connections_inst/REGFILE_INST/line__30".
run
# KERNEL: Stopped at time 915 ns + 3.
# Stopped in "C:/Users/Chris/Desktop/RiscV-NPU-DualCore/RISCVCORE/WORKINGRISCV32ISAALDECBACKUP/2-10-2025/Users/chrisnielsen/Desktop/Senior Design Project/RISCVCORE/RISCVCORE/src/register_REQUEST.vhd" at line 36 in process of instance "/RICSVCORE_tb/uut/internal_connections_inst/REGFILE_INST/line__30".
run
# KERNEL: Stopped at time 915 ns + 4.
# Stopped in "C:/Users/Chris/Desktop/RiscV-NPU-DualCore/RISCVCORE/WORKINGRISCV32ISAALDECBACKUP/2-10-2025/Users/chrisnielsen/Desktop/Senior Design Project/RISCVCORE/RISCVCORE/src/register_REQUEST.vhd" at line 36 in process of instance "/RICSVCORE_tb/uut/internal_connections_inst/REGFILE_INST/line__30".
run
# KERNEL: Stopped at time 955 ns + 3.
# Stopped in "C:/Users/Chris/Desktop/RiscV-NPU-DualCore/RISCVCORE/WORKINGRISCV32ISAALDECBACKUP/2-10-2025/Users/chrisnielsen/Desktop/Senior Design Project/RISCVCORE/RISCVCORE/src/register_REQUEST.vhd" at line 36 in process of instance "/RICSVCORE_tb/uut/internal_connections_inst/REGFILE_INST/line__30".
run
# KERNEL: Stopped at time 955 ns + 4.
# Stopped in "C:/Users/Chris/Desktop/RiscV-NPU-DualCore/RISCVCORE/WORKINGRISCV32ISAALDECBACKUP/2-10-2025/Users/chrisnielsen/Desktop/Senior Design Project/RISCVCORE/RISCVCORE/src/register_REQUEST.vhd" at line 36 in process of instance "/RICSVCORE_tb/uut/internal_connections_inst/REGFILE_INST/line__30".
run
# KERNEL: Stopped at time 975 ns + 3.
# Stopped in "C:/Users/Chris/Desktop/RiscV-NPU-DualCore/RISCVCORE/WORKINGRISCV32ISAALDECBACKUP/2-10-2025/Users/chrisnielsen/Desktop/Senior Design Project/RISCVCORE/RISCVCORE/src/register_REQUEST.vhd" at line 36 in process of instance "/RICSVCORE_tb/uut/internal_connections_inst/REGFILE_INST/line__30".
run
# KERNEL: Stopped at time 975 ns + 4.
# Stopped in "C:/Users/Chris/Desktop/RiscV-NPU-DualCore/RISCVCORE/WORKINGRISCV32ISAALDECBACKUP/2-10-2025/Users/chrisnielsen/Desktop/Senior Design Project/RISCVCORE/RISCVCORE/src/register_REQUEST.vhd" at line 36 in process of instance "/RICSVCORE_tb/uut/internal_connections_inst/REGFILE_INST/line__30".
run
# KERNEL: Stopped at time 1015 ns + 3.
# Stopped in "C:/Users/Chris/Desktop/RiscV-NPU-DualCore/RISCVCORE/WORKINGRISCV32ISAALDECBACKUP/2-10-2025/Users/chrisnielsen/Desktop/Senior Design Project/RISCVCORE/RISCVCORE/src/register_REQUEST.vhd" at line 36 in process of instance "/RICSVCORE_tb/uut/internal_connections_inst/REGFILE_INST/line__30".
run
# KERNEL: Stopped at time 1015 ns + 4.
# Stopped in "C:/Users/Chris/Desktop/RiscV-NPU-DualCore/RISCVCORE/WORKINGRISCV32ISAALDECBACKUP/2-10-2025/Users/chrisnielsen/Desktop/Senior Design Project/RISCVCORE/RISCVCORE/src/register_REQUEST.vhd" at line 36 in process of instance "/RICSVCORE_tb/uut/internal_connections_inst/REGFILE_INST/line__30".
run
# KERNEL: Stopped at time 1035 ns + 3.
# Stopped in "C:/Users/Chris/Desktop/RiscV-NPU-DualCore/RISCVCORE/WORKINGRISCV32ISAALDECBACKUP/2-10-2025/Users/chrisnielsen/Desktop/Senior Design Project/RISCVCORE/RISCVCORE/src/register_REQUEST.vhd" at line 36 in process of instance "/RICSVCORE_tb/uut/internal_connections_inst/REGFILE_INST/line__30".
run
# KERNEL: Stopped at time 1035 ns + 4.
# Stopped in "C:/Users/Chris/Desktop/RiscV-NPU-DualCore/RISCVCORE/WORKINGRISCV32ISAALDECBACKUP/2-10-2025/Users/chrisnielsen/Desktop/Senior Design Project/RISCVCORE/RISCVCORE/src/register_REQUEST.vhd" at line 36 in process of instance "/RICSVCORE_tb/uut/internal_connections_inst/REGFILE_INST/line__30".
run
# KERNEL: Stopped at time 1075 ns + 3.
# Stopped in "C:/Users/Chris/Desktop/RiscV-NPU-DualCore/RISCVCORE/WORKINGRISCV32ISAALDECBACKUP/2-10-2025/Users/chrisnielsen/Desktop/Senior Design Project/RISCVCORE/RISCVCORE/src/register_REQUEST.vhd" at line 36 in process of instance "/RICSVCORE_tb/uut/internal_connections_inst/REGFILE_INST/line__30".
run
# KERNEL: Stopped at time 1075 ns + 4.
# Stopped in "C:/Users/Chris/Desktop/RiscV-NPU-DualCore/RISCVCORE/WORKINGRISCV32ISAALDECBACKUP/2-10-2025/Users/chrisnielsen/Desktop/Senior Design Project/RISCVCORE/RISCVCORE/src/register_REQUEST.vhd" at line 36 in process of instance "/RICSVCORE_tb/uut/internal_connections_inst/REGFILE_INST/line__30".
run
# KERNEL: Stopped at time 1135 ns + 3.
# Stopped in "C:/Users/Chris/Desktop/RiscV-NPU-DualCore/RISCVCORE/WORKINGRISCV32ISAALDECBACKUP/2-10-2025/Users/chrisnielsen/Desktop/Senior Design Project/RISCVCORE/RISCVCORE/src/register_REQUEST.vhd" at line 36 in process of instance "/RICSVCORE_tb/uut/internal_connections_inst/REGFILE_INST/line__30".
run
# KERNEL: Stopped at time 1135 ns + 4.
# Stopped in "C:/Users/Chris/Desktop/RiscV-NPU-DualCore/RISCVCORE/WORKINGRISCV32ISAALDECBACKUP/2-10-2025/Users/chrisnielsen/Desktop/Senior Design Project/RISCVCORE/RISCVCORE/src/register_REQUEST.vhd" at line 36 in process of instance "/RICSVCORE_tb/uut/internal_connections_inst/REGFILE_INST/line__30".
run
# EXECUTION:: NOTE   : Simulation finished
# EXECUTION:: Time: 5120 ns,  Iteration: 0,  Instance: /RICSVCORE_tb,  Process: main_sim.
# KERNEL: Simulation has finished. There are no more test vectors to simulate.
