# ELBREAD: Elaboration process.
# ELBREAD: Elaboration time 0.1 [s].
acom -reorder -dbg -e 100 -work riscvcore -2002  $dsn/src/memwb.vhd $dsn/src/program_counter.vhd $dsn/src/types_pk.vhd $dsn/src/writebackmux.vhd $dsn/src/pc_mux.vhd $dsn/src/pcimmadder.vhd $dsn/src/pc4adder.vhd $dsn/src/exmem.vhd $dsn/src/hazard_unit.vhd $dsn/src/ifid.vhd $dsn/src/instruction_memory_PROGRAM.vhd $dsn/src/immediategen.vhd $dsn/src/idex.vhd $dsn/src/forwardingmuxA.vhd $dsn/src/forwardingmuxB.vhd $dsn/src/forwardingMuxJalr.vhd $dsn/src/forwarding_unit.vhd $dsn/src/branch_and.vhd $dsn/src/control_unit.vhd $dsn/src/alucontrol.vhd $dsn/src/alusrcmuxb.vhd $dsn/src/ALU.vhd $dsn/src/Data_Memory_REQUEST.vhd $dsn/src/register_REQUEST.vhd $dsn/src/internalconnections.vhd $dsn/src/RISCVCORE.vhd $dsn/src/RISCV_TB_DEMO.vhd
# Compile Entity "memwb"
# Compile Architecture "Behavioral" of Entity "memwb"
# Compile Entity "program_counter"
# Compile Architecture "rtl" of Entity "program_counter"
# Compile Package "types_pkg"
# Compile Entity "writebackmux"
# Compile Architecture "Behavioral" of Entity "writebackmux"
# Compile Entity "pc_mux"
# Compile Architecture "behavioral" of Entity "pc_mux"
# Compile Entity "pcimmadder"
# Compile Architecture "behavior" of Entity "pcimmadder"
# Compile Entity "pc4adder"
# Compile Architecture "rtl" of Entity "pc4adder"
# Compile Entity "exmem"
# Compile Architecture "Behavioral" of Entity "exmem"
# Compile Entity "hazard_unit"
# Compile Architecture "Behavioral" of Entity "hazard_unit"
# Compile Entity "ifid"
# Compile Architecture "Behavioral" of Entity "ifid"
# Compile Entity "instruction_memory"
# Compile Architecture "Behavioral" of Entity "instruction_memory"
# Compile Entity "ImmGen"
# Compile Architecture "Behavioral" of Entity "ImmGen"
# Compile Entity "idex"
# Compile Architecture "Behavioral" of Entity "idex"
# Compile Entity "forwardingMuxA"
# Compile Architecture "Behavioral" of Entity "forwardingMuxA"
# Compile Entity "forwardingMuxB"
# Compile Architecture "Behavioral" of Entity "forwardingMuxB"
# Compile Entity "forwardingMuxJALR"
# Compile Architecture "Behavioral" of Entity "forwardingMuxJALR"
# Compile Entity "ForwardingUnit"
# Compile Architecture "Behavioral" of Entity "ForwardingUnit"
# Compile Entity "BranchAND"
# Compile Architecture "Behavioral" of Entity "BranchAND"
# Compile Entity "ControlUnit"
# Compile Architecture "Behavioral" of Entity "ControlUnit"
# Compile Entity "alucontrol"
# Compile Architecture "Behavioral" of Entity "alucontrol"
# Compile Entity "ALUSrcMuxB"
# Compile Architecture "Behavioral" of Entity "ALUSrcMuxB"
# Compile Entity "ALU"
# Compile Architecture "Behavioral" of Entity "ALU"
# Compile Entity "data_memory"
# Compile Architecture "Behavioral" of Entity "data_memory"
# Compile Entity "regfile"
# Compile Architecture "Behavioral" of Entity "regfile"
# Compile Entity "internal_connections"
# Compile Architecture "behavioral" of Entity "internal_connections"
# Compile Entity "RICSVCORE"
# Compile Architecture "behavior" of Entity "RICSVCORE"
# Compile Entity "RICSVCORE_tb"
# Compile Architecture "behavior" of Entity "RICSVCORE_tb"
# Top-level unit(s) detected:
# Entity => RICSVCORE_tb
# Compile success 0 Errors 0 Warnings  Analysis time :  0.7 [s]
asim -O5 +access +r +m+ricsvcore_tb ricsvcore_tb behavior
# ELBREAD: Elaboration process.
# ELBREAD: Elaboration time 0.0 [s].
# VSIM: Stack memory: 32MB
# VSIM: Retval memory: 32MB
# 
# KERNEL: Main thread initiated.
# KERNEL: Kernel process initialization phase.
# ELAB2: Elaboration final pass...
# ELAB2: Create instances ...
# KERNEL: Time resolution set to 1ps.
# ELAB2: Create instances complete.
# SLP: Started
# SLP: Elaboration phase ...
# SLP: Elaboration phase ... skipped, nothing to simulate in SLP mode : 0.0 [s]
# SLP: Finished : 0.0 [s]
# ELAB2: Elaboration final pass complete - time: 0.2 [s].
# KERNEL: Warning: You are using the Active-HDL Student Edition. The performance of simulation is running at a reduced rate.
# KERNEL: Warning: Contact Aldec for available upgrade options - sales@aldec.com.
# KERNEL: Kernel proc