Active-HDL 15.0.261.9132 2024-10-29 18:20:03

Elaboration top modules:
Architecture                  structural(internal_connections)


---------------------------------------------------------------------------------------------------------
Entity               | Architecture | Library   | Info | Compiler Version          | Compilation Options
---------------------------------------------------------------------------------------------------------
internal_connections | structural   | riscvcore |      | 15.0.261.9132 (Windows64) | -O3
pc_mux               | behavioral   | riscvcore |      | 15.0.261.9132 (Windows64) | -O3
pc4adder             | rtl          | riscvcore |      | 15.0.261.9132 (Windows64) | -O3
program_counter      | rtl          | riscvcore |      | 15.0.261.9132 (Windows64) | -O3
instruction_memory   | Behavioral   | riscvcore |      | 15.0.261.9132 (Windows64) | -O3
ifid                 | Behavioral   | riscvcore |      | 15.0.261.9132 (Windows64) | -O3
ImmGen               | Behavioral   | riscvcore |      | 15.0.261.9132 (Windows64) | -O3
pcimmadder           | behavior     | riscvcore |      | 15.0.261.9132 (Windows64) | -O3
regfile              | Behavioral   | riscvcore |      | 15.0.261.9132 (Windows64) | -O3
ControlUnit          | Behavioral   | riscvcore |      | 15.0.261.9132 (Windows64) | -O3
---------------------------------------------------------------------------------------------------------

---------------------------------------------------------------------------------------------------------
VHDL Package                        | Library   | Info | Compiler Version          | Compilation Options
---------------------------------------------------------------------------------------------------------
standard                            | std       |      |                           | <unavailable>
TEXTIO                              | std       |      | 15.0.261.9132 (Windows64) |  -2019
std_logic_1164                      | ieee      |      | 15.0.261.9132 (Windows64) |  -2008
NUMERIC_STD                         | ieee      |      | 15.0.261.9132 (Windows64) |  -2008
---------------------------------------------------------------------------------------------------------

---------------------------------------------------------------------------------------------------------
Library                             | Comment
---------------------------------------------------------------------------------------------------------
ieee                                | Standard IEEE packages library
riscvcore                           | None
std                                 | Standard VHDL library
---------------------------------------------------------------------------------------------------------
