
*** Running vivado
    with args -log system_datamemIP_0_0.vds -m64 -product Vivado -mode batch -messageDb vivado.pb -notrace -source system_datamemIP_0_0.tcl



****** Vivado v2023.1 (64-bit)
  **** SW Build 3865809 on Sun May  7 15:05:29 MDT 2023
  **** IP Build 3864474 on Sun May  7 20:36:21 MDT 2023
  **** SharedData Build 3865790 on Sun May 07 13:33:03 MDT 2023
    ** Copyright 1986-2022 Xilinx, Inc. All Rights Reserved.
    ** Copyright 2022-2023 Advanced Micro Devices, Inc. All Rights Reserved.

source system_datamemIP_0_0.tcl -notrace
create_project: Time (s): cpu = 00:00:15 ; elapsed = 00:00:16 . Memory (MB): peak = 1383.832 ; gain = 161.242
INFO: [IP_Flow 19-234] Refreshing IP repositories
INFO: [IP_Flow 19-1700] Loaded user IP repository 'c:/Users/Chris/Desktop/RiscV-NPU-DualCore/Z7-RV-NPU/ip_repo/datamemIP_1_0'.
WARNING: [IP_Flow 19-2207] Repository 'c:/Users/Chris/Desktop/RiscV-NPU-DualCore/Z7-RV-NPU/ip_repo/datamemIP_1_0' already exists; ignoring attempt to add it again.
INFO: [IP_Flow 19-1700] Loaded user IP repository 'c:/Users/Chris/Desktop/RiscV-NPU-DualCore/Z7-RV-NPU/ip_repo/datamemIP_1_0'.
INFO: [IP_Flow 19-1700] Loaded user IP repository 'c:/Users/Chris/Desktop/RiscV-NPU-DualCore/Z7-RV-NPU/ip_repo/instructionmemIP_1_0'.
INFO: [IP_Flow 19-1700] Loaded user IP repository 'c:/Users/Chris/Desktop/RiscV-NPU-DualCore/Z7-RV-NPU/ip_repo/registerIP_1_0'.
INFO: [IP_Flow 19-1700] Loaded user IP repository 'c:/Users/Chris/Desktop/RiscV-NPU-DualCore/Z7-RV-NPU/ip_repo/controlsubsystemIP_1_0'.
INFO: [IP_Flow 19-1700] Loaded user IP repository 'c:/Users/Chris/Desktop/RiscV-NPU-DualCore/Z7-RV-NPU/hw/hw.ipdefs/repo'.
INFO: [IP_Flow 19-2313] Loaded Vivado IP repository 'F:/Vivado/2023.1/data/ip'.
Command: synth_design -top system_datamemIP_0_0 -part xc7z020clg400-1 -incremental_mode off -mode out_of_context
Starting synth_design
Attempting to get a license for feature 'Synthesis' and/or device 'xc7z020'
INFO: [Common 17-349] Got license for feature 'Synthesis' and/or device 'xc7z020'
INFO: [Device 21-403] Loading part xc7z020clg400-1
INFO: [Synth 8-7079] Multithreading enabled for synth_design using a maximum of 2 processes.
INFO: [Synth 8-7078] Launching helper process for spawning children vivado processes
INFO: [Synth 8-7075] Helper process launched with PID 15236
---------------------------------------------------------------------------------
Starting RTL Elaboration : Time (s): cpu = 00:00:13 ; elapsed = 00:00:15 . Memory (MB): peak = 2236.254 ; gain = 409.996
---------------------------------------------------------------------------------
INFO: [Synth 8-638] synthesizing module 'system_datamemIP_0_0' [c:/Users/Chris/Desktop/RiscV-NPU-DualCore/Z7-RV-NPU/hw/hw.gen/sources_1/bd/system/ip/system_datamemIP_0_0/synth/system_datamemIP_0_0.vhd:75]
	Parameter C_S02_AXI_DATA_WIDTH bound to: 32 - type: integer 
	Parameter C_S02_AXI_ADDR_WIDTH bound to: 14 - type: integer 
INFO: [Synth 8-3491] module 'datamemIP' declared at 'c:/Users/Chris/Desktop/RiscV-NPU-DualCore/Z7-RV-NPU/hw/hw.gen/sources_1/bd/system/ipshared/367c/hdl/datamemIP_v1_0.vhd:5' bound to instance 'U0' of component 'datamemIP' [c:/Users/Chris/Desktop/RiscV-NPU-DualCore/Z7-RV-NPU/hw/hw.gen/sources_1/bd/system/ip/system_datamemIP_0_0/synth/system_datamemIP_0_0.vhd:121]
INFO: [Synth 8-638] synthesizing module 'datamemIP' [c:/Users/Chris/Desktop/RiscV-NPU-DualCore/Z7-RV-NPU/hw/hw.gen/sources_1/bd/system/ipshared/367c/hdl/datamemIP_v1_0.vhd:31]
INFO: [Synth 8-256] done synthesizing module 'datamemIP' (0#1) [c:/Users/Chris/Desktop/RiscV-NPU-DualCore/Z7-RV-NPU/hw/hw.gen/sources_1/bd/system/ipshared/367c/hdl/datamemIP_v1_0.vhd:31]
INFO: [Synth 8-256] done synthesizing module 'system_datamemIP_0_0' (0#1) [c:/Users/Chris/Desktop/RiscV-NPU-DualCore/Z7-RV-NPU/hw/hw.gen/sources_1/bd/system/ip/system_datamemIP_0_0/synth/system_datamemIP_0_0.vhd:75]
WARNING: [Synth 8-6014] Unused sequential element mem_read_reg_reg was removed.  [c:/Users/Chris/Desktop/RiscV-NPU-DualCore/Z7-RV-NPU/hw/hw.gen/sources_1/bd/system/ipshared/367c/hdl/datamemIP_v1_0.vhd:50]
WARNING: [Synth 8-7129] Port s02_axi_araddr[1] in module datamemIP is either unconnected or has no load
WARNING: [Synth 8-7129] Port s02_axi_araddr[0] in module datamemIP is either unconnected or has no load
WARNING: [Synth 8-7129] Port address[31] in module datamemIP is either unconnected or has no load
WARNING: [Synth 8-7129] Port address[30] in module datamemIP is either unconnected or has no load
WARNING: [Synth 8-7129] Port address[29] in module datamemIP is either unconnected or has no load
WARNING: [Synth 8-7129] Port address[28] in module datamemIP is either unconnected or has no load
WARNING: [Synth 8-7129] Port address[27] in module datamemIP is either unconnected or has no load
WARNING: [Synth 8-7129] Port address[26] in module datamemIP is either unconnected or has no load
WARNING: [Synth 8-7129] Port address[25] in module datamemIP is either unconnected or has no load
WARNING: [Synth 8-7129] Port address[24] in module datamemIP is either unconnected or has no load
WARNING: [Synth 8-7129] Port address[23] in module datamemIP is either unconnected or has no load
WARNING: [Synth 8-7129] Port address[22] in module datamemIP is either unconnected or has no load
WARNING: [Synth 8-7129] Port address[21] in module datamemIP is either unconnected or has no load
WARNING: [Synth 8-7129] Port address[20] in module datamemIP is either unconnected or has no load
WARNING: [Synth 8-7129] Port address[19] in module datamemIP is either unconnected or has no load
WARNING: [Synth 8-7129] Port address[18] in module datamemIP is either unconnected or has no load
WARNING: [Synth 8-7129] Port address[17] in module datamemIP is either unconnected or has no load
WARNING: [Synth 8-7129] Port address[16] in module datamemIP is either unconnected or has no load
WARNING: [Synth 8-7129] Port address[15] in module datamemIP is either unconnected or has no load
WARNING: [Synth 8-7129] Port address[14] in module datamemIP is either unconnected or has no load
WARNING: [Synth 8-7129] Port address[1] in module datamemIP is either unconnected or has no load
WARNING: [Synth 8-7129] Port address[0] in module datamemIP is either unconnected or has no load
---------------------------------------------------------------------------------
Finished RTL Elaboration : Time (s): cpu = 00:00:18 ; elapsed = 00:00:20 . Memory (MB): peak = 2333.797 ; gain = 507.539
---------------------------------------------------------------------------------
---------------------------------------------------------------------------------
Start Handling Custom Attributes
---------------------------------------------------------------------------------
---------------------------------------------------------------------------------
Finished Handling Custom Attributes : Time (s): cpu = 00:00:18 ; elapsed = 00:00:20 . Memory (MB): peak = 2351.715 ; gain = 525.457
---------------------------------------------------------------------------------
---------------------------------------------------------------------------------
Finished RTL Optimization Phase 1 : Time (s): cpu = 00:00:18 ; elapsed = 00:00:20 . Memory (MB): peak = 2351.715 ; gain = 525.457
---------------------------------------------------------------------------------
Netlist sorting complete. Time (s): cpu = 00:00:00 ; elapsed = 00:00:00.013 . Memory (MB): peak = 2351.715 ; gain = 0.000
INFO: [Project 1-570] Preparing netlist for logic optimization

Processing XDC Constraints
Initializing timing engine
Completed Processing XDC Constraints

Netlist sorting complete. Time (s): cpu = 00:00:00 ; elapsed = 00:00:00 . Memory (MB): peak = 2415.875 ; gain = 0.000
INFO: [Project 1-111] Unisim Transformation Summary:
No Unisim elements were transformed.

Constraint Validation Runtime : Time (s): cpu = 00:00:00 ; elapsed = 00:00:00.045 . Memory (MB): peak = 2415.887 ; gain = 0.012
INFO: [Designutils 20-5008] Incremental synthesis strategy off
---------------------------------------------------------------------------------
Finished Constraint Validation : Time (s): cpu = 00:00:36 ; elapsed = 00:00:42 . Memory (MB): peak = 2415.887 ; gain = 589.629
---------------------------------------------------------------------------------
---------------------------------------------------------------------------------
Start Loading Part and Timing Information
---------------------------------------------------------------------------------
Loading part: xc7z020clg400-1
---------------------------------------------------------------------------------
Finished Loading Part and Timing Information : Time (s): cpu = 00:00:36 ; elapsed = 00:00:42 . Memory (MB): peak = 2415.887 ; gain = 589.629
---------------------------------------------------------------------------------
---------------------------------------------------------------------------------
Start Applying 'set_property' XDC Constraints
---------------------------------------------------------------------------------
---------------------------------------------------------------------------------
Finished applying 'set_property' XDC Constraints : Time (s): cpu = 00:00:36 ; elapsed = 00:00:42 . Memory (MB): peak = 2415.887 ; gain = 589.629
---------------------------------------------------------------------------------
---------------------------------------------------------------------------------
Finished RTL Optimization Phase 2 : Time (s): cpu = 00:00:36 ; elapsed = 00:00:43 . Memory (MB): peak = 2415.887 ; gain = 589.629
---------------------------------------------------------------------------------
---------------------------------------------------------------------------------
Start RTL Component Statistics 
---------------------------------------------------------------------------------
Detailed RTL Component Info : 
+---Registers : 
	               32 Bit    Registers := 1     
	                1 Bit    Registers := 2     
+---RAMs : 
	             128K Bit	(4096 X 32 bit)          RAMs := 1     
+---Muxes : 
	   2 Input   32 Bit        Muxes := 1     
	   2 Input    1 Bit        Muxes := 2     
---------------------------------------------------------------------------------
Finished RTL Component Statistics 
---------------------------------------------------------------------------------
---------------------------------------------------------------------------------
Start Part Resource Summary
---------------------------------------------------------------------------------
Part Resources:
DSPs: 220 (col length:60)
BRAMs: 280 (col length: RAMB18 60 RAMB36 30)
---------------------------------------------------------------------------------
Finished Part Resource Summary
---------------------------------------------------------------------------------
---------------------------------------------------------------------------------
Start Cross Boundary and Area Optimization
---------------------------------------------------------------------------------
WARNING: [Synth 8-7080] Parallel synthesis criteria is not met
WARNING: [Synth 8-7129] Port s02_axi_araddr[1] in module system_datamemIP_0_0 is either unconnected or has no load
WARNING: [Synth 8-7129] Port s02_axi_araddr[0] in module system_datamemIP_0_0 is either unconnected or has no load
WARNING: [Synth 8-7129] Port address[31] in module system_datamemIP_0_0 is either unconnected or has no load
WARNING: [Synth 8-7129] Port address[30] in module system_datamemIP_0_0 is either unconnected or has no load
WARNING: [Synth 8-7129] Port address[29] in module system_datamemIP_0_0 is either unconnected or has no load
WARNING: [Synth 8-7129] Port address[28] in module system_datamemIP_0_0 is either unconnected or has no load
WARNING: [Synth 8-7129] Port address[27] in module system_datamemIP_0_0 is either unconnected or has no load
WARNING: [Synth 8-7129] Port address[26] in module system_datamemIP_0_0 is either unconnected or has no load
WARNING: [Synth 8-7129] Port address[25] in module system_datamemIP_0_0 is either unconnected or has no load
WARNING: [Synth 8-7129] Port address[24] in module system_datamemIP_0_0 is either unconnected or has no load
WARNING: [Synth 8-7129] Port address[23] in module system_datamemIP_0_0 is either unconnected or has no load
WARNING: [Synth 8-7129] Port address[22] in module system_datamemIP_0_0 is either unconnected or has no load
WARNING: [Synth 8-7129] Port address[21] in module system_datamemIP_0_0 is either unconnected or has no load
WARNING: [Synth 8-7129] Port address[20] in module system_datamemIP_0_0 is either unconnected or has no load
WARNING: [Synth 8-7129] Port address[19] in module system_datamemIP_0_0 is either unconnected or has no load
WARNING: [Synth 8-7129] Port address[18] in module system_datamemIP_0_0 is either unconnected or has no load
WARNING: [Synth 8-7129] Port address[17] in module system_datamemIP_0_0 is either unconnected or has no load
WARNING: [Synth 8-7129] Port address[16] in module system_datamemIP_0_0 is either unconnected or has no load
WARNING: [Synth 8-7129] Port address[15] in module system_datamemIP_0_0 is either unconnected or has no load
WARNING: [Synth 8-7129] Port address[14] in module system_datamemIP_0_0 is either unconnected or has no load
WARNING: [Synth 8-7129] Port address[1] in module system_datamemIP_0_0 is either unconnected or has no load
WARNING: [Synth 8-7129] Port address[0] in module system_datamemIP_0_0 is either unconnected or has no load
WARNING: [Synth 8-6849] Infeasible attribute ram_style = "block" set for RAM "system_datamemIP_0_0/U0/ram_mem_reg",trying to implement using LUTRAM
WARNING: [Synth 8-6849] Infeasible attribute ram_style = "block" set for RAM "system_datamemIP_0_0/U0/ram_mem_reg",trying to implement using LUTRAM
WARNING: [Synth 8-6849] Infeasible attribute ram_style = "block" set for RAM "system_datamemIP_0_0/U0/ram_mem_reg",trying to implement using LUTRAM
WARNING: [Synth 8-6849] Infeasible attribute ram_style = "block" set for RAM "system_datamemIP_0_0/U0/ram_mem_reg",trying to implement using LUTRAM
---------------------------------------------------------------------------------
Finished Cross Boundary and Area Optimization : Time (s): cpu = 00:00:44 ; elapsed = 00:00:51 . Memory (MB): peak = 2415.887 ; gain = 589.629
---------------------------------------------------------------------------------
---------------------------------------------------------------------------------
Start ROM, RAM, DSP, Shift Register and Retiming Reporting
---------------------------------------------------------------------------------

Distributed RAM: Preliminary Mapping Report (see note below)
+---------------------+----------------+-----------+----------------------+-------------------+
|Module Name          | RTL Object     | Inference | Size (Depth x Width) | Primitives        | 
+---------------------+----------------+-----------+----------------------+-------------------+
|system_datamemIP_0_0 | U0/ram_mem_reg | Implied   | 4 K x 32             | RAM128X1D x 1024  | 
+---------------------+----------------+-----------+----------------------+-------------------+

Note: The table above is a preliminary report that shows the Distributed RAMs at the current stage of the synthesis flow. Some Distributed RAMs may be reimplemented as non Distributed RAM primitives later in the synthesis flow. Multiple instantiated RAMs are reported only once.
---------------------------------------------------------------------------------
Finished ROM, RAM, DSP, Shift Register and Retiming Reporting
---------------------------------------------------------------------------------
---------------------------------------------------------------------------------
Start Applying XDC Timing Constraints
---------------------------------------------------------------------------------
---------------------------------------------------------------------------------
Finished Applying XDC Timing Constraints : Time (s): cpu = 00:00:58 ; elapsed = 00:01:05 . Memory (MB): peak = 2415.887 ; gain = 589.629
---------------------------------------------------------------------------------
---------------------------------------------------------------------------------
Start Timing Optimization
---------------------------------------------------------------------------------
---------------------------------------------------------------------------------
Finished Timing Optimization : Time (s): cpu = 00:00:58 ; elapsed = 00:01:05 . Memory (MB): peak = 2415.887 ; gain = 589.629
---------------------------------------------------------------------------------
---------------------------------------------------------------------------------
Start ROM, RAM, DSP, Shift Register and Retiming Reporting
---------------------------------------------------------------------------------

Distributed RAM: Final Mapping Report
+---------------------+----------------+-----------+----------------------+-------------------+
|Module Name          | RTL Object     | Inference | Size (Depth x Width) | Primitives        | 
+---------------------+----------------+-----------+----------------------+-------------------+
|system_datamemIP_0_0 | U0/ram_mem_reg | Implied   | 4 K x 32             | RAM128X1D x 1024  | 
+---------------------+----------------+-----------+----------------------+-------------------+

---------------------------------------------------------------------------------
Finished ROM, RAM, DSP, Shift Register and Retiming Reporting
---------------------------------------------------------------------------------
---------------------------------------------------------------------------------
Start Technology Mapping
---------------------------------------------------------------------------------
---------------------------------------------------------------------------------
Finished Technology Mapping : Time (s): cpu = 00:00:59 ; elapsed = 00:01:06 . Memory (MB): peak = 2415.887 ; gain = 589.629
---------------------------------------------------------------------------------
---------------------------------------------------------------------------------
Start IO Insertion
---------------------------------------------------------------------------------
---------------------------------------------------------------------------------
Start Flattening Before IO Insertion
---------------------------------------------------------------------------------
---------------------------------------------------------------------------------
Finished Flattening Before IO Insertion
---------------------------------------------------------------------------------
---------------------------------------------------------------------------------
Start Final Netlist Cleanup
---------------------------------------------------------------------------------
---------------------------------------------------------------------------------
Finished Final Netlist Cleanup
---------------------------------------------------------------------------------
---------------------------------------------------------------------------------
Finished IO Insertion : Time (s): cpu = 00:01:11 ; elapsed = 00:01:19 . Memory (MB): peak = 2415.887 ; gain = 589.629
---------------------------------------------------------------------------------
---------------------------------------------------------------------------------
Start Renaming Generated Instances
---------------------------------------------------------------------------------
---------------------------------------------------------------------------------
Finished Renaming Generated Instances : Time (s): cpu = 00:01:11 ; elapsed = 00:01:19 . Memory (MB): peak = 2415.887 ; gain = 589.629
---------------------------------------------------------------------------------
---------------------------------------------------------------------------------
Start Rebuilding User Hierarchy
---------------------------------------------------------------------------------
---------------------------------------------------------------------------------
Finished Rebuilding User Hierarchy : Time (s): cpu = 00:01:11 ; elapsed = 00:01:19 . Memory (MB): peak = 2415.887 ; gain = 589.629
---------------------------------------------------------------------------------
---------------------------------------------------------------------------------
Start Renaming Generated Ports
---------------------------------------------------------------------------------
---------------------------------------------------------------------------------
Finished Renaming Generated Ports : Time (s): cpu = 00:01:11 ; elapsed = 00:01:19 . Memory (MB): peak = 2415.887 ; gain = 589.629
---------------------------------------------------------------------------------
---------------------------------------------------------------------------------
Start Handling Custom Attributes
---------------------------------------------------------------------------------
---------------------------------------------------------------------------------
Finished Handling Custom Attributes : Time (s): cpu = 00:01:11 ; elapsed = 00:01:19 . Memory (MB): peak = 2415.887 ; gain = 589.629
---------------------------------------------------------------------------------
---------------------------------------------------------------------------------
Start Renaming Generated Nets
---------------------------------------------------------------------------------
---------------------------------------------------------------------------------
Finished Renaming Generated Nets : Time (s): cpu = 00:01:11 ; elapsed = 00:01:19 . Memory (MB): peak = 2415.887 ; gain = 589.629
---------------------------------------------------------------------------------
---------------------------------------------------------------------------------
Start Writing Synthesis Report
---------------------------------------------------------------------------------

Report BlackBoxes: 
+-+--------------+----------+
| |BlackBox name |Instances |
+-+--------------+----------+
+-+--------------+----------+

Report Cell Usage: 
+------+----------+------+
|      |Cell      |Count |
+------+----------+------+
|1     |LUT1      |     1|
|2     |LUT2      |     1|
|3     |LUT3      |     1|
|4     |LUT5      |     2|
|5     |LUT6      |   608|
|6     |MUXF7     |   256|
|7     |MUXF8     |    32|
|8     |RAM128X1D |  1024|
|9     |FDRE      |    34|
+------+----------+------+
---------------------------------------------------------------------------------
Finished Writing Synthesis Report : Time (s): cpu = 00:01:11 ; elapsed = 00:01:19 . Memory (MB): peak = 2415.887 ; gain = 589.629
---------------------------------------------------------------------------------
Synthesis finished with 0 errors, 0 critical warnings and 27 warnings.
Synthesis Optimization Runtime : Time (s): cpu = 00:00:49 ; elapsed = 00:01:14 . Memory (MB): peak = 2415.887 ; gain = 525.457
Synthesis Optimization Complete : Time (s): cpu = 00:01:11 ; elapsed = 00:01:19 . Memory (MB): peak = 2415.887 ; gain = 589.629
INFO: [Project 1-571] Translating synthesized netlist
Netlist sorting complete. Time (s): cpu = 00:00:00 ; elapsed = 00:00:00.092 . Memory (MB): peak = 2415.887 ; gain = 0.000
INFO: [Netlist 29-17] Analyzing 1312 Unisim elements for replacement
INFO: [Netlist 29-28] Unisim Transformation completed in 2 CPU seconds
WARNING: [Netlist 29-101] Netlist 'system_datamemIP_0_0' is not ideal for floorplanning, since the cellview 'datamemIP' contains a large number of primitives.  Please consider enabling hierarchy in synthesis if you want to do floorplanning.
INFO: [Project 1-570] Preparing netlist for logic optimization
INFO: [Opt 31-138] Pushed 0 inverter(s) to 0 load pin(s).
Netlist sorting complete. Time (s): cpu = 00:00:00 ; elapsed = 00:00:00.011 . Memory (MB): peak = 2415.887 ; gain = 0.000
INFO: [Project 1-111] Unisim Transformation Summary:
  A total of 1024 instances were transformed.
  RAM128X1D => RAM128X1D (MUXF7(x2), RAMD64E(x4)): 1024 instances

Synth Design complete | Checksum: 79bccf7e
INFO: [Common 17-83] Releasing license: Synthesis
28 Infos, 52 Warnings, 0 Critical Warnings and 0 Errors encountered.
synth_design completed successfully
synth_design: Time (s): cpu = 00:01:26 ; elapsed = 00:01:36 . Memory (MB): peak = 2415.887 ; gain = 994.367
INFO: [Common 17-1381] The checkpoint 'C:/Users/Chris/Desktop/RiscV-NPU-DualCore/Z7-RV-NPU/hw/hw.runs/system_datamemIP_0_0_synth_1/system_datamemIP_0_0.dcp' has been generated.
INFO: [runtcl-4] Executing : report_utilization -file system_datamemIP_0_0_utilization_synth.rpt -pb system_datamemIP_0_0_utilization_synth.pb
INFO: [Common 17-206] Exiting Vivado at Fri Mar 21 16:50:53 2025...
