
*** Running vivado
    with args -log instructionmemIP.vds -m64 -product Vivado -mode batch -messageDb vivado.pb -notrace -source instructionmemIP.tcl



****** Vivado v2024.2 (64-bit)
  **** SW Build 5239630 on Fri Nov 08 22:35:27 MST 2024
  **** IP Build 5239520 on Sun Nov 10 16:12:51 MST 2024
  **** SharedData Build 5239561 on Fri Nov 08 14:39:27 MST 2024
  **** Start of session at: Mon Apr 28 23:38:19 2025
    ** Copyright 1986-2022 Xilinx, Inc. All Rights Reserved.
    ** Copyright 2022-2024 Advanced Micro Devices, Inc. All Rights Reserved.

source instructionmemIP.tcl -notrace
WARNING: [Common 17-1361] You have specified a new message control rule that is equivalent to an existing rule with attributes ' -id {17-179}  -suppress '. The existing rule will be replaced.
WARNING: [Common 17-1361] You have specified a new message control rule that is equivalent to an existing rule with attributes ' -id {17-179}  -suppress '. The existing rule will be replaced.
WARNING: [Common 17-1361] You have specified a new message control rule that is equivalent to an existing rule with attributes ' -id {17-179}  -suppress '. The existing rule will be replaced.
WARNING: [Common 17-1361] You have specified a new message control rule that is equivalent to an existing rule with attributes ' -id {17-179}  -suppress '. The existing rule will be replaced.
WARNING: [Common 17-1361] You have specified a new message control rule that is equivalent to an existing rule with attributes ' -id {17-179}  -suppress '. The existing rule will be replaced.
WARNING: [Common 17-1361] You have specified a new message control rule that is equivalent to an existing rule with attributes ' -id {17-179}  -suppress '. The existing rule will be replaced.
WARNING: [Common 17-1361] You have specified a new message control rule that is equivalent to an existing rule with attributes ' -id {17-179}  -suppress '. The existing rule will be replaced.
create_project: Time (s): cpu = 00:00:06 ; elapsed = 00:00:08 . Memory (MB): peak = 483.898 ; gain = 154.125
INFO: [IP_Flow 19-234] Refreshing IP repositories
INFO: [IP_Flow 19-1700] Loaded user IP repository 'c:/Users/Chris/Desktop/RiscV-NPU-DualCore/ip_repo/myip_1_0'.
INFO: [IP_Flow 19-1700] Loaded user IP repository 'c:/Users/Chris/Desktop/RiscV-NPU-DualCore/ip_repo/registerIP_1_0'.
WARNING: [IP_Flow 19-2207] Repository 'c:/Users/Chris/Desktop/RiscV-NPU-DualCore/ip_repo/registerIP_1_0' already exists; ignoring attempt to add it again.
INFO: [IP_Flow 19-1700] Loaded user IP repository 'c:/Users/Chris/Desktop/RiscV-NPU-DualCore/ip_repo/registerIP_1_0'.
INFO: [IP_Flow 19-1700] Loaded user IP repository 'c:/Users/Chris/Desktop/RiscV-NPU-DualCore/ip_repo/bramIP_1_0'.
INFO: [IP_Flow 19-1700] Loaded user IP repository 'c:/Users/Chris/Desktop/RiscV-NPU-DualCore/ip_repo/controlsubsystemIP_1_0'.
INFO: [IP_Flow 19-1700] Loaded user IP repository 'c:/Users/Chris/Desktop/RiscV-NPU-DualCore/ip_repo/instructionmemIP_1_0'.
WARNING: [IP_Flow 19-2207] Repository 'c:/Users/Chris/Desktop/RiscV-NPU-DualCore/ip_repo/registerIP_1_0' already exists; ignoring attempt to add it again.
INFO: [IP_Flow 19-1700] Loaded user IP repository 'c:/Users/Chris/Desktop/RiscV-NPU-DualCore/ip_repo/registerIP_1_0'.
INFO: [IP_Flow 19-1700] Loaded user IP repository 'c:/Users/Chris/Desktop/RiscV-NPU-DualCore/ip_repo/datamemIP_1_0'.
WARNING: [IP_Flow 19-2207] Repository 'c:/Users/Chris/Desktop/RiscV-NPU-DualCore/ip_repo/controlsubsystemIP_1_0' already exists; ignoring attempt to add it again.
INFO: [IP_Flow 19-1700] Loaded user IP repository 'c:/Users/Chris/Desktop/RiscV-NPU-DualCore/ip_repo/controlsubsystemIP_1_0'.
WARNING: [IP_Flow 19-2207] Repository 'c:/Users/Chris/Desktop/RiscV-NPU-DualCore/ip_repo/controlsubsystemIP_1_0' already exists; ignoring attempt to add it again.
INFO: [IP_Flow 19-1700] Loaded user IP repository 'c:/Users/Chris/Desktop/RiscV-NPU-DualCore/ip_repo/controlsubsystemIP_1_0'.
WARNING: [IP_Flow 19-2207] Repository 'c:/Users/Chris/Desktop/RiscV-NPU-DualCore/ip_repo/controlsubsystemIP_1_0' already exists; ignoring attempt to add it again.
INFO: [IP_Flow 19-1700] Loaded user IP repository 'c:/Users/Chris/Desktop/RiscV-NPU-DualCore/ip_repo/controlsubsystemIP_1_0'.
WARNING: [IP_Flow 19-2207] Repository 'c:/Users/Chris/Desktop/RiscV-NPU-DualCore/ip_repo/registerIP_1_0' already exists; ignoring attempt to add it again.
INFO: [IP_Flow 19-1700] Loaded user IP repository 'c:/Users/Chris/Desktop/RiscV-NPU-DualCore/ip_repo/registerIP_1_0'.
WARNING: [IP_Flow 19-2207] Repository 'c:/Users/Chris/Desktop/RiscV-NPU-DualCore/ip_repo/datamemIP_1_0' already exists; ignoring attempt to add it again.
INFO: [IP_Flow 19-1700] Loaded user IP repository 'c:/Users/Chris/Desktop/RiscV-NPU-DualCore/ip_repo/datamemIP_1_0'.
WARNING: [IP_Flow 19-2207] Repository 'c:/Users/Chris/Desktop/RiscV-NPU-DualCore/ip_repo/datamemIP_1_0' already exists; ignoring attempt to add it again.
INFO: [IP_Flow 19-1700] Loaded user IP repository 'c:/Users/Chris/Desktop/RiscV-NPU-DualCore/ip_repo/datamemIP_1_0'.
WARNING: [IP_Flow 19-2207] Repository 'c:/Users/Chris/Desktop/RiscV-NPU-DualCore/ip_repo/datamemIP_1_0' already exists; ignoring attempt to add it again.
INFO: [IP_Flow 19-1700] Loaded user IP repository 'c:/Users/Chris/Desktop/RiscV-NPU-DualCore/ip_repo/datamemIP_1_0'.
WARNING: [IP_Flow 19-2207] Repository 'c:/Users/Chris/Desktop/RiscV-NPU-DualCore/ip_repo/instructionmemIP_1_0' already exists; ignoring attempt to add it again.
INFO: [IP_Flow 19-1700] Loaded user IP repository 'c:/Users/Chris/Desktop/RiscV-NPU-DualCore/ip_repo/instructionmemIP_1_0'.
WARNING: [IP_Flow 19-2207] Repository 'c:/Users/Chris/Desktop/RiscV-NPU-DualCore/ip_repo/registerIP_1_0' already exists; ignoring attempt to add it again.
INFO: [IP_Flow 19-1700] Loaded user IP repository 'c:/Users/Chris/Desktop/RiscV-NPU-DualCore/ip_repo/registerIP_1_0'.
WARNING: [IP_Flow 19-2207] Repository 'c:/Users/Chris/Desktop/RiscV-NPU-DualCore/ip_repo/registerIP_1_0' already exists; ignoring attempt to add it again.
INFO: [IP_Flow 19-1700] Loaded user IP repository 'c:/Users/Chris/Desktop/RiscV-NPU-DualCore/ip_repo/registerIP_1_0'.
WARNING: [IP_Flow 19-2207] Repository 'c:/Users/Chris/Desktop/RiscV-NPU-DualCore/ip_repo/registerIP_1_0' already exists; ignoring attempt to add it again.
INFO: [IP_Flow 19-1700] Loaded user IP repository 'c:/Users/Chris/Desktop/RiscV-NPU-DualCore/ip_repo/registerIP_1_0'.
INFO: [IP_Flow 19-2313] Loaded Vivado IP repository 'F:/Vivado/2024.2/data/ip'.
WARNING: [IP_Flow 19-4995] The host OS only allows 260 characters in a normal path. The IP cache path is more than 80 characters. If you experience issues with IP caching, please consider changing the IP cache to a location with a shorter path. Alternately consider using the OS subst command to map part of the path to a drive letter. 
Current IP cache path is c:/users/chris/desktop/riscv-npu-dualcore/riscv32i_zynqcore/riscv32i_zynqcore.tmp/instructionmemip_v1_0_project/instructionmemIP_v1_0_project.cache/ip 
Command: synth_design -top instructionmemIP -part xc7z007sclg225-1
Starting synth_design
Attempting to get a license for feature 'Synthesis' and/or device 'xc7z007s'
INFO: [Common 17-349] Got license for feature 'Synthesis' and/or device 'xc7z007s'
INFO: [Synth 8-7079] Multithreading enabled for synth_design using a maximum of 2 processes.
INFO: [Synth 8-7078] Launching helper process for spawning children vivado processes
WARNING: [Common 17-1361] You have specified a new message control rule that is equivalent to an existing rule with attributes ' -id {17-179}  -suppress '. The existing rule will be replaced.
INFO: [Synth 8-7075] Helper process launched with PID 17640
---------------------------------------------------------------------------------
Starting Synthesize : Time (s): cpu = 00:00:07 ; elapsed = 00:00:08 . Memory (MB): peak = 966.000 ; gain = 476.293
---------------------------------------------------------------------------------
INFO: [Synth 8-638] synthesizing module 'instructionmemIP' [c:/Users/Chris/Desktop/RiscV-NPU-DualCore/ip_repo/instructionmemIP_1_0/hdl/instructionmemIP.vhd:45]
INFO: [Synth 8-256] done synthesizing module 'instructionmemIP' (0#1) [c:/Users/Chris/Desktop/RiscV-NPU-DualCore/ip_repo/instructionmemIP_1_0/hdl/instructionmemIP.vhd:45]
WARNING: [Synth 8-6014] Unused sequential element instr_out_reg was removed.  [c:/Users/Chris/Desktop/RiscV-NPU-DualCore/ip_repo/instructionmemIP_1_0/hdl/instructionmemIP.vhd:145]
WARNING: [Synth 8-3917] design instructionmemIP has port s00_axi_bresp[1] driven by constant 0
WARNING: [Synth 8-3917] design instructionmemIP has port s00_axi_bresp[0] driven by constant 0
WARNING: [Synth 8-3917] design instructionmemIP has port s00_axi_rresp[1] driven by constant 0
WARNING: [Synth 8-3917] design instructionmemIP has port s00_axi_rresp[0] driven by constant 0
WARNING: [Synth 8-7129] Port s00_axi_awaddr[15] in module instructionmemIP is either unconnected or has no load
WARNING: [Synth 8-7129] Port s00_axi_awaddr[14] in module instructionmemIP is either unconnected or has no load
WARNING: [Synth 8-7129] Port s00_axi_awaddr[13] in module instructionmemIP is either unconnected or has no load
WARNING: [Synth 8-7129] Port s00_axi_awaddr[12] in module instructionmemIP is either unconnected or has no load
WARNING: [Synth 8-7129] Port s00_axi_awaddr[11] in module instructionmemIP is either unconnected or has no load
WARNING: [Synth 8-7129] Port s00_axi_awaddr[1] in module instructionmemIP is either unconnected or has no load
WARNING: [Synth 8-7129] Port s00_axi_awaddr[0] in module instructionmemIP is either unconnected or has no load
WARNING: [Synth 8-7129] Port s00_axi_awprot[2] in module instructionmemIP is either unconnected or has no load
WARNING: [Synth 8-7129] Port s00_axi_awprot[1] in module instructionmemIP is either unconnected or has no load
WARNING: [Synth 8-7129] Port s00_axi_awprot[0] in module instructionmemIP is either unconnected or has no load
WARNING: [Synth 8-7129] Port s00_axi_araddr[15] in module instructionmemIP is either unconnected or has no load
WARNING: [Synth 8-7129] Port s00_axi_araddr[14] in module instructionmemIP is either unconnected or has no load
WARNING: [Synth 8-7129] Port s00_axi_araddr[13] in module instructionmemIP is either unconnected or has no load
WARNING: [Synth 8-7129] Port s00_axi_araddr[12] in module instructionmemIP is either unconnected or has no load
WARNING: [Synth 8-7129] Port s00_axi_araddr[11] in module instructionmemIP is either unconnected or has no load
WARNING: [Synth 8-7129] Port s00_axi_araddr[1] in module instructionmemIP is either unconnected or has no load
WARNING: [Synth 8-7129] Port s00_axi_araddr[0] in module instructionmemIP is either unconnected or has no load
WARNING: [Synth 8-7129] Port s00_axi_arprot[2] in module instructionmemIP is either unconnected or has no load
WARNING: [Synth 8-7129] Port s00_axi_arprot[1] in module instructionmemIP is either unconnected or has no load
WARNING: [Synth 8-7129] Port s00_axi_arprot[0] in module instructionmemIP is either unconnected or has no load
---------------------------------------------------------------------------------
Finished Synthesize : Time (s): cpu = 00:00:09 ; elapsed = 00:00:10 . Memory (MB): peak = 1072.188 ; gain = 582.480
---------------------------------------------------------------------------------
---------------------------------------------------------------------------------
Finished Constraint Validation : Time (s): cpu = 00:00:10 ; elapsed = 00:00:11 . Memory (MB): peak = 1072.188 ; gain = 582.480
---------------------------------------------------------------------------------
---------------------------------------------------------------------------------
Start Loading Part and Timing Information
---------------------------------------------------------------------------------
Loading part: xc7z007sclg225-1
---------------------------------------------------------------------------------
INFO: [Device 21-403] Loading part xc7z007sclg225-1
Finished Loading Part and Timing Information : Time (s): cpu = 00:00:10 ; elapsed = 00:00:11 . Memory (MB): peak = 1072.188 ; gain = 582.480
---------------------------------------------------------------------------------
---------------------------------------------------------------------------------
Finished RTL Optimization Phase 2 : Time (s): cpu = 00:00:10 ; elapsed = 00:00:11 . Memory (MB): peak = 1072.188 ; gain = 582.480
---------------------------------------------------------------------------------
No constraint files found.
---------------------------------------------------------------------------------
Start RTL Component Statistics 
---------------------------------------------------------------------------------
Detailed RTL Component Info : 
+---Registers : 
	               32 Bit    Registers := 1     
	                1 Bit    Registers := 5     
+---RAMs : 
	              16K Bit	(512 X 32 bit)          RAMs := 1     
+---Muxes : 
	   5 Input   32 Bit        Muxes := 2     
	   2 Input   32 Bit        Muxes := 5     
	   2 Input    8 Bit        Muxes := 1     
	   2 Input    1 Bit        Muxes := 2     
	   5 Input    1 Bit        Muxes := 1     
---------------------------------------------------------------------------------
Finished RTL Component Statistics 
---------------------------------------------------------------------------------
---------------------------------------------------------------------------------
Start Part Resource Summary
---------------------------------------------------------------------------------
Part Resources:
DSPs: 66 (col length:40)
BRAMs: 100 (col length: RAMB18 40 RAMB36 20)
---------------------------------------------------------------------------------
Finished Part Resource Summary
---------------------------------------------------------------------------------
No constraint files found.
---------------------------------------------------------------------------------
Start Cross Boundary and Area Optimization
---------------------------------------------------------------------------------
WARNING: [Synth 8-7080] Parallel synthesis criteria is not met
WARNING: [Synth 8-3917] design instructionmemIP has port s00_axi_bresp[1] driven by constant 0
WARNING: [Synth 8-3917] design instructionmemIP has port s00_axi_bresp[0] driven by constant 0
WARNING: [Synth 8-3917] design instructionmemIP has port s00_axi_rresp[1] driven by constant 0
WARNING: [Synth 8-3917] design instructionmemIP has port s00_axi_rresp[0] driven by constant 0
WARNING: [Synth 8-7129] Port s00_axi_awaddr[15] in module instructionmemIP is either unconnected or has no load
WARNING: [Synth 8-7129] Port s00_axi_awaddr[14] in module instructionmemIP is either unconnected or has no load
WARNING: [Synth 8-7129] Port s00_axi_awaddr[13] in module instructionmemIP is either unconnected or has no load
WARNING: [Synth 8-7129] Port s00_axi_awaddr[12] in module instructionmemIP is either unconnected or has no load
WARNING: [Synth 8-7129] Port s00_axi_awaddr[11] in module instructionmemIP is either unconnected or has no load
WARNING: [Synth 8-7129] Port s00_axi_awaddr[1] in module instructionmemIP is either unconnected or has no load
WARNING: [Synth 8-7129] Port s00_axi_awaddr[0] in module instructionmemIP is either unconnected or has no load
WARNING: [Synth 8-7129] Port s00_axi_awprot[2] in module instructionmemIP is either unconnected or has no load
WARNING: [Synth 8-7129] Port s00_axi_awprot[1] in module instructionmemIP is either unconnected or has no load
WARNING: [Synth 8-7129] Port s00_axi_awprot[0] in module instructionmemIP is either unconnected or has no load
WARNING: [Synth 8-7129] Port s00_axi_araddr[15] in module instructionmemIP is either unconnected or has no load
WARNING: [Synth 8-7129] Port s00_axi_araddr[14] in module instructionmemIP is either unconnected or has no load
WARNING: [Synth 8-7129] Port s00_axi_araddr[13] in module instructionmemIP is either unconnected or has no load
WARNING: [Synth 8-7129] Port s00_axi_araddr[12] in module instructionmemIP is either unconnected or has no load
WARNING: [Synth 8-7129] Port s00_axi_araddr[11] in module instructionmemIP is either unconnected or has no load
WARNING: [Synth 8-7129] Port s00_axi_araddr[1] in module instructionmemIP is either unconnected or has no load
WARNING: [Synth 8-7129] Port s00_axi_araddr[0] in module instructionmemIP is either unconnected or has no load
WARNING: [Synth 8-7129] Port s00_axi_arprot[2] in module instructionmemIP is either unconnected or has no load
WARNING: [Synth 8-7129] Port s00_axi_arprot[1] in module instructionmemIP is either unconnected or has no load
WARNING: [Synth 8-7129] Port s00_axi_arprot[0] in module instructionmemIP is either unconnected or has no load
---------------------------------------------------------------------------------
Finished Cross Boundary and Area Optimization : Time (s): cpu = 00:00:15 ; elapsed = 00:00:25 . Memory (MB): peak = 1270.695 ; gain = 780.988
---------------------------------------------------------------------------------
---------------------------------------------------------------------------------
Start ROM, RAM, DSP, Shift Register and Retiming Reporting
---------------------------------------------------------------------------------

Distributed RAM: Preliminary Mapping Report (see note below)
+-----------------+------------+-----------+----------------------+------------------+
|Module Name      | RTL Object | Inference | Size (Depth x Width) | Primitives       | 
+-----------------+------------+-----------+----------------------+------------------+
|instructionmemIP | RAM_reg    | Implied   | 512 x 32             | RAM128X1D x 256  | 
+-----------------+------------+-----------+----------------------+------------------+

Note: The table above is a preliminary report that shows the Distributed RAMs at the current stage of the synthesis flow. Some Distributed RAMs may be reimplemented as non Distributed RAM primitives later in the synthesis flow. Multiple instantiated RAMs are reported only once.
---------------------------------------------------------------------------------
Finished ROM, RAM, DSP, Shift Register and Retiming Reporting
---------------------------------------------------------------------------------
No constraint files found.
---------------------------------------------------------------------------------
Start Timing Optimization
---------------------------------------------------------------------------------
---------------------------------------------------------------------------------
Finished Timing Optimization : Time (s): cpu = 00:00:15 ; elapsed = 00:00:25 . Memory (MB): peak = 1277.016 ; gain = 787.309
---------------------------------------------------------------------------------
---------------------------------------------------------------------------------
Start ROM, RAM, DSP, Shift Register and Retiming Reporting
---------------------------------------------------------------------------------

Distributed RAM: Final Mapping Report
+-----------------+------------+-----------+----------------------+------------------+
|Module Name      | RTL Object | Inference | Size (Depth x Width) | Primitives       | 
+-----------------+------------+-----------+----------------------+------------------+
|instructionmemIP | RAM_reg    | Implied   | 512 x 32             | RAM128X1D x 256  | 
+-----------------+------------+-----------+----------------------+------------------+

---------------------------------------------------------------------------------
Finished ROM, RAM, DSP, Shift Register and Retiming Reporting
---------------------------------------------------------------------------------
---------------------------------------------------------------------------------
Start Technology Mapping
---------------------------------------------------------------------------------
---------------------------------------------------------------------------------
Finished Technology Mapping : Time (s): cpu = 00:00:15 ; elapsed = 00:00:25 . Memory (MB): peak = 1277.016 ; gain = 787.309
---------------------------------------------------------------------------------
---------------------------------------------------------------------------------
Start IO Insertion
---------------------------------------------------------------------------------
---------------------------------------------------------------------------------
Start Flattening Before IO Insertion
---------------------------------------------------------------------------------
---------------------------------------------------------------------------------
Finished Flattening Before IO Insertion
---------------------------------------------------------------------------------
---------------------------------------------------------------------------------
Start Final Netlist Cleanup
---------------------------------------------------------------------------------
---------------------------------------------------------------------------------
Finished Final Netlist Cleanup
---------------------------------------------------------------------------------
---------------------------------------------------------------------------------
Finished IO Insertion : Time (s): cpu = 00:00:20 ; elapsed = 00:00:31 . Memory (MB): peak = 1476.078 ; gain = 986.371
---------------------------------------------------------------------------------
---------------------------------------------------------------------------------
Start Renaming Generated Instances
---------------------------------------------------------------------------------
---------------------------------------------------------------------------------
Finished Renaming Generated Instances : Time (s): cpu = 00:00:20 ; elapsed = 00:00:31 . Memory (MB): peak = 1476.078 ; gain = 986.371
---------------------------------------------------------------------------------
---------------------------------------------------------------------------------
Start Rebuilding User Hierarchy
---------------------------------------------------------------------------------
---------------------------------------------------------------------------------
Finished Rebuilding User Hierarchy : Time (s): cpu = 00:00:20 ; elapsed = 00:00:31 . Memory (MB): peak = 1476.078 ; gain = 986.371
---------------------------------------------------------------------------------
---------------------------------------------------------------------------------
Start Renaming Generated Ports
---------------------------------------------------------------------------------
---------------------------------------------------------------------------------
Finished Renaming Generated Ports : Time (s): cpu = 00:00:20 ; elapsed = 00:00:31 . Memory (MB): peak = 1476.078 ; gain = 986.371
---------------------------------------------------------------------------------
---------------------------------------------------------------------------------
Start Handling Custom Attributes
---------------------------------------------------------------------------------
---------------------------------------------------------------------------------
Finished Handling Custom Attributes : Time (s): cpu = 00:00:20 ; elapsed = 00:00:31 . Memory (MB): peak = 1476.078 ; gain = 986.371
---------------------------------------------------------------------------------
---------------------------------------------------------------------------------
Start Renaming Generated Nets
---------------------------------------------------------------------------------
---------------------------------------------------------------------------------
Finished Renaming Generated Nets : Time (s): cpu = 00:00:20 ; elapsed = 00:00:31 . Memory (MB): peak = 1476.078 ; gain = 986.371
---------------------------------------------------------------------------------
---------------------------------------------------------------------------------
Start Writing Synthesis Report
---------------------------------------------------------------------------------

Report BlackBoxes: 
+-+--------------+----------+
| |BlackBox name |Instances |
+-+--------------+----------+
+-+--------------+----------+

Report Cell Usage: 
+------+----------+------+
|      |Cell      |Count |
+------+----------+------+
|1     |BUFG      |     1|
|2     |LUT1      |     1|
|3     |LUT2      |     3|
|4     |LUT3      |     2|
|5     |LUT4      |     5|
|6     |LUT5      |    32|
|7     |LUT6      |    80|
|8     |RAM128X1D |   256|
|9     |FDRE      |    37|
|10    |IBUF      |    77|
|11    |OBUF      |    73|
+------+----------+------+

Report Instance Areas: 
+------+---------+-------+------+
|      |Instance |Module |Cells |
+------+---------+-------+------+
|1     |top      |       |   567|
+------+---------+-------+------+
---------------------------------------------------------------------------------
Finished Writing Synthesis Report : Time (s): cpu = 00:00:20 ; elapsed = 00:00:31 . Memory (MB): peak = 1476.078 ; gain = 986.371
---------------------------------------------------------------------------------
Synthesis finished with 0 errors, 0 critical warnings and 51 warnings.
Synthesis Optimization Runtime : Time (s): cpu = 00:00:20 ; elapsed = 00:00:31 . Memory (MB): peak = 1476.078 ; gain = 986.371
Synthesis Optimization Complete : Time (s): cpu = 00:00:20 ; elapsed = 00:00:31 . Memory (MB): peak = 1476.078 ; gain = 986.371
INFO: [Project 1-571] Translating synthesized netlist
Netlist sorting complete. Time (s): cpu = 00:00:00 ; elapsed = 00:00:00.013 . Memory (MB): peak = 1492.113 ; gain = 0.000
INFO: [Netlist 29-17] Analyzing 256 Unisim elements for replacement
INFO: [Netlist 29-28] Unisim Transformation completed in 0 CPU seconds
INFO: [Project 1-570] Preparing netlist for logic optimization
INFO: [Opt 31-138] Pushed 0 inverter(s) to 0 load pin(s).
Netlist sorting complete. Time (s): cpu = 00:00:00 ; elapsed = 00:00:00 . Memory (MB): peak = 1608.527 ; gain = 0.000
INFO: [Project 1-111] Unisim Transformation Summary:
  A total of 256 instances were transformed.
  RAM128X1D => RAM128X1D (MUXF7(x2), RAMD64E(x4)): 256 instances

Synth Design complete | Checksum: 57dcfe95
INFO: [Common 17-83] Releasing license: Synthesis
35 Infos, 72 Warnings, 0 Critical Warnings and 0 Errors encountered.
synth_design completed successfully
synth_design: Time (s): cpu = 00:00:23 ; elapsed = 00:00:36 . Memory (MB): peak = 1608.527 ; gain = 1123.633
Write ShapeDB Complete: Time (s): cpu = 00:00:00 ; elapsed = 00:00:00.008 . Memory (MB): peak = 1608.527 ; gain = 0.000
INFO: [Common 17-1381] The checkpoint 'c:/Users/Chris/Desktop/RiscV-NPU-DualCore/RISCV32I_ZYNQCORE/RISCV32I_ZYNQCORE.tmp/instructionmemip_v1_0_project/instructionmemIP_v1_0_project.runs/synth_1/instructionmemIP.dcp' has been generated.
INFO: [Vivado 12-24828] Executing command : report_utilization -file instructionmemIP_utilization_synth.rpt -pb instructionmemIP_utilization_synth.pb
INFO: [Common 17-206] Exiting Vivado at Mon Apr 28 23:39:24 2025...
