
*** Running vivado
    with args -log datamemIP.vds -m64 -product Vivado -mode batch -messageDb vivado.pb -notrace -source datamemIP.tcl



****** Vivado v2024.2 (64-bit)
  **** SW Build 5239630 on Fri Nov 08 22:35:27 MST 2024
  **** IP Build 5239520 on Sun Nov 10 16:12:51 MST 2024
  **** SharedData Build 5239561 on Fri Nov 08 14:39:27 MST 2024
  **** Start of session at: Wed Feb 19 19:04:41 2025
    ** Copyright 1986-2022 Xilinx, Inc. All Rights Reserved.
    ** Copyright 2022-2024 Advanced Micro Devices, Inc. All Rights Reserved.

source datamemIP.tcl -notrace
create_project: Time (s): cpu = 00:00:06 ; elapsed = 00:00:06 . Memory (MB): peak = 483.957 ; gain = 151.117
INFO: [IP_Flow 19-234] Refreshing IP repositories
INFO: [IP_Flow 19-1700] Loaded user IP repository 'c:/Users/Chris/Desktop/RiscV-NPU-DualCore/ip_repo/controlsubsystemIP_1_0'.
WARNING: [IP_Flow 19-2207] Repository 'c:/Users/Chris/Desktop/RiscV-NPU-DualCore/ip_repo/controlsubsystemIP_1_0' already exists; ignoring attempt to add it again.
INFO: [IP_Flow 19-1700] Loaded user IP repository 'c:/Users/Chris/Desktop/RiscV-NPU-DualCore/ip_repo/controlsubsystemIP_1_0'.
WARNING: [IP_Flow 19-2207] Repository 'c:/Users/Chris/Desktop/RiscV-NPU-DualCore/ip_repo/controlsubsystemIP_1_0' already exists; ignoring attempt to add it again.
INFO: [IP_Flow 19-1700] Loaded user IP repository 'c:/Users/Chris/Desktop/RiscV-NPU-DualCore/ip_repo/controlsubsystemIP_1_0'.
INFO: [IP_Flow 19-1700] Loaded user IP repository 'c:/Users/Chris/Desktop/RiscV-NPU-DualCore/ip_repo/registerIP_1_0'.
INFO: [IP_Flow 19-1700] Loaded user IP repository 'c:/Users/Chris/Desktop/RiscV-NPU-DualCore/ip_repo/datamemIP_1_0'.
WARNING: [IP_Flow 19-2207] Repository 'c:/Users/Chris/Desktop/RiscV-NPU-DualCore/ip_repo/datamemIP_1_0' already exists; ignoring attempt to add it again.
INFO: [IP_Flow 19-1700] Loaded user IP repository 'c:/Users/Chris/Desktop/RiscV-NPU-DualCore/ip_repo/datamemIP_1_0'.
WARNING: [IP_Flow 19-2207] Repository 'c:/Users/Chris/Desktop/RiscV-NPU-DualCore/ip_repo/datamemIP_1_0' already exists; ignoring attempt to add it again.
INFO: [IP_Flow 19-1700] Loaded user IP repository 'c:/Users/Chris/Desktop/RiscV-NPU-DualCore/ip_repo/datamemIP_1_0'.
INFO: [IP_Flow 19-1700] Loaded user IP repository 'c:/Users/Chris/Desktop/RiscV-NPU-DualCore/ip_repo/instructionmemIP_1_0'.
WARNING: [IP_Flow 19-2207] Repository 'c:/Users/Chris/Desktop/RiscV-NPU-DualCore/ip_repo/registerIP_1_0' already exists; ignoring attempt to add it again.
INFO: [IP_Flow 19-1700] Loaded user IP repository 'c:/Users/Chris/Desktop/RiscV-NPU-DualCore/ip_repo/registerIP_1_0'.
WARNING: [IP_Flow 19-2207] Repository 'c:/Users/Chris/Desktop/RiscV-NPU-DualCore/ip_repo/registerIP_1_0' already exists; ignoring attempt to add it again.
INFO: [IP_Flow 19-1700] Loaded user IP repository 'c:/Users/Chris/Desktop/RiscV-NPU-DualCore/ip_repo/registerIP_1_0'.
WARNING: [IP_Flow 19-2207] Repository 'c:/Users/Chris/Desktop/RiscV-NPU-DualCore/ip_repo/registerIP_1_0' already exists; ignoring attempt to add it again.
INFO: [IP_Flow 19-1700] Loaded user IP repository 'c:/Users/Chris/Desktop/RiscV-NPU-DualCore/ip_repo/registerIP_1_0'.
INFO: [IP_Flow 19-2313] Loaded Vivado IP repository 'F:/Vivado/2024.2/data/ip'.
WARNING: [IP_Flow 19-4995] The host OS only allows 260 characters in a normal path. The IP cache path is more than 80 characters. If you experience issues with IP caching, please consider changing the IP cache to a location with a shorter path. Alternately consider using the OS subst command to map part of the path to a drive letter. 
Current IP cache path is c:/users/chris/desktop/riscv-npu-dualcore/riscv32i_zynqcore/riscv32i_zynqcore.tmp/datamemip_v1_0_project/datamemIP_v1_0_project.cache/ip 
Command: synth_design -top datamemIP -part xc7z007sclg225-1
Starting synth_design
Attempting to get a license for feature 'Synthesis' and/or device 'xc7z007s'
INFO: [Common 17-349] Got license for feature 'Synthesis' and/or device 'xc7z007s'
INFO: [Synth 8-7079] Multithreading enabled for synth_design using a maximum of 2 processes.
INFO: [Synth 8-7078] Launching helper process for spawning children vivado processes
INFO: [Synth 8-7075] Helper process launched with PID 3568
---------------------------------------------------------------------------------
Starting Synthesize : Time (s): cpu = 00:00:07 ; elapsed = 00:00:07 . Memory (MB): peak = 964.148 ; gain = 475.801
---------------------------------------------------------------------------------
INFO: [Synth 8-638] synthesizing module 'datamemIP' [c:/Users/Chris/Desktop/RiscV-NPU-DualCore/ip_repo/datamemIP_1_0/hdl/datamemIP.vhd:45]
INFO: [Synth 8-256] done synthesizing module 'datamemIP' (0#1) [c:/Users/Chris/Desktop/RiscV-NPU-DualCore/ip_repo/datamemIP_1_0/hdl/datamemIP.vhd:45]
WARNING: [Synth 8-6014] Unused sequential element bram_mem_reg[32] was removed.  [c:/Users/Chris/Desktop/RiscV-NPU-DualCore/ip_repo/datamemIP_1_0/hdl/datamemIP.vhd:87]
WARNING: [Synth 8-6014] Unused sequential element bram_mem_reg[33] was removed.  [c:/Users/Chris/Desktop/RiscV-NPU-DualCore/ip_repo/datamemIP_1_0/hdl/datamemIP.vhd:87]
WARNING: [Synth 8-6014] Unused sequential element bram_mem_reg[34] was removed.  [c:/Users/Chris/Desktop/RiscV-NPU-DualCore/ip_repo/datamemIP_1_0/hdl/datamemIP.vhd:87]
WARNING: [Synth 8-6014] Unused sequential element bram_mem_reg[35] was removed.  [c:/Users/Chris/Desktop/RiscV-NPU-DualCore/ip_repo/datamemIP_1_0/hdl/datamemIP.vhd:87]
WARNING: [Synth 8-6014] Unused sequential element bram_mem_reg[36] was removed.  [c:/Users/Chris/Desktop/RiscV-NPU-DualCore/ip_repo/datamemIP_1_0/hdl/datamemIP.vhd:87]
WARNING: [Synth 8-6014] Unused sequential element bram_mem_reg[37] was removed.  [c:/Users/Chris/Desktop/RiscV-NPU-DualCore/ip_repo/datamemIP_1_0/hdl/datamemIP.vhd:87]
WARNING: [Synth 8-6014] Unused sequential element bram_mem_reg[38] was removed.  [c:/Users/Chris/Desktop/RiscV-NPU-DualCore/ip_repo/datamemIP_1_0/hdl/datamemIP.vhd:87]
WARNING: [Synth 8-6014] Unused sequential element bram_mem_reg[39] was removed.  [c:/Users/Chris/Desktop/RiscV-NPU-DualCore/ip_repo/datamemIP_1_0/hdl/datamemIP.vhd:87]
WARNING: [Synth 8-6014] Unused sequential element bram_mem_reg[40] was removed.  [c:/Users/Chris/Desktop/RiscV-NPU-DualCore/ip_repo/datamemIP_1_0/hdl/datamemIP.vhd:87]
WARNING: [Synth 8-6014] Unused sequential element bram_mem_reg[41] was removed.  [c:/Users/Chris/Desktop/RiscV-NPU-DualCore/ip_repo/datamemIP_1_0/hdl/datamemIP.vhd:87]
WARNING: [Synth 8-6014] Unused sequential element bram_mem_reg[42] was removed.  [c:/Users/Chris/Desktop/RiscV-NPU-DualCore/ip_repo/datamemIP_1_0/hdl/datamemIP.vhd:87]
WARNING: [Synth 8-6014] Unused sequential element bram_mem_reg[43] was removed.  [c:/Users/Chris/Desktop/RiscV-NPU-DualCore/ip_repo/datamemIP_1_0/hdl/datamemIP.vhd:87]
WARNING: [Synth 8-6014] Unused sequential element bram_mem_reg[44] was removed.  [c:/Users/Chris/Desktop/RiscV-NPU-DualCore/ip_repo/datamemIP_1_0/hdl/datamemIP.vhd:87]
WARNING: [Synth 8-6014] Unused sequential element bram_mem_reg[45] was removed.  [c:/Users/Chris/Desktop/RiscV-NPU-DualCore/ip_repo/datamemIP_1_0/hdl/datamemIP.vhd:87]
WARNING: [Synth 8-6014] Unused sequential element bram_mem_reg[46] was removed.  [c:/Users/Chris/Desktop/RiscV-NPU-DualCore/ip_repo/datamemIP_1_0/hdl/datamemIP.vhd:87]
WARNING: [Synth 8-6014] Unused sequential element bram_mem_reg[47] was removed.  [c:/Users/Chris/Desktop/RiscV-NPU-DualCore/ip_repo/datamemIP_1_0/hdl/datamemIP.vhd:87]
WARNING: [Synth 8-6014] Unused sequential element bram_mem_reg[48] was removed.  [c:/Users/Chris/Desktop/RiscV-NPU-DualCore/ip_repo/datamemIP_1_0/hdl/datamemIP.vhd:87]
WARNING: [Synth 8-6014] Unused sequential element bram_mem_reg[49] was removed.  [c:/Users/Chris/Desktop/RiscV-NPU-DualCore/ip_repo/datamemIP_1_0/hdl/datamemIP.vhd:87]
WARNING: [Synth 8-6014] Unused sequential element bram_mem_reg[50] was removed.  [c:/Users/Chris/Desktop/RiscV-NPU-DualCore/ip_repo/datamemIP_1_0/hdl/datamemIP.vhd:87]
WARNING: [Synth 8-6014] Unused sequential element bram_mem_reg[51] was removed.  [c:/Users/Chris/Desktop/RiscV-NPU-DualCore/ip_repo/datamemIP_1_0/hdl/datamemIP.vhd:87]
WARNING: [Synth 8-6014] Unused sequential element bram_mem_reg[52] was removed.  [c:/Users/Chris/Desktop/RiscV-NPU-DualCore/ip_repo/datamemIP_1_0/hdl/datamemIP.vhd:87]
WARNING: [Synth 8-6014] Unused sequential element bram_mem_reg[53] was removed.  [c:/Users/Chris/Desktop/RiscV-NPU-DualCore/ip_repo/datamemIP_1_0/hdl/datamemIP.vhd:87]
WARNING: [Synth 8-6014] Unused sequential element bram_mem_reg[54] was removed.  [c:/Users/Chris/Desktop/RiscV-NPU-DualCore/ip_repo/datamemIP_1_0/hdl/datamemIP.vhd:87]
WARNING: [Synth 8-6014] Unused sequential element bram_mem_reg[55] was removed.  [c:/Users/Chris/Desktop/RiscV-NPU-DualCore/ip_repo/datamemIP_1_0/hdl/datamemIP.vhd:87]
WARNING: [Synth 8-6014] Unused sequential element bram_mem_reg[56] was removed.  [c:/Users/Chris/Desktop/RiscV-NPU-DualCore/ip_repo/datamemIP_1_0/hdl/datamemIP.vhd:87]
WARNING: [Synth 8-6014] Unused sequential element bram_mem_reg[57] was removed.  [c:/Users/Chris/Desktop/RiscV-NPU-DualCore/ip_repo/datamemIP_1_0/hdl/datamemIP.vhd:87]
WARNING: [Synth 8-6014] Unused sequential element bram_mem_reg[58] was removed.  [c:/Users/Chris/Desktop/RiscV-NPU-DualCore/ip_repo/datamemIP_1_0/hdl/datamemIP.vhd:87]
WARNING: [Synth 8-6014] Unused sequential element bram_mem_reg[59] was removed.  [c:/Users/Chris/Desktop/RiscV-NPU-DualCore/ip_repo/datamemIP_1_0/hdl/datamemIP.vhd:87]
WARNING: [Synth 8-6014] Unused sequential element bram_mem_reg[60] was removed.  [c:/Users/Chris/Desktop/RiscV-NPU-DualCore/ip_repo/datamemIP_1_0/hdl/datamemIP.vhd:87]
WARNING: [Synth 8-6014] Unused sequential element bram_mem_reg[61] was removed.  [c:/Users/Chris/Desktop/RiscV-NPU-DualCore/ip_repo/datamemIP_1_0/hdl/datamemIP.vhd:87]
WARNING: [Synth 8-6014] Unused sequential element bram_mem_reg[62] was removed.  [c:/Users/Chris/Desktop/RiscV-NPU-DualCore/ip_repo/datamemIP_1_0/hdl/datamemIP.vhd:87]
WARNING: [Synth 8-6014] Unused sequential element bram_mem_reg[63] was removed.  [c:/Users/Chris/Desktop/RiscV-NPU-DualCore/ip_repo/datamemIP_1_0/hdl/datamemIP.vhd:87]
WARNING: [Synth 8-6014] Unused sequential element bram_mem_reg[64] was removed.  [c:/Users/Chris/Desktop/RiscV-NPU-DualCore/ip_repo/datamemIP_1_0/hdl/datamemIP.vhd:87]
WARNING: [Synth 8-6014] Unused sequential element bram_mem_reg[65] was removed.  [c:/Users/Chris/Desktop/RiscV-NPU-DualCore/ip_repo/datamemIP_1_0/hdl/datamemIP.vhd:87]
WARNING: [Synth 8-6014] Unused sequential element bram_mem_reg[66] was removed.  [c:/Users/Chris/Desktop/RiscV-NPU-DualCore/ip_repo/datamemIP_1_0/hdl/datamemIP.vhd:87]
WARNING: [Synth 8-6014] Unused sequential element bram_mem_reg[67] was removed.  [c:/Users/Chris/Desktop/RiscV-NPU-DualCore/ip_repo/datamemIP_1_0/hdl/datamemIP.vhd:87]
WARNING: [Synth 8-6014] Unused sequential element bram_mem_reg[68] was removed.  [c:/Users/Chris/Desktop/RiscV-NPU-DualCore/ip_repo/datamemIP_1_0/hdl/datamemIP.vhd:87]
WARNING: [Synth 8-6014] Unused sequential element bram_mem_reg[69] was removed.  [c:/Users/Chris/Desktop/RiscV-NPU-DualCore/ip_repo/datamemIP_1_0/hdl/datamemIP.vhd:87]
WARNING: [Synth 8-6014] Unused sequential element bram_mem_reg[70] was removed.  [c:/Users/Chris/Desktop/RiscV-NPU-DualCore/ip_repo/datamemIP_1_0/hdl/datamemIP.vhd:87]
WARNING: [Synth 8-6014] Unused sequential element bram_mem_reg[71] was removed.  [c:/Users/Chris/Desktop/RiscV-NPU-DualCore/ip_repo/datamemIP_1_0/hdl/datamemIP.vhd:87]
WARNING: [Synth 8-6014] Unused sequential element bram_mem_reg[72] was removed.  [c:/Users/Chris/Desktop/RiscV-NPU-DualCore/ip_repo/datamemIP_1_0/hdl/datamemIP.vhd:87]
WARNING: [Synth 8-6014] Unused sequential element bram_mem_reg[73] was removed.  [c:/Users/Chris/Desktop/RiscV-NPU-DualCore/ip_repo/datamemIP_1_0/hdl/datamemIP.vhd:87]
WARNING: [Synth 8-6014] Unused sequential element bram_mem_reg[74] was removed.  [c:/Users/Chris/Desktop/RiscV-NPU-DualCore/ip_repo/datamemIP_1_0/hdl/datamemIP.vhd:87]
WARNING: [Synth 8-6014] Unused sequential element bram_mem_reg[75] was removed.  [c:/Users/Chris/Desktop/RiscV-NPU-DualCore/ip_repo/datamemIP_1_0/hdl/datamemIP.vhd:87]
WARNING: [Synth 8-6014] Unused sequential element bram_mem_reg[76] was removed.  [c:/Users/Chris/Desktop/RiscV-NPU-DualCore/ip_repo/datamemIP_1_0/hdl/datamemIP.vhd:87]
WARNING: [Synth 8-6014] Unused sequential element bram_mem_reg[77] was removed.  [c:/Users/Chris/Desktop/RiscV-NPU-DualCore/ip_repo/datamemIP_1_0/hdl/datamemIP.vhd:87]
WARNING: [Synth 8-6014] Unused sequential element bram_mem_reg[78] was removed.  [c:/Users/Chris/Desktop/RiscV-NPU-DualCore/ip_repo/datamemIP_1_0/hdl/datamemIP.vhd:87]
WARNING: [Synth 8-6014] Unused sequential element bram_mem_reg[79] was removed.  [c:/Users/Chris/Desktop/RiscV-NPU-DualCore/ip_repo/datamemIP_1_0/hdl/datamemIP.vhd:87]
WARNING: [Synth 8-6014] Unused sequential element bram_mem_reg[80] was removed.  [c:/Users/Chris/Desktop/RiscV-NPU-DualCore/ip_repo/datamemIP_1_0/hdl/datamemIP.vhd:87]
WARNING: [Synth 8-6014] Unused sequential element bram_mem_reg[81] was removed.  [c:/Users/Chris/Desktop/RiscV-NPU-DualCore/ip_repo/datamemIP_1_0/hdl/datamemIP.vhd:87]
WARNING: [Synth 8-6014] Unused sequential element bram_mem_reg[82] was removed.  [c:/Users/Chris/Desktop/RiscV-NPU-DualCore/ip_repo/datamemIP_1_0/hdl/datamemIP.vhd:87]
WARNING: [Synth 8-6014] Unused sequential element bram_mem_reg[83] was removed.  [c:/Users/Chris/Desktop/RiscV-NPU-DualCore/ip_repo/datamemIP_1_0/hdl/datamemIP.vhd:87]
WARNING: [Synth 8-6014] Unused sequential element bram_mem_reg[84] was removed.  [c:/Users/Chris/Desktop/RiscV-NPU-DualCore/ip_repo/datamemIP_1_0/hdl/datamemIP.vhd:87]
WARNING: [Synth 8-6014] Unused sequential element bram_mem_reg[85] was removed.  [c:/Users/Chris/Desktop/RiscV-NPU-DualCore/ip_repo/datamemIP_1_0/hdl/datamemIP.vhd:87]
WARNING: [Synth 8-6014] Unused sequential element bram_mem_reg[86] was removed.  [c:/Users/Chris/Desktop/RiscV-NPU-DualCore/ip_repo/datamemIP_1_0/hdl/datamemIP.vhd:87]
WARNING: [Synth 8-6014] Unused sequential element bram_mem_reg[87] was removed.  [c:/Users/Chris/Desktop/RiscV-NPU-DualCore/ip_repo/datamemIP_1_0/hdl/datamemIP.vhd:87]
WARNING: [Synth 8-6014] Unused sequential element bram_mem_reg[88] was removed.  [c:/Users/Chris/Desktop/RiscV-NPU-DualCore/ip_repo/datamemIP_1_0/hdl/datamemIP.vhd:87]
WARNING: [Synth 8-6014] Unused sequential element bram_mem_reg[89] was removed.  [c:/Users/Chris/Desktop/RiscV-NPU-DualCore/ip_repo/datamemIP_1_0/hdl/datamemIP.vhd:87]
WARNING: [Synth 8-6014] Unused sequential element bram_mem_reg[90] was removed.  [c:/Users/Chris/Desktop/RiscV-NPU-DualCore/ip_repo/datamemIP_1_0/hdl/datamemIP.vhd:87]
WARNING: [Synth 8-6014] Unused sequential element bram_mem_reg[91] was removed.  [c:/Users/Chris/Desktop/RiscV-NPU-DualCore/ip_repo/datamemIP_1_0/hdl/datamemIP.vhd:87]
WARNING: [Synth 8-6014] Unused sequential element bram_mem_reg[92] was removed.  [c:/Users/Chris/Desktop/RiscV-NPU-DualCore/ip_repo/datamemIP_1_0/hdl/datamemIP.vhd:87]
WARNING: [Synth 8-6014] Unused sequential element bram_mem_reg[93] was removed.  [c:/Users/Chris/Desktop/RiscV-NPU-DualCore/ip_repo/datamemIP_1_0/hdl/datamemIP.vhd:87]
WARNING: [Synth 8-6014] Unused sequential element bram_mem_reg[94] was removed.  [c:/Users/Chris/Desktop/RiscV-NPU-DualCore/ip_repo/datamemIP_1_0/hdl/datamemIP.vhd:87]
WARNING: [Synth 8-6014] Unused sequential element bram_mem_reg[95] was removed.  [c:/Users/Chris/Desktop/RiscV-NPU-DualCore/ip_repo/datamemIP_1_0/hdl/datamemIP.vhd:87]
WARNING: [Synth 8-6014] Unused sequential element bram_mem_reg[96] was removed.  [c:/Users/Chris/Desktop/RiscV-NPU-DualCore/ip_repo/datamemIP_1_0/hdl/datamemIP.vhd:87]
WARNING: [Synth 8-6014] Unused sequential element bram_mem_reg[97] was removed.  [c:/Users/Chris/Desktop/RiscV-NPU-DualCore/ip_repo/datamemIP_1_0/hdl/datamemIP.vhd:87]
WARNING: [Synth 8-6014] Unused sequential element bram_mem_reg[98] was removed.  [c:/Users/Chris/Desktop/RiscV-NPU-DualCore/ip_repo/datamemIP_1_0/hdl/datamemIP.vhd:87]
WARNING: [Synth 8-6014] Unused sequential element bram_mem_reg[99] was removed.  [c:/Users/Chris/Desktop/RiscV-NPU-DualCore/ip_repo/datamemIP_1_0/hdl/datamemIP.vhd:87]
WARNING: [Synth 8-6014] Unused sequential element bram_mem_reg[100] was removed.  [c:/Users/Chris/Desktop/RiscV-NPU-DualCore/ip_repo/datamemIP_1_0/hdl/datamemIP.vhd:87]
WARNING: [Synth 8-6014] Unused sequential element bram_mem_reg[101] was removed.  [c:/Users/Chris/Desktop/RiscV-NPU-DualCore/ip_repo/datamemIP_1_0/hdl/datamemIP.vhd:87]
WARNING: [Synth 8-6014] Unused sequential element bram_mem_reg[102] was removed.  [c:/Users/Chris/Desktop/RiscV-NPU-DualCore/ip_repo/datamemIP_1_0/hdl/datamemIP.vhd:87]
WARNING: [Synth 8-6014] Unused sequential element bram_mem_reg[103] was removed.  [c:/Users/Chris/Desktop/RiscV-NPU-DualCore/ip_repo/datamemIP_1_0/hdl/datamemIP.vhd:87]
WARNING: [Synth 8-6014] Unused sequential element bram_mem_reg[104] was removed.  [c:/Users/Chris/Desktop/RiscV-NPU-DualCore/ip_repo/datamemIP_1_0/hdl/datamemIP.vhd:87]
WARNING: [Synth 8-6014] Unused sequential element bram_mem_reg[105] was removed.  [c:/Users/Chris/Desktop/RiscV-NPU-DualCore/ip_repo/datamemIP_1_0/hdl/datamemIP.vhd:87]
WARNING: [Synth 8-6014] Unused sequential element bram_mem_reg[106] was removed.  [c:/Users/Chris/Desktop/RiscV-NPU-DualCore/ip_repo/datamemIP_1_0/hdl/datamemIP.vhd:87]
WARNING: [Synth 8-6014] Unused sequential element bram_mem_reg[107] was removed.  [c:/Users/Chris/Desktop/RiscV-NPU-DualCore/ip_repo/datamemIP_1_0/hdl/datamemIP.vhd:87]
WARNING: [Synth 8-6014] Unused sequential element bram_mem_reg[108] was removed.  [c:/Users/Chris/Desktop/RiscV-NPU-DualCore/ip_repo/datamemIP_1_0/hdl/datamemIP.vhd:87]
WARNING: [Synth 8-6014] Unused sequential element bram_mem_reg[109] was removed.  [c:/Users/Chris/Desktop/RiscV-NPU-DualCore/ip_repo/datamemIP_1_0/hdl/datamemIP.vhd:87]
WARNING: [Synth 8-6014] Unused sequential element bram_mem_reg[110] was removed.  [c:/Users/Chris/Desktop/RiscV-NPU-DualCore/ip_repo/datamemIP_1_0/hdl/datamemIP.vhd:87]
WARNING: [Synth 8-6014] Unused sequential element bram_mem_reg[111] was removed.  [c:/Users/Chris/Desktop/RiscV-NPU-DualCore/ip_repo/datamemIP_1_0/hdl/datamemIP.vhd:87]
WARNING: [Synth 8-6014] Unused sequential element bram_mem_reg[112] was removed.  [c:/Users/Chris/Desktop/RiscV-NPU-DualCore/ip_repo/datamemIP_1_0/hdl/datamemIP.vhd:87]
WARNING: [Synth 8-6014] Unused sequential element bram_mem_reg[113] was removed.  [c:/Users/Chris/Desktop/RiscV-NPU-DualCore/ip_repo/datamemIP_1_0/hdl/datamemIP.vhd:87]
WARNING: [Synth 8-6014] Unused sequential element bram_mem_reg[114] was removed.  [c:/Users/Chris/Desktop/RiscV-NPU-DualCore/ip_repo/datamemIP_1_0/hdl/datamemIP.vhd:87]
WARNING: [Synth 8-6014] Unused sequential element bram_mem_reg[115] was removed.  [c:/Users/Chris/Desktop/RiscV-NPU-DualCore/ip_repo/datamemIP_1_0/hdl/datamemIP.vhd:87]
WARNING: [Synth 8-6014] Unused sequential element bram_mem_reg[116] was removed.  [c:/Users/Chris/Desktop/RiscV-NPU-DualCore/ip_repo/datamemIP_1_0/hdl/datamemIP.vhd:87]
WARNING: [Synth 8-6014] Unused sequential element bram_mem_reg[117] was removed.  [c:/Users/Chris/Desktop/RiscV-NPU-DualCore/ip_repo/datamemIP_1_0/hdl/datamemIP.vhd:87]
WARNING: [Synth 8-6014] Unused sequential element bram_mem_reg[118] was removed.  [c:/Users/Chris/Desktop/RiscV-NPU-DualCore/ip_repo/datamemIP_1_0/hdl/datamemIP.vhd:87]
WARNING: [Synth 8-6014] Unused sequential element bram_mem_reg[119] was removed.  [c:/Users/Chris/Desktop/RiscV-NPU-DualCore/ip_repo/datamemIP_1_0/hdl/datamemIP.vhd:87]
WARNING: [Synth 8-6014] Unused sequential element bram_mem_reg[120] was removed.  [c:/Users/Chris/Desktop/RiscV-NPU-DualCore/ip_repo/datamemIP_1_0/hdl/datamemIP.vhd:87]
WARNING: [Synth 8-6014] Unused sequential element bram_mem_reg[121] was removed.  [c:/Users/Chris/Desktop/RiscV-NPU-DualCore/ip_repo/datamemIP_1_0/hdl/datamemIP.vhd:87]
WARNING: [Synth 8-6014] Unused sequential element bram_mem_reg[122] was removed.  [c:/Users/Chris/Desktop/RiscV-NPU-DualCore/ip_repo/datamemIP_1_0/hdl/datamemIP.vhd:87]
WARNING: [Synth 8-6014] Unused sequential element bram_mem_reg[123] was removed.  [c:/Users/Chris/Desktop/RiscV-NPU-DualCore/ip_repo/datamemIP_1_0/hdl/datamemIP.vhd:87]
WARNING: [Synth 8-6014] Unused sequential element bram_mem_reg[124] was removed.  [c:/Users/Chris/Desktop/RiscV-NPU-DualCore/ip_repo/datamemIP_1_0/hdl/datamemIP.vhd:87]
WARNING: [Synth 8-6014] Unused sequential element bram_mem_reg[125] was removed.  [c:/Users/Chris/Desktop/RiscV-NPU-DualCore/ip_repo/datamemIP_1_0/hdl/datamemIP.vhd:87]
WARNING: [Synth 8-6014] Unused sequential element bram_mem_reg[126] was removed.  [c:/Users/Chris/Desktop/RiscV-NPU-DualCore/ip_repo/datamemIP_1_0/hdl/datamemIP.vhd:87]
WARNING: [Synth 8-6014] Unused sequential element bram_mem_reg[127] was removed.  [c:/Users/Chris/Desktop/RiscV-NPU-DualCore/ip_repo/datamemIP_1_0/hdl/datamemIP.vhd:87]
WARNING: [Synth 8-3917] design datamemIP has port s02_axi_bresp[1] driven by constant 0
WARNING: [Synth 8-3917] design datamemIP has port s02_axi_bresp[0] driven by constant 0
WARNING: [Synth 8-3917] design datamemIP has port s02_axi_rresp[1] driven by constant 0
WARNING: [Synth 8-3917] design datamemIP has port s02_axi_rresp[0] driven by constant 0
WARNING: [Synth 8-7129] Port s02_axi_awaddr[1] in module datamemIP is either unconnected or has no load
WARNING: [Synth 8-7129] Port s02_axi_awaddr[0] in module datamemIP is either unconnected or has no load
WARNING: [Synth 8-7129] Port s02_axi_awprot[2] in module datamemIP is either unconnected or has no load
WARNING: [Synth 8-7129] Port s02_axi_awprot[1] in module datamemIP is either unconnected or has no load
WARNING: [Synth 8-7129] Port s02_axi_awprot[0] in module datamemIP is either unconnected or has no load
WARNING: [Synth 8-7129] Port s02_axi_wstrb[3] in module datamemIP is either unconnected or has no load
WARNING: [Synth 8-7129] Port s02_axi_wstrb[2] in module datamemIP is either unconnected or has no load
WARNING: [Synth 8-7129] Port s02_axi_wstrb[1] in module datamemIP is either unconnected or has no load
WARNING: [Synth 8-7129] Port s02_axi_wstrb[0] in module datamemIP is either unconnected or has no load
WARNING: [Synth 8-7129] Port s02_axi_araddr[1] in module datamemIP is either unconnected or has no load
WARNING: [Synth 8-7129] Port s02_axi_araddr[0] in module datamemIP is either unconnected or has no load
WARNING: [Synth 8-7129] Port s02_axi_arprot[2] in module datamemIP is either unconnected or has no load
WARNING: [Synth 8-7129] Port s02_axi_arprot[1] in module datamemIP is either unconnected or has no load
WARNING: [Synth 8-7129] Port s02_axi_arprot[0] in module datamemIP is either unconnected or has no load
WARNING: [Synth 8-7129] Port clk in module datamemIP is either unconnected or has no load
WARNING: [Synth 8-7129] Port address[1] in module datamemIP is either unconnected or has no load
WARNING: [Synth 8-7129] Port address[0] in module datamemIP is either unconnected or has no load
---------------------------------------------------------------------------------
Finished Synthesize : Time (s): cpu = 00:00:09 ; elapsed = 00:00:09 . Memory (MB): peak = 1073.922 ; gain = 585.574
---------------------------------------------------------------------------------
---------------------------------------------------------------------------------
Finished Constraint Validation : Time (s): cpu = 00:00:10 ; elapsed = 00:00:10 . Memory (MB): peak = 1073.922 ; gain = 585.574
---------------------------------------------------------------------------------
---------------------------------------------------------------------------------
Start Loading Part and Timing Information
---------------------------------------------------------------------------------
Loading part: xc7z007sclg225-1
---------------------------------------------------------------------------------
Finished Loading Part and Timing Information : Time (s): cpu = 00:00:10 ; elapsed = 00:00:10 . Memory (MB): peak = 1073.922 ; gain = 585.574
---------------------------------------------------------------------------------
INFO: [Device 21-403] Loading part xc7z007sclg225-1
---------------------------------------------------------------------------------
Finished RTL Optimization Phase 2 : Time (s): cpu = 00:00:10 ; elapsed = 00:00:10 . Memory (MB): peak = 1073.922 ; gain = 585.574
---------------------------------------------------------------------------------
No constraint files found.
---------------------------------------------------------------------------------
Start RTL Component Statistics 
---------------------------------------------------------------------------------
Detailed RTL Component Info : 
+---Registers : 
	               32 Bit    Registers := 33    
	                1 Bit    Registers := 5     
+---Muxes : 
	   2 Input   32 Bit        Muxes := 2     
	   2 Input    5 Bit        Muxes := 2     
	   2 Input    1 Bit        Muxes := 2     
---------------------------------------------------------------------------------
Finished RTL Component Statistics 
---------------------------------------------------------------------------------
---------------------------------------------------------------------------------
Start Part Resource Summary
---------------------------------------------------------------------------------
Part Resources:
DSPs: 66 (col length:40)
BRAMs: 100 (col length: RAMB18 40 RAMB36 20)
---------------------------------------------------------------------------------
Finished Part Resource Summary
---------------------------------------------------------------------------------
No constraint files found.
---------------------------------------------------------------------------------
Start Cross Boundary and Area Optimization
---------------------------------------------------------------------------------
WARNING: [Synth 8-7080] Parallel synthesis criteria is not met
WARNING: [Synth 8-3917] design datamemIP has port s02_axi_bresp[1] driven by constant 0
WARNING: [Synth 8-3917] design datamemIP has port s02_axi_bresp[0] driven by constant 0
WARNING: [Synth 8-3917] design datamemIP has port s02_axi_rresp[1] driven by constant 0
WARNING: [Synth 8-3917] design datamemIP has port s02_axi_rresp[0] driven by constant 0
WARNING: [Synth 8-7129] Port s02_axi_awaddr[1] in module datamemIP is either unconnected or has no load
WARNING: [Synth 8-7129] Port s02_axi_awaddr[0] in module datamemIP is either unconnected or has no load
WARNING: [Synth 8-7129] Port s02_axi_awprot[2] in module datamemIP is either unconnected or has no load
WARNING: [Synth 8-7129] Port s02_axi_awprot[1] in module datamemIP is either unconnected or has no load
WARNING: [Synth 8-7129] Port s02_axi_awprot[0] in module datamemIP is either unconnected or has no load
WARNING: [Synth 8-7129] Port s02_axi_wstrb[3] in module datamemIP is either unconnected or has no load
WARNING: [Synth 8-7129] Port s02_axi_wstrb[2] in module datamemIP is either unconnected or has no load
WARNING: [Synth 8-7129] Port s02_axi_wstrb[1] in module datamemIP is either unconnected or has no load
WARNING: [Synth 8-7129] Port s02_axi_wstrb[0] in module datamemIP is either unconnected or has no load
WARNING: [Synth 8-7129] Port s02_axi_araddr[1] in module datamemIP is either unconnected or has no load
WARNING: [Synth 8-7129] Port s02_axi_araddr[0] in module datamemIP is either unconnected or has no load
WARNING: [Synth 8-7129] Port s02_axi_arprot[2] in module datamemIP is either unconnected or has no load
WARNING: [Synth 8-7129] Port s02_axi_arprot[1] in module datamemIP is either unconnected or has no load
WARNING: [Synth 8-7129] Port s02_axi_arprot[0] in module datamemIP is either unconnected or has no load
WARNING: [Synth 8-7129] Port clk in module datamemIP is either unconnected or has no load
WARNING: [Synth 8-7129] Port address[1] in module datamemIP is either unconnected or has no load
WARNING: [Synth 8-7129] Port address[0] in module datamemIP is either unconnected or has no load
---------------------------------------------------------------------------------
Finished Cross Boundary and Area Optimization : Time (s): cpu = 00:00:17 ; elapsed = 00:00:17 . Memory (MB): peak = 1297.926 ; gain = 809.578
---------------------------------------------------------------------------------
No constraint files found.
---------------------------------------------------------------------------------
Start Timing Optimization
---------------------------------------------------------------------------------
---------------------------------------------------------------------------------
Finished Timing Optimization : Time (s): cpu = 00:00:17 ; elapsed = 00:00:17 . Memory (MB): peak = 1306.738 ; gain = 818.391
---------------------------------------------------------------------------------
---------------------------------------------------------------------------------
Start Technology Mapping
---------------------------------------------------------------------------------
---------------------------------------------------------------------------------
Finished Technology Mapping : Time (s): cpu = 00:00:17 ; elapsed = 00:00:17 . Memory (MB): peak = 1306.738 ; gain = 818.391
---------------------------------------------------------------------------------
---------------------------------------------------------------------------------
Start IO Insertion
---------------------------------------------------------------------------------
---------------------------------------------------------------------------------
Start Flattening Before IO Insertion
---------------------------------------------------------------------------------
---------------------------------------------------------------------------------
Finished Flattening Before IO Insertion
---------------------------------------------------------------------------------
---------------------------------------------------------------------------------
Start Final Netlist Cleanup
---------------------------------------------------------------------------------
---------------------------------------------------------------------------------
Finished Final Netlist Cleanup
---------------------------------------------------------------------------------
---------------------------------------------------------------------------------
Finished IO Insertion : Time (s): cpu = 00:00:22 ; elapsed = 00:00:22 . Memory (MB): peak = 1483.355 ; gain = 995.008
---------------------------------------------------------------------------------
---------------------------------------------------------------------------------
Start Renaming Generated Instances
---------------------------------------------------------------------------------
---------------------------------------------------------------------------------
Finished Renaming Generated Instances : Time (s): cpu = 00:00:22 ; elapsed = 00:00:22 . Memory (MB): peak = 1483.355 ; gain = 995.008
---------------------------------------------------------------------------------
---------------------------------------------------------------------------------
Start Rebuilding User Hierarchy
---------------------------------------------------------------------------------
---------------------------------------------------------------------------------
Finished Rebuilding User Hierarchy : Time (s): cpu = 00:00:22 ; elapsed = 00:00:22 . Memory (MB): peak = 1483.355 ; gain = 995.008
---------------------------------------------------------------------------------
---------------------------------------------------------------------------------
Start Renaming Generated Ports
---------------------------------------------------------------------------------
---------------------------------------------------------------------------------
Finished Renaming Generated Ports : Time (s): cpu = 00:00:22 ; elapsed = 00:00:22 . Memory (MB): peak = 1483.355 ; gain = 995.008
---------------------------------------------------------------------------------
---------------------------------------------------------------------------------
Start Handling Custom Attributes
---------------------------------------------------------------------------------
---------------------------------------------------------------------------------
Finished Handling Custom Attributes : Time (s): cpu = 00:00:22 ; elapsed = 00:00:22 . Memory (MB): peak = 1483.355 ; gain = 995.008
---------------------------------------------------------------------------------
---------------------------------------------------------------------------------
Start Renaming Generated Nets
---------------------------------------------------------------------------------
---------------------------------------------------------------------------------
Finished Renaming Generated Nets : Time (s): cpu = 00:00:22 ; elapsed = 00:00:22 . Memory (MB): peak = 1483.355 ; gain = 995.008
---------------------------------------------------------------------------------
---------------------------------------------------------------------------------
Start Writing Synthesis Report
---------------------------------------------------------------------------------

Report BlackBoxes: 
+-+--------------+----------+
| |BlackBox name |Instances |
+-+--------------+----------+
+-+--------------+----------+

Report Cell Usage: 
+------+------+------+
|      |Cell  |Count |
+------+------+------+
|1     |BUFG  |     1|
|2     |LUT1  |     1|
|3     |LUT2  |     4|
|4     |LUT3  |     3|
|5     |LUT4  |     2|
|6     |LUT5  |    37|
|7     |LUT6  |   613|
|8     |MUXF7 |   256|
|9     |FDRE  |  1061|
|10    |IBUF  |   114|
|11    |OBUF  |    41|
|12    |OBUFT |    32|
+------+------+------+

Report Instance Areas: 
+------+---------+-------+------+
|      |Instance |Module |Cells |
+------+---------+-------+------+
|1     |top      |       |  2165|
+------+---------+-------+------+
---------------------------------------------------------------------------------
Finished Writing Synthesis Report : Time (s): cpu = 00:00:22 ; elapsed = 00:00:22 . Memory (MB): peak = 1483.355 ; gain = 995.008
---------------------------------------------------------------------------------
Synthesis finished with 0 errors, 0 critical warnings and 139 warnings.
Synthesis Optimization Runtime : Time (s): cpu = 00:00:22 ; elapsed = 00:00:22 . Memory (MB): peak = 1483.355 ; gain = 995.008
Synthesis Optimization Complete : Time (s): cpu = 00:00:22 ; elapsed = 00:00:22 . Memory (MB): peak = 1483.355 ; gain = 995.008
INFO: [Project 1-571] Translating synthesized netlist
Netlist sorting complete. Time (s): cpu = 00:00:00 ; elapsed = 00:00:00.024 . Memory (MB): peak = 1498.418 ; gain = 0.000
INFO: [Netlist 29-17] Analyzing 256 Unisim elements for replacement
INFO: [Netlist 29-28] Unisim Transformation completed in 0 CPU seconds
WARNING: [Netlist 29-101] Netlist 'datamemIP' is not ideal for floorplanning, since the cellview 'datamemIP' contains a large number of primitives.  Please consider enabling hierarchy in synthesis if you want to do floorplanning.
INFO: [Project 1-570] Preparing netlist for logic optimization
INFO: [Opt 31-138] Pushed 0 inverter(s) to 0 load pin(s).
Netlist sorting complete. Time (s): cpu = 00:00:00 ; elapsed = 00:00:00 . Memory (MB): peak = 1609.965 ; gain = 0.000
INFO: [Project 1-111] Unisim Transformation Summary:
No Unisim elements were transformed.

Synth Design complete | Checksum: d077ca79
INFO: [Common 17-83] Releasing license: Synthesis
27 Infos, 148 Warnings, 0 Critical Warnings and 0 Errors encountered.
synth_design completed successfully
synth_design: Time (s): cpu = 00:00:24 ; elapsed = 00:00:26 . Memory (MB): peak = 1609.965 ; gain = 1126.008
Write ShapeDB Complete: Time (s): cpu = 00:00:01 ; elapsed = 00:00:00.005 . Memory (MB): peak = 1609.965 ; gain = 0.000
INFO: [Common 17-1381] The checkpoint 'c:/Users/Chris/Desktop/RiscV-NPU-DualCore/RISCV32I_ZYNQCORE/RISCV32I_ZYNQCORE.tmp/datamemip_v1_0_project/datamemIP_v1_0_project.runs/synth_1/datamemIP.dcp' has been generated.
INFO: [Vivado 12-24828] Executing command : report_utilization -file datamemIP_utilization_synth.rpt -pb datamemIP_utilization_synth.pb
INFO: [Common 17-206] Exiting Vivado at Wed Feb 19 19:05:17 2025...
