Active-HDL 15.0.261.9132 2024-10-21 18:44:07

Elaboration top modules:
Architecture                  rtl(pc4adder)


----------------------------------------------------------------------------------------------------
Entity   | Architecture | Library          | Info | Compiler Version          | Compilation Options
----------------------------------------------------------------------------------------------------
pc4adder | rtl          | SingleStageRISCV |      | 15.0.261.9132 (Windows64) | -O3
----------------------------------------------------------------------------------------------------

----------------------------------------------------------------------------------------------------
VHDL Package            | Library          | Info | Compiler Version          | Compilation Options
----------------------------------------------------------------------------------------------------
standard                | std              |      |                           | <unavailable>
TEXTIO                  | std              |      | 15.0.261.9132 (Windows64) |  -2019
std_logic_1164          | ieee             |      | 15.0.261.9132 (Windows64) |  -2008
NUMERIC_STD             | ieee             |      | 15.0.261.9132 (Windows64) |  -2008
----------------------------------------------------------------------------------------------------

----------------------------------------------------------------------------------------------------
Library                 | Comment
----------------------------------------------------------------------------------------------------
ieee                    | Standard IEEE packages library
SingleStageRISCV        | None
std                     | Standard VHDL library
----------------------------------------------------------------------------------------------------
