Copyright 1986-2022 Xilinx, Inc. All Rights Reserved. Copyright 2022-2024 Advanced Micro Devices, Inc. All Rights Reserved.
-------------------------------------------------------------------------------------------------------------------------------------------------
| Tool Version     : Vivado v.2024.1 (win64) Build 5076996 Wed May 22 18:37:14 MDT 2024
| Date             : Thu Nov 21 18:41:46 2024
| Host             : DESKTOP-J1G93P6 running 64-bit major release  (build 9200)
| Command          : report_power -file RICSVCORE_power_routed.rpt -pb RICSVCORE_power_summary_routed.pb -rpx RICSVCORE_power_routed.rpx
| Design           : RICSVCORE
| Device           : xc7z007sclg225-1
| Design State     : routed
| Grade            : commercial
| Process          : typical
| Characterization : Production
-------------------------------------------------------------------------------------------------------------------------------------------------

Power Report

Table of Contents
-----------------
1. Summary
1.1 On-Chip Components
1.2 Power Supply Summary
1.3 Confidence Level
2. Settings
2.1 Environment
2.2 Clock Constraints
3. Detailed Reports
3.1 By Hierarchy

1. Summary
----------

+--------------------------+----------------------------------+
| Total On-Chip Power (W)  | 16.682 (Junction temp exceeded!) |
| Design Power Budget (W)  | Unspecified*                     |
| Power Budget Margin (W)  | NA                               |
| Dynamic (W)              | 15.934                           |
| Device Static (W)        | 0.747                            |
| Effective TJA (C/W)      | 11.5                             |
| Max Ambient (C)          | 0.0                              |
| Junction Temperature (C) | 125.0                            |
| Confidence Level         | Low                              |
| Setting File             | ---                              |
| Simulation Activity File | ---                              |
| Design Nets Matched      | NA                               |
+--------------------------+----------------------------------+
* Specify Design Power Budget using, set_operating_conditions -design_power_budget <value in Watts>


1.1 On-Chip Components
----------------------

+----------------+-----------+----------+-----------+-----------------+
| On-Chip        | Power (W) | Used     | Available | Utilization (%) |
+----------------+-----------+----------+-----------+-----------------+
| Slice Logic    |     5.731 |    18209 |       --- |             --- |
|   LUT as Logic |     5.605 |     5539 |     14400 |           38.47 |
|   CARRY4       |     0.043 |       53 |      4400 |            1.20 |
|   Register     |     0.035 |     9664 |     28800 |           33.56 |
|   F7/F8 Muxes  |     0.030 |     2752 |     17600 |           15.64 |
|   BUFG         |     0.018 |       12 |        32 |           37.50 |
|   Others       |     0.000 |       22 |       --- |             --- |
| Signals        |     9.670 |    12521 |       --- |             --- |
| DSPs           |    <0.001 |        3 |        66 |            4.55 |
| I/O            |     0.533 |       45 |        54 |           83.33 |
| Static Power   |     0.747 |          |           |                 |
| Total          |    16.682 |          |           |                 |
+----------------+-----------+----------+-----------+-----------------+


1.2 Power Supply Summary
------------------------

+-----------+-------------+-----------+-------------+------------+-------------+-------------+------------+
| Source    | Voltage (V) | Total (A) | Dynamic (A) | Static (A) | Powerup (A) | Budget (A)  | Margin (A) |
+-----------+-------------+-----------+-------------+------------+-------------+-------------+------------+
| Vccint    |       1.000 |    15.587 |      15.458 |      0.129 |       NA    | Unspecified | NA         |
| Vccaux    |       1.800 |     0.079 |       0.039 |      0.040 |       NA    | Unspecified | NA         |
| Vcco33    |       3.300 |     0.000 |       0.000 |      0.000 |       NA    | Unspecified | NA         |
| Vcco25    |       2.500 |     0.000 |       0.000 |      0.000 |       NA    | Unspecified | NA         |
| Vcco18    |       1.800 |     0.227 |       0.226 |      0.001 |       NA    | Unspecified | NA         |
| Vcco15    |       1.500 |     0.000 |       0.000 |      0.000 |       NA    | Unspecified | NA         |
| Vcco135   |       1.350 |     0.000 |       0.000 |      0.000 |       NA    | Unspecified | NA         |
| Vcco12    |       1.200 |     0.000 |       0.000 |      0.000 |       NA    | Unspecified | NA         |
| Vccaux_io |       1.800 |     0.000 |       0.000 |      0.000 |       NA    | Unspecified | NA         |
| Vccbram   |       1.000 |     0.011 |       0.000 |      0.011 |       NA    | Unspecified | NA         |
| MGTAVcc   |       1.000 |     0.000 |       0.000 |      0.000 |       NA    | Unspecified | NA         |
| MGTAVtt   |       1.200 |     0.000 |       0.000 |      0.000 |       NA    | Unspecified | NA         |
| MGTVccaux |       1.800 |     0.000 |       0.000 |      0.000 |       NA    | Unspecified | NA         |
| Vccpint   |       1.000 |     0.473 |       0.000 |      0.473 |       NA    | Unspecified | NA         |
| Vccpaux   |       1.800 |     0.010 |       0.000 |      0.010 |       NA    | Unspecified | NA         |
| Vccpll    |       1.800 |     0.003 |       0.000 |      0.003 |       NA    | Unspecified | NA         |
| Vcco_ddr  |       1.500 |     0.000 |       0.000 |      0.000 |       NA    | Unspecified | NA         |
| Vcco_mio0 |       1.800 |     0.000 |       0.000 |      0.000 |       NA    | Unspecified | NA         |
| Vcco_mio1 |       1.800 |     0.000 |       0.000 |      0.000 |       NA    | Unspecified | NA         |
| Vccadc    |       1.800 |     0.020 |       0.000 |      0.020 |       NA    | Unspecified | NA         |
+-----------+-------------+-----------+-------------+------------+-------------+-------------+------------+


1.3 Confidence Level
--------------------

+-----------------------------+------------+--------------------------------------------------------+--------------------------------------------------------------------------------------------------------------------+
| User Input Data             | Confidence | Details                                                | Action                                                                                                             |
+-----------------------------+------------+--------------------------------------------------------+--------------------------------------------------------------------------------------------------------------------+
| Design implementation state | High       | Design is routed                                       |                                                                                                                    |
| Clock nodes activity        | Low        | User specified less than 75% of clocks                 | Provide missing clock activity with a constraint file, simulation results or by editing the "By Clock Domain" view |
| I/O nodes activity          | Low        | More than 75% of inputs are missing user specification | Provide missing input activity with simulation results or by editing the "By Resource Type -> I/Os" view           |
| Internal nodes activity     | Medium     | User specified less than 25% of internal nodes         | Provide missing internal nodes activity with simulation results or by editing the "By Resource Type" views         |
| Device models               | High       | Device models are Production                           |                                                                                                                    |
|                             |            |                                                        |                                                                                                                    |
| Overall confidence level    | Low        |                                                        |                                                                                                                    |
+-----------------------------+------------+--------------------------------------------------------+--------------------------------------------------------------------------------------------------------------------+


2. Settings
-----------

2.1 Environment
---------------

+-----------------------+------------------------+
| Ambient Temp (C)      | 25.0                   |
| ThetaJA (C/W)         | 11.5                   |
| Airflow (LFM)         | 250                    |
| Heat Sink             | none                   |
| ThetaSA (C/W)         | 0.0                    |
| Board Selection       | medium (10"x10")       |
| # of Board Layers     | 8to11 (8 to 11 Layers) |
| Board Temperature (C) | 25.0                   |
+-----------------------+------------------------+


2.2 Clock Constraints
---------------------

+-------+--------+-----------------+
| Clock | Domain | Constraint (ns) |
+-------+--------+-----------------+


3. Detailed Reports
-------------------

3.1 By Hierarchy
----------------

+-----------------------------+-----------+
| Name                        | Power (W) |
+-----------------------------+-----------+
| RICSVCORE                   |    15.934 |
|   debug_data_IOBUF[0]_inst  |     0.019 |
|   debug_data_IOBUF[10]_inst |     0.021 |
|   debug_data_IOBUF[11]_inst |     0.022 |
|   debug_data_IOBUF[12]_inst |     0.022 |
|   debug_data_IOBUF[13]_inst |     0.022 |
|   debug_data_IOBUF[14]_inst |     0.022 |
|   debug_data_IOBUF[15]_inst |     0.022 |
|   debug_data_IOBUF[16]_inst |     0.019 |
|   debug_data_IOBUF[17]_inst |     0.019 |
|   debug_data_IOBUF[18]_inst |     0.022 |
|   debug_data_IOBUF[19]_inst |     0.023 |
|   debug_data_IOBUF[1]_inst  |     0.022 |
|   debug_data_IOBUF[20]_inst |     0.022 |
|   debug_data_IOBUF[21]_inst |     0.022 |
|   debug_data_IOBUF[22]_inst |     0.022 |
|   debug_data_IOBUF[23]_inst |     0.023 |
|   debug_data_IOBUF[24]_inst |     0.022 |
|   debug_data_IOBUF[25]_inst |     0.022 |
|   debug_data_IOBUF[26]_inst |     0.022 |
|   debug_data_IOBUF[27]_inst |     0.022 |
|   debug_data_IOBUF[28]_inst |     0.023 |
|   debug_data_IOBUF[29]_inst |     0.022 |
|   debug_data_IOBUF[2]_inst  |     0.026 |
|   debug_data_IOBUF[30]_inst |     0.023 |
|   debug_data_IOBUF[31]_inst |     0.022 |
|   debug_data_IOBUF[3]_inst  |     0.022 |
|   debug_data_IOBUF[4]_inst  |     0.026 |
|   debug_data_IOBUF[5]_inst  |     0.022 |
|   debug_data_IOBUF[6]_inst  |     0.026 |
|   debug_data_IOBUF[7]_inst  |     0.022 |
|   debug_data_IOBUF[8]_inst  |     0.022 |
|   debug_data_IOBUF[9]_inst  |     0.022 |
|   internal_connections_inst |    11.704 |
|     DATA_MEMORY_INST        |     1.291 |
|     EXMEM_INST              |     0.109 |
|     IDEX_INST               |     0.126 |
|     REGFILE_INST            |     0.349 |
|     ifid_instance           |     0.158 |
|     instruction_memory_inst |     4.130 |
|     pc_instance             |     5.471 |
|     pcimmadder_inst         |     0.070 |
+-----------------------------+-----------+


